[2024-10-14T17:39:19.762+0000] {local_task_job_runner.py:123} INFO - ::group::Pre task execution logs
[2024-10-14T17:39:20.379+0000] {taskinstance.py:2612} INFO - Dependencies all met for dep_context=non-requeueable deps ti=<TaskInstance: dag_ccl.ccl_to_redshift scheduled__2024-10-11T00:00:00+00:00 [queued]>
[2024-10-14T17:39:20.442+0000] {taskinstance.py:2612} INFO - Dependencies all met for dep_context=requeueable deps ti=<TaskInstance: dag_ccl.ccl_to_redshift scheduled__2024-10-11T00:00:00+00:00 [queued]>
[2024-10-14T17:39:20.456+0000] {taskinstance.py:2865} INFO - Starting attempt 1 of 2
[2024-10-14T17:39:20.753+0000] {taskinstance.py:2888} INFO - Executing <Task(PythonOperator): ccl_to_redshift> on 2024-10-11 00:00:00+00:00
[2024-10-14T17:39:21.391+0000] {warnings.py:112} WARNING - /home/***/.local/lib/python3.12/site-packages/***/task/task_runner/standard_task_runner.py:70: DeprecationWarning: This process (pid=19236) is multi-threaded, use of fork() may lead to deadlocks in the child.
  pid = os.fork()

[2024-10-14T17:39:21.435+0000] {standard_task_runner.py:72} INFO - Started process 19263 to run task
[2024-10-14T17:39:21.429+0000] {standard_task_runner.py:104} INFO - Running: ['***', 'tasks', 'run', 'dag_ccl', 'ccl_to_redshift', 'scheduled__2024-10-11T00:00:00+00:00', '--job-id', '307', '--raw', '--subdir', 'DAGS_FOLDER/dag_ccl.py', '--cfg-path', '/tmp/tmprhh28nv2']
[2024-10-14T17:39:21.516+0000] {standard_task_runner.py:105} INFO - Job 307: Subtask ccl_to_redshift
[2024-10-14T17:39:22.768+0000] {task_command.py:467} INFO - Running <TaskInstance: dag_ccl.ccl_to_redshift scheduled__2024-10-11T00:00:00+00:00 [running]> on host f03003374728
[2024-10-14T17:39:27.784+0000] {job.py:229} INFO - Heartbeat recovered after 12.11 seconds
[2024-10-14T17:39:44.055+0000] {taskinstance.py:3131} INFO - Exporting env vars: AIRFLOW_CTX_DAG_OWNER='***' AIRFLOW_CTX_DAG_ID='dag_ccl' AIRFLOW_CTX_TASK_ID='ccl_to_redshift' AIRFLOW_CTX_EXECUTION_DATE='2024-10-11T00:00:00+00:00' AIRFLOW_CTX_TRY_NUMBER='1' AIRFLOW_CTX_DAG_RUN_ID='scheduled__2024-10-11T00:00:00+00:00'
[2024-10-14T17:39:44.082+0000] {taskinstance.py:731} INFO - ::endgroup::
[2024-10-14T17:39:44.230+0000] {logging_mixin.py:190} INFO - 2024-10-12
[2024-10-14T17:39:45.605+0000] {logging_mixin.py:190} INFO -        0          1
0  fecha  DOLAR CCL
[2024-10-14T17:39:46.114+0000] {base.py:84} INFO - Retrieving connection 'redshift_conn'
[2024-10-14T17:39:46.132+0000] {logging_mixin.py:190} INFO - redshift_conn
[2024-10-14T17:39:48.667+0000] {taskinstance.py:3310} ERROR - Task failed with exception
Traceback (most recent call last):
  File "/home/airflow/.local/lib/python3.12/site-packages/airflow/models/taskinstance.py", line 767, in _execute_task
    result = _execute_callable(context=context, **execute_callable_kwargs)
             ^^^^^^^^^^^^^^^^^^^^^^^^^^^^^^^^^^^^^^^^^^^^^^^^^^^^^^^^^^^^^
  File "/home/airflow/.local/lib/python3.12/site-packages/airflow/models/taskinstance.py", line 733, in _execute_callable
    return ExecutionCallableRunner(
           ^^^^^^^^^^^^^^^^^^^^^^^^
  File "/home/airflow/.local/lib/python3.12/site-packages/airflow/utils/operator_helpers.py", line 252, in run
    return self.func(*args, **kwargs)
           ^^^^^^^^^^^^^^^^^^^^^^^^^^
  File "/home/airflow/.local/lib/python3.12/site-packages/airflow/models/baseoperator.py", line 406, in wrapper
    return func(self, *args, **kwargs)
           ^^^^^^^^^^^^^^^^^^^^^^^^^^^
  File "/home/airflow/.local/lib/python3.12/site-packages/airflow/operators/python.py", line 238, in execute
    return_value = self.execute_callable()
                   ^^^^^^^^^^^^^^^^^^^^^^^
  File "/home/airflow/.local/lib/python3.12/site-packages/airflow/operators/python.py", line 256, in execute_callable
    return runner.run(*self.op_args, **self.op_kwargs)
           ^^^^^^^^^^^^^^^^^^^^^^^^^^^^^^^^^^^^^^^^^^^
  File "/home/airflow/.local/lib/python3.12/site-packages/airflow/utils/operator_helpers.py", line 252, in run
    return self.func(*args, **kwargs)
           ^^^^^^^^^^^^^^^^^^^^^^^^^^
  File "/opt/airflow/dags/ccl_to_redshift.py", line 12, in ccl_to_redshift
    load_data_to_redshift(df, table_name)
  File "/opt/airflow/dags/load_data_to_redshift.py", line 24, in load_data_to_redshift
    psycopg2.extras.execute_values(cur, query, data)
  File "/home/airflow/.local/lib/python3.12/site-packages/psycopg2/extras.py", line 1299, in execute_values
    cur.execute(b''.join(parts))
psycopg2.errors.UndefinedColumn: column "0" of relation "dolar_ccl" does not exist

[2024-10-14T17:39:48.958+0000] {taskinstance.py:1225} INFO - Marking task as UP_FOR_RETRY. dag_id=dag_ccl, task_id=ccl_to_redshift, run_id=scheduled__2024-10-11T00:00:00+00:00, execution_date=20241011T000000, start_date=20241014T173920, end_date=20241014T173948
[2024-10-14T17:39:49.762+0000] {taskinstance.py:340} INFO - ::group::Post task execution logs
[2024-10-14T17:39:49.810+0000] {standard_task_runner.py:124} ERROR - Failed to execute job 307 for task ccl_to_redshift (column "0" of relation "dolar_ccl" does not exist
; 19263)
Traceback (most recent call last):
  File "/home/airflow/.local/lib/python3.12/site-packages/airflow/task/task_runner/standard_task_runner.py", line 117, in _start_by_fork
    ret = args.func(args, dag=self.dag)
          ^^^^^^^^^^^^^^^^^^^^^^^^^^^^^
  File "/home/airflow/.local/lib/python3.12/site-packages/airflow/cli/cli_config.py", line 49, in command
    return func(*args, **kwargs)
           ^^^^^^^^^^^^^^^^^^^^^
  File "/home/airflow/.local/lib/python3.12/site-packages/airflow/utils/cli.py", line 115, in wrapper
    return f(*args, **kwargs)
           ^^^^^^^^^^^^^^^^^^
  File "/home/airflow/.local/lib/python3.12/site-packages/airflow/cli/commands/task_command.py", line 483, in task_run
    task_return_code = _run_task_by_selected_method(args, _dag, ti)
                       ^^^^^^^^^^^^^^^^^^^^^^^^^^^^^^^^^^^^^^^^^^^^
  File "/home/airflow/.local/lib/python3.12/site-packages/airflow/cli/commands/task_command.py", line 256, in _run_task_by_selected_method
    return _run_raw_task(args, ti)
           ^^^^^^^^^^^^^^^^^^^^^^^
  File "/home/airflow/.local/lib/python3.12/site-packages/airflow/cli/commands/task_command.py", line 341, in _run_raw_task
    return ti._run_raw_task(
           ^^^^^^^^^^^^^^^^^
  File "/home/airflow/.local/lib/python3.12/site-packages/airflow/utils/session.py", line 97, in wrapper
    return func(*args, session=session, **kwargs)
           ^^^^^^^^^^^^^^^^^^^^^^^^^^^^^^^^^^^^^^
  File "/home/airflow/.local/lib/python3.12/site-packages/airflow/models/taskinstance.py", line 3004, in _run_raw_task
    return _run_raw_task(
           ^^^^^^^^^^^^^^
  File "/home/airflow/.local/lib/python3.12/site-packages/airflow/models/taskinstance.py", line 273, in _run_raw_task
    TaskInstance._execute_task_with_callbacks(
  File "/home/airflow/.local/lib/python3.12/site-packages/airflow/models/taskinstance.py", line 3158, in _execute_task_with_callbacks
    result = self._execute_task(context, task_orig)
             ^^^^^^^^^^^^^^^^^^^^^^^^^^^^^^^^^^^^^^
  File "/home/airflow/.local/lib/python3.12/site-packages/airflow/models/taskinstance.py", line 3182, in _execute_task
    return _execute_task(self, context, task_orig)
           ^^^^^^^^^^^^^^^^^^^^^^^^^^^^^^^^^^^^^^^
  File "/home/airflow/.local/lib/python3.12/site-packages/airflow/models/taskinstance.py", line 767, in _execute_task
    result = _execute_callable(context=context, **execute_callable_kwargs)
             ^^^^^^^^^^^^^^^^^^^^^^^^^^^^^^^^^^^^^^^^^^^^^^^^^^^^^^^^^^^^^
  File "/home/airflow/.local/lib/python3.12/site-packages/airflow/models/taskinstance.py", line 733, in _execute_callable
    return ExecutionCallableRunner(
           ^^^^^^^^^^^^^^^^^^^^^^^^
  File "/home/airflow/.local/lib/python3.12/site-packages/airflow/utils/operator_helpers.py", line 252, in run
    return self.func(*args, **kwargs)
           ^^^^^^^^^^^^^^^^^^^^^^^^^^
  File "/home/airflow/.local/lib/python3.12/site-packages/airflow/models/baseoperator.py", line 406, in wrapper
    return func(self, *args, **kwargs)
           ^^^^^^^^^^^^^^^^^^^^^^^^^^^
  File "/home/airflow/.local/lib/python3.12/site-packages/airflow/operators/python.py", line 238, in execute
    return_value = self.execute_callable()
                   ^^^^^^^^^^^^^^^^^^^^^^^
  File "/home/airflow/.local/lib/python3.12/site-packages/airflow/operators/python.py", line 256, in execute_callable
    return runner.run(*self.op_args, **self.op_kwargs)
           ^^^^^^^^^^^^^^^^^^^^^^^^^^^^^^^^^^^^^^^^^^^
  File "/home/airflow/.local/lib/python3.12/site-packages/airflow/utils/operator_helpers.py", line 252, in run
    return self.func(*args, **kwargs)
           ^^^^^^^^^^^^^^^^^^^^^^^^^^
  File "/opt/airflow/dags/ccl_to_redshift.py", line 12, in ccl_to_redshift
    load_data_to_redshift(df, table_name)
  File "/opt/airflow/dags/load_data_to_redshift.py", line 24, in load_data_to_redshift
    psycopg2.extras.execute_values(cur, query, data)
  File "/home/airflow/.local/lib/python3.12/site-packages/psycopg2/extras.py", line 1299, in execute_values
    cur.execute(b''.join(parts))
psycopg2.errors.UndefinedColumn: column "0" of relation "dolar_ccl" does not exist

[2024-10-14T17:39:50.169+0000] {local_task_job_runner.py:266} INFO - Task exited with return code 1
[2024-10-14T17:39:50.558+0000] {taskinstance.py:3900} INFO - 0 downstream tasks scheduled from follow-on schedule check
[2024-10-14T17:39:50.578+0000] {local_task_job_runner.py:245} INFO - ::endgroup::
[2024-10-14T17:58:21.257+0000] {local_task_job_runner.py:123} INFO - ::group::Pre task execution logs
[2024-10-14T17:58:21.292+0000] {taskinstance.py:2612} INFO - Dependencies all met for dep_context=non-requeueable deps ti=<TaskInstance: dag_ccl.ccl_to_redshift scheduled__2024-10-11T00:00:00+00:00 [queued]>
[2024-10-14T17:58:21.302+0000] {taskinstance.py:2612} INFO - Dependencies all met for dep_context=requeueable deps ti=<TaskInstance: dag_ccl.ccl_to_redshift scheduled__2024-10-11T00:00:00+00:00 [queued]>
[2024-10-14T17:58:21.302+0000] {taskinstance.py:2865} INFO - Starting attempt 1 of 2
[2024-10-14T17:58:21.316+0000] {taskinstance.py:2888} INFO - Executing <Task(PythonOperator): ccl_to_redshift> on 2024-10-11 00:00:00+00:00
[2024-10-14T17:58:21.331+0000] {warnings.py:112} WARNING - /home/***/.local/lib/python3.12/site-packages/***/task/task_runner/standard_task_runner.py:70: DeprecationWarning: This process (pid=19518) is multi-threaded, use of fork() may lead to deadlocks in the child.
  pid = os.fork()

[2024-10-14T17:58:21.334+0000] {standard_task_runner.py:72} INFO - Started process 19535 to run task
[2024-10-14T17:58:21.333+0000] {standard_task_runner.py:104} INFO - Running: ['***', 'tasks', 'run', 'dag_ccl', 'ccl_to_redshift', 'scheduled__2024-10-11T00:00:00+00:00', '--job-id', '317', '--raw', '--subdir', 'DAGS_FOLDER/dag_ccl.py', '--cfg-path', '/tmp/tmpplcmiv2l']
[2024-10-14T17:58:21.337+0000] {standard_task_runner.py:105} INFO - Job 317: Subtask ccl_to_redshift
[2024-10-14T17:58:21.429+0000] {task_command.py:467} INFO - Running <TaskInstance: dag_ccl.ccl_to_redshift scheduled__2024-10-11T00:00:00+00:00 [running]> on host f03003374728
[2024-10-14T17:58:22.113+0000] {taskinstance.py:3131} INFO - Exporting env vars: AIRFLOW_CTX_DAG_OWNER='***' AIRFLOW_CTX_DAG_ID='dag_ccl' AIRFLOW_CTX_TASK_ID='ccl_to_redshift' AIRFLOW_CTX_EXECUTION_DATE='2024-10-11T00:00:00+00:00' AIRFLOW_CTX_TRY_NUMBER='1' AIRFLOW_CTX_DAG_RUN_ID='scheduled__2024-10-11T00:00:00+00:00'
[2024-10-14T17:58:22.115+0000] {taskinstance.py:731} INFO - ::endgroup::
[2024-10-14T17:58:22.136+0000] {logging_mixin.py:190} INFO - 2024-10-11
[2024-10-14T17:58:22.994+0000] {logging_mixin.py:190} INFO - 0       fecha dolar_ccl
1  2024-10-11    1176.9
[2024-10-14T17:58:23.003+0000] {base.py:84} INFO - Retrieving connection 'redshift_conn'
[2024-10-14T17:58:23.004+0000] {logging_mixin.py:190} INFO - redshift_conn
[2024-10-14T17:58:25.212+0000] {python.py:240} INFO - Done. Returned value was: None
[2024-10-14T17:58:25.227+0000] {taskinstance.py:340} INFO - ::group::Post task execution logs
[2024-10-14T17:58:25.227+0000] {taskinstance.py:352} INFO - Marking task as SUCCESS. dag_id=dag_ccl, task_id=ccl_to_redshift, run_id=scheduled__2024-10-11T00:00:00+00:00, execution_date=20241011T000000, start_date=20241014T175821, end_date=20241014T175825
[2024-10-14T17:58:25.257+0000] {local_task_job_runner.py:266} INFO - Task exited with return code 0
[2024-10-14T17:58:25.289+0000] {taskinstance.py:3900} INFO - 0 downstream tasks scheduled from follow-on schedule check
[2024-10-14T17:58:25.290+0000] {local_task_job_runner.py:245} INFO - ::endgroup::
[2024-10-16T14:41:38.741+0000] {local_task_job_runner.py:123} INFO - ::group::Pre task execution logs
[2024-10-16T14:41:38.766+0000] {taskinstance.py:2612} INFO - Dependencies all met for dep_context=non-requeueable deps ti=<TaskInstance: dag_ccl.ccl_to_redshift scheduled__2024-10-11T00:00:00+00:00 [queued]>
[2024-10-16T14:41:38.780+0000] {taskinstance.py:2612} INFO - Dependencies all met for dep_context=requeueable deps ti=<TaskInstance: dag_ccl.ccl_to_redshift scheduled__2024-10-11T00:00:00+00:00 [queued]>
[2024-10-16T14:41:38.780+0000] {taskinstance.py:2865} INFO - Starting attempt 1 of 2
[2024-10-16T14:41:38.796+0000] {taskinstance.py:2888} INFO - Executing <Task(PythonOperator): ccl_to_redshift> on 2024-10-11 00:00:00+00:00
[2024-10-16T14:41:38.808+0000] {warnings.py:112} WARNING - /home/***/.local/lib/python3.12/site-packages/***/task/task_runner/standard_task_runner.py:70: DeprecationWarning: This process (pid=297) is multi-threaded, use of fork() may lead to deadlocks in the child.
  pid = os.fork()

[2024-10-16T14:41:38.809+0000] {standard_task_runner.py:72} INFO - Started process 318 to run task
[2024-10-16T14:41:38.827+0000] {standard_task_runner.py:104} INFO - Running: ['***', 'tasks', 'run', 'dag_ccl', 'ccl_to_redshift', 'scheduled__2024-10-11T00:00:00+00:00', '--job-id', '415', '--raw', '--subdir', 'DAGS_FOLDER/dag_ccl.py', '--cfg-path', '/tmp/tmpqc_1z7qo']
[2024-10-16T14:41:38.829+0000] {standard_task_runner.py:105} INFO - Job 415: Subtask ccl_to_redshift
[2024-10-16T14:41:38.887+0000] {task_command.py:467} INFO - Running <TaskInstance: dag_ccl.ccl_to_redshift scheduled__2024-10-11T00:00:00+00:00 [running]> on host f03003374728
[2024-10-16T14:41:39.266+0000] {taskinstance.py:3131} INFO - Exporting env vars: AIRFLOW_CTX_DAG_OWNER='***' AIRFLOW_CTX_DAG_ID='dag_ccl' AIRFLOW_CTX_TASK_ID='ccl_to_redshift' AIRFLOW_CTX_EXECUTION_DATE='2024-10-11T00:00:00+00:00' AIRFLOW_CTX_TRY_NUMBER='1' AIRFLOW_CTX_DAG_RUN_ID='scheduled__2024-10-11T00:00:00+00:00'
[2024-10-16T14:41:39.268+0000] {taskinstance.py:731} INFO - ::endgroup::
[2024-10-16T14:41:39.295+0000] {logging_mixin.py:190} INFO - 2024-10-11
[2024-10-16T14:41:39.715+0000] {base.py:84} INFO - Retrieving connection 'redshift_conn'
[2024-10-16T14:41:39.715+0000] {logging_mixin.py:190} INFO - redshift_conn
[2024-10-16T14:41:42.285+0000] {python.py:240} INFO - Done. Returned value was: None
[2024-10-16T14:41:42.296+0000] {taskinstance.py:340} INFO - ::group::Post task execution logs
[2024-10-16T14:41:42.297+0000] {taskinstance.py:352} INFO - Marking task as SUCCESS. dag_id=dag_ccl, task_id=ccl_to_redshift, run_id=scheduled__2024-10-11T00:00:00+00:00, execution_date=20241011T000000, start_date=20241016T144138, end_date=20241016T144142
[2024-10-16T14:41:42.348+0000] {local_task_job_runner.py:266} INFO - Task exited with return code 0
[2024-10-16T14:41:42.370+0000] {taskinstance.py:3900} INFO - 0 downstream tasks scheduled from follow-on schedule check
[2024-10-16T14:41:42.371+0000] {local_task_job_runner.py:245} INFO - ::endgroup::
