[2024-10-10T00:02:22.572+0000] {local_task_job_runner.py:123} INFO - ::group::Pre task execution logs
[2024-10-10T00:02:22.588+0000] {taskinstance.py:2612} INFO - Dependencies all met for dep_context=non-requeueable deps ti=<TaskInstance: dag_cargar_cotizaciones.obtener_y_preparar_cotizaciones scheduled__2024-10-09T00:00:00+00:00 [queued]>
[2024-10-10T00:02:22.593+0000] {taskinstance.py:2612} INFO - Dependencies all met for dep_context=requeueable deps ti=<TaskInstance: dag_cargar_cotizaciones.obtener_y_preparar_cotizaciones scheduled__2024-10-09T00:00:00+00:00 [queued]>
[2024-10-10T00:02:22.594+0000] {taskinstance.py:2865} INFO - Starting attempt 1 of 2
[2024-10-10T00:02:22.603+0000] {taskinstance.py:2888} INFO - Executing <Task(PythonOperator): obtener_y_preparar_cotizaciones> on 2024-10-09 00:00:00+00:00
[2024-10-10T00:02:22.612+0000] {warnings.py:112} WARNING - /home/***/.local/lib/python3.12/site-packages/***/task/task_runner/standard_task_runner.py:70: DeprecationWarning: This process (pid=13931) is multi-threaded, use of fork() may lead to deadlocks in the child.
  pid = os.fork()

[2024-10-10T00:02:22.613+0000] {standard_task_runner.py:72} INFO - Started process 13933 to run task
[2024-10-10T00:02:22.613+0000] {standard_task_runner.py:104} INFO - Running: ['***', 'tasks', 'run', 'dag_cargar_cotizaciones', 'obtener_y_preparar_cotizaciones', 'scheduled__2024-10-09T00:00:00+00:00', '--job-id', '281', '--raw', '--subdir', 'DAGS_FOLDER/dag_cargar_cotizaciones.py', '--cfg-path', '/tmp/tmpyir0x7z4']
[2024-10-10T00:02:22.616+0000] {standard_task_runner.py:105} INFO - Job 281: Subtask obtener_y_preparar_cotizaciones
[2024-10-10T00:02:22.652+0000] {task_command.py:467} INFO - Running <TaskInstance: dag_cargar_cotizaciones.obtener_y_preparar_cotizaciones scheduled__2024-10-09T00:00:00+00:00 [running]> on host f03003374728
[2024-10-10T00:02:22.716+0000] {taskinstance.py:3131} INFO - Exporting env vars: AIRFLOW_CTX_DAG_OWNER='***' AIRFLOW_CTX_DAG_ID='dag_cargar_cotizaciones' AIRFLOW_CTX_TASK_ID='obtener_y_preparar_cotizaciones' AIRFLOW_CTX_EXECUTION_DATE='2024-10-09T00:00:00+00:00' AIRFLOW_CTX_TRY_NUMBER='1' AIRFLOW_CTX_DAG_RUN_ID='scheduled__2024-10-09T00:00:00+00:00'
[2024-10-10T00:02:22.717+0000] {taskinstance.py:731} INFO - ::endgroup::
[2024-10-10T00:02:22.728+0000] {logging_mixin.py:190} INFO - 2024-10-09
[2024-10-10T00:02:22.729+0000] {logging_mixin.py:190} INFO - 2024-10-10
[2024-10-10T00:02:22.731+0000] {cache.py:130} INFO - Failed to create TzCache, reason: Error creating TzCache folder: '/home/***/.cache/py-yfinance' reason: [Errno 13] Permission denied: '/home/***/.cache/py-yfinance'. TzCache will not be used. Tip: You can direct cache to use a different location with 'set_tz_cache_location(mylocation)'
[2024-10-10T00:02:22.731+0000] {cache.py:130} INFO - Failed to create TzCache, reason: Error creating TzCache folder: '/home/***/.cache/py-yfinance' reason: [Errno 13] Permission denied: '/home/***/.cache/py-yfinance'. TzCache will not be used. Tip: You can direct cache to use a different location with 'set_tz_cache_location(mylocation)'
[2024-10-10T00:02:22.731+0000] {cache.py:130} INFO - Failed to create TzCache, reason: Error creating TzCache folder: '/home/***/.cache/py-yfinance' reason: [Errno 13] Permission denied: '/home/***/.cache/py-yfinance'. TzCache will not be used. Tip: You can direct cache to use a different location with 'set_tz_cache_location(mylocation)'
[2024-10-10T00:02:22.731+0000] {cache.py:130} INFO - Failed to create TzCache, reason: Error creating TzCache folder: '/home/***/.cache/py-yfinance' reason: [Errno 13] Permission denied: '/home/***/.cache/py-yfinance'. TzCache will not be used. Tip: You can direct cache to use a different location with 'set_tz_cache_location(mylocation)'
[2024-10-10T00:02:22.732+0000] {cache.py:336} INFO - Failed to create CookieCache, reason: Error creating CookieCache folder: '/home/***/.cache/py-yfinance' reason: [Errno 13] Permission denied: '/home/***/.cache/py-yfinance'. CookieCache will not be used. Tip: You can direct cache to use a different location with 'set_tz_cache_location(mylocation)'
[2024-10-10T00:02:41.276+0000] {base.py:126} ERROR - Failed to get ticker 'AMZN.BA' reason: HTTPSConnectionPool(host='fc.yahoo.com', port=443): Read timed out. (read timeout=10)
[2024-10-10T00:19:06.971+0000] {job.py:229} INFO - Heartbeat recovered after 978.92 seconds
[2024-10-10T00:19:25.435+0000] {logging_mixin.py:190} WARNING - [                       0%                       ]
[2024-10-10T00:20:01.364+0000] {logging_mixin.py:190} WARNING - [*********************100%***********************]  2 of 6 completed
[2024-10-10T00:20:01.368+0000] {multi.py:171} ERROR - 
6 Failed downloads:
[2024-10-10T00:20:01.369+0000] {multi.py:184} ERROR - ['AMZN.BA']: YFTzMissingError('$%ticker%: possibly delisted; no timezone found')
[2024-10-10T00:20:01.371+0000] {logging_mixin.py:190} WARNING - [*********************100%***********************]  2 of 6 completed
[2024-10-10T00:20:01.371+0000] {logging_mixin.py:190} WARNING - [*********************100%***********************]  2 of 6 completed
[2024-10-10T00:20:01.371+0000] {multi.py:184} ERROR - ['AAPL.BA']: ReadTimeout(ReadTimeoutError("HTTPSConnectionPool(host='query1.finance.yahoo.com', port=443): Read timed out. (read timeout=30)"))
[2024-10-10T00:20:01.373+0000] {logging_mixin.py:190} WARNING - [*********************100%***********************]  2 of 6 completed
[2024-10-10T00:20:01.373+0000] {logging_mixin.py:190} WARNING - [**********************83%***************        ]  5 of 6 completed
[2024-10-10T00:20:01.374+0000] {multi.py:184} ERROR - ['BBAR.BA', 'PAMP.BA', 'CEPU.BA', 'TGNO4.BA']: ReadTimeout(ReadTimeoutError("HTTPSConnectionPool(host='query2.finance.yahoo.com', port=443): Read timed out. (read timeout=10)"))
[2024-10-10T00:20:01.429+0000] {warnings.py:112} WARNING - /opt/***/dags/stocks_prices_daily.py:15: FutureWarning: The previous implementation of stack is deprecated and will be removed in a future version of pandas. See the What's New notes for pandas 2.1.0 for details. Specify future_stack=True to adopt the new implementation and silence this warning.
  stacked_data = daily_stock_data.stack(level='Ticker').reset_index()

[2024-10-10T00:20:01.472+0000] {base.py:84} INFO - Retrieving connection 'redshift_conn'
[2024-10-10T00:20:01.472+0000] {logging_mixin.py:190} INFO - redshift_conn
[2024-10-10T00:20:01.796+0000] {job.py:229} INFO - Heartbeat recovered after 29.53 seconds
[2024-10-10T00:20:03.512+0000] {python.py:240} INFO - Done. Returned value was: None
[2024-10-10T00:20:03.536+0000] {taskinstance.py:340} INFO - ::group::Post task execution logs
[2024-10-10T00:20:03.537+0000] {taskinstance.py:352} INFO - Marking task as SUCCESS. dag_id=dag_cargar_cotizaciones, task_id=obtener_y_preparar_cotizaciones, run_id=scheduled__2024-10-09T00:00:00+00:00, execution_date=20241009T000000, start_date=20241010T000222, end_date=20241010T002003
[2024-10-10T00:20:03.578+0000] {local_task_job_runner.py:266} INFO - Task exited with return code 0
[2024-10-10T00:20:03.607+0000] {taskinstance.py:3900} INFO - 0 downstream tasks scheduled from follow-on schedule check
[2024-10-10T00:20:03.608+0000] {local_task_job_runner.py:245} INFO - ::endgroup::
[2024-10-15T18:16:16.450+0000] {local_task_job_runner.py:123} INFO - ::group::Pre task execution logs
[2024-10-15T18:16:16.484+0000] {taskinstance.py:2612} INFO - Dependencies all met for dep_context=non-requeueable deps ti=<TaskInstance: dag_cargar_cotizaciones.obtener_y_preparar_cotizaciones scheduled__2024-10-09T00:00:00+00:00 [queued]>
[2024-10-15T18:16:16.494+0000] {taskinstance.py:2612} INFO - Dependencies all met for dep_context=requeueable deps ti=<TaskInstance: dag_cargar_cotizaciones.obtener_y_preparar_cotizaciones scheduled__2024-10-09T00:00:00+00:00 [queued]>
[2024-10-15T18:16:16.496+0000] {taskinstance.py:2865} INFO - Starting attempt 1 of 2
[2024-10-15T18:16:16.521+0000] {taskinstance.py:2888} INFO - Executing <Task(PythonOperator): obtener_y_preparar_cotizaciones> on 2024-10-09 00:00:00+00:00
[2024-10-15T18:16:16.571+0000] {warnings.py:112} WARNING - /home/***/.local/lib/python3.12/site-packages/***/task/task_runner/standard_task_runner.py:70: DeprecationWarning: This process (pid=794) is multi-threaded, use of fork() may lead to deadlocks in the child.
  pid = os.fork()

[2024-10-15T18:16:16.579+0000] {standard_task_runner.py:72} INFO - Started process 837 to run task
[2024-10-15T18:16:16.578+0000] {standard_task_runner.py:104} INFO - Running: ['***', 'tasks', 'run', 'dag_cargar_cotizaciones', 'obtener_y_preparar_cotizaciones', 'scheduled__2024-10-09T00:00:00+00:00', '--job-id', '364', '--raw', '--subdir', 'DAGS_FOLDER/dag_cargar_cotizaciones.py', '--cfg-path', '/tmp/tmp05ge72sl']
[2024-10-15T18:16:16.584+0000] {standard_task_runner.py:105} INFO - Job 364: Subtask obtener_y_preparar_cotizaciones
[2024-10-15T18:16:16.670+0000] {task_command.py:467} INFO - Running <TaskInstance: dag_cargar_cotizaciones.obtener_y_preparar_cotizaciones scheduled__2024-10-09T00:00:00+00:00 [running]> on host f03003374728
[2024-10-15T18:16:16.756+0000] {taskinstance.py:3131} INFO - Exporting env vars: AIRFLOW_CTX_DAG_OWNER='***' AIRFLOW_CTX_DAG_ID='dag_cargar_cotizaciones' AIRFLOW_CTX_TASK_ID='obtener_y_preparar_cotizaciones' AIRFLOW_CTX_EXECUTION_DATE='2024-10-09T00:00:00+00:00' AIRFLOW_CTX_TRY_NUMBER='1' AIRFLOW_CTX_DAG_RUN_ID='scheduled__2024-10-09T00:00:00+00:00'
[2024-10-15T18:16:16.757+0000] {taskinstance.py:731} INFO - ::endgroup::
[2024-10-15T18:16:16.787+0000] {logging_mixin.py:190} INFO - 2024-10-09
[2024-10-15T18:16:16.787+0000] {logging_mixin.py:190} INFO - 2024-10-10
[2024-10-15T18:16:16.789+0000] {cache.py:130} INFO - Failed to create TzCache, reason: Error creating TzCache folder: '/home/***/.cache/py-yfinance' reason: [Errno 13] Permission denied: '/home/***/.cache/py-yfinance'. TzCache will not be used. Tip: You can direct cache to use a different location with 'set_tz_cache_location(mylocation)'
[2024-10-15T18:16:16.790+0000] {cache.py:336} INFO - Failed to create CookieCache, reason: Error creating CookieCache folder: '/home/***/.cache/py-yfinance' reason: [Errno 13] Permission denied: '/home/***/.cache/py-yfinance'. CookieCache will not be used. Tip: You can direct cache to use a different location with 'set_tz_cache_location(mylocation)'
[2024-10-15T18:16:18.051+0000] {logging_mixin.py:190} WARNING - [                       0%                       ]
[2024-10-15T18:16:18.056+0000] {logging_mixin.py:190} WARNING - [****************      33%                       ]  2 of 6 completed
[2024-10-15T18:16:21.490+0000] {logging_mixin.py:190} WARNING - [**********************50%                       ]  3 of 6 completed
[2024-10-15T18:16:21.521+0000] {logging_mixin.py:190} WARNING - [**********************67%*******                ]  4 of 6 completed
[2024-10-15T18:16:21.784+0000] {logging_mixin.py:190} WARNING - [**********************83%***************        ]  5 of 6 completed
[2024-10-15T18:16:21.784+0000] {logging_mixin.py:190} WARNING - [*********************100%***********************]  6 of 6 completed
[2024-10-15T18:16:21.799+0000] {warnings.py:112} WARNING - /opt/***/dags/stocks_prices_daily.py:15: FutureWarning: The previous implementation of stack is deprecated and will be removed in a future version of pandas. See the What's New notes for pandas 2.1.0 for details. Specify future_stack=True to adopt the new implementation and silence this warning.
  stacked_data = daily_stock_data.stack(level='Ticker').reset_index()

[2024-10-15T18:16:21.822+0000] {base.py:84} INFO - Retrieving connection 'redshift_conn'
[2024-10-15T18:16:21.823+0000] {logging_mixin.py:190} INFO - redshift_conn
[2024-10-15T18:16:23.830+0000] {python.py:240} INFO - Done. Returned value was: None
[2024-10-15T18:16:23.851+0000] {taskinstance.py:340} INFO - ::group::Post task execution logs
[2024-10-15T18:16:23.852+0000] {taskinstance.py:352} INFO - Marking task as SUCCESS. dag_id=dag_cargar_cotizaciones, task_id=obtener_y_preparar_cotizaciones, run_id=scheduled__2024-10-09T00:00:00+00:00, execution_date=20241009T000000, start_date=20241015T181616, end_date=20241015T181623
[2024-10-15T18:16:23.879+0000] {local_task_job_runner.py:266} INFO - Task exited with return code 0
[2024-10-15T18:16:23.894+0000] {taskinstance.py:3900} INFO - 0 downstream tasks scheduled from follow-on schedule check
[2024-10-15T18:16:23.895+0000] {local_task_job_runner.py:245} INFO - ::endgroup::
