[2024-10-14T17:30:37.452+0000] {local_task_job_runner.py:123} INFO - ::group::Pre task execution logs
[2024-10-14T17:30:38.104+0000] {taskinstance.py:2612} INFO - Dependencies all met for dep_context=non-requeueable deps ti=<TaskInstance: dag_ccl.ccl_to_redshift scheduled__2024-09-07T00:00:00+00:00 [queued]>
[2024-10-14T17:30:38.192+0000] {taskinstance.py:2612} INFO - Dependencies all met for dep_context=requeueable deps ti=<TaskInstance: dag_ccl.ccl_to_redshift scheduled__2024-09-07T00:00:00+00:00 [queued]>
[2024-10-14T17:30:38.195+0000] {taskinstance.py:2865} INFO - Starting attempt 1 of 2
[2024-10-14T17:30:38.711+0000] {taskinstance.py:2888} INFO - Executing <Task(PythonOperator): ccl_to_redshift> on 2024-09-07 00:00:00+00:00
[2024-10-14T17:30:39.954+0000] {warnings.py:112} WARNING - /home/***/.local/lib/python3.12/site-packages/***/task/task_runner/standard_task_runner.py:70: DeprecationWarning: This process (pid=19087) is multi-threaded, use of fork() may lead to deadlocks in the child.
  pid = os.fork()

[2024-10-14T17:30:40.117+0000] {standard_task_runner.py:72} INFO - Started process 19127 to run task
[2024-10-14T17:30:40.040+0000] {standard_task_runner.py:104} INFO - Running: ['***', 'tasks', 'run', 'dag_ccl', 'ccl_to_redshift', 'scheduled__2024-09-07T00:00:00+00:00', '--job-id', '292', '--raw', '--subdir', 'DAGS_FOLDER/dag_ccl.py', '--cfg-path', '/tmp/tmppnh8mnt0']
[2024-10-14T17:30:41.562+0000] {standard_task_runner.py:105} INFO - Job 292: Subtask ccl_to_redshift
[2024-10-14T17:30:47.292+0000] {job.py:229} INFO - Heartbeat recovered after 11.64 seconds
[2024-10-14T17:30:48.177+0000] {task_command.py:467} INFO - Running <TaskInstance: dag_ccl.ccl_to_redshift scheduled__2024-09-07T00:00:00+00:00 [running]> on host f03003374728
[2024-10-14T17:31:09.954+0000] {job.py:229} INFO - Heartbeat recovered after 12.97 seconds
[2024-10-14T17:31:22.146+0000] {job.py:229} INFO - Heartbeat recovered after 13.08 seconds
[2024-10-14T17:31:37.667+0000] {job.py:229} INFO - Heartbeat recovered after 15.88 seconds
[2024-10-14T17:31:51.102+0000] {job.py:229} INFO - Heartbeat recovered after 15.80 seconds
[2024-10-14T17:32:03.262+0000] {job.py:229} INFO - Heartbeat recovered after 12.84 seconds
[2024-10-14T17:32:13.342+0000] {job.py:229} INFO - Heartbeat recovered after 10.58 seconds
[2024-10-14T17:32:37.759+0000] {job.py:229} INFO - Heartbeat recovered after 14.47 seconds
[2024-10-14T17:32:49.265+0000] {job.py:229} INFO - Heartbeat recovered after 12.56 seconds
[2024-10-14T17:33:03.065+0000] {job.py:229} INFO - Heartbeat recovered after 14.49 seconds
[2024-10-14T17:33:40.007+0000] {job.py:229} INFO - Heartbeat recovered after 12.91 seconds
[2024-10-14T17:33:43.548+0000] {local_task_job_runner.py:346} WARNING - State of this instance has been externally set to failed. Terminating instance.
[2024-10-14T17:33:43.986+0000] {local_task_job_runner.py:245} INFO - ::endgroup::
[2024-10-14T17:33:44.770+0000] {process_utils.py:132} INFO - Sending 15 to group 19127. PIDs of all processes in the group: [19127]
[2024-10-14T17:33:45.649+0000] {process_utils.py:87} INFO - Sending the signal 15 to group 19127
[2024-10-14T17:33:48.633+0000] {process_utils.py:80} INFO - Process psutil.Process(pid=19127, status='terminated', exitcode=<Negsignal.SIGTERM: -15>, started='17:30:39') (19127) terminated with exit code -15
[2024-10-14T17:33:49.695+0000] {standard_task_runner.py:217} INFO - Process not found (most likely exited), stop collecting metrics
[2024-10-16T14:41:11.532+0000] {local_task_job_runner.py:123} INFO - ::group::Pre task execution logs
[2024-10-16T14:41:11.588+0000] {taskinstance.py:2612} INFO - Dependencies all met for dep_context=non-requeueable deps ti=<TaskInstance: dag_ccl.ccl_to_redshift scheduled__2024-09-07T00:00:00+00:00 [queued]>
[2024-10-16T14:41:11.619+0000] {taskinstance.py:2612} INFO - Dependencies all met for dep_context=requeueable deps ti=<TaskInstance: dag_ccl.ccl_to_redshift scheduled__2024-09-07T00:00:00+00:00 [queued]>
[2024-10-16T14:41:11.620+0000] {taskinstance.py:2865} INFO - Starting attempt 1 of 2
[2024-10-16T14:41:11.729+0000] {taskinstance.py:2888} INFO - Executing <Task(PythonOperator): ccl_to_redshift> on 2024-09-07 00:00:00+00:00
[2024-10-16T14:41:11.759+0000] {warnings.py:112} WARNING - /home/***/.local/lib/python3.12/site-packages/***/task/task_runner/standard_task_runner.py:70: DeprecationWarning: This process (pid=152) is multi-threaded, use of fork() may lead to deadlocks in the child.
  pid = os.fork()

[2024-10-16T14:41:11.771+0000] {standard_task_runner.py:104} INFO - Running: ['***', 'tasks', 'run', 'dag_ccl', 'ccl_to_redshift', 'scheduled__2024-09-07T00:00:00+00:00', '--job-id', '381', '--raw', '--subdir', 'DAGS_FOLDER/dag_ccl.py', '--cfg-path', '/tmp/tmpeqpqcros']
[2024-10-16T14:41:11.773+0000] {standard_task_runner.py:105} INFO - Job 381: Subtask ccl_to_redshift
[2024-10-16T14:41:11.779+0000] {standard_task_runner.py:72} INFO - Started process 176 to run task
[2024-10-16T14:41:11.845+0000] {task_command.py:467} INFO - Running <TaskInstance: dag_ccl.ccl_to_redshift scheduled__2024-09-07T00:00:00+00:00 [running]> on host f03003374728
[2024-10-16T14:41:12.522+0000] {taskinstance.py:3131} INFO - Exporting env vars: AIRFLOW_CTX_DAG_OWNER='***' AIRFLOW_CTX_DAG_ID='dag_ccl' AIRFLOW_CTX_TASK_ID='ccl_to_redshift' AIRFLOW_CTX_EXECUTION_DATE='2024-09-07T00:00:00+00:00' AIRFLOW_CTX_TRY_NUMBER='1' AIRFLOW_CTX_DAG_RUN_ID='scheduled__2024-09-07T00:00:00+00:00'
[2024-10-16T14:41:12.529+0000] {taskinstance.py:731} INFO - ::endgroup::
[2024-10-16T14:41:12.560+0000] {logging_mixin.py:190} INFO - 2024-09-07
[2024-10-16T14:41:14.393+0000] {base.py:84} INFO - Retrieving connection 'redshift_conn'
[2024-10-16T14:41:14.427+0000] {logging_mixin.py:190} INFO - redshift_conn
[2024-10-16T14:41:15.731+0000] {python.py:240} INFO - Done. Returned value was: None
[2024-10-16T14:41:15.770+0000] {taskinstance.py:340} INFO - ::group::Post task execution logs
[2024-10-16T14:41:15.772+0000] {taskinstance.py:352} INFO - Marking task as SUCCESS. dag_id=dag_ccl, task_id=ccl_to_redshift, run_id=scheduled__2024-09-07T00:00:00+00:00, execution_date=20240907T000000, start_date=20241016T144111, end_date=20241016T144115
[2024-10-16T14:41:15.922+0000] {local_task_job_runner.py:266} INFO - Task exited with return code 0
[2024-10-16T14:41:15.979+0000] {taskinstance.py:3900} INFO - 0 downstream tasks scheduled from follow-on schedule check
[2024-10-16T14:41:15.981+0000] {local_task_job_runner.py:245} INFO - ::endgroup::
