[2024-10-06T19:10:51.247+0000] {local_task_job_runner.py:123} INFO - ::group::Pre task execution logs
[2024-10-06T19:10:51.257+0000] {taskinstance.py:2612} INFO - Dependencies all met for dep_context=non-requeueable deps ti=<TaskInstance: dag_cargar_cotizaciones.obtener_y_preparar_cotizaciones manual__2024-10-06T19:10:49.818594+00:00 [queued]>
[2024-10-06T19:10:51.262+0000] {taskinstance.py:2612} INFO - Dependencies all met for dep_context=requeueable deps ti=<TaskInstance: dag_cargar_cotizaciones.obtener_y_preparar_cotizaciones manual__2024-10-06T19:10:49.818594+00:00 [queued]>
[2024-10-06T19:10:51.262+0000] {taskinstance.py:2865} INFO - Starting attempt 1 of 2
[2024-10-06T19:10:51.271+0000] {taskinstance.py:2888} INFO - Executing <Task(PythonOperator): obtener_y_preparar_cotizaciones> on 2024-10-06 19:10:49.818594+00:00
[2024-10-06T19:10:51.277+0000] {warnings.py:112} WARNING - /home/***/.local/lib/python3.12/site-packages/***/task/task_runner/standard_task_runner.py:70: DeprecationWarning: This process (pid=642) is multi-threaded, use of fork() may lead to deadlocks in the child.
  pid = os.fork()

[2024-10-06T19:10:51.279+0000] {standard_task_runner.py:72} INFO - Started process 644 to run task
[2024-10-06T19:10:51.279+0000] {standard_task_runner.py:104} INFO - Running: ['***', 'tasks', 'run', 'dag_cargar_cotizaciones', 'obtener_y_preparar_cotizaciones', 'manual__2024-10-06T19:10:49.818594+00:00', '--job-id', '77', '--raw', '--subdir', 'DAGS_FOLDER/dag_cargar_cotizaciones.py', '--cfg-path', '/tmp/tmpcph40epu']
[2024-10-06T19:10:51.281+0000] {standard_task_runner.py:105} INFO - Job 77: Subtask obtener_y_preparar_cotizaciones
[2024-10-06T19:10:51.316+0000] {task_command.py:467} INFO - Running <TaskInstance: dag_cargar_cotizaciones.obtener_y_preparar_cotizaciones manual__2024-10-06T19:10:49.818594+00:00 [running]> on host f03003374728
[2024-10-06T19:10:51.358+0000] {taskinstance.py:3131} INFO - Exporting env vars: AIRFLOW_CTX_DAG_OWNER='***' AIRFLOW_CTX_DAG_ID='dag_cargar_cotizaciones' AIRFLOW_CTX_TASK_ID='obtener_y_preparar_cotizaciones' AIRFLOW_CTX_EXECUTION_DATE='2024-10-06T19:10:49.818594+00:00' AIRFLOW_CTX_TRY_NUMBER='1' AIRFLOW_CTX_DAG_RUN_ID='manual__2024-10-06T19:10:49.818594+00:00'
[2024-10-06T19:10:51.359+0000] {taskinstance.py:731} INFO - ::endgroup::
[2024-10-06T19:10:51.373+0000] {base.py:84} INFO - Retrieving connection 'redshift_conn'
[2024-10-06T19:10:51.373+0000] {logging_mixin.py:190} INFO - pda
[2024-10-06T19:10:51.373+0000] {logging_mixin.py:190} INFO - 2024_felipe_miguel_reto
[2024-10-06T19:10:51.373+0000] {logging_mixin.py:190} INFO - redshift-pda-cluster.cnuimntownzt.us-east-2.redshift.amazonaws.com
[2024-10-06T19:10:51.374+0000] {logging_mixin.py:190} INFO - 5439
[2024-10-06T19:10:51.374+0000] {logging_mixin.py:190} INFO - postgresql+psycopg2://2024_felipe_miguel_reto:***@redshift-pda-cluster.cnuimntownzt.us-east-2.redshift.amazonaws.com:5439/pda
[2024-10-06T19:10:51.374+0000] {logging_mixin.py:190} INFO - Engine(postgresql+psycopg2://2024_felipe_miguel_reto:***@redshift-pda-cluster.cnuimntownzt.us-east-2.redshift.amazonaws.com:5439/pda)
[2024-10-06T19:10:51.375+0000] {logging_mixin.py:190} INFO - 2024-10-05
[2024-10-06T19:10:51.375+0000] {logging_mixin.py:190} INFO - 2024-10-06
[2024-10-06T19:10:51.376+0000] {cache.py:130} INFO - Failed to create TzCache, reason: Error creating TzCache folder: '/home/***/.cache/py-yfinance' reason: [Errno 13] Permission denied: '/home/***/.cache/py-yfinance'. TzCache will not be used. Tip: You can direct cache to use a different location with 'set_tz_cache_location(mylocation)'
[2024-10-06T19:10:51.376+0000] {cache.py:336} INFO - Failed to create CookieCache, reason: Error creating CookieCache folder: '/home/***/.cache/py-yfinance' reason: [Errno 13] Permission denied: '/home/***/.cache/py-yfinance'. CookieCache will not be used. Tip: You can direct cache to use a different location with 'set_tz_cache_location(mylocation)'
[2024-10-06T19:10:53.127+0000] {logging_mixin.py:190} WARNING - [                       0%                       ]
[2024-10-06T19:10:53.129+0000] {logging_mixin.py:190} WARNING - [                       0%                       ]
[2024-10-06T19:10:53.138+0000] {logging_mixin.py:190} WARNING - [**********************50%                       ]  3 of 6 completed
[2024-10-06T19:10:53.143+0000] {logging_mixin.py:190} WARNING - [**********************50%                       ]  3 of 6 completed
[2024-10-06T19:10:53.409+0000] {logging_mixin.py:190} WARNING - [**********************83%***************        ]  5 of 6 completed
[2024-10-06T19:10:53.410+0000] {logging_mixin.py:190} WARNING - [*********************100%***********************]  6 of 6 completed
[2024-10-06T19:10:53.421+0000] {warnings.py:112} WARNING - /opt/***/dags/stocks_prices_daily.py:10: FutureWarning: The previous implementation of stack is deprecated and will be removed in a future version of pandas. See the What's New notes for pandas 2.1.0 for details. Specify future_stack=True to adopt the new implementation and silence this warning.
  stacked_data = daily_stock_data.stack(level='Ticker').reset_index()

[2024-10-06T19:10:53.436+0000] {logging_mixin.py:190} INFO - Price                      Date    Ticker  Adj_Close  ...      Low     Open   Volume
0     2024-10-04 00:00:00+00:00   AAPL.BA    13900.0  ...  13725.0  13850.0    86716
1     2024-10-04 00:00:00+00:00   AMZN.BA     1590.0  ...   1565.0   1590.0   253384
2     2024-10-04 00:00:00+00:00   BBAR.BA     4585.0  ...   4500.0   4600.0   228575
3     2024-10-04 00:00:00+00:00   CEPU.BA     1225.0  ...   1220.0   1245.0  1097917
4     2024-10-04 00:00:00+00:00   PAMP.BA     3090.0  ...   3030.0   3070.0   747944
5     2024-10-04 00:00:00+00:00  TGNO4.BA     3120.0  ...   3110.0   3150.0   178007

[6 rows x 8 columns]
[2024-10-06T19:10:53.437+0000] {warnings.py:112} WARNING - /opt/***/dags/load_data_to_redshift.py:20: UserWarning: pandas only supports SQLAlchemy connectable (engine/connection) or database string URI or sqlite3 DBAPI2 connection. Other DBAPI2 objects are not tested. Please consider using SQLAlchemy.
  df.to_sql('stocks_prices_daily', engine, schema='2024_felipe_miguel_reto_schema', if_exists='append', index=False)

[2024-10-06T19:10:53.438+0000] {taskinstance.py:3310} ERROR - Task failed with exception
Traceback (most recent call last):
  File "/home/airflow/.local/lib/python3.12/site-packages/airflow/models/taskinstance.py", line 767, in _execute_task
    result = _execute_callable(context=context, **execute_callable_kwargs)
             ^^^^^^^^^^^^^^^^^^^^^^^^^^^^^^^^^^^^^^^^^^^^^^^^^^^^^^^^^^^^^
  File "/home/airflow/.local/lib/python3.12/site-packages/airflow/models/taskinstance.py", line 733, in _execute_callable
    return ExecutionCallableRunner(
           ^^^^^^^^^^^^^^^^^^^^^^^^
  File "/home/airflow/.local/lib/python3.12/site-packages/airflow/utils/operator_helpers.py", line 252, in run
    return self.func(*args, **kwargs)
           ^^^^^^^^^^^^^^^^^^^^^^^^^^
  File "/home/airflow/.local/lib/python3.12/site-packages/airflow/models/baseoperator.py", line 406, in wrapper
    return func(self, *args, **kwargs)
           ^^^^^^^^^^^^^^^^^^^^^^^^^^^
  File "/home/airflow/.local/lib/python3.12/site-packages/airflow/operators/python.py", line 238, in execute
    return_value = self.execute_callable()
                   ^^^^^^^^^^^^^^^^^^^^^^^
  File "/home/airflow/.local/lib/python3.12/site-packages/airflow/operators/python.py", line 256, in execute_callable
    return runner.run(*self.op_args, **self.op_kwargs)
           ^^^^^^^^^^^^^^^^^^^^^^^^^^^^^^^^^^^^^^^^^^^
  File "/home/airflow/.local/lib/python3.12/site-packages/airflow/utils/operator_helpers.py", line 252, in run
    return self.func(*args, **kwargs)
           ^^^^^^^^^^^^^^^^^^^^^^^^^^
  File "/opt/airflow/dags/load_data_to_redshift.py", line 20, in load_data_to_redshift
    df.to_sql('stocks_prices_daily', engine, schema='2024_felipe_miguel_reto_schema', if_exists='append', index=False)
  File "/home/airflow/.local/lib/python3.12/site-packages/pandas/util/_decorators.py", line 333, in wrapper
    return func(*args, **kwargs)
           ^^^^^^^^^^^^^^^^^^^^^
  File "/home/airflow/.local/lib/python3.12/site-packages/pandas/core/generic.py", line 3087, in to_sql
    return sql.to_sql(
           ^^^^^^^^^^^
  File "/home/airflow/.local/lib/python3.12/site-packages/pandas/io/sql.py", line 842, in to_sql
    return pandas_sql.to_sql(
           ^^^^^^^^^^^^^^^^^^
  File "/home/airflow/.local/lib/python3.12/site-packages/pandas/io/sql.py", line 2850, in to_sql
    table.create()
  File "/home/airflow/.local/lib/python3.12/site-packages/pandas/io/sql.py", line 984, in create
    if self.exists():
       ^^^^^^^^^^^^^
  File "/home/airflow/.local/lib/python3.12/site-packages/pandas/io/sql.py", line 970, in exists
    return self.pd_sql.has_table(self.name, self.schema)
           ^^^^^^^^^^^^^^^^^^^^^^^^^^^^^^^^^^^^^^^^^^^^^
  File "/home/airflow/.local/lib/python3.12/site-packages/pandas/io/sql.py", line 2865, in has_table
    return len(self.execute(query, [name]).fetchall()) > 0
               ^^^^^^^^^^^^^^^^^^^^^^^^^^^
  File "/home/airflow/.local/lib/python3.12/site-packages/pandas/io/sql.py", line 2672, in execute
    cur = self.con.cursor()
          ^^^^^^^^^^^^^^^
AttributeError: 'Engine' object has no attribute 'cursor'
[2024-10-06T19:10:53.452+0000] {taskinstance.py:1225} INFO - Marking task as UP_FOR_RETRY. dag_id=dag_cargar_cotizaciones, task_id=obtener_y_preparar_cotizaciones, run_id=manual__2024-10-06T19:10:49.818594+00:00, execution_date=20241006T191049, start_date=20241006T191051, end_date=20241006T191053
[2024-10-06T19:10:53.461+0000] {taskinstance.py:340} INFO - ::group::Post task execution logs
[2024-10-06T19:10:53.461+0000] {standard_task_runner.py:124} ERROR - Failed to execute job 77 for task obtener_y_preparar_cotizaciones ('Engine' object has no attribute 'cursor'; 644)
Traceback (most recent call last):
  File "/home/airflow/.local/lib/python3.12/site-packages/airflow/task/task_runner/standard_task_runner.py", line 117, in _start_by_fork
    ret = args.func(args, dag=self.dag)
          ^^^^^^^^^^^^^^^^^^^^^^^^^^^^^
  File "/home/airflow/.local/lib/python3.12/site-packages/airflow/cli/cli_config.py", line 49, in command
    return func(*args, **kwargs)
           ^^^^^^^^^^^^^^^^^^^^^
  File "/home/airflow/.local/lib/python3.12/site-packages/airflow/utils/cli.py", line 115, in wrapper
    return f(*args, **kwargs)
           ^^^^^^^^^^^^^^^^^^
  File "/home/airflow/.local/lib/python3.12/site-packages/airflow/cli/commands/task_command.py", line 483, in task_run
    task_return_code = _run_task_by_selected_method(args, _dag, ti)
                       ^^^^^^^^^^^^^^^^^^^^^^^^^^^^^^^^^^^^^^^^^^^^
  File "/home/airflow/.local/lib/python3.12/site-packages/airflow/cli/commands/task_command.py", line 256, in _run_task_by_selected_method
    return _run_raw_task(args, ti)
           ^^^^^^^^^^^^^^^^^^^^^^^
  File "/home/airflow/.local/lib/python3.12/site-packages/airflow/cli/commands/task_command.py", line 341, in _run_raw_task
    return ti._run_raw_task(
           ^^^^^^^^^^^^^^^^^
  File "/home/airflow/.local/lib/python3.12/site-packages/airflow/utils/session.py", line 97, in wrapper
    return func(*args, session=session, **kwargs)
           ^^^^^^^^^^^^^^^^^^^^^^^^^^^^^^^^^^^^^^
  File "/home/airflow/.local/lib/python3.12/site-packages/airflow/models/taskinstance.py", line 3004, in _run_raw_task
    return _run_raw_task(
           ^^^^^^^^^^^^^^
  File "/home/airflow/.local/lib/python3.12/site-packages/airflow/models/taskinstance.py", line 273, in _run_raw_task
    TaskInstance._execute_task_with_callbacks(
  File "/home/airflow/.local/lib/python3.12/site-packages/airflow/models/taskinstance.py", line 3158, in _execute_task_with_callbacks
    result = self._execute_task(context, task_orig)
             ^^^^^^^^^^^^^^^^^^^^^^^^^^^^^^^^^^^^^^
  File "/home/airflow/.local/lib/python3.12/site-packages/airflow/models/taskinstance.py", line 3182, in _execute_task
    return _execute_task(self, context, task_orig)
           ^^^^^^^^^^^^^^^^^^^^^^^^^^^^^^^^^^^^^^^
  File "/home/airflow/.local/lib/python3.12/site-packages/airflow/models/taskinstance.py", line 767, in _execute_task
    result = _execute_callable(context=context, **execute_callable_kwargs)
             ^^^^^^^^^^^^^^^^^^^^^^^^^^^^^^^^^^^^^^^^^^^^^^^^^^^^^^^^^^^^^
  File "/home/airflow/.local/lib/python3.12/site-packages/airflow/models/taskinstance.py", line 733, in _execute_callable
    return ExecutionCallableRunner(
           ^^^^^^^^^^^^^^^^^^^^^^^^
  File "/home/airflow/.local/lib/python3.12/site-packages/airflow/utils/operator_helpers.py", line 252, in run
    return self.func(*args, **kwargs)
           ^^^^^^^^^^^^^^^^^^^^^^^^^^
  File "/home/airflow/.local/lib/python3.12/site-packages/airflow/models/baseoperator.py", line 406, in wrapper
    return func(self, *args, **kwargs)
           ^^^^^^^^^^^^^^^^^^^^^^^^^^^
  File "/home/airflow/.local/lib/python3.12/site-packages/airflow/operators/python.py", line 238, in execute
    return_value = self.execute_callable()
                   ^^^^^^^^^^^^^^^^^^^^^^^
  File "/home/airflow/.local/lib/python3.12/site-packages/airflow/operators/python.py", line 256, in execute_callable
    return runner.run(*self.op_args, **self.op_kwargs)
           ^^^^^^^^^^^^^^^^^^^^^^^^^^^^^^^^^^^^^^^^^^^
  File "/home/airflow/.local/lib/python3.12/site-packages/airflow/utils/operator_helpers.py", line 252, in run
    return self.func(*args, **kwargs)
           ^^^^^^^^^^^^^^^^^^^^^^^^^^
  File "/opt/airflow/dags/load_data_to_redshift.py", line 20, in load_data_to_redshift
    df.to_sql('stocks_prices_daily', engine, schema='2024_felipe_miguel_reto_schema', if_exists='append', index=False)
  File "/home/airflow/.local/lib/python3.12/site-packages/pandas/util/_decorators.py", line 333, in wrapper
    return func(*args, **kwargs)
           ^^^^^^^^^^^^^^^^^^^^^
  File "/home/airflow/.local/lib/python3.12/site-packages/pandas/core/generic.py", line 3087, in to_sql
    return sql.to_sql(
           ^^^^^^^^^^^
  File "/home/airflow/.local/lib/python3.12/site-packages/pandas/io/sql.py", line 842, in to_sql
    return pandas_sql.to_sql(
           ^^^^^^^^^^^^^^^^^^
  File "/home/airflow/.local/lib/python3.12/site-packages/pandas/io/sql.py", line 2850, in to_sql
    table.create()
  File "/home/airflow/.local/lib/python3.12/site-packages/pandas/io/sql.py", line 984, in create
    if self.exists():
       ^^^^^^^^^^^^^
  File "/home/airflow/.local/lib/python3.12/site-packages/pandas/io/sql.py", line 970, in exists
    return self.pd_sql.has_table(self.name, self.schema)
           ^^^^^^^^^^^^^^^^^^^^^^^^^^^^^^^^^^^^^^^^^^^^^
  File "/home/airflow/.local/lib/python3.12/site-packages/pandas/io/sql.py", line 2865, in has_table
    return len(self.execute(query, [name]).fetchall()) > 0
               ^^^^^^^^^^^^^^^^^^^^^^^^^^^
  File "/home/airflow/.local/lib/python3.12/site-packages/pandas/io/sql.py", line 2672, in execute
    cur = self.con.cursor()
          ^^^^^^^^^^^^^^^
AttributeError: 'Engine' object has no attribute 'cursor'
[2024-10-06T19:10:53.511+0000] {local_task_job_runner.py:266} INFO - Task exited with return code 1
[2024-10-06T19:10:53.523+0000] {taskinstance.py:3900} INFO - 0 downstream tasks scheduled from follow-on schedule check
[2024-10-06T19:10:53.524+0000] {local_task_job_runner.py:245} INFO - ::endgroup::
