[2024-10-26T16:34:24.384+0000] {local_task_job_runner.py:123} INFO - ::group::Pre task execution logs
[2024-10-26T16:34:24.392+0000] {taskinstance.py:2612} INFO - Dependencies all met for dep_context=non-requeueable deps ti=<TaskInstance: dag_cargar_cotizaciones.rendimiento_actual scheduled__2024-10-16T00:00:00+00:00 [queued]>
[2024-10-26T16:34:24.397+0000] {taskinstance.py:2612} INFO - Dependencies all met for dep_context=requeueable deps ti=<TaskInstance: dag_cargar_cotizaciones.rendimiento_actual scheduled__2024-10-16T00:00:00+00:00 [queued]>
[2024-10-26T16:34:24.397+0000] {taskinstance.py:2865} INFO - Starting attempt 1 of 1
[2024-10-26T16:34:24.403+0000] {taskinstance.py:2888} INFO - Executing <Task(PythonOperator): rendimiento_actual> on 2024-10-16 00:00:00+00:00
[2024-10-26T16:34:24.408+0000] {standard_task_runner.py:72} INFO - Started process 980 to run task
[2024-10-26T16:34:24.411+0000] {standard_task_runner.py:104} INFO - Running: ['***', 'tasks', 'run', 'dag_cargar_cotizaciones', 'rendimiento_actual', 'scheduled__2024-10-16T00:00:00+00:00', '--job-id', '145', '--raw', '--subdir', 'DAGS_FOLDER/dag_cargar_cotizaciones.py', '--cfg-path', '/tmp/tmpqccbsvw5']
[2024-10-26T16:34:24.413+0000] {standard_task_runner.py:105} INFO - Job 145: Subtask rendimiento_actual
[2024-10-26T16:34:24.460+0000] {task_command.py:467} INFO - Running <TaskInstance: dag_cargar_cotizaciones.rendimiento_actual scheduled__2024-10-16T00:00:00+00:00 [running]> on host 99ce4a540f58
[2024-10-26T16:34:24.503+0000] {taskinstance.py:3131} INFO - Exporting env vars: AIRFLOW_CTX_DAG_OWNER='***' AIRFLOW_CTX_DAG_ID='dag_cargar_cotizaciones' AIRFLOW_CTX_TASK_ID='rendimiento_actual' AIRFLOW_CTX_EXECUTION_DATE='2024-10-16T00:00:00+00:00' AIRFLOW_CTX_TRY_NUMBER='1' AIRFLOW_CTX_DAG_RUN_ID='scheduled__2024-10-16T00:00:00+00:00'
[2024-10-26T16:34:24.506+0000] {taskinstance.py:731} INFO - ::endgroup::
[2024-10-26T16:34:24.524+0000] {base.py:84} INFO - Retrieving connection 'redshift_conn'
[2024-10-26T16:34:28.142+0000] {logging_mixin.py:190} INFO - Consulta ejecutada exitosamente.
[2024-10-26T16:34:28.143+0000] {python.py:240} INFO - Done. Returned value was: None
[2024-10-26T16:34:28.153+0000] {taskinstance.py:340} INFO - ::group::Post task execution logs
[2024-10-26T16:34:28.154+0000] {taskinstance.py:352} INFO - Marking task as SUCCESS. dag_id=dag_cargar_cotizaciones, task_id=rendimiento_actual, run_id=scheduled__2024-10-16T00:00:00+00:00, execution_date=20241016T000000, start_date=20241026T163424, end_date=20241026T163428
[2024-10-26T16:34:28.172+0000] {local_task_job_runner.py:266} INFO - Task exited with return code 0
[2024-10-26T16:34:28.185+0000] {taskinstance.py:3900} INFO - 0 downstream tasks scheduled from follow-on schedule check
[2024-10-26T16:34:28.186+0000] {local_task_job_runner.py:245} INFO - ::endgroup::
[2024-10-26T16:37:20.235+0000] {local_task_job_runner.py:123} INFO - ::group::Pre task execution logs
[2024-10-26T16:37:20.249+0000] {taskinstance.py:2612} INFO - Dependencies all met for dep_context=non-requeueable deps ti=<TaskInstance: dag_cargar_cotizaciones.rendimiento_actual scheduled__2024-10-16T00:00:00+00:00 [queued]>
[2024-10-26T16:37:20.261+0000] {taskinstance.py:2612} INFO - Dependencies all met for dep_context=requeueable deps ti=<TaskInstance: dag_cargar_cotizaciones.rendimiento_actual scheduled__2024-10-16T00:00:00+00:00 [queued]>
[2024-10-26T16:37:20.262+0000] {taskinstance.py:2865} INFO - Starting attempt 1 of 1
[2024-10-26T16:37:20.273+0000] {taskinstance.py:2888} INFO - Executing <Task(PythonOperator): rendimiento_actual> on 2024-10-16 00:00:00+00:00
[2024-10-26T16:37:20.278+0000] {standard_task_runner.py:72} INFO - Started process 2017 to run task
[2024-10-26T16:37:20.283+0000] {standard_task_runner.py:104} INFO - Running: ['***', 'tasks', 'run', 'dag_cargar_cotizaciones', 'rendimiento_actual', 'scheduled__2024-10-16T00:00:00+00:00', '--job-id', '312', '--raw', '--subdir', 'DAGS_FOLDER/dag_cargar_cotizaciones.py', '--cfg-path', '/tmp/tmpvopg0d0a']
[2024-10-26T16:37:20.288+0000] {standard_task_runner.py:105} INFO - Job 312: Subtask rendimiento_actual
[2024-10-26T16:37:20.322+0000] {task_command.py:467} INFO - Running <TaskInstance: dag_cargar_cotizaciones.rendimiento_actual scheduled__2024-10-16T00:00:00+00:00 [running]> on host 99ce4a540f58
[2024-10-26T16:37:20.367+0000] {taskinstance.py:3131} INFO - Exporting env vars: AIRFLOW_CTX_DAG_OWNER='***' AIRFLOW_CTX_DAG_ID='dag_cargar_cotizaciones' AIRFLOW_CTX_TASK_ID='rendimiento_actual' AIRFLOW_CTX_EXECUTION_DATE='2024-10-16T00:00:00+00:00' AIRFLOW_CTX_TRY_NUMBER='1' AIRFLOW_CTX_DAG_RUN_ID='scheduled__2024-10-16T00:00:00+00:00'
[2024-10-26T16:37:20.368+0000] {taskinstance.py:731} INFO - ::endgroup::
[2024-10-26T16:37:20.378+0000] {base.py:84} INFO - Retrieving connection 'redshift_conn'
[2024-10-26T16:37:24.447+0000] {logging_mixin.py:190} INFO - Consulta ejecutada exitosamente.
[2024-10-26T16:37:24.449+0000] {python.py:240} INFO - Done. Returned value was: None
[2024-10-26T16:37:24.463+0000] {taskinstance.py:340} INFO - ::group::Post task execution logs
[2024-10-26T16:37:24.464+0000] {taskinstance.py:352} INFO - Marking task as SUCCESS. dag_id=dag_cargar_cotizaciones, task_id=rendimiento_actual, run_id=scheduled__2024-10-16T00:00:00+00:00, execution_date=20241016T000000, start_date=20241026T163720, end_date=20241026T163724
[2024-10-26T16:37:24.487+0000] {local_task_job_runner.py:266} INFO - Task exited with return code 0
[2024-10-26T16:37:24.506+0000] {taskinstance.py:3900} INFO - 0 downstream tasks scheduled from follow-on schedule check
[2024-10-26T16:37:24.507+0000] {local_task_job_runner.py:245} INFO - ::endgroup::
[2024-10-26T19:13:25.941+0000] {local_task_job_runner.py:123} INFO - ::group::Pre task execution logs
[2024-10-26T19:13:25.958+0000] {taskinstance.py:2612} INFO - Dependencies all met for dep_context=non-requeueable deps ti=<TaskInstance: dag_cargar_cotizaciones.rendimiento_actual scheduled__2024-10-16T00:00:00+00:00 [queued]>
[2024-10-26T19:13:25.965+0000] {taskinstance.py:2612} INFO - Dependencies all met for dep_context=requeueable deps ti=<TaskInstance: dag_cargar_cotizaciones.rendimiento_actual scheduled__2024-10-16T00:00:00+00:00 [queued]>
[2024-10-26T19:13:25.966+0000] {taskinstance.py:2865} INFO - Starting attempt 1 of 1
[2024-10-26T19:13:25.979+0000] {taskinstance.py:2888} INFO - Executing <Task(PythonOperator): rendimiento_actual> on 2024-10-16 00:00:00+00:00
[2024-10-26T19:13:25.984+0000] {standard_task_runner.py:72} INFO - Started process 933 to run task
[2024-10-26T19:13:25.988+0000] {standard_task_runner.py:104} INFO - Running: ['***', 'tasks', 'run', 'dag_cargar_cotizaciones', 'rendimiento_actual', 'scheduled__2024-10-16T00:00:00+00:00', '--job-id', '258', '--raw', '--subdir', 'DAGS_FOLDER/dag_cargar_cotizaciones.py', '--cfg-path', '/tmp/tmpjg32qk2g']
[2024-10-26T19:13:25.992+0000] {standard_task_runner.py:105} INFO - Job 258: Subtask rendimiento_actual
[2024-10-26T19:13:26.048+0000] {task_command.py:467} INFO - Running <TaskInstance: dag_cargar_cotizaciones.rendimiento_actual scheduled__2024-10-16T00:00:00+00:00 [running]> on host 2e7a74dc0e24
[2024-10-26T19:13:26.092+0000] {taskinstance.py:3131} INFO - Exporting env vars: AIRFLOW_CTX_DAG_OWNER='***' AIRFLOW_CTX_DAG_ID='dag_cargar_cotizaciones' AIRFLOW_CTX_TASK_ID='rendimiento_actual' AIRFLOW_CTX_EXECUTION_DATE='2024-10-16T00:00:00+00:00' AIRFLOW_CTX_TRY_NUMBER='1' AIRFLOW_CTX_DAG_RUN_ID='scheduled__2024-10-16T00:00:00+00:00'
[2024-10-26T19:13:26.095+0000] {taskinstance.py:731} INFO - ::endgroup::
[2024-10-26T19:13:26.103+0000] {redshift_operations.py:19} INFO - Estableciendo conexión con Redshift.
[2024-10-26T19:13:26.107+0000] {base.py:84} INFO - Retrieving connection 'redshift_conn'
[2024-10-26T19:13:27.415+0000] {redshift_operations.py:28} INFO - Conexión con Redshift establecida. Ejecutando función.
[2024-10-26T19:13:27.417+0000] {taskinstance.py:3310} ERROR - Task failed with exception
Traceback (most recent call last):
  File "/home/airflow/.local/lib/python3.10/site-packages/airflow/models/taskinstance.py", line 767, in _execute_task
    result = _execute_callable(context=context, **execute_callable_kwargs)
  File "/home/airflow/.local/lib/python3.10/site-packages/airflow/models/taskinstance.py", line 733, in _execute_callable
    return ExecutionCallableRunner(
  File "/home/airflow/.local/lib/python3.10/site-packages/airflow/utils/operator_helpers.py", line 252, in run
    return self.func(*args, **kwargs)
  File "/home/airflow/.local/lib/python3.10/site-packages/airflow/models/baseoperator.py", line 406, in wrapper
    return func(self, *args, **kwargs)
  File "/home/airflow/.local/lib/python3.10/site-packages/airflow/operators/python.py", line 238, in execute
    return_value = self.execute_callable()
  File "/home/airflow/.local/lib/python3.10/site-packages/airflow/operators/python.py", line 256, in execute_callable
    return runner.run(*self.op_args, **self.op_kwargs)
  File "/home/airflow/.local/lib/python3.10/site-packages/airflow/utils/operator_helpers.py", line 252, in run
    return self.func(*args, **kwargs)
  File "/opt/airflow/functions/redshift_operations.py", line 29, in wrapper
    result = func(conn, *args, **kwargs)
TypeError: execute_query() got multiple values for argument 'conn'
[2024-10-26T19:13:27.433+0000] {taskinstance.py:1225} INFO - Marking task as FAILED. dag_id=dag_cargar_cotizaciones, task_id=rendimiento_actual, run_id=scheduled__2024-10-16T00:00:00+00:00, execution_date=20241016T000000, start_date=20241026T191325, end_date=20241026T191327
[2024-10-26T19:13:27.455+0000] {taskinstance.py:340} INFO - ::group::Post task execution logs
[2024-10-26T19:13:27.458+0000] {standard_task_runner.py:124} ERROR - Failed to execute job 258 for task rendimiento_actual (execute_query() got multiple values for argument 'conn'; 933)
Traceback (most recent call last):
  File "/home/airflow/.local/lib/python3.10/site-packages/airflow/task/task_runner/standard_task_runner.py", line 117, in _start_by_fork
    ret = args.func(args, dag=self.dag)
  File "/home/airflow/.local/lib/python3.10/site-packages/airflow/cli/cli_config.py", line 49, in command
    return func(*args, **kwargs)
  File "/home/airflow/.local/lib/python3.10/site-packages/airflow/utils/cli.py", line 115, in wrapper
    return f(*args, **kwargs)
  File "/home/airflow/.local/lib/python3.10/site-packages/airflow/cli/commands/task_command.py", line 483, in task_run
    task_return_code = _run_task_by_selected_method(args, _dag, ti)
  File "/home/airflow/.local/lib/python3.10/site-packages/airflow/cli/commands/task_command.py", line 256, in _run_task_by_selected_method
    return _run_raw_task(args, ti)
  File "/home/airflow/.local/lib/python3.10/site-packages/airflow/cli/commands/task_command.py", line 341, in _run_raw_task
    return ti._run_raw_task(
  File "/home/airflow/.local/lib/python3.10/site-packages/airflow/utils/session.py", line 97, in wrapper
    return func(*args, session=session, **kwargs)
  File "/home/airflow/.local/lib/python3.10/site-packages/airflow/models/taskinstance.py", line 3004, in _run_raw_task
    return _run_raw_task(
  File "/home/airflow/.local/lib/python3.10/site-packages/airflow/models/taskinstance.py", line 273, in _run_raw_task
    TaskInstance._execute_task_with_callbacks(
  File "/home/airflow/.local/lib/python3.10/site-packages/airflow/models/taskinstance.py", line 3158, in _execute_task_with_callbacks
    result = self._execute_task(context, task_orig)
  File "/home/airflow/.local/lib/python3.10/site-packages/airflow/models/taskinstance.py", line 3182, in _execute_task
    return _execute_task(self, context, task_orig)
  File "/home/airflow/.local/lib/python3.10/site-packages/airflow/models/taskinstance.py", line 767, in _execute_task
    result = _execute_callable(context=context, **execute_callable_kwargs)
  File "/home/airflow/.local/lib/python3.10/site-packages/airflow/models/taskinstance.py", line 733, in _execute_callable
    return ExecutionCallableRunner(
  File "/home/airflow/.local/lib/python3.10/site-packages/airflow/utils/operator_helpers.py", line 252, in run
    return self.func(*args, **kwargs)
  File "/home/airflow/.local/lib/python3.10/site-packages/airflow/models/baseoperator.py", line 406, in wrapper
    return func(self, *args, **kwargs)
  File "/home/airflow/.local/lib/python3.10/site-packages/airflow/operators/python.py", line 238, in execute
    return_value = self.execute_callable()
  File "/home/airflow/.local/lib/python3.10/site-packages/airflow/operators/python.py", line 256, in execute_callable
    return runner.run(*self.op_args, **self.op_kwargs)
  File "/home/airflow/.local/lib/python3.10/site-packages/airflow/utils/operator_helpers.py", line 252, in run
    return self.func(*args, **kwargs)
  File "/opt/airflow/functions/redshift_operations.py", line 29, in wrapper
    result = func(conn, *args, **kwargs)
TypeError: execute_query() got multiple values for argument 'conn'
[2024-10-26T19:13:27.490+0000] {local_task_job_runner.py:266} INFO - Task exited with return code 1
[2024-10-26T19:13:27.504+0000] {taskinstance.py:3900} INFO - 0 downstream tasks scheduled from follow-on schedule check
[2024-10-26T19:13:27.505+0000] {local_task_job_runner.py:245} INFO - ::endgroup::
[2024-10-26T19:17:07.344+0000] {local_task_job_runner.py:123} INFO - ::group::Pre task execution logs
[2024-10-26T19:17:07.368+0000] {taskinstance.py:2612} INFO - Dependencies all met for dep_context=non-requeueable deps ti=<TaskInstance: dag_cargar_cotizaciones.rendimiento_actual scheduled__2024-10-16T00:00:00+00:00 [queued]>
[2024-10-26T19:17:07.379+0000] {taskinstance.py:2612} INFO - Dependencies all met for dep_context=requeueable deps ti=<TaskInstance: dag_cargar_cotizaciones.rendimiento_actual scheduled__2024-10-16T00:00:00+00:00 [queued]>
[2024-10-26T19:17:07.382+0000] {taskinstance.py:2865} INFO - Starting attempt 1 of 1
[2024-10-26T19:17:07.470+0000] {taskinstance.py:2888} INFO - Executing <Task(PythonOperator): rendimiento_actual> on 2024-10-16 00:00:00+00:00
[2024-10-26T19:17:07.478+0000] {standard_task_runner.py:72} INFO - Started process 928 to run task
[2024-10-26T19:17:07.489+0000] {standard_task_runner.py:104} INFO - Running: ['***', 'tasks', 'run', 'dag_cargar_cotizaciones', 'rendimiento_actual', 'scheduled__2024-10-16T00:00:00+00:00', '--job-id', '425', '--raw', '--subdir', 'DAGS_FOLDER/dag_cargar_cotizaciones.py', '--cfg-path', '/tmp/tmpjbl_xg74']
[2024-10-26T19:17:07.493+0000] {standard_task_runner.py:105} INFO - Job 425: Subtask rendimiento_actual
[2024-10-26T19:17:07.583+0000] {task_command.py:467} INFO - Running <TaskInstance: dag_cargar_cotizaciones.rendimiento_actual scheduled__2024-10-16T00:00:00+00:00 [running]> on host 3ba590fe69c6
[2024-10-26T19:17:07.687+0000] {taskinstance.py:3131} INFO - Exporting env vars: AIRFLOW_CTX_DAG_OWNER='***' AIRFLOW_CTX_DAG_ID='dag_cargar_cotizaciones' AIRFLOW_CTX_TASK_ID='rendimiento_actual' AIRFLOW_CTX_EXECUTION_DATE='2024-10-16T00:00:00+00:00' AIRFLOW_CTX_TRY_NUMBER='1' AIRFLOW_CTX_DAG_RUN_ID='scheduled__2024-10-16T00:00:00+00:00'
[2024-10-26T19:17:07.689+0000] {taskinstance.py:731} INFO - ::endgroup::
[2024-10-26T19:17:07.700+0000] {redshift_operations.py:56} INFO - Iniciando ejecución de la consulta en Redshift.
[2024-10-26T19:17:07.713+0000] {base.py:84} INFO - Retrieving connection 'redshift_conn'
[2024-10-26T19:17:09.907+0000] {redshift_operations.py:98} INFO - Ejecutando consulta SQL en Redshift.
[2024-10-26T19:17:11.369+0000] {redshift_operations.py:106} INFO - Consulta ejecutada y conexión cerrada exitosamente.
[2024-10-26T19:17:11.370+0000] {python.py:240} INFO - Done. Returned value was: None
[2024-10-26T19:17:11.383+0000] {taskinstance.py:340} INFO - ::group::Post task execution logs
[2024-10-26T19:17:11.384+0000] {taskinstance.py:352} INFO - Marking task as SUCCESS. dag_id=dag_cargar_cotizaciones, task_id=rendimiento_actual, run_id=scheduled__2024-10-16T00:00:00+00:00, execution_date=20241016T000000, start_date=20241026T191707, end_date=20241026T191711
[2024-10-26T19:17:11.416+0000] {local_task_job_runner.py:266} INFO - Task exited with return code 0
[2024-10-26T19:17:11.429+0000] {taskinstance.py:3900} INFO - 0 downstream tasks scheduled from follow-on schedule check
[2024-10-26T19:17:11.430+0000] {local_task_job_runner.py:245} INFO - ::endgroup::
