[2024-10-26T16:34:24.012+0000] {local_task_job_runner.py:123} INFO - ::group::Pre task execution logs
[2024-10-26T16:34:24.042+0000] {taskinstance.py:2612} INFO - Dependencies all met for dep_context=non-requeueable deps ti=<TaskInstance: dag_cargar_cotizaciones.rendimiento_actual scheduled__2024-10-17T00:00:00+00:00 [queued]>
[2024-10-26T16:34:24.049+0000] {taskinstance.py:2612} INFO - Dependencies all met for dep_context=requeueable deps ti=<TaskInstance: dag_cargar_cotizaciones.rendimiento_actual scheduled__2024-10-17T00:00:00+00:00 [queued]>
[2024-10-26T16:34:24.050+0000] {taskinstance.py:2865} INFO - Starting attempt 1 of 1
[2024-10-26T16:34:24.064+0000] {taskinstance.py:2888} INFO - Executing <Task(PythonOperator): rendimiento_actual> on 2024-10-17 00:00:00+00:00
[2024-10-26T16:34:24.073+0000] {standard_task_runner.py:72} INFO - Started process 976 to run task
[2024-10-26T16:34:24.085+0000] {standard_task_runner.py:104} INFO - Running: ['***', 'tasks', 'run', 'dag_cargar_cotizaciones', 'rendimiento_actual', 'scheduled__2024-10-17T00:00:00+00:00', '--job-id', '143', '--raw', '--subdir', 'DAGS_FOLDER/dag_cargar_cotizaciones.py', '--cfg-path', '/tmp/tmp5k5mhk48']
[2024-10-26T16:34:24.097+0000] {standard_task_runner.py:105} INFO - Job 143: Subtask rendimiento_actual
[2024-10-26T16:34:24.168+0000] {task_command.py:467} INFO - Running <TaskInstance: dag_cargar_cotizaciones.rendimiento_actual scheduled__2024-10-17T00:00:00+00:00 [running]> on host 99ce4a540f58
[2024-10-26T16:34:24.267+0000] {taskinstance.py:3131} INFO - Exporting env vars: AIRFLOW_CTX_DAG_OWNER='***' AIRFLOW_CTX_DAG_ID='dag_cargar_cotizaciones' AIRFLOW_CTX_TASK_ID='rendimiento_actual' AIRFLOW_CTX_EXECUTION_DATE='2024-10-17T00:00:00+00:00' AIRFLOW_CTX_TRY_NUMBER='1' AIRFLOW_CTX_DAG_RUN_ID='scheduled__2024-10-17T00:00:00+00:00'
[2024-10-26T16:34:24.270+0000] {taskinstance.py:731} INFO - ::endgroup::
[2024-10-26T16:34:24.285+0000] {base.py:84} INFO - Retrieving connection 'redshift_conn'
[2024-10-26T16:34:28.390+0000] {logging_mixin.py:190} INFO - Consulta ejecutada exitosamente.
[2024-10-26T16:34:28.393+0000] {python.py:240} INFO - Done. Returned value was: None
[2024-10-26T16:34:28.407+0000] {taskinstance.py:340} INFO - ::group::Post task execution logs
[2024-10-26T16:34:28.407+0000] {taskinstance.py:352} INFO - Marking task as SUCCESS. dag_id=dag_cargar_cotizaciones, task_id=rendimiento_actual, run_id=scheduled__2024-10-17T00:00:00+00:00, execution_date=20241017T000000, start_date=20241026T163424, end_date=20241026T163428
[2024-10-26T16:34:28.460+0000] {local_task_job_runner.py:266} INFO - Task exited with return code 0
[2024-10-26T16:34:28.481+0000] {taskinstance.py:3900} INFO - 0 downstream tasks scheduled from follow-on schedule check
[2024-10-26T16:34:28.482+0000] {local_task_job_runner.py:245} INFO - ::endgroup::
[2024-10-26T16:37:23.080+0000] {local_task_job_runner.py:123} INFO - ::group::Pre task execution logs
[2024-10-26T16:37:23.101+0000] {taskinstance.py:2612} INFO - Dependencies all met for dep_context=non-requeueable deps ti=<TaskInstance: dag_cargar_cotizaciones.rendimiento_actual scheduled__2024-10-17T00:00:00+00:00 [queued]>
[2024-10-26T16:37:23.108+0000] {taskinstance.py:2612} INFO - Dependencies all met for dep_context=requeueable deps ti=<TaskInstance: dag_cargar_cotizaciones.rendimiento_actual scheduled__2024-10-17T00:00:00+00:00 [queued]>
[2024-10-26T16:37:23.112+0000] {taskinstance.py:2865} INFO - Starting attempt 1 of 1
[2024-10-26T16:37:23.122+0000] {taskinstance.py:2888} INFO - Executing <Task(PythonOperator): rendimiento_actual> on 2024-10-17 00:00:00+00:00
[2024-10-26T16:37:23.125+0000] {standard_task_runner.py:72} INFO - Started process 2021 to run task
[2024-10-26T16:37:23.130+0000] {standard_task_runner.py:104} INFO - Running: ['***', 'tasks', 'run', 'dag_cargar_cotizaciones', 'rendimiento_actual', 'scheduled__2024-10-17T00:00:00+00:00', '--job-id', '313', '--raw', '--subdir', 'DAGS_FOLDER/dag_cargar_cotizaciones.py', '--cfg-path', '/tmp/tmp6sg5y9ay']
[2024-10-26T16:37:23.137+0000] {standard_task_runner.py:105} INFO - Job 313: Subtask rendimiento_actual
[2024-10-26T16:37:23.187+0000] {task_command.py:467} INFO - Running <TaskInstance: dag_cargar_cotizaciones.rendimiento_actual scheduled__2024-10-17T00:00:00+00:00 [running]> on host 99ce4a540f58
[2024-10-26T16:37:23.253+0000] {taskinstance.py:3131} INFO - Exporting env vars: AIRFLOW_CTX_DAG_OWNER='***' AIRFLOW_CTX_DAG_ID='dag_cargar_cotizaciones' AIRFLOW_CTX_TASK_ID='rendimiento_actual' AIRFLOW_CTX_EXECUTION_DATE='2024-10-17T00:00:00+00:00' AIRFLOW_CTX_TRY_NUMBER='1' AIRFLOW_CTX_DAG_RUN_ID='scheduled__2024-10-17T00:00:00+00:00'
[2024-10-26T16:37:23.256+0000] {taskinstance.py:731} INFO - ::endgroup::
[2024-10-26T16:37:23.269+0000] {base.py:84} INFO - Retrieving connection 'redshift_conn'
[2024-10-26T16:37:25.452+0000] {logging_mixin.py:190} INFO - Consulta ejecutada exitosamente.
[2024-10-26T16:37:25.454+0000] {python.py:240} INFO - Done. Returned value was: None
[2024-10-26T16:37:25.478+0000] {taskinstance.py:340} INFO - ::group::Post task execution logs
[2024-10-26T16:37:25.479+0000] {taskinstance.py:352} INFO - Marking task as SUCCESS. dag_id=dag_cargar_cotizaciones, task_id=rendimiento_actual, run_id=scheduled__2024-10-17T00:00:00+00:00, execution_date=20241017T000000, start_date=20241026T163723, end_date=20241026T163725
[2024-10-26T16:37:25.537+0000] {local_task_job_runner.py:266} INFO - Task exited with return code 0
[2024-10-26T16:37:25.555+0000] {taskinstance.py:3900} INFO - 0 downstream tasks scheduled from follow-on schedule check
[2024-10-26T16:37:25.557+0000] {local_task_job_runner.py:245} INFO - ::endgroup::
[2024-10-26T19:13:26.939+0000] {local_task_job_runner.py:123} INFO - ::group::Pre task execution logs
[2024-10-26T19:13:26.948+0000] {taskinstance.py:2612} INFO - Dependencies all met for dep_context=non-requeueable deps ti=<TaskInstance: dag_cargar_cotizaciones.rendimiento_actual scheduled__2024-10-17T00:00:00+00:00 [queued]>
[2024-10-26T19:13:26.963+0000] {taskinstance.py:2612} INFO - Dependencies all met for dep_context=requeueable deps ti=<TaskInstance: dag_cargar_cotizaciones.rendimiento_actual scheduled__2024-10-17T00:00:00+00:00 [queued]>
[2024-10-26T19:13:26.964+0000] {taskinstance.py:2865} INFO - Starting attempt 1 of 1
[2024-10-26T19:13:26.977+0000] {taskinstance.py:2888} INFO - Executing <Task(PythonOperator): rendimiento_actual> on 2024-10-17 00:00:00+00:00
[2024-10-26T19:13:26.981+0000] {standard_task_runner.py:72} INFO - Started process 939 to run task
[2024-10-26T19:13:26.986+0000] {standard_task_runner.py:104} INFO - Running: ['***', 'tasks', 'run', 'dag_cargar_cotizaciones', 'rendimiento_actual', 'scheduled__2024-10-17T00:00:00+00:00', '--job-id', '260', '--raw', '--subdir', 'DAGS_FOLDER/dag_cargar_cotizaciones.py', '--cfg-path', '/tmp/tmpb7tdol1t']
[2024-10-26T19:13:26.988+0000] {standard_task_runner.py:105} INFO - Job 260: Subtask rendimiento_actual
[2024-10-26T19:13:27.021+0000] {task_command.py:467} INFO - Running <TaskInstance: dag_cargar_cotizaciones.rendimiento_actual scheduled__2024-10-17T00:00:00+00:00 [running]> on host 2e7a74dc0e24
[2024-10-26T19:13:27.059+0000] {taskinstance.py:3131} INFO - Exporting env vars: AIRFLOW_CTX_DAG_OWNER='***' AIRFLOW_CTX_DAG_ID='dag_cargar_cotizaciones' AIRFLOW_CTX_TASK_ID='rendimiento_actual' AIRFLOW_CTX_EXECUTION_DATE='2024-10-17T00:00:00+00:00' AIRFLOW_CTX_TRY_NUMBER='1' AIRFLOW_CTX_DAG_RUN_ID='scheduled__2024-10-17T00:00:00+00:00'
[2024-10-26T19:13:27.060+0000] {taskinstance.py:731} INFO - ::endgroup::
[2024-10-26T19:13:27.067+0000] {redshift_operations.py:19} INFO - Estableciendo conexión con Redshift.
[2024-10-26T19:13:27.072+0000] {base.py:84} INFO - Retrieving connection 'redshift_conn'
[2024-10-26T19:13:28.414+0000] {redshift_operations.py:28} INFO - Conexión con Redshift establecida. Ejecutando función.
[2024-10-26T19:13:28.415+0000] {taskinstance.py:3310} ERROR - Task failed with exception
Traceback (most recent call last):
  File "/home/airflow/.local/lib/python3.10/site-packages/airflow/models/taskinstance.py", line 767, in _execute_task
    result = _execute_callable(context=context, **execute_callable_kwargs)
  File "/home/airflow/.local/lib/python3.10/site-packages/airflow/models/taskinstance.py", line 733, in _execute_callable
    return ExecutionCallableRunner(
  File "/home/airflow/.local/lib/python3.10/site-packages/airflow/utils/operator_helpers.py", line 252, in run
    return self.func(*args, **kwargs)
  File "/home/airflow/.local/lib/python3.10/site-packages/airflow/models/baseoperator.py", line 406, in wrapper
    return func(self, *args, **kwargs)
  File "/home/airflow/.local/lib/python3.10/site-packages/airflow/operators/python.py", line 238, in execute
    return_value = self.execute_callable()
  File "/home/airflow/.local/lib/python3.10/site-packages/airflow/operators/python.py", line 256, in execute_callable
    return runner.run(*self.op_args, **self.op_kwargs)
  File "/home/airflow/.local/lib/python3.10/site-packages/airflow/utils/operator_helpers.py", line 252, in run
    return self.func(*args, **kwargs)
  File "/opt/airflow/functions/redshift_operations.py", line 29, in wrapper
    result = func(conn, *args, **kwargs)
TypeError: execute_query() got multiple values for argument 'conn'
[2024-10-26T19:13:28.424+0000] {taskinstance.py:1225} INFO - Marking task as FAILED. dag_id=dag_cargar_cotizaciones, task_id=rendimiento_actual, run_id=scheduled__2024-10-17T00:00:00+00:00, execution_date=20241017T000000, start_date=20241026T191326, end_date=20241026T191328
[2024-10-26T19:13:28.433+0000] {taskinstance.py:340} INFO - ::group::Post task execution logs
[2024-10-26T19:13:28.433+0000] {standard_task_runner.py:124} ERROR - Failed to execute job 260 for task rendimiento_actual (execute_query() got multiple values for argument 'conn'; 939)
Traceback (most recent call last):
  File "/home/airflow/.local/lib/python3.10/site-packages/airflow/task/task_runner/standard_task_runner.py", line 117, in _start_by_fork
    ret = args.func(args, dag=self.dag)
  File "/home/airflow/.local/lib/python3.10/site-packages/airflow/cli/cli_config.py", line 49, in command
    return func(*args, **kwargs)
  File "/home/airflow/.local/lib/python3.10/site-packages/airflow/utils/cli.py", line 115, in wrapper
    return f(*args, **kwargs)
  File "/home/airflow/.local/lib/python3.10/site-packages/airflow/cli/commands/task_command.py", line 483, in task_run
    task_return_code = _run_task_by_selected_method(args, _dag, ti)
  File "/home/airflow/.local/lib/python3.10/site-packages/airflow/cli/commands/task_command.py", line 256, in _run_task_by_selected_method
    return _run_raw_task(args, ti)
  File "/home/airflow/.local/lib/python3.10/site-packages/airflow/cli/commands/task_command.py", line 341, in _run_raw_task
    return ti._run_raw_task(
  File "/home/airflow/.local/lib/python3.10/site-packages/airflow/utils/session.py", line 97, in wrapper
    return func(*args, session=session, **kwargs)
  File "/home/airflow/.local/lib/python3.10/site-packages/airflow/models/taskinstance.py", line 3004, in _run_raw_task
    return _run_raw_task(
  File "/home/airflow/.local/lib/python3.10/site-packages/airflow/models/taskinstance.py", line 273, in _run_raw_task
    TaskInstance._execute_task_with_callbacks(
  File "/home/airflow/.local/lib/python3.10/site-packages/airflow/models/taskinstance.py", line 3158, in _execute_task_with_callbacks
    result = self._execute_task(context, task_orig)
  File "/home/airflow/.local/lib/python3.10/site-packages/airflow/models/taskinstance.py", line 3182, in _execute_task
    return _execute_task(self, context, task_orig)
  File "/home/airflow/.local/lib/python3.10/site-packages/airflow/models/taskinstance.py", line 767, in _execute_task
    result = _execute_callable(context=context, **execute_callable_kwargs)
  File "/home/airflow/.local/lib/python3.10/site-packages/airflow/models/taskinstance.py", line 733, in _execute_callable
    return ExecutionCallableRunner(
  File "/home/airflow/.local/lib/python3.10/site-packages/airflow/utils/operator_helpers.py", line 252, in run
    return self.func(*args, **kwargs)
  File "/home/airflow/.local/lib/python3.10/site-packages/airflow/models/baseoperator.py", line 406, in wrapper
    return func(self, *args, **kwargs)
  File "/home/airflow/.local/lib/python3.10/site-packages/airflow/operators/python.py", line 238, in execute
    return_value = self.execute_callable()
  File "/home/airflow/.local/lib/python3.10/site-packages/airflow/operators/python.py", line 256, in execute_callable
    return runner.run(*self.op_args, **self.op_kwargs)
  File "/home/airflow/.local/lib/python3.10/site-packages/airflow/utils/operator_helpers.py", line 252, in run
    return self.func(*args, **kwargs)
  File "/opt/airflow/functions/redshift_operations.py", line 29, in wrapper
    result = func(conn, *args, **kwargs)
TypeError: execute_query() got multiple values for argument 'conn'
[2024-10-26T19:13:28.451+0000] {local_task_job_runner.py:266} INFO - Task exited with return code 1
[2024-10-26T19:13:28.465+0000] {taskinstance.py:3900} INFO - 0 downstream tasks scheduled from follow-on schedule check
[2024-10-26T19:13:28.466+0000] {local_task_job_runner.py:245} INFO - ::endgroup::
[2024-10-26T19:17:09.124+0000] {local_task_job_runner.py:123} INFO - ::group::Pre task execution logs
[2024-10-26T19:17:09.132+0000] {taskinstance.py:2612} INFO - Dependencies all met for dep_context=non-requeueable deps ti=<TaskInstance: dag_cargar_cotizaciones.rendimiento_actual scheduled__2024-10-17T00:00:00+00:00 [queued]>
[2024-10-26T19:17:09.137+0000] {taskinstance.py:2612} INFO - Dependencies all met for dep_context=requeueable deps ti=<TaskInstance: dag_cargar_cotizaciones.rendimiento_actual scheduled__2024-10-17T00:00:00+00:00 [queued]>
[2024-10-26T19:17:09.138+0000] {taskinstance.py:2865} INFO - Starting attempt 1 of 1
[2024-10-26T19:17:09.147+0000] {taskinstance.py:2888} INFO - Executing <Task(PythonOperator): rendimiento_actual> on 2024-10-17 00:00:00+00:00
[2024-10-26T19:17:09.151+0000] {standard_task_runner.py:72} INFO - Started process 940 to run task
[2024-10-26T19:17:09.155+0000] {standard_task_runner.py:104} INFO - Running: ['***', 'tasks', 'run', 'dag_cargar_cotizaciones', 'rendimiento_actual', 'scheduled__2024-10-17T00:00:00+00:00', '--job-id', '429', '--raw', '--subdir', 'DAGS_FOLDER/dag_cargar_cotizaciones.py', '--cfg-path', '/tmp/tmp0bd8c4np']
[2024-10-26T19:17:09.157+0000] {standard_task_runner.py:105} INFO - Job 429: Subtask rendimiento_actual
[2024-10-26T19:17:09.199+0000] {task_command.py:467} INFO - Running <TaskInstance: dag_cargar_cotizaciones.rendimiento_actual scheduled__2024-10-17T00:00:00+00:00 [running]> on host 3ba590fe69c6
[2024-10-26T19:17:09.246+0000] {taskinstance.py:3131} INFO - Exporting env vars: AIRFLOW_CTX_DAG_OWNER='***' AIRFLOW_CTX_DAG_ID='dag_cargar_cotizaciones' AIRFLOW_CTX_TASK_ID='rendimiento_actual' AIRFLOW_CTX_EXECUTION_DATE='2024-10-17T00:00:00+00:00' AIRFLOW_CTX_TRY_NUMBER='1' AIRFLOW_CTX_DAG_RUN_ID='scheduled__2024-10-17T00:00:00+00:00'
[2024-10-26T19:17:09.247+0000] {taskinstance.py:731} INFO - ::endgroup::
[2024-10-26T19:17:09.258+0000] {redshift_operations.py:56} INFO - Iniciando ejecución de la consulta en Redshift.
[2024-10-26T19:17:09.269+0000] {base.py:84} INFO - Retrieving connection 'redshift_conn'
[2024-10-26T19:17:10.647+0000] {redshift_operations.py:98} INFO - Ejecutando consulta SQL en Redshift.
[2024-10-26T19:17:11.786+0000] {redshift_operations.py:106} INFO - Consulta ejecutada y conexión cerrada exitosamente.
[2024-10-26T19:17:11.787+0000] {python.py:240} INFO - Done. Returned value was: None
[2024-10-26T19:17:11.797+0000] {taskinstance.py:340} INFO - ::group::Post task execution logs
[2024-10-26T19:17:11.798+0000] {taskinstance.py:352} INFO - Marking task as SUCCESS. dag_id=dag_cargar_cotizaciones, task_id=rendimiento_actual, run_id=scheduled__2024-10-17T00:00:00+00:00, execution_date=20241017T000000, start_date=20241026T191709, end_date=20241026T191711
[2024-10-26T19:17:11.826+0000] {local_task_job_runner.py:266} INFO - Task exited with return code 0
[2024-10-26T19:17:11.838+0000] {taskinstance.py:3900} INFO - 0 downstream tasks scheduled from follow-on schedule check
[2024-10-26T19:17:11.839+0000] {local_task_job_runner.py:245} INFO - ::endgroup::
