[2024-10-26T16:34:35.096+0000] {local_task_job_runner.py:123} INFO - ::group::Pre task execution logs
[2024-10-26T16:34:35.124+0000] {taskinstance.py:2612} INFO - Dependencies all met for dep_context=non-requeueable deps ti=<TaskInstance: dag_cargar_cotizaciones.ccl_to_redshift scheduled__2024-10-19T00:00:00+00:00 [queued]>
[2024-10-26T16:34:35.148+0000] {taskinstance.py:2612} INFO - Dependencies all met for dep_context=requeueable deps ti=<TaskInstance: dag_cargar_cotizaciones.ccl_to_redshift scheduled__2024-10-19T00:00:00+00:00 [queued]>
[2024-10-26T16:34:35.154+0000] {taskinstance.py:2865} INFO - Starting attempt 1 of 1
[2024-10-26T16:34:35.174+0000] {taskinstance.py:2888} INFO - Executing <Task(PythonOperator): ccl_to_redshift> on 2024-10-19 00:00:00+00:00
[2024-10-26T16:34:35.192+0000] {standard_task_runner.py:72} INFO - Started process 999 to run task
[2024-10-26T16:34:35.201+0000] {standard_task_runner.py:104} INFO - Running: ['***', 'tasks', 'run', 'dag_cargar_cotizaciones', 'ccl_to_redshift', 'scheduled__2024-10-19T00:00:00+00:00', '--job-id', '147', '--raw', '--subdir', 'DAGS_FOLDER/dag_cargar_cotizaciones.py', '--cfg-path', '/tmp/tmps37amkax']
[2024-10-26T16:34:35.222+0000] {standard_task_runner.py:105} INFO - Job 147: Subtask ccl_to_redshift
[2024-10-26T16:34:35.366+0000] {task_command.py:467} INFO - Running <TaskInstance: dag_cargar_cotizaciones.ccl_to_redshift scheduled__2024-10-19T00:00:00+00:00 [running]> on host 99ce4a540f58
[2024-10-26T16:34:35.607+0000] {taskinstance.py:3131} INFO - Exporting env vars: AIRFLOW_CTX_DAG_OWNER='***' AIRFLOW_CTX_DAG_ID='dag_cargar_cotizaciones' AIRFLOW_CTX_TASK_ID='ccl_to_redshift' AIRFLOW_CTX_EXECUTION_DATE='2024-10-19T00:00:00+00:00' AIRFLOW_CTX_TRY_NUMBER='1' AIRFLOW_CTX_DAG_RUN_ID='scheduled__2024-10-19T00:00:00+00:00'
[2024-10-26T16:34:35.610+0000] {taskinstance.py:731} INFO - ::endgroup::
[2024-10-26T16:34:36.151+0000] {base.py:84} INFO - Retrieving connection 'redshift_conn'
[2024-10-26T16:34:37.507+0000] {python.py:240} INFO - Done. Returned value was: None
[2024-10-26T16:34:37.516+0000] {taskinstance.py:340} INFO - ::group::Post task execution logs
[2024-10-26T16:34:37.516+0000] {taskinstance.py:352} INFO - Marking task as SUCCESS. dag_id=dag_cargar_cotizaciones, task_id=ccl_to_redshift, run_id=scheduled__2024-10-19T00:00:00+00:00, execution_date=20241019T000000, start_date=20241026T163435, end_date=20241026T163437
[2024-10-26T16:34:37.540+0000] {local_task_job_runner.py:266} INFO - Task exited with return code 0
[2024-10-26T16:34:37.566+0000] {taskinstance.py:3900} INFO - 0 downstream tasks scheduled from follow-on schedule check
[2024-10-26T16:34:37.568+0000] {local_task_job_runner.py:245} INFO - ::endgroup::
[2024-10-26T16:37:28.062+0000] {local_task_job_runner.py:123} INFO - ::group::Pre task execution logs
[2024-10-26T16:37:28.095+0000] {taskinstance.py:2612} INFO - Dependencies all met for dep_context=non-requeueable deps ti=<TaskInstance: dag_cargar_cotizaciones.ccl_to_redshift scheduled__2024-10-19T00:00:00+00:00 [queued]>
[2024-10-26T16:37:28.111+0000] {taskinstance.py:2612} INFO - Dependencies all met for dep_context=requeueable deps ti=<TaskInstance: dag_cargar_cotizaciones.ccl_to_redshift scheduled__2024-10-19T00:00:00+00:00 [queued]>
[2024-10-26T16:37:28.114+0000] {taskinstance.py:2865} INFO - Starting attempt 1 of 1
[2024-10-26T16:37:28.154+0000] {taskinstance.py:2888} INFO - Executing <Task(PythonOperator): ccl_to_redshift> on 2024-10-19 00:00:00+00:00
[2024-10-26T16:37:28.166+0000] {standard_task_runner.py:72} INFO - Started process 2046 to run task
[2024-10-26T16:37:28.176+0000] {standard_task_runner.py:104} INFO - Running: ['***', 'tasks', 'run', 'dag_cargar_cotizaciones', 'ccl_to_redshift', 'scheduled__2024-10-19T00:00:00+00:00', '--job-id', '315', '--raw', '--subdir', 'DAGS_FOLDER/dag_cargar_cotizaciones.py', '--cfg-path', '/tmp/tmpzupkzrr7']
[2024-10-26T16:37:28.183+0000] {standard_task_runner.py:105} INFO - Job 315: Subtask ccl_to_redshift
[2024-10-26T16:37:28.265+0000] {task_command.py:467} INFO - Running <TaskInstance: dag_cargar_cotizaciones.ccl_to_redshift scheduled__2024-10-19T00:00:00+00:00 [running]> on host 99ce4a540f58
[2024-10-26T16:37:28.435+0000] {taskinstance.py:3131} INFO - Exporting env vars: AIRFLOW_CTX_DAG_OWNER='***' AIRFLOW_CTX_DAG_ID='dag_cargar_cotizaciones' AIRFLOW_CTX_TASK_ID='ccl_to_redshift' AIRFLOW_CTX_EXECUTION_DATE='2024-10-19T00:00:00+00:00' AIRFLOW_CTX_TRY_NUMBER='1' AIRFLOW_CTX_DAG_RUN_ID='scheduled__2024-10-19T00:00:00+00:00'
[2024-10-26T16:37:28.436+0000] {taskinstance.py:731} INFO - ::endgroup::
[2024-10-26T16:37:28.983+0000] {base.py:84} INFO - Retrieving connection 'redshift_conn'
[2024-10-26T16:37:30.435+0000] {python.py:240} INFO - Done. Returned value was: None
[2024-10-26T16:37:30.447+0000] {taskinstance.py:340} INFO - ::group::Post task execution logs
[2024-10-26T16:37:30.448+0000] {taskinstance.py:352} INFO - Marking task as SUCCESS. dag_id=dag_cargar_cotizaciones, task_id=ccl_to_redshift, run_id=scheduled__2024-10-19T00:00:00+00:00, execution_date=20241019T000000, start_date=20241026T163728, end_date=20241026T163730
[2024-10-26T16:37:30.482+0000] {local_task_job_runner.py:266} INFO - Task exited with return code 0
[2024-10-26T16:37:30.504+0000] {taskinstance.py:3900} INFO - 0 downstream tasks scheduled from follow-on schedule check
[2024-10-26T16:37:30.505+0000] {local_task_job_runner.py:245} INFO - ::endgroup::
[2024-10-26T18:55:59.476+0000] {local_task_job_runner.py:123} INFO - ::group::Pre task execution logs
[2024-10-26T18:55:59.488+0000] {taskinstance.py:2612} INFO - Dependencies all met for dep_context=non-requeueable deps ti=<TaskInstance: dag_cargar_cotizaciones.ccl_to_redshift scheduled__2024-10-19T00:00:00+00:00 [queued]>
[2024-10-26T18:55:59.494+0000] {taskinstance.py:2612} INFO - Dependencies all met for dep_context=requeueable deps ti=<TaskInstance: dag_cargar_cotizaciones.ccl_to_redshift scheduled__2024-10-19T00:00:00+00:00 [queued]>
[2024-10-26T18:55:59.494+0000] {taskinstance.py:2865} INFO - Starting attempt 1 of 1
[2024-10-26T18:55:59.503+0000] {taskinstance.py:2888} INFO - Executing <Task(PythonOperator): ccl_to_redshift> on 2024-10-19 00:00:00+00:00
[2024-10-26T18:55:59.507+0000] {standard_task_runner.py:72} INFO - Started process 501 to run task
[2024-10-26T18:55:59.511+0000] {standard_task_runner.py:104} INFO - Running: ['***', 'tasks', 'run', 'dag_cargar_cotizaciones', 'ccl_to_redshift', 'scheduled__2024-10-19T00:00:00+00:00', '--job-id', '104', '--raw', '--subdir', 'DAGS_FOLDER/dag_cargar_cotizaciones.py', '--cfg-path', '/tmp/tmp67et1og0']
[2024-10-26T18:55:59.513+0000] {standard_task_runner.py:105} INFO - Job 104: Subtask ccl_to_redshift
[2024-10-26T18:55:59.548+0000] {task_command.py:467} INFO - Running <TaskInstance: dag_cargar_cotizaciones.ccl_to_redshift scheduled__2024-10-19T00:00:00+00:00 [running]> on host 0c643dd08f0d
[2024-10-26T18:55:59.607+0000] {taskinstance.py:3131} INFO - Exporting env vars: AIRFLOW_CTX_DAG_OWNER='***' AIRFLOW_CTX_DAG_ID='dag_cargar_cotizaciones' AIRFLOW_CTX_TASK_ID='ccl_to_redshift' AIRFLOW_CTX_EXECUTION_DATE='2024-10-19T00:00:00+00:00' AIRFLOW_CTX_TRY_NUMBER='1' AIRFLOW_CTX_DAG_RUN_ID='scheduled__2024-10-19T00:00:00+00:00'
[2024-10-26T18:55:59.608+0000] {taskinstance.py:731} INFO - ::endgroup::
[2024-10-26T18:56:01.025+0000] {redshift_operations.py:19} INFO - Estableciendo conexión con Redshift.
[2024-10-26T18:56:01.032+0000] {base.py:84} INFO - Retrieving connection 'redshift_conn'
[2024-10-26T18:56:03.275+0000] {redshift_operations.py:28} INFO - Conexión con Redshift establecida. Ejecutando función.
[2024-10-26T18:56:03.276+0000] {redshift_operations.py:45} INFO - Iniciando carga de datos en Redshift.
[2024-10-26T18:56:03.278+0000] {redshift_operations.py:53} INFO - Carga de datos completada exitosamente.
[2024-10-26T18:56:03.279+0000] {redshift_operations.py:31} INFO - Conexión con Redshift cerrada.
[2024-10-26T18:56:03.279+0000] {python.py:240} INFO - Done. Returned value was: None
[2024-10-26T18:56:03.289+0000] {taskinstance.py:340} INFO - ::group::Post task execution logs
[2024-10-26T18:56:03.289+0000] {taskinstance.py:352} INFO - Marking task as SUCCESS. dag_id=dag_cargar_cotizaciones, task_id=ccl_to_redshift, run_id=scheduled__2024-10-19T00:00:00+00:00, execution_date=20241019T000000, start_date=20241026T185559, end_date=20241026T185603
[2024-10-26T18:56:03.330+0000] {local_task_job_runner.py:266} INFO - Task exited with return code 0
[2024-10-26T18:56:03.346+0000] {taskinstance.py:3900} INFO - 0 downstream tasks scheduled from follow-on schedule check
[2024-10-26T18:56:03.348+0000] {local_task_job_runner.py:245} INFO - ::endgroup::
[2024-10-26T19:04:05.167+0000] {local_task_job_runner.py:123} INFO - ::group::Pre task execution logs
[2024-10-26T19:04:05.204+0000] {taskinstance.py:2612} INFO - Dependencies all met for dep_context=non-requeueable deps ti=<TaskInstance: dag_cargar_cotizaciones.ccl_to_redshift scheduled__2024-10-19T00:00:00+00:00 [queued]>
[2024-10-26T19:04:05.224+0000] {taskinstance.py:2612} INFO - Dependencies all met for dep_context=requeueable deps ti=<TaskInstance: dag_cargar_cotizaciones.ccl_to_redshift scheduled__2024-10-19T00:00:00+00:00 [queued]>
[2024-10-26T19:04:05.225+0000] {taskinstance.py:2865} INFO - Starting attempt 1 of 1
[2024-10-26T19:04:05.237+0000] {taskinstance.py:2888} INFO - Executing <Task(PythonOperator): ccl_to_redshift> on 2024-10-19 00:00:00+00:00
[2024-10-26T19:04:05.242+0000] {standard_task_runner.py:72} INFO - Started process 492 to run task
[2024-10-26T19:04:05.247+0000] {standard_task_runner.py:104} INFO - Running: ['***', 'tasks', 'run', 'dag_cargar_cotizaciones', 'ccl_to_redshift', 'scheduled__2024-10-19T00:00:00+00:00', '--job-id', '217', '--raw', '--subdir', 'DAGS_FOLDER/dag_cargar_cotizaciones.py', '--cfg-path', '/tmp/tmp2qfvufqm']
[2024-10-26T19:04:05.250+0000] {standard_task_runner.py:105} INFO - Job 217: Subtask ccl_to_redshift
[2024-10-26T19:04:05.323+0000] {task_command.py:467} INFO - Running <TaskInstance: dag_cargar_cotizaciones.ccl_to_redshift scheduled__2024-10-19T00:00:00+00:00 [running]> on host 22d081b4f909
[2024-10-26T19:04:05.381+0000] {taskinstance.py:3131} INFO - Exporting env vars: AIRFLOW_CTX_DAG_OWNER='***' AIRFLOW_CTX_DAG_ID='dag_cargar_cotizaciones' AIRFLOW_CTX_TASK_ID='ccl_to_redshift' AIRFLOW_CTX_EXECUTION_DATE='2024-10-19T00:00:00+00:00' AIRFLOW_CTX_TRY_NUMBER='1' AIRFLOW_CTX_DAG_RUN_ID='scheduled__2024-10-19T00:00:00+00:00'
[2024-10-26T19:04:05.382+0000] {taskinstance.py:731} INFO - ::endgroup::
[2024-10-26T19:04:05.847+0000] {redshift_operations.py:19} INFO - Estableciendo conexión con Redshift.
[2024-10-26T19:04:05.857+0000] {base.py:84} INFO - Retrieving connection 'redshift_conn'
[2024-10-26T19:04:07.174+0000] {redshift_operations.py:28} INFO - Conexión con Redshift establecida. Ejecutando función.
[2024-10-26T19:04:07.176+0000] {redshift_operations.py:45} INFO - Iniciando carga de datos en Redshift.
[2024-10-26T19:04:07.179+0000] {redshift_operations.py:53} INFO - Carga de datos completada exitosamente.
[2024-10-26T19:04:07.180+0000] {redshift_operations.py:31} INFO - Conexión con Redshift cerrada.
[2024-10-26T19:04:07.181+0000] {python.py:240} INFO - Done. Returned value was: None
[2024-10-26T19:04:07.195+0000] {taskinstance.py:340} INFO - ::group::Post task execution logs
[2024-10-26T19:04:07.196+0000] {taskinstance.py:352} INFO - Marking task as SUCCESS. dag_id=dag_cargar_cotizaciones, task_id=ccl_to_redshift, run_id=scheduled__2024-10-19T00:00:00+00:00, execution_date=20241019T000000, start_date=20241026T190405, end_date=20241026T190407
[2024-10-26T19:04:07.237+0000] {local_task_job_runner.py:266} INFO - Task exited with return code 0
[2024-10-26T19:04:07.252+0000] {taskinstance.py:3900} INFO - 0 downstream tasks scheduled from follow-on schedule check
[2024-10-26T19:04:07.253+0000] {local_task_job_runner.py:245} INFO - ::endgroup::
[2024-10-26T19:09:23.697+0000] {local_task_job_runner.py:123} INFO - ::group::Pre task execution logs
[2024-10-26T19:09:23.776+0000] {taskinstance.py:2612} INFO - Dependencies all met for dep_context=non-requeueable deps ti=<TaskInstance: dag_cargar_cotizaciones.ccl_to_redshift scheduled__2024-10-19T00:00:00+00:00 [queued]>
[2024-10-26T19:09:23.812+0000] {taskinstance.py:2612} INFO - Dependencies all met for dep_context=requeueable deps ti=<TaskInstance: dag_cargar_cotizaciones.ccl_to_redshift scheduled__2024-10-19T00:00:00+00:00 [queued]>
[2024-10-26T19:09:23.817+0000] {taskinstance.py:2865} INFO - Starting attempt 1 of 1
[2024-10-26T19:09:23.892+0000] {taskinstance.py:2888} INFO - Executing <Task(PythonOperator): ccl_to_redshift> on 2024-10-19 00:00:00+00:00
[2024-10-26T19:09:23.916+0000] {standard_task_runner.py:72} INFO - Started process 488 to run task
[2024-10-26T19:09:23.951+0000] {standard_task_runner.py:104} INFO - Running: ['***', 'tasks', 'run', 'dag_cargar_cotizaciones', 'ccl_to_redshift', 'scheduled__2024-10-19T00:00:00+00:00', '--job-id', '102', '--raw', '--subdir', 'DAGS_FOLDER/dag_cargar_cotizaciones.py', '--cfg-path', '/tmp/tmpob_xfmg0']
[2024-10-26T19:09:23.963+0000] {standard_task_runner.py:105} INFO - Job 102: Subtask ccl_to_redshift
[2024-10-26T19:09:24.176+0000] {task_command.py:467} INFO - Running <TaskInstance: dag_cargar_cotizaciones.ccl_to_redshift scheduled__2024-10-19T00:00:00+00:00 [running]> on host f4cb477e9eef
[2024-10-26T19:09:24.309+0000] {taskinstance.py:3131} INFO - Exporting env vars: AIRFLOW_CTX_DAG_OWNER='***' AIRFLOW_CTX_DAG_ID='dag_cargar_cotizaciones' AIRFLOW_CTX_TASK_ID='ccl_to_redshift' AIRFLOW_CTX_EXECUTION_DATE='2024-10-19T00:00:00+00:00' AIRFLOW_CTX_TRY_NUMBER='1' AIRFLOW_CTX_DAG_RUN_ID='scheduled__2024-10-19T00:00:00+00:00'
[2024-10-26T19:09:24.313+0000] {taskinstance.py:731} INFO - ::endgroup::
[2024-10-26T19:09:24.838+0000] {redshift_operations.py:19} INFO - Estableciendo conexión con Redshift.
[2024-10-26T19:09:24.904+0000] {base.py:84} INFO - Retrieving connection 'redshift_conn'
[2024-10-26T19:09:27.350+0000] {redshift_operations.py:28} INFO - Conexión con Redshift establecida. Ejecutando función.
[2024-10-26T19:09:27.354+0000] {redshift_operations.py:45} INFO - Iniciando carga de datos en Redshift.
[2024-10-26T19:09:27.374+0000] {redshift_operations.py:53} INFO - Carga de datos completada exitosamente.
[2024-10-26T19:09:27.382+0000] {redshift_operations.py:31} INFO - Conexión con Redshift cerrada.
[2024-10-26T19:09:27.422+0000] {python.py:240} INFO - Done. Returned value was: None
[2024-10-26T19:09:27.464+0000] {taskinstance.py:340} INFO - ::group::Post task execution logs
[2024-10-26T19:09:27.473+0000] {taskinstance.py:352} INFO - Marking task as SUCCESS. dag_id=dag_cargar_cotizaciones, task_id=ccl_to_redshift, run_id=scheduled__2024-10-19T00:00:00+00:00, execution_date=20241019T000000, start_date=20241026T190923, end_date=20241026T190927
[2024-10-26T19:09:27.587+0000] {local_task_job_runner.py:266} INFO - Task exited with return code 0
[2024-10-26T19:09:27.657+0000] {taskinstance.py:3900} INFO - 0 downstream tasks scheduled from follow-on schedule check
[2024-10-26T19:09:27.664+0000] {local_task_job_runner.py:245} INFO - ::endgroup::
[2024-10-26T19:13:30.731+0000] {local_task_job_runner.py:123} INFO - ::group::Pre task execution logs
[2024-10-26T19:13:30.791+0000] {taskinstance.py:2612} INFO - Dependencies all met for dep_context=non-requeueable deps ti=<TaskInstance: dag_cargar_cotizaciones.ccl_to_redshift scheduled__2024-10-19T00:00:00+00:00 [queued]>
[2024-10-26T19:13:30.813+0000] {taskinstance.py:2612} INFO - Dependencies all met for dep_context=requeueable deps ti=<TaskInstance: dag_cargar_cotizaciones.ccl_to_redshift scheduled__2024-10-19T00:00:00+00:00 [queued]>
[2024-10-26T19:13:30.814+0000] {taskinstance.py:2865} INFO - Starting attempt 1 of 1
[2024-10-26T19:13:30.847+0000] {taskinstance.py:2888} INFO - Executing <Task(PythonOperator): ccl_to_redshift> on 2024-10-19 00:00:00+00:00
[2024-10-26T19:13:30.853+0000] {standard_task_runner.py:72} INFO - Started process 969 to run task
[2024-10-26T19:13:30.857+0000] {standard_task_runner.py:104} INFO - Running: ['***', 'tasks', 'run', 'dag_cargar_cotizaciones', 'ccl_to_redshift', 'scheduled__2024-10-19T00:00:00+00:00', '--job-id', '264', '--raw', '--subdir', 'DAGS_FOLDER/dag_cargar_cotizaciones.py', '--cfg-path', '/tmp/tmp7wmajh3c']
[2024-10-26T19:13:30.862+0000] {standard_task_runner.py:105} INFO - Job 264: Subtask ccl_to_redshift
[2024-10-26T19:13:30.977+0000] {task_command.py:467} INFO - Running <TaskInstance: dag_cargar_cotizaciones.ccl_to_redshift scheduled__2024-10-19T00:00:00+00:00 [running]> on host 2e7a74dc0e24
[2024-10-26T19:13:31.123+0000] {taskinstance.py:3131} INFO - Exporting env vars: AIRFLOW_CTX_DAG_OWNER='***' AIRFLOW_CTX_DAG_ID='dag_cargar_cotizaciones' AIRFLOW_CTX_TASK_ID='ccl_to_redshift' AIRFLOW_CTX_EXECUTION_DATE='2024-10-19T00:00:00+00:00' AIRFLOW_CTX_TRY_NUMBER='1' AIRFLOW_CTX_DAG_RUN_ID='scheduled__2024-10-19T00:00:00+00:00'
[2024-10-26T19:13:31.124+0000] {taskinstance.py:731} INFO - ::endgroup::
[2024-10-26T19:13:31.652+0000] {redshift_operations.py:19} INFO - Estableciendo conexión con Redshift.
[2024-10-26T19:13:31.702+0000] {base.py:84} INFO - Retrieving connection 'redshift_conn'
[2024-10-26T19:13:33.021+0000] {redshift_operations.py:28} INFO - Conexión con Redshift establecida. Ejecutando función.
[2024-10-26T19:13:33.024+0000] {redshift_operations.py:45} INFO - Iniciando carga de datos en Redshift.
[2024-10-26T19:13:33.031+0000] {redshift_operations.py:53} INFO - Carga de datos completada exitosamente.
[2024-10-26T19:13:33.039+0000] {redshift_operations.py:31} INFO - Conexión con Redshift cerrada.
[2024-10-26T19:13:33.041+0000] {python.py:240} INFO - Done. Returned value was: None
[2024-10-26T19:13:33.064+0000] {taskinstance.py:340} INFO - ::group::Post task execution logs
[2024-10-26T19:13:33.067+0000] {taskinstance.py:352} INFO - Marking task as SUCCESS. dag_id=dag_cargar_cotizaciones, task_id=ccl_to_redshift, run_id=scheduled__2024-10-19T00:00:00+00:00, execution_date=20241019T000000, start_date=20241026T191330, end_date=20241026T191333
[2024-10-26T19:13:33.151+0000] {local_task_job_runner.py:266} INFO - Task exited with return code 0
[2024-10-26T19:13:33.213+0000] {taskinstance.py:3900} INFO - 0 downstream tasks scheduled from follow-on schedule check
[2024-10-26T19:13:33.219+0000] {local_task_job_runner.py:245} INFO - ::endgroup::
[2024-10-26T19:17:13.373+0000] {local_task_job_runner.py:123} INFO - ::group::Pre task execution logs
[2024-10-26T19:17:13.384+0000] {taskinstance.py:2612} INFO - Dependencies all met for dep_context=non-requeueable deps ti=<TaskInstance: dag_cargar_cotizaciones.ccl_to_redshift scheduled__2024-10-19T00:00:00+00:00 [queued]>
[2024-10-26T19:17:13.390+0000] {taskinstance.py:2612} INFO - Dependencies all met for dep_context=requeueable deps ti=<TaskInstance: dag_cargar_cotizaciones.ccl_to_redshift scheduled__2024-10-19T00:00:00+00:00 [queued]>
[2024-10-26T19:17:13.390+0000] {taskinstance.py:2865} INFO - Starting attempt 1 of 1
[2024-10-26T19:17:13.398+0000] {taskinstance.py:2888} INFO - Executing <Task(PythonOperator): ccl_to_redshift> on 2024-10-19 00:00:00+00:00
[2024-10-26T19:17:13.402+0000] {standard_task_runner.py:72} INFO - Started process 946 to run task
[2024-10-26T19:17:13.404+0000] {standard_task_runner.py:104} INFO - Running: ['***', 'tasks', 'run', 'dag_cargar_cotizaciones', 'ccl_to_redshift', 'scheduled__2024-10-19T00:00:00+00:00', '--job-id', '430', '--raw', '--subdir', 'DAGS_FOLDER/dag_cargar_cotizaciones.py', '--cfg-path', '/tmp/tmpis8xk60m']
[2024-10-26T19:17:13.408+0000] {standard_task_runner.py:105} INFO - Job 430: Subtask ccl_to_redshift
[2024-10-26T19:17:13.436+0000] {task_command.py:467} INFO - Running <TaskInstance: dag_cargar_cotizaciones.ccl_to_redshift scheduled__2024-10-19T00:00:00+00:00 [running]> on host 3ba590fe69c6
[2024-10-26T19:17:13.475+0000] {taskinstance.py:3131} INFO - Exporting env vars: AIRFLOW_CTX_DAG_OWNER='***' AIRFLOW_CTX_DAG_ID='dag_cargar_cotizaciones' AIRFLOW_CTX_TASK_ID='ccl_to_redshift' AIRFLOW_CTX_EXECUTION_DATE='2024-10-19T00:00:00+00:00' AIRFLOW_CTX_TRY_NUMBER='1' AIRFLOW_CTX_DAG_RUN_ID='scheduled__2024-10-19T00:00:00+00:00'
[2024-10-26T19:17:13.476+0000] {taskinstance.py:731} INFO - ::endgroup::
[2024-10-26T19:17:13.930+0000] {redshift_operations.py:19} INFO - Estableciendo conexión con Redshift.
[2024-10-26T19:17:13.942+0000] {base.py:84} INFO - Retrieving connection 'redshift_conn'
[2024-10-26T19:17:15.298+0000] {redshift_operations.py:28} INFO - Conexión con Redshift establecida. Ejecutando función.
[2024-10-26T19:17:15.302+0000] {redshift_operations.py:45} INFO - Iniciando carga de datos en Redshift.
[2024-10-26T19:17:15.311+0000] {redshift_operations.py:53} INFO - Carga de datos completada exitosamente.
[2024-10-26T19:17:15.318+0000] {redshift_operations.py:31} INFO - Conexión con Redshift cerrada.
[2024-10-26T19:17:15.320+0000] {python.py:240} INFO - Done. Returned value was: None
[2024-10-26T19:17:15.348+0000] {taskinstance.py:340} INFO - ::group::Post task execution logs
[2024-10-26T19:17:15.352+0000] {taskinstance.py:352} INFO - Marking task as SUCCESS. dag_id=dag_cargar_cotizaciones, task_id=ccl_to_redshift, run_id=scheduled__2024-10-19T00:00:00+00:00, execution_date=20241019T000000, start_date=20241026T191713, end_date=20241026T191715
[2024-10-26T19:17:15.430+0000] {local_task_job_runner.py:266} INFO - Task exited with return code 0
[2024-10-26T19:17:15.461+0000] {local_task_job_runner.py:245} INFO - ::endgroup::
