[2024-10-11T00:31:20.676+0000] {processor.py:186} INFO - Started process (PID=17324) to work on /opt/airflow/dags/dag_cargar_cotizaciones.py
[2024-10-11T00:31:20.677+0000] {processor.py:914} INFO - Processing file /opt/airflow/dags/dag_cargar_cotizaciones.py for tasks to queue
[2024-10-11T00:31:20.681+0000] {logging_mixin.py:190} INFO - [2024-10-11T00:31:20.680+0000] {dagbag.py:587} INFO - Filling up the DagBag from /opt/airflow/dags/dag_cargar_cotizaciones.py
[2024-10-11T00:31:21.344+0000] {processor.py:925} INFO - DAG(s) 'dag_cargar_cotizaciones' retrieved from /opt/airflow/dags/dag_cargar_cotizaciones.py
[2024-10-11T00:31:21.356+0000] {logging_mixin.py:190} INFO - [2024-10-11T00:31:21.356+0000] {dag.py:3229} INFO - Sync 1 DAGs
[2024-10-11T00:31:21.366+0000] {logging_mixin.py:190} INFO - [2024-10-11T00:31:21.366+0000] {dag.py:4156} INFO - Setting next_dagrun for dag_cargar_cotizaciones to 2024-10-11 00:00:00+00:00, run_after=2024-10-12 00:00:00+00:00
[2024-10-11T00:31:21.373+0000] {processor.py:208} INFO - Processing /opt/airflow/dags/dag_cargar_cotizaciones.py took 0.739 seconds
[2024-10-11T01:06:40.167+0000] {processor.py:186} INFO - Started process (PID=17332) to work on /opt/airflow/dags/dag_cargar_cotizaciones.py
[2024-10-11T01:06:40.170+0000] {processor.py:914} INFO - Processing file /opt/airflow/dags/dag_cargar_cotizaciones.py for tasks to queue
[2024-10-11T01:06:40.173+0000] {logging_mixin.py:190} INFO - [2024-10-11T01:06:40.172+0000] {dagbag.py:587} INFO - Filling up the DagBag from /opt/airflow/dags/dag_cargar_cotizaciones.py
[2024-10-11T01:06:41.351+0000] {processor.py:925} INFO - DAG(s) 'dag_cargar_cotizaciones' retrieved from /opt/airflow/dags/dag_cargar_cotizaciones.py
[2024-10-11T01:06:41.376+0000] {logging_mixin.py:190} INFO - [2024-10-11T01:06:41.376+0000] {dag.py:3229} INFO - Sync 1 DAGs
[2024-10-11T01:06:41.390+0000] {logging_mixin.py:190} INFO - [2024-10-11T01:06:41.390+0000] {dag.py:4156} INFO - Setting next_dagrun for dag_cargar_cotizaciones to 2024-10-11 00:00:00+00:00, run_after=2024-10-12 00:00:00+00:00
[2024-10-11T01:06:41.400+0000] {processor.py:208} INFO - Processing /opt/airflow/dags/dag_cargar_cotizaciones.py took 1.340 seconds
[2024-10-11T01:23:47.706+0000] {processor.py:186} INFO - Started process (PID=17340) to work on /opt/airflow/dags/dag_cargar_cotizaciones.py
[2024-10-11T01:23:47.706+0000] {processor.py:914} INFO - Processing file /opt/airflow/dags/dag_cargar_cotizaciones.py for tasks to queue
[2024-10-11T01:23:47.708+0000] {logging_mixin.py:190} INFO - [2024-10-11T01:23:47.708+0000] {dagbag.py:587} INFO - Filling up the DagBag from /opt/airflow/dags/dag_cargar_cotizaciones.py
[2024-10-11T01:23:48.328+0000] {processor.py:925} INFO - DAG(s) 'dag_cargar_cotizaciones' retrieved from /opt/airflow/dags/dag_cargar_cotizaciones.py
[2024-10-11T01:23:48.344+0000] {logging_mixin.py:190} INFO - [2024-10-11T01:23:48.343+0000] {dag.py:3229} INFO - Sync 1 DAGs
[2024-10-11T01:23:48.354+0000] {logging_mixin.py:190} INFO - [2024-10-11T01:23:48.354+0000] {dag.py:4156} INFO - Setting next_dagrun for dag_cargar_cotizaciones to 2024-10-11 00:00:00+00:00, run_after=2024-10-12 00:00:00+00:00
[2024-10-11T01:23:48.362+0000] {processor.py:208} INFO - Processing /opt/airflow/dags/dag_cargar_cotizaciones.py took 0.663 seconds
[2024-10-11T01:40:05.537+0000] {processor.py:186} INFO - Started process (PID=17348) to work on /opt/airflow/dags/dag_cargar_cotizaciones.py
[2024-10-11T01:40:05.538+0000] {processor.py:914} INFO - Processing file /opt/airflow/dags/dag_cargar_cotizaciones.py for tasks to queue
[2024-10-11T01:40:05.539+0000] {logging_mixin.py:190} INFO - [2024-10-11T01:40:05.539+0000] {dagbag.py:587} INFO - Filling up the DagBag from /opt/airflow/dags/dag_cargar_cotizaciones.py
[2024-10-11T01:40:06.046+0000] {processor.py:925} INFO - DAG(s) 'dag_cargar_cotizaciones' retrieved from /opt/airflow/dags/dag_cargar_cotizaciones.py
[2024-10-11T01:40:06.057+0000] {logging_mixin.py:190} INFO - [2024-10-11T01:40:06.056+0000] {dag.py:3229} INFO - Sync 1 DAGs
[2024-10-11T01:40:06.077+0000] {logging_mixin.py:190} INFO - [2024-10-11T01:40:06.076+0000] {dag.py:4156} INFO - Setting next_dagrun for dag_cargar_cotizaciones to 2024-10-11 00:00:00+00:00, run_after=2024-10-12 00:00:00+00:00
[2024-10-11T01:40:06.086+0000] {processor.py:208} INFO - Processing /opt/airflow/dags/dag_cargar_cotizaciones.py took 0.557 seconds
[2024-10-11T02:14:30.025+0000] {processor.py:186} INFO - Started process (PID=17355) to work on /opt/airflow/dags/dag_cargar_cotizaciones.py
[2024-10-11T02:14:30.026+0000] {processor.py:914} INFO - Processing file /opt/airflow/dags/dag_cargar_cotizaciones.py for tasks to queue
[2024-10-11T02:14:30.030+0000] {logging_mixin.py:190} INFO - [2024-10-11T02:14:30.029+0000] {dagbag.py:587} INFO - Filling up the DagBag from /opt/airflow/dags/dag_cargar_cotizaciones.py
[2024-10-11T02:14:30.682+0000] {processor.py:925} INFO - DAG(s) 'dag_cargar_cotizaciones' retrieved from /opt/airflow/dags/dag_cargar_cotizaciones.py
[2024-10-11T02:14:30.697+0000] {logging_mixin.py:190} INFO - [2024-10-11T02:14:30.697+0000] {dag.py:3229} INFO - Sync 1 DAGs
[2024-10-11T02:14:30.710+0000] {logging_mixin.py:190} INFO - [2024-10-11T02:14:30.710+0000] {dag.py:4156} INFO - Setting next_dagrun for dag_cargar_cotizaciones to 2024-10-11 00:00:00+00:00, run_after=2024-10-12 00:00:00+00:00
[2024-10-11T02:14:30.719+0000] {processor.py:208} INFO - Processing /opt/airflow/dags/dag_cargar_cotizaciones.py took 0.706 seconds
[2024-10-11T03:06:26.186+0000] {processor.py:186} INFO - Started process (PID=17363) to work on /opt/airflow/dags/dag_cargar_cotizaciones.py
[2024-10-11T03:06:26.189+0000] {processor.py:914} INFO - Processing file /opt/airflow/dags/dag_cargar_cotizaciones.py for tasks to queue
[2024-10-11T03:06:26.199+0000] {logging_mixin.py:190} INFO - [2024-10-11T03:06:26.196+0000] {dagbag.py:587} INFO - Filling up the DagBag from /opt/airflow/dags/dag_cargar_cotizaciones.py
[2024-10-11T03:06:26.799+0000] {processor.py:925} INFO - DAG(s) 'dag_cargar_cotizaciones' retrieved from /opt/airflow/dags/dag_cargar_cotizaciones.py
[2024-10-11T03:06:26.811+0000] {logging_mixin.py:190} INFO - [2024-10-11T03:06:26.811+0000] {dag.py:3229} INFO - Sync 1 DAGs
[2024-10-11T03:06:26.826+0000] {logging_mixin.py:190} INFO - [2024-10-11T03:06:26.825+0000] {dag.py:4156} INFO - Setting next_dagrun for dag_cargar_cotizaciones to 2024-10-11 00:00:00+00:00, run_after=2024-10-12 00:00:00+00:00
[2024-10-11T03:06:26.836+0000] {processor.py:208} INFO - Processing /opt/airflow/dags/dag_cargar_cotizaciones.py took 0.659 seconds
[2024-10-11T03:24:21.051+0000] {processor.py:186} INFO - Started process (PID=17371) to work on /opt/airflow/dags/dag_cargar_cotizaciones.py
[2024-10-11T03:24:21.062+0000] {processor.py:914} INFO - Processing file /opt/airflow/dags/dag_cargar_cotizaciones.py for tasks to queue
[2024-10-11T03:24:21.065+0000] {logging_mixin.py:190} INFO - [2024-10-11T03:24:21.064+0000] {dagbag.py:587} INFO - Filling up the DagBag from /opt/airflow/dags/dag_cargar_cotizaciones.py
[2024-10-11T03:24:21.635+0000] {processor.py:925} INFO - DAG(s) 'dag_cargar_cotizaciones' retrieved from /opt/airflow/dags/dag_cargar_cotizaciones.py
[2024-10-11T03:24:21.656+0000] {logging_mixin.py:190} INFO - [2024-10-11T03:24:21.655+0000] {dag.py:3229} INFO - Sync 1 DAGs
[2024-10-11T03:24:21.675+0000] {logging_mixin.py:190} INFO - [2024-10-11T03:24:21.674+0000] {dag.py:4156} INFO - Setting next_dagrun for dag_cargar_cotizaciones to 2024-10-11 00:00:00+00:00, run_after=2024-10-12 00:00:00+00:00
[2024-10-11T03:24:21.684+0000] {processor.py:208} INFO - Processing /opt/airflow/dags/dag_cargar_cotizaciones.py took 0.649 seconds
[2024-10-11T03:41:06.779+0000] {processor.py:186} INFO - Started process (PID=17379) to work on /opt/airflow/dags/dag_cargar_cotizaciones.py
[2024-10-11T03:41:06.782+0000] {processor.py:914} INFO - Processing file /opt/airflow/dags/dag_cargar_cotizaciones.py for tasks to queue
[2024-10-11T03:41:06.784+0000] {logging_mixin.py:190} INFO - [2024-10-11T03:41:06.783+0000] {dagbag.py:587} INFO - Filling up the DagBag from /opt/airflow/dags/dag_cargar_cotizaciones.py
[2024-10-11T03:41:07.417+0000] {processor.py:925} INFO - DAG(s) 'dag_cargar_cotizaciones' retrieved from /opt/airflow/dags/dag_cargar_cotizaciones.py
[2024-10-11T03:41:07.430+0000] {logging_mixin.py:190} INFO - [2024-10-11T03:41:07.430+0000] {dag.py:3229} INFO - Sync 1 DAGs
[2024-10-11T03:41:07.449+0000] {logging_mixin.py:190} INFO - [2024-10-11T03:41:07.449+0000] {dag.py:4156} INFO - Setting next_dagrun for dag_cargar_cotizaciones to 2024-10-11 00:00:00+00:00, run_after=2024-10-12 00:00:00+00:00
[2024-10-11T03:41:07.461+0000] {processor.py:208} INFO - Processing /opt/airflow/dags/dag_cargar_cotizaciones.py took 0.694 seconds
[2024-10-11T03:59:52.524+0000] {processor.py:186} INFO - Started process (PID=17387) to work on /opt/airflow/dags/dag_cargar_cotizaciones.py
[2024-10-11T03:59:52.525+0000] {processor.py:914} INFO - Processing file /opt/airflow/dags/dag_cargar_cotizaciones.py for tasks to queue
[2024-10-11T03:59:52.527+0000] {logging_mixin.py:190} INFO - [2024-10-11T03:59:52.526+0000] {dagbag.py:587} INFO - Filling up the DagBag from /opt/airflow/dags/dag_cargar_cotizaciones.py
[2024-10-11T03:59:53.141+0000] {processor.py:925} INFO - DAG(s) 'dag_cargar_cotizaciones' retrieved from /opt/airflow/dags/dag_cargar_cotizaciones.py
[2024-10-11T03:59:53.156+0000] {logging_mixin.py:190} INFO - [2024-10-11T03:59:53.156+0000] {dag.py:3229} INFO - Sync 1 DAGs
[2024-10-11T03:59:53.167+0000] {logging_mixin.py:190} INFO - [2024-10-11T03:59:53.167+0000] {dag.py:4156} INFO - Setting next_dagrun for dag_cargar_cotizaciones to 2024-10-11 00:00:00+00:00, run_after=2024-10-12 00:00:00+00:00
[2024-10-11T03:59:53.174+0000] {processor.py:208} INFO - Processing /opt/airflow/dags/dag_cargar_cotizaciones.py took 0.684 seconds
[2024-10-11T04:33:23.505+0000] {processor.py:186} INFO - Started process (PID=17394) to work on /opt/airflow/dags/dag_cargar_cotizaciones.py
[2024-10-11T04:33:23.507+0000] {processor.py:914} INFO - Processing file /opt/airflow/dags/dag_cargar_cotizaciones.py for tasks to queue
[2024-10-11T04:33:23.509+0000] {logging_mixin.py:190} INFO - [2024-10-11T04:33:23.508+0000] {dagbag.py:587} INFO - Filling up the DagBag from /opt/airflow/dags/dag_cargar_cotizaciones.py
[2024-10-11T04:33:24.198+0000] {processor.py:925} INFO - DAG(s) 'dag_cargar_cotizaciones' retrieved from /opt/airflow/dags/dag_cargar_cotizaciones.py
[2024-10-11T04:33:24.211+0000] {logging_mixin.py:190} INFO - [2024-10-11T04:33:24.211+0000] {dag.py:3229} INFO - Sync 1 DAGs
[2024-10-11T04:33:24.221+0000] {logging_mixin.py:190} INFO - [2024-10-11T04:33:24.221+0000] {dag.py:4156} INFO - Setting next_dagrun for dag_cargar_cotizaciones to 2024-10-11 00:00:00+00:00, run_after=2024-10-12 00:00:00+00:00
[2024-10-11T04:33:24.230+0000] {processor.py:208} INFO - Processing /opt/airflow/dags/dag_cargar_cotizaciones.py took 0.736 seconds
[2024-10-11T04:51:03.618+0000] {processor.py:186} INFO - Started process (PID=17402) to work on /opt/airflow/dags/dag_cargar_cotizaciones.py
[2024-10-11T04:51:03.619+0000] {processor.py:914} INFO - Processing file /opt/airflow/dags/dag_cargar_cotizaciones.py for tasks to queue
[2024-10-11T04:51:03.621+0000] {logging_mixin.py:190} INFO - [2024-10-11T04:51:03.620+0000] {dagbag.py:587} INFO - Filling up the DagBag from /opt/airflow/dags/dag_cargar_cotizaciones.py
[2024-10-11T04:51:04.307+0000] {processor.py:925} INFO - DAG(s) 'dag_cargar_cotizaciones' retrieved from /opt/airflow/dags/dag_cargar_cotizaciones.py
[2024-10-11T04:51:04.341+0000] {logging_mixin.py:190} INFO - [2024-10-11T04:51:04.341+0000] {dag.py:3229} INFO - Sync 1 DAGs
[2024-10-11T04:51:04.354+0000] {logging_mixin.py:190} INFO - [2024-10-11T04:51:04.354+0000] {dag.py:4156} INFO - Setting next_dagrun for dag_cargar_cotizaciones to 2024-10-11 00:00:00+00:00, run_after=2024-10-12 00:00:00+00:00
[2024-10-11T04:51:04.363+0000] {processor.py:208} INFO - Processing /opt/airflow/dags/dag_cargar_cotizaciones.py took 0.785 seconds
[2024-10-11T05:23:42.673+0000] {processor.py:186} INFO - Started process (PID=17409) to work on /opt/airflow/dags/dag_cargar_cotizaciones.py
[2024-10-11T05:23:42.674+0000] {processor.py:914} INFO - Processing file /opt/airflow/dags/dag_cargar_cotizaciones.py for tasks to queue
[2024-10-11T05:23:42.676+0000] {logging_mixin.py:190} INFO - [2024-10-11T05:23:42.676+0000] {dagbag.py:587} INFO - Filling up the DagBag from /opt/airflow/dags/dag_cargar_cotizaciones.py
[2024-10-11T05:23:43.333+0000] {processor.py:925} INFO - DAG(s) 'dag_cargar_cotizaciones' retrieved from /opt/airflow/dags/dag_cargar_cotizaciones.py
[2024-10-11T05:23:43.347+0000] {logging_mixin.py:190} INFO - [2024-10-11T05:23:43.347+0000] {dag.py:3229} INFO - Sync 1 DAGs
[2024-10-11T05:23:43.359+0000] {logging_mixin.py:190} INFO - [2024-10-11T05:23:43.359+0000] {dag.py:4156} INFO - Setting next_dagrun for dag_cargar_cotizaciones to 2024-10-11 00:00:00+00:00, run_after=2024-10-12 00:00:00+00:00
[2024-10-11T05:23:43.368+0000] {processor.py:208} INFO - Processing /opt/airflow/dags/dag_cargar_cotizaciones.py took 0.711 seconds
[2024-10-11T05:38:13.802+0000] {processor.py:186} INFO - Started process (PID=17416) to work on /opt/airflow/dags/dag_cargar_cotizaciones.py
[2024-10-11T05:38:13.804+0000] {processor.py:914} INFO - Processing file /opt/airflow/dags/dag_cargar_cotizaciones.py for tasks to queue
[2024-10-11T05:38:13.807+0000] {logging_mixin.py:190} INFO - [2024-10-11T05:38:13.806+0000] {dagbag.py:587} INFO - Filling up the DagBag from /opt/airflow/dags/dag_cargar_cotizaciones.py
[2024-10-11T05:38:14.386+0000] {processor.py:925} INFO - DAG(s) 'dag_cargar_cotizaciones' retrieved from /opt/airflow/dags/dag_cargar_cotizaciones.py
[2024-10-11T05:38:14.402+0000] {logging_mixin.py:190} INFO - [2024-10-11T05:38:14.402+0000] {dag.py:3229} INFO - Sync 1 DAGs
[2024-10-11T05:38:14.413+0000] {logging_mixin.py:190} INFO - [2024-10-11T05:38:14.413+0000] {dag.py:4156} INFO - Setting next_dagrun for dag_cargar_cotizaciones to 2024-10-11 00:00:00+00:00, run_after=2024-10-12 00:00:00+00:00
[2024-10-11T05:38:14.420+0000] {processor.py:208} INFO - Processing /opt/airflow/dags/dag_cargar_cotizaciones.py took 0.650 seconds
[2024-10-11T05:54:58.903+0000] {processor.py:186} INFO - Started process (PID=17423) to work on /opt/airflow/dags/dag_cargar_cotizaciones.py
[2024-10-11T05:54:58.905+0000] {processor.py:914} INFO - Processing file /opt/airflow/dags/dag_cargar_cotizaciones.py for tasks to queue
[2024-10-11T05:54:58.907+0000] {logging_mixin.py:190} INFO - [2024-10-11T05:54:58.906+0000] {dagbag.py:587} INFO - Filling up the DagBag from /opt/airflow/dags/dag_cargar_cotizaciones.py
[2024-10-11T05:54:59.483+0000] {processor.py:925} INFO - DAG(s) 'dag_cargar_cotizaciones' retrieved from /opt/airflow/dags/dag_cargar_cotizaciones.py
[2024-10-11T05:54:59.497+0000] {logging_mixin.py:190} INFO - [2024-10-11T05:54:59.497+0000] {dag.py:3229} INFO - Sync 1 DAGs
[2024-10-11T05:54:59.508+0000] {logging_mixin.py:190} INFO - [2024-10-11T05:54:59.508+0000] {dag.py:4156} INFO - Setting next_dagrun for dag_cargar_cotizaciones to 2024-10-11 00:00:00+00:00, run_after=2024-10-12 00:00:00+00:00
[2024-10-11T05:54:59.516+0000] {processor.py:208} INFO - Processing /opt/airflow/dags/dag_cargar_cotizaciones.py took 0.625 seconds
[2024-10-11T06:29:12.623+0000] {processor.py:186} INFO - Started process (PID=17431) to work on /opt/airflow/dags/dag_cargar_cotizaciones.py
[2024-10-11T06:29:12.624+0000] {processor.py:914} INFO - Processing file /opt/airflow/dags/dag_cargar_cotizaciones.py for tasks to queue
[2024-10-11T06:29:12.626+0000] {logging_mixin.py:190} INFO - [2024-10-11T06:29:12.625+0000] {dagbag.py:587} INFO - Filling up the DagBag from /opt/airflow/dags/dag_cargar_cotizaciones.py
[2024-10-11T06:29:13.433+0000] {processor.py:925} INFO - DAG(s) 'dag_cargar_cotizaciones' retrieved from /opt/airflow/dags/dag_cargar_cotizaciones.py
[2024-10-11T06:29:13.454+0000] {logging_mixin.py:190} INFO - [2024-10-11T06:29:13.454+0000] {dag.py:3229} INFO - Sync 1 DAGs
[2024-10-11T06:29:13.469+0000] {logging_mixin.py:190} INFO - [2024-10-11T06:29:13.469+0000] {dag.py:4156} INFO - Setting next_dagrun for dag_cargar_cotizaciones to 2024-10-11 00:00:00+00:00, run_after=2024-10-12 00:00:00+00:00
[2024-10-11T06:29:13.480+0000] {processor.py:208} INFO - Processing /opt/airflow/dags/dag_cargar_cotizaciones.py took 0.869 seconds
[2024-10-11T06:44:39.427+0000] {processor.py:186} INFO - Started process (PID=17439) to work on /opt/airflow/dags/dag_cargar_cotizaciones.py
[2024-10-11T06:44:39.428+0000] {processor.py:914} INFO - Processing file /opt/airflow/dags/dag_cargar_cotizaciones.py for tasks to queue
[2024-10-11T06:44:39.429+0000] {logging_mixin.py:190} INFO - [2024-10-11T06:44:39.429+0000] {dagbag.py:587} INFO - Filling up the DagBag from /opt/airflow/dags/dag_cargar_cotizaciones.py
[2024-10-11T06:44:39.992+0000] {processor.py:925} INFO - DAG(s) 'dag_cargar_cotizaciones' retrieved from /opt/airflow/dags/dag_cargar_cotizaciones.py
[2024-10-11T06:44:40.015+0000] {logging_mixin.py:190} INFO - [2024-10-11T06:44:40.014+0000] {dag.py:3229} INFO - Sync 1 DAGs
[2024-10-11T06:44:40.034+0000] {logging_mixin.py:190} INFO - [2024-10-11T06:44:40.034+0000] {dag.py:4156} INFO - Setting next_dagrun for dag_cargar_cotizaciones to 2024-10-11 00:00:00+00:00, run_after=2024-10-12 00:00:00+00:00
[2024-10-11T06:44:40.042+0000] {processor.py:208} INFO - Processing /opt/airflow/dags/dag_cargar_cotizaciones.py took 0.627 seconds
[2024-10-11T06:45:11.702+0000] {processor.py:186} INFO - Started process (PID=17447) to work on /opt/airflow/dags/dag_cargar_cotizaciones.py
[2024-10-11T06:45:11.704+0000] {processor.py:914} INFO - Processing file /opt/airflow/dags/dag_cargar_cotizaciones.py for tasks to queue
[2024-10-11T06:45:11.705+0000] {logging_mixin.py:190} INFO - [2024-10-11T06:45:11.705+0000] {dagbag.py:587} INFO - Filling up the DagBag from /opt/airflow/dags/dag_cargar_cotizaciones.py
[2024-10-11T06:45:12.220+0000] {processor.py:925} INFO - DAG(s) 'dag_cargar_cotizaciones' retrieved from /opt/airflow/dags/dag_cargar_cotizaciones.py
[2024-10-11T06:45:12.233+0000] {logging_mixin.py:190} INFO - [2024-10-11T06:45:12.233+0000] {dag.py:3229} INFO - Sync 1 DAGs
[2024-10-11T06:45:12.244+0000] {logging_mixin.py:190} INFO - [2024-10-11T06:45:12.243+0000] {dag.py:4156} INFO - Setting next_dagrun for dag_cargar_cotizaciones to 2024-10-11 00:00:00+00:00, run_after=2024-10-12 00:00:00+00:00
[2024-10-11T06:45:12.251+0000] {processor.py:208} INFO - Processing /opt/airflow/dags/dag_cargar_cotizaciones.py took 0.559 seconds
[2024-10-11T07:02:08.304+0000] {processor.py:186} INFO - Started process (PID=17455) to work on /opt/airflow/dags/dag_cargar_cotizaciones.py
[2024-10-11T07:02:08.305+0000] {processor.py:914} INFO - Processing file /opt/airflow/dags/dag_cargar_cotizaciones.py for tasks to queue
[2024-10-11T07:02:08.308+0000] {logging_mixin.py:190} INFO - [2024-10-11T07:02:08.307+0000] {dagbag.py:587} INFO - Filling up the DagBag from /opt/airflow/dags/dag_cargar_cotizaciones.py
[2024-10-11T07:02:08.800+0000] {processor.py:925} INFO - DAG(s) 'dag_cargar_cotizaciones' retrieved from /opt/airflow/dags/dag_cargar_cotizaciones.py
[2024-10-11T07:02:08.815+0000] {logging_mixin.py:190} INFO - [2024-10-11T07:02:08.815+0000] {dag.py:3229} INFO - Sync 1 DAGs
[2024-10-11T07:02:08.828+0000] {logging_mixin.py:190} INFO - [2024-10-11T07:02:08.828+0000] {dag.py:4156} INFO - Setting next_dagrun for dag_cargar_cotizaciones to 2024-10-11 00:00:00+00:00, run_after=2024-10-12 00:00:00+00:00
[2024-10-11T07:02:08.838+0000] {processor.py:208} INFO - Processing /opt/airflow/dags/dag_cargar_cotizaciones.py took 0.542 seconds
[2024-10-11T07:03:03.098+0000] {processor.py:186} INFO - Started process (PID=17463) to work on /opt/airflow/dags/dag_cargar_cotizaciones.py
[2024-10-11T07:03:03.100+0000] {processor.py:914} INFO - Processing file /opt/airflow/dags/dag_cargar_cotizaciones.py for tasks to queue
[2024-10-11T07:03:03.102+0000] {logging_mixin.py:190} INFO - [2024-10-11T07:03:03.101+0000] {dagbag.py:587} INFO - Filling up the DagBag from /opt/airflow/dags/dag_cargar_cotizaciones.py
[2024-10-11T07:03:03.553+0000] {processor.py:925} INFO - DAG(s) 'dag_cargar_cotizaciones' retrieved from /opt/airflow/dags/dag_cargar_cotizaciones.py
[2024-10-11T07:03:03.563+0000] {logging_mixin.py:190} INFO - [2024-10-11T07:03:03.563+0000] {dag.py:3229} INFO - Sync 1 DAGs
[2024-10-11T07:03:03.572+0000] {logging_mixin.py:190} INFO - [2024-10-11T07:03:03.572+0000] {dag.py:4156} INFO - Setting next_dagrun for dag_cargar_cotizaciones to 2024-10-11 00:00:00+00:00, run_after=2024-10-12 00:00:00+00:00
[2024-10-11T07:03:03.579+0000] {processor.py:208} INFO - Processing /opt/airflow/dags/dag_cargar_cotizaciones.py took 0.492 seconds
[2024-10-11T07:18:32.091+0000] {processor.py:186} INFO - Started process (PID=17471) to work on /opt/airflow/dags/dag_cargar_cotizaciones.py
[2024-10-11T07:18:32.092+0000] {processor.py:914} INFO - Processing file /opt/airflow/dags/dag_cargar_cotizaciones.py for tasks to queue
[2024-10-11T07:18:32.094+0000] {logging_mixin.py:190} INFO - [2024-10-11T07:18:32.093+0000] {dagbag.py:587} INFO - Filling up the DagBag from /opt/airflow/dags/dag_cargar_cotizaciones.py
[2024-10-11T07:18:32.677+0000] {processor.py:925} INFO - DAG(s) 'dag_cargar_cotizaciones' retrieved from /opt/airflow/dags/dag_cargar_cotizaciones.py
[2024-10-11T07:18:32.693+0000] {logging_mixin.py:190} INFO - [2024-10-11T07:18:32.693+0000] {dag.py:3229} INFO - Sync 1 DAGs
[2024-10-11T07:18:32.707+0000] {logging_mixin.py:190} INFO - [2024-10-11T07:18:32.707+0000] {dag.py:4156} INFO - Setting next_dagrun for dag_cargar_cotizaciones to 2024-10-11 00:00:00+00:00, run_after=2024-10-12 00:00:00+00:00
[2024-10-11T07:18:32.716+0000] {processor.py:208} INFO - Processing /opt/airflow/dags/dag_cargar_cotizaciones.py took 0.634 seconds
[2024-10-11T07:34:26.318+0000] {processor.py:186} INFO - Started process (PID=17479) to work on /opt/airflow/dags/dag_cargar_cotizaciones.py
[2024-10-11T07:34:26.320+0000] {processor.py:914} INFO - Processing file /opt/airflow/dags/dag_cargar_cotizaciones.py for tasks to queue
[2024-10-11T07:34:26.321+0000] {logging_mixin.py:190} INFO - [2024-10-11T07:34:26.321+0000] {dagbag.py:587} INFO - Filling up the DagBag from /opt/airflow/dags/dag_cargar_cotizaciones.py
[2024-10-11T07:34:26.984+0000] {processor.py:925} INFO - DAG(s) 'dag_cargar_cotizaciones' retrieved from /opt/airflow/dags/dag_cargar_cotizaciones.py
[2024-10-11T07:34:27.012+0000] {logging_mixin.py:190} INFO - [2024-10-11T07:34:27.012+0000] {dag.py:3229} INFO - Sync 1 DAGs
[2024-10-11T07:34:27.025+0000] {logging_mixin.py:190} INFO - [2024-10-11T07:34:27.024+0000] {dag.py:4156} INFO - Setting next_dagrun for dag_cargar_cotizaciones to 2024-10-11 00:00:00+00:00, run_after=2024-10-12 00:00:00+00:00
[2024-10-11T07:34:27.038+0000] {processor.py:208} INFO - Processing /opt/airflow/dags/dag_cargar_cotizaciones.py took 0.729 seconds
[2024-10-11T07:42:49.593+0000] {processor.py:186} INFO - Started process (PID=17487) to work on /opt/airflow/dags/dag_cargar_cotizaciones.py
[2024-10-11T07:42:49.595+0000] {processor.py:914} INFO - Processing file /opt/airflow/dags/dag_cargar_cotizaciones.py for tasks to queue
[2024-10-11T07:42:49.598+0000] {logging_mixin.py:190} INFO - [2024-10-11T07:42:49.597+0000] {dagbag.py:587} INFO - Filling up the DagBag from /opt/airflow/dags/dag_cargar_cotizaciones.py
[2024-10-11T07:42:50.204+0000] {processor.py:925} INFO - DAG(s) 'dag_cargar_cotizaciones' retrieved from /opt/airflow/dags/dag_cargar_cotizaciones.py
[2024-10-11T07:42:50.218+0000] {logging_mixin.py:190} INFO - [2024-10-11T07:42:50.218+0000] {dag.py:3229} INFO - Sync 1 DAGs
[2024-10-11T07:42:50.230+0000] {logging_mixin.py:190} INFO - [2024-10-11T07:42:50.230+0000] {dag.py:4156} INFO - Setting next_dagrun for dag_cargar_cotizaciones to 2024-10-11 00:00:00+00:00, run_after=2024-10-12 00:00:00+00:00
[2024-10-11T07:42:50.237+0000] {processor.py:208} INFO - Processing /opt/airflow/dags/dag_cargar_cotizaciones.py took 0.669 seconds
[2024-10-11T08:00:59.847+0000] {processor.py:186} INFO - Started process (PID=17495) to work on /opt/airflow/dags/dag_cargar_cotizaciones.py
[2024-10-11T08:00:59.848+0000] {processor.py:914} INFO - Processing file /opt/airflow/dags/dag_cargar_cotizaciones.py for tasks to queue
[2024-10-11T08:00:59.850+0000] {logging_mixin.py:190} INFO - [2024-10-11T08:00:59.849+0000] {dagbag.py:587} INFO - Filling up the DagBag from /opt/airflow/dags/dag_cargar_cotizaciones.py
[2024-10-11T08:01:00.403+0000] {processor.py:925} INFO - DAG(s) 'dag_cargar_cotizaciones' retrieved from /opt/airflow/dags/dag_cargar_cotizaciones.py
[2024-10-11T08:01:00.417+0000] {logging_mixin.py:190} INFO - [2024-10-11T08:01:00.416+0000] {dag.py:3229} INFO - Sync 1 DAGs
[2024-10-11T08:01:00.427+0000] {logging_mixin.py:190} INFO - [2024-10-11T08:01:00.427+0000] {dag.py:4156} INFO - Setting next_dagrun for dag_cargar_cotizaciones to 2024-10-11 00:00:00+00:00, run_after=2024-10-12 00:00:00+00:00
[2024-10-11T08:01:00.434+0000] {processor.py:208} INFO - Processing /opt/airflow/dags/dag_cargar_cotizaciones.py took 0.600 seconds
[2024-10-11T08:34:26.158+0000] {processor.py:186} INFO - Started process (PID=17503) to work on /opt/airflow/dags/dag_cargar_cotizaciones.py
[2024-10-11T08:34:26.160+0000] {processor.py:914} INFO - Processing file /opt/airflow/dags/dag_cargar_cotizaciones.py for tasks to queue
[2024-10-11T08:34:26.162+0000] {logging_mixin.py:190} INFO - [2024-10-11T08:34:26.161+0000] {dagbag.py:587} INFO - Filling up the DagBag from /opt/airflow/dags/dag_cargar_cotizaciones.py
[2024-10-11T08:34:28.281+0000] {processor.py:925} INFO - DAG(s) 'dag_cargar_cotizaciones' retrieved from /opt/airflow/dags/dag_cargar_cotizaciones.py
[2024-10-11T08:34:28.318+0000] {logging_mixin.py:190} INFO - [2024-10-11T08:34:28.318+0000] {dag.py:3229} INFO - Sync 1 DAGs
[2024-10-11T08:34:28.358+0000] {logging_mixin.py:190} INFO - [2024-10-11T08:34:28.358+0000] {dag.py:4156} INFO - Setting next_dagrun for dag_cargar_cotizaciones to 2024-10-11 00:00:00+00:00, run_after=2024-10-12 00:00:00+00:00
[2024-10-11T08:34:28.378+0000] {processor.py:208} INFO - Processing /opt/airflow/dags/dag_cargar_cotizaciones.py took 2.265 seconds
[2024-10-11T09:22:45.821+0000] {processor.py:186} INFO - Started process (PID=17511) to work on /opt/airflow/dags/dag_cargar_cotizaciones.py
[2024-10-11T09:22:45.823+0000] {processor.py:914} INFO - Processing file /opt/airflow/dags/dag_cargar_cotizaciones.py for tasks to queue
[2024-10-11T09:22:45.824+0000] {logging_mixin.py:190} INFO - [2024-10-11T09:22:45.824+0000] {dagbag.py:587} INFO - Filling up the DagBag from /opt/airflow/dags/dag_cargar_cotizaciones.py
[2024-10-11T09:22:46.463+0000] {processor.py:925} INFO - DAG(s) 'dag_cargar_cotizaciones' retrieved from /opt/airflow/dags/dag_cargar_cotizaciones.py
[2024-10-11T09:22:46.476+0000] {logging_mixin.py:190} INFO - [2024-10-11T09:22:46.476+0000] {dag.py:3229} INFO - Sync 1 DAGs
[2024-10-11T09:22:46.486+0000] {logging_mixin.py:190} INFO - [2024-10-11T09:22:46.486+0000] {dag.py:4156} INFO - Setting next_dagrun for dag_cargar_cotizaciones to 2024-10-11 00:00:00+00:00, run_after=2024-10-12 00:00:00+00:00
[2024-10-11T09:22:46.493+0000] {processor.py:208} INFO - Processing /opt/airflow/dags/dag_cargar_cotizaciones.py took 0.686 seconds
[2024-10-11T09:40:21.126+0000] {processor.py:186} INFO - Started process (PID=17519) to work on /opt/airflow/dags/dag_cargar_cotizaciones.py
[2024-10-11T09:40:21.128+0000] {processor.py:914} INFO - Processing file /opt/airflow/dags/dag_cargar_cotizaciones.py for tasks to queue
[2024-10-11T09:40:21.131+0000] {logging_mixin.py:190} INFO - [2024-10-11T09:40:21.131+0000] {dagbag.py:587} INFO - Filling up the DagBag from /opt/airflow/dags/dag_cargar_cotizaciones.py
[2024-10-11T09:40:21.725+0000] {processor.py:925} INFO - DAG(s) 'dag_cargar_cotizaciones' retrieved from /opt/airflow/dags/dag_cargar_cotizaciones.py
[2024-10-11T09:40:21.740+0000] {logging_mixin.py:190} INFO - [2024-10-11T09:40:21.740+0000] {dag.py:3229} INFO - Sync 1 DAGs
[2024-10-11T09:40:21.751+0000] {logging_mixin.py:190} INFO - [2024-10-11T09:40:21.751+0000] {dag.py:4156} INFO - Setting next_dagrun for dag_cargar_cotizaciones to 2024-10-11 00:00:00+00:00, run_after=2024-10-12 00:00:00+00:00
[2024-10-11T09:40:21.758+0000] {processor.py:208} INFO - Processing /opt/airflow/dags/dag_cargar_cotizaciones.py took 0.645 seconds
[2024-10-11T09:44:04.789+0000] {processor.py:186} INFO - Started process (PID=17527) to work on /opt/airflow/dags/dag_cargar_cotizaciones.py
[2024-10-11T09:44:04.790+0000] {processor.py:914} INFO - Processing file /opt/airflow/dags/dag_cargar_cotizaciones.py for tasks to queue
[2024-10-11T09:44:04.792+0000] {logging_mixin.py:190} INFO - [2024-10-11T09:44:04.792+0000] {dagbag.py:587} INFO - Filling up the DagBag from /opt/airflow/dags/dag_cargar_cotizaciones.py
[2024-10-11T09:44:05.464+0000] {processor.py:925} INFO - DAG(s) 'dag_cargar_cotizaciones' retrieved from /opt/airflow/dags/dag_cargar_cotizaciones.py
[2024-10-11T09:44:05.481+0000] {logging_mixin.py:190} INFO - [2024-10-11T09:44:05.481+0000] {dag.py:3229} INFO - Sync 1 DAGs
[2024-10-11T09:44:05.496+0000] {logging_mixin.py:190} INFO - [2024-10-11T09:44:05.496+0000] {dag.py:4156} INFO - Setting next_dagrun for dag_cargar_cotizaciones to 2024-10-11 00:00:00+00:00, run_after=2024-10-12 00:00:00+00:00
[2024-10-11T09:44:05.512+0000] {processor.py:208} INFO - Processing /opt/airflow/dags/dag_cargar_cotizaciones.py took 0.739 seconds
[2024-10-11T10:00:28.355+0000] {processor.py:186} INFO - Started process (PID=17535) to work on /opt/airflow/dags/dag_cargar_cotizaciones.py
[2024-10-11T10:00:28.365+0000] {processor.py:914} INFO - Processing file /opt/airflow/dags/dag_cargar_cotizaciones.py for tasks to queue
[2024-10-11T10:00:28.383+0000] {logging_mixin.py:190} INFO - [2024-10-11T10:00:28.380+0000] {dagbag.py:587} INFO - Filling up the DagBag from /opt/airflow/dags/dag_cargar_cotizaciones.py
[2024-10-11T10:00:29.125+0000] {processor.py:925} INFO - DAG(s) 'dag_cargar_cotizaciones' retrieved from /opt/airflow/dags/dag_cargar_cotizaciones.py
[2024-10-11T10:00:29.138+0000] {logging_mixin.py:190} INFO - [2024-10-11T10:00:29.137+0000] {dag.py:3229} INFO - Sync 1 DAGs
[2024-10-11T10:00:29.156+0000] {logging_mixin.py:190} INFO - [2024-10-11T10:00:29.156+0000] {dag.py:4156} INFO - Setting next_dagrun for dag_cargar_cotizaciones to 2024-10-11 00:00:00+00:00, run_after=2024-10-12 00:00:00+00:00
[2024-10-11T10:00:29.174+0000] {processor.py:208} INFO - Processing /opt/airflow/dags/dag_cargar_cotizaciones.py took 0.839 seconds
[2024-10-11T10:33:35.427+0000] {processor.py:186} INFO - Started process (PID=17543) to work on /opt/airflow/dags/dag_cargar_cotizaciones.py
[2024-10-11T10:33:35.428+0000] {processor.py:914} INFO - Processing file /opt/airflow/dags/dag_cargar_cotizaciones.py for tasks to queue
[2024-10-11T10:33:35.430+0000] {logging_mixin.py:190} INFO - [2024-10-11T10:33:35.429+0000] {dagbag.py:587} INFO - Filling up the DagBag from /opt/airflow/dags/dag_cargar_cotizaciones.py
[2024-10-11T10:33:36.041+0000] {processor.py:925} INFO - DAG(s) 'dag_cargar_cotizaciones' retrieved from /opt/airflow/dags/dag_cargar_cotizaciones.py
[2024-10-11T10:33:36.073+0000] {logging_mixin.py:190} INFO - [2024-10-11T10:33:36.073+0000] {dag.py:3229} INFO - Sync 1 DAGs
[2024-10-11T10:33:36.088+0000] {logging_mixin.py:190} INFO - [2024-10-11T10:33:36.088+0000] {dag.py:4156} INFO - Setting next_dagrun for dag_cargar_cotizaciones to 2024-10-11 00:00:00+00:00, run_after=2024-10-12 00:00:00+00:00
[2024-10-11T10:33:36.098+0000] {processor.py:208} INFO - Processing /opt/airflow/dags/dag_cargar_cotizaciones.py took 0.681 seconds
[2024-10-11T10:45:11.898+0000] {processor.py:186} INFO - Started process (PID=17551) to work on /opt/airflow/dags/dag_cargar_cotizaciones.py
[2024-10-11T10:45:11.899+0000] {processor.py:914} INFO - Processing file /opt/airflow/dags/dag_cargar_cotizaciones.py for tasks to queue
[2024-10-11T10:45:11.901+0000] {logging_mixin.py:190} INFO - [2024-10-11T10:45:11.900+0000] {dagbag.py:587} INFO - Filling up the DagBag from /opt/airflow/dags/dag_cargar_cotizaciones.py
[2024-10-11T10:45:12.504+0000] {processor.py:925} INFO - DAG(s) 'dag_cargar_cotizaciones' retrieved from /opt/airflow/dags/dag_cargar_cotizaciones.py
[2024-10-11T10:45:12.518+0000] {logging_mixin.py:190} INFO - [2024-10-11T10:45:12.517+0000] {dag.py:3229} INFO - Sync 1 DAGs
[2024-10-11T10:45:12.528+0000] {logging_mixin.py:190} INFO - [2024-10-11T10:45:12.528+0000] {dag.py:4156} INFO - Setting next_dagrun for dag_cargar_cotizaciones to 2024-10-11 00:00:00+00:00, run_after=2024-10-12 00:00:00+00:00
[2024-10-11T10:45:12.537+0000] {processor.py:208} INFO - Processing /opt/airflow/dags/dag_cargar_cotizaciones.py took 0.648 seconds
[2024-10-11T11:03:09.433+0000] {processor.py:186} INFO - Started process (PID=17559) to work on /opt/airflow/dags/dag_cargar_cotizaciones.py
[2024-10-11T11:03:09.435+0000] {processor.py:914} INFO - Processing file /opt/airflow/dags/dag_cargar_cotizaciones.py for tasks to queue
[2024-10-11T11:03:09.436+0000] {logging_mixin.py:190} INFO - [2024-10-11T11:03:09.435+0000] {dagbag.py:587} INFO - Filling up the DagBag from /opt/airflow/dags/dag_cargar_cotizaciones.py
[2024-10-11T11:03:09.920+0000] {processor.py:925} INFO - DAG(s) 'dag_cargar_cotizaciones' retrieved from /opt/airflow/dags/dag_cargar_cotizaciones.py
[2024-10-11T11:03:09.932+0000] {logging_mixin.py:190} INFO - [2024-10-11T11:03:09.932+0000] {dag.py:3229} INFO - Sync 1 DAGs
[2024-10-11T11:03:09.945+0000] {logging_mixin.py:190} INFO - [2024-10-11T11:03:09.945+0000] {dag.py:4156} INFO - Setting next_dagrun for dag_cargar_cotizaciones to 2024-10-11 00:00:00+00:00, run_after=2024-10-12 00:00:00+00:00
[2024-10-11T11:03:09.953+0000] {processor.py:208} INFO - Processing /opt/airflow/dags/dag_cargar_cotizaciones.py took 0.528 seconds
[2024-10-11T11:20:26.917+0000] {processor.py:186} INFO - Started process (PID=17567) to work on /opt/airflow/dags/dag_cargar_cotizaciones.py
[2024-10-11T11:20:26.919+0000] {processor.py:914} INFO - Processing file /opt/airflow/dags/dag_cargar_cotizaciones.py for tasks to queue
[2024-10-11T11:20:26.921+0000] {logging_mixin.py:190} INFO - [2024-10-11T11:20:26.920+0000] {dagbag.py:587} INFO - Filling up the DagBag from /opt/airflow/dags/dag_cargar_cotizaciones.py
[2024-10-11T11:20:27.323+0000] {processor.py:925} INFO - DAG(s) 'dag_cargar_cotizaciones' retrieved from /opt/airflow/dags/dag_cargar_cotizaciones.py
[2024-10-11T11:20:27.334+0000] {logging_mixin.py:190} INFO - [2024-10-11T11:20:27.334+0000] {dag.py:3229} INFO - Sync 1 DAGs
[2024-10-11T11:20:27.343+0000] {logging_mixin.py:190} INFO - [2024-10-11T11:20:27.343+0000] {dag.py:4156} INFO - Setting next_dagrun for dag_cargar_cotizaciones to 2024-10-11 00:00:00+00:00, run_after=2024-10-12 00:00:00+00:00
[2024-10-11T11:20:27.350+0000] {processor.py:208} INFO - Processing /opt/airflow/dags/dag_cargar_cotizaciones.py took 0.450 seconds
[2024-10-11T11:21:21.449+0000] {processor.py:186} INFO - Started process (PID=17575) to work on /opt/airflow/dags/dag_cargar_cotizaciones.py
[2024-10-11T11:21:21.451+0000] {processor.py:914} INFO - Processing file /opt/airflow/dags/dag_cargar_cotizaciones.py for tasks to queue
[2024-10-11T11:21:21.453+0000] {logging_mixin.py:190} INFO - [2024-10-11T11:21:21.452+0000] {dagbag.py:587} INFO - Filling up the DagBag from /opt/airflow/dags/dag_cargar_cotizaciones.py
[2024-10-11T11:21:21.857+0000] {processor.py:925} INFO - DAG(s) 'dag_cargar_cotizaciones' retrieved from /opt/airflow/dags/dag_cargar_cotizaciones.py
[2024-10-11T11:21:21.868+0000] {logging_mixin.py:190} INFO - [2024-10-11T11:21:21.868+0000] {dag.py:3229} INFO - Sync 1 DAGs
[2024-10-11T11:21:21.878+0000] {logging_mixin.py:190} INFO - [2024-10-11T11:21:21.878+0000] {dag.py:4156} INFO - Setting next_dagrun for dag_cargar_cotizaciones to 2024-10-11 00:00:00+00:00, run_after=2024-10-12 00:00:00+00:00
[2024-10-11T11:21:21.885+0000] {processor.py:208} INFO - Processing /opt/airflow/dags/dag_cargar_cotizaciones.py took 0.450 seconds
[2024-10-11T11:39:29.051+0000] {processor.py:186} INFO - Started process (PID=17583) to work on /opt/airflow/dags/dag_cargar_cotizaciones.py
[2024-10-11T11:39:29.052+0000] {processor.py:914} INFO - Processing file /opt/airflow/dags/dag_cargar_cotizaciones.py for tasks to queue
[2024-10-11T11:39:29.053+0000] {logging_mixin.py:190} INFO - [2024-10-11T11:39:29.053+0000] {dagbag.py:587} INFO - Filling up the DagBag from /opt/airflow/dags/dag_cargar_cotizaciones.py
[2024-10-11T11:39:29.572+0000] {processor.py:925} INFO - DAG(s) 'dag_cargar_cotizaciones' retrieved from /opt/airflow/dags/dag_cargar_cotizaciones.py
[2024-10-11T11:39:29.586+0000] {logging_mixin.py:190} INFO - [2024-10-11T11:39:29.586+0000] {dag.py:3229} INFO - Sync 1 DAGs
[2024-10-11T11:39:29.597+0000] {logging_mixin.py:190} INFO - [2024-10-11T11:39:29.596+0000] {dag.py:4156} INFO - Setting next_dagrun for dag_cargar_cotizaciones to 2024-10-11 00:00:00+00:00, run_after=2024-10-12 00:00:00+00:00
[2024-10-11T11:39:29.604+0000] {processor.py:208} INFO - Processing /opt/airflow/dags/dag_cargar_cotizaciones.py took 0.561 seconds
[2024-10-11T12:00:15.387+0000] {processor.py:186} INFO - Started process (PID=17591) to work on /opt/airflow/dags/dag_cargar_cotizaciones.py
[2024-10-11T12:00:15.389+0000] {processor.py:914} INFO - Processing file /opt/airflow/dags/dag_cargar_cotizaciones.py for tasks to queue
[2024-10-11T12:00:15.392+0000] {logging_mixin.py:190} INFO - [2024-10-11T12:00:15.391+0000] {dagbag.py:587} INFO - Filling up the DagBag from /opt/airflow/dags/dag_cargar_cotizaciones.py
[2024-10-11T12:00:16.456+0000] {processor.py:925} INFO - DAG(s) 'dag_cargar_cotizaciones' retrieved from /opt/airflow/dags/dag_cargar_cotizaciones.py
[2024-10-11T12:00:16.478+0000] {logging_mixin.py:190} INFO - [2024-10-11T12:00:16.478+0000] {dag.py:3229} INFO - Sync 1 DAGs
[2024-10-11T12:00:16.504+0000] {logging_mixin.py:190} INFO - [2024-10-11T12:00:16.503+0000] {dag.py:4156} INFO - Setting next_dagrun for dag_cargar_cotizaciones to 2024-10-11 00:00:00+00:00, run_after=2024-10-12 00:00:00+00:00
[2024-10-11T12:00:16.539+0000] {processor.py:208} INFO - Processing /opt/airflow/dags/dag_cargar_cotizaciones.py took 1.190 seconds
[2024-10-11T12:46:47.349+0000] {processor.py:186} INFO - Started process (PID=17599) to work on /opt/airflow/dags/dag_cargar_cotizaciones.py
[2024-10-11T12:46:47.351+0000] {processor.py:914} INFO - Processing file /opt/airflow/dags/dag_cargar_cotizaciones.py for tasks to queue
[2024-10-11T12:46:47.355+0000] {logging_mixin.py:190} INFO - [2024-10-11T12:46:47.353+0000] {dagbag.py:587} INFO - Filling up the DagBag from /opt/airflow/dags/dag_cargar_cotizaciones.py
[2024-10-11T12:46:48.079+0000] {processor.py:925} INFO - DAG(s) 'dag_cargar_cotizaciones' retrieved from /opt/airflow/dags/dag_cargar_cotizaciones.py
[2024-10-11T12:46:48.093+0000] {logging_mixin.py:190} INFO - [2024-10-11T12:46:48.093+0000] {dag.py:3229} INFO - Sync 1 DAGs
[2024-10-11T12:46:48.107+0000] {logging_mixin.py:190} INFO - [2024-10-11T12:46:48.107+0000] {dag.py:4156} INFO - Setting next_dagrun for dag_cargar_cotizaciones to 2024-10-11 00:00:00+00:00, run_after=2024-10-12 00:00:00+00:00
[2024-10-11T12:46:48.116+0000] {processor.py:208} INFO - Processing /opt/airflow/dags/dag_cargar_cotizaciones.py took 0.778 seconds
[2024-10-11T13:07:47.264+0000] {processor.py:186} INFO - Started process (PID=17607) to work on /opt/airflow/dags/dag_cargar_cotizaciones.py
[2024-10-11T13:07:47.265+0000] {processor.py:914} INFO - Processing file /opt/airflow/dags/dag_cargar_cotizaciones.py for tasks to queue
[2024-10-11T13:07:47.267+0000] {logging_mixin.py:190} INFO - [2024-10-11T13:07:47.266+0000] {dagbag.py:587} INFO - Filling up the DagBag from /opt/airflow/dags/dag_cargar_cotizaciones.py
[2024-10-11T13:07:47.897+0000] {processor.py:925} INFO - DAG(s) 'dag_cargar_cotizaciones' retrieved from /opt/airflow/dags/dag_cargar_cotizaciones.py
[2024-10-11T13:07:47.913+0000] {logging_mixin.py:190} INFO - [2024-10-11T13:07:47.913+0000] {dag.py:3229} INFO - Sync 1 DAGs
[2024-10-11T13:07:47.931+0000] {logging_mixin.py:190} INFO - [2024-10-11T13:07:47.931+0000] {dag.py:4156} INFO - Setting next_dagrun for dag_cargar_cotizaciones to 2024-10-11 00:00:00+00:00, run_after=2024-10-12 00:00:00+00:00
[2024-10-11T13:07:47.940+0000] {processor.py:208} INFO - Processing /opt/airflow/dags/dag_cargar_cotizaciones.py took 0.689 seconds
[2024-10-11T13:08:18.009+0000] {processor.py:186} INFO - Started process (PID=17615) to work on /opt/airflow/dags/dag_cargar_cotizaciones.py
[2024-10-11T13:08:18.012+0000] {processor.py:914} INFO - Processing file /opt/airflow/dags/dag_cargar_cotizaciones.py for tasks to queue
[2024-10-11T13:08:18.015+0000] {logging_mixin.py:190} INFO - [2024-10-11T13:08:18.014+0000] {dagbag.py:587} INFO - Filling up the DagBag from /opt/airflow/dags/dag_cargar_cotizaciones.py
[2024-10-11T13:08:18.630+0000] {processor.py:925} INFO - DAG(s) 'dag_cargar_cotizaciones' retrieved from /opt/airflow/dags/dag_cargar_cotizaciones.py
[2024-10-11T13:08:18.649+0000] {logging_mixin.py:190} INFO - [2024-10-11T13:08:18.649+0000] {dag.py:3229} INFO - Sync 1 DAGs
[2024-10-11T13:08:18.661+0000] {logging_mixin.py:190} INFO - [2024-10-11T13:08:18.661+0000] {dag.py:4156} INFO - Setting next_dagrun for dag_cargar_cotizaciones to 2024-10-11 00:00:00+00:00, run_after=2024-10-12 00:00:00+00:00
[2024-10-11T13:08:18.669+0000] {processor.py:208} INFO - Processing /opt/airflow/dags/dag_cargar_cotizaciones.py took 0.672 seconds
[2024-10-11T13:24:20.685+0000] {processor.py:186} INFO - Started process (PID=17623) to work on /opt/airflow/dags/dag_cargar_cotizaciones.py
[2024-10-11T13:24:20.687+0000] {processor.py:914} INFO - Processing file /opt/airflow/dags/dag_cargar_cotizaciones.py for tasks to queue
[2024-10-11T13:24:20.689+0000] {logging_mixin.py:190} INFO - [2024-10-11T13:24:20.688+0000] {dagbag.py:587} INFO - Filling up the DagBag from /opt/airflow/dags/dag_cargar_cotizaciones.py
[2024-10-11T13:24:21.364+0000] {processor.py:925} INFO - DAG(s) 'dag_cargar_cotizaciones' retrieved from /opt/airflow/dags/dag_cargar_cotizaciones.py
[2024-10-11T13:24:21.390+0000] {logging_mixin.py:190} INFO - [2024-10-11T13:24:21.389+0000] {dag.py:3229} INFO - Sync 1 DAGs
[2024-10-11T13:24:21.402+0000] {logging_mixin.py:190} INFO - [2024-10-11T13:24:21.402+0000] {dag.py:4156} INFO - Setting next_dagrun for dag_cargar_cotizaciones to 2024-10-11 00:00:00+00:00, run_after=2024-10-12 00:00:00+00:00
[2024-10-11T13:24:21.416+0000] {processor.py:208} INFO - Processing /opt/airflow/dags/dag_cargar_cotizaciones.py took 0.743 seconds
[2024-10-11T13:47:58.671+0000] {processor.py:186} INFO - Started process (PID=17631) to work on /opt/airflow/dags/dag_cargar_cotizaciones.py
[2024-10-11T13:47:58.673+0000] {processor.py:914} INFO - Processing file /opt/airflow/dags/dag_cargar_cotizaciones.py for tasks to queue
[2024-10-11T13:47:58.675+0000] {logging_mixin.py:190} INFO - [2024-10-11T13:47:58.675+0000] {dagbag.py:587} INFO - Filling up the DagBag from /opt/airflow/dags/dag_cargar_cotizaciones.py
[2024-10-11T13:47:59.311+0000] {processor.py:925} INFO - DAG(s) 'dag_cargar_cotizaciones' retrieved from /opt/airflow/dags/dag_cargar_cotizaciones.py
[2024-10-11T13:47:59.340+0000] {logging_mixin.py:190} INFO - [2024-10-11T13:47:59.339+0000] {dag.py:3229} INFO - Sync 1 DAGs
[2024-10-11T13:47:59.352+0000] {logging_mixin.py:190} INFO - [2024-10-11T13:47:59.352+0000] {dag.py:4156} INFO - Setting next_dagrun for dag_cargar_cotizaciones to 2024-10-11 00:00:00+00:00, run_after=2024-10-12 00:00:00+00:00
[2024-10-11T13:47:59.361+0000] {processor.py:208} INFO - Processing /opt/airflow/dags/dag_cargar_cotizaciones.py took 0.706 seconds
[2024-10-11T14:03:43.170+0000] {processor.py:186} INFO - Started process (PID=17639) to work on /opt/airflow/dags/dag_cargar_cotizaciones.py
[2024-10-11T14:03:43.171+0000] {processor.py:914} INFO - Processing file /opt/airflow/dags/dag_cargar_cotizaciones.py for tasks to queue
[2024-10-11T14:03:43.173+0000] {logging_mixin.py:190} INFO - [2024-10-11T14:03:43.173+0000] {dagbag.py:587} INFO - Filling up the DagBag from /opt/airflow/dags/dag_cargar_cotizaciones.py
[2024-10-11T14:03:43.756+0000] {processor.py:925} INFO - DAG(s) 'dag_cargar_cotizaciones' retrieved from /opt/airflow/dags/dag_cargar_cotizaciones.py
[2024-10-11T14:03:43.770+0000] {logging_mixin.py:190} INFO - [2024-10-11T14:03:43.770+0000] {dag.py:3229} INFO - Sync 1 DAGs
[2024-10-11T14:03:43.787+0000] {logging_mixin.py:190} INFO - [2024-10-11T14:03:43.787+0000] {dag.py:4156} INFO - Setting next_dagrun for dag_cargar_cotizaciones to 2024-10-11 00:00:00+00:00, run_after=2024-10-12 00:00:00+00:00
[2024-10-11T14:03:43.795+0000] {processor.py:208} INFO - Processing /opt/airflow/dags/dag_cargar_cotizaciones.py took 0.636 seconds
[2024-10-11T14:35:58.021+0000] {processor.py:186} INFO - Started process (PID=17646) to work on /opt/airflow/dags/dag_cargar_cotizaciones.py
[2024-10-11T14:35:58.023+0000] {processor.py:914} INFO - Processing file /opt/airflow/dags/dag_cargar_cotizaciones.py for tasks to queue
[2024-10-11T14:35:58.024+0000] {logging_mixin.py:190} INFO - [2024-10-11T14:35:58.024+0000] {dagbag.py:587} INFO - Filling up the DagBag from /opt/airflow/dags/dag_cargar_cotizaciones.py
[2024-10-11T14:35:58.661+0000] {processor.py:925} INFO - DAG(s) 'dag_cargar_cotizaciones' retrieved from /opt/airflow/dags/dag_cargar_cotizaciones.py
[2024-10-11T14:35:58.683+0000] {logging_mixin.py:190} INFO - [2024-10-11T14:35:58.682+0000] {dag.py:3229} INFO - Sync 1 DAGs
[2024-10-11T14:35:58.708+0000] {logging_mixin.py:190} INFO - [2024-10-11T14:35:58.707+0000] {dag.py:4156} INFO - Setting next_dagrun for dag_cargar_cotizaciones to 2024-10-11 00:00:00+00:00, run_after=2024-10-12 00:00:00+00:00
[2024-10-11T14:35:58.716+0000] {processor.py:208} INFO - Processing /opt/airflow/dags/dag_cargar_cotizaciones.py took 0.707 seconds
[2024-10-11T14:50:39.358+0000] {processor.py:186} INFO - Started process (PID=17654) to work on /opt/airflow/dags/dag_cargar_cotizaciones.py
[2024-10-11T14:50:39.359+0000] {processor.py:914} INFO - Processing file /opt/airflow/dags/dag_cargar_cotizaciones.py for tasks to queue
[2024-10-11T14:50:39.362+0000] {logging_mixin.py:190} INFO - [2024-10-11T14:50:39.361+0000] {dagbag.py:587} INFO - Filling up the DagBag from /opt/airflow/dags/dag_cargar_cotizaciones.py
[2024-10-11T14:50:39.833+0000] {processor.py:925} INFO - DAG(s) 'dag_cargar_cotizaciones' retrieved from /opt/airflow/dags/dag_cargar_cotizaciones.py
[2024-10-11T14:50:39.847+0000] {logging_mixin.py:190} INFO - [2024-10-11T14:50:39.847+0000] {dag.py:3229} INFO - Sync 1 DAGs
[2024-10-11T14:50:39.858+0000] {logging_mixin.py:190} INFO - [2024-10-11T14:50:39.858+0000] {dag.py:4156} INFO - Setting next_dagrun for dag_cargar_cotizaciones to 2024-10-11 00:00:00+00:00, run_after=2024-10-12 00:00:00+00:00
[2024-10-11T14:50:39.865+0000] {processor.py:208} INFO - Processing /opt/airflow/dags/dag_cargar_cotizaciones.py took 0.529 seconds
[2024-10-11T15:23:41.625+0000] {processor.py:186} INFO - Started process (PID=17662) to work on /opt/airflow/dags/dag_cargar_cotizaciones.py
[2024-10-11T15:23:41.627+0000] {processor.py:914} INFO - Processing file /opt/airflow/dags/dag_cargar_cotizaciones.py for tasks to queue
[2024-10-11T15:23:41.629+0000] {logging_mixin.py:190} INFO - [2024-10-11T15:23:41.628+0000] {dagbag.py:587} INFO - Filling up the DagBag from /opt/airflow/dags/dag_cargar_cotizaciones.py
[2024-10-11T15:23:42.273+0000] {processor.py:925} INFO - DAG(s) 'dag_cargar_cotizaciones' retrieved from /opt/airflow/dags/dag_cargar_cotizaciones.py
[2024-10-11T15:23:42.302+0000] {logging_mixin.py:190} INFO - [2024-10-11T15:23:42.301+0000] {dag.py:3229} INFO - Sync 1 DAGs
[2024-10-11T15:23:42.316+0000] {logging_mixin.py:190} INFO - [2024-10-11T15:23:42.315+0000] {dag.py:4156} INFO - Setting next_dagrun for dag_cargar_cotizaciones to 2024-10-11 00:00:00+00:00, run_after=2024-10-12 00:00:00+00:00
[2024-10-11T15:23:42.325+0000] {processor.py:208} INFO - Processing /opt/airflow/dags/dag_cargar_cotizaciones.py took 0.710 seconds
[2024-10-11T15:40:25.101+0000] {processor.py:186} INFO - Started process (PID=17670) to work on /opt/airflow/dags/dag_cargar_cotizaciones.py
[2024-10-11T15:40:25.103+0000] {processor.py:914} INFO - Processing file /opt/airflow/dags/dag_cargar_cotizaciones.py for tasks to queue
[2024-10-11T15:40:25.105+0000] {logging_mixin.py:190} INFO - [2024-10-11T15:40:25.104+0000] {dagbag.py:587} INFO - Filling up the DagBag from /opt/airflow/dags/dag_cargar_cotizaciones.py
[2024-10-11T15:40:25.723+0000] {processor.py:925} INFO - DAG(s) 'dag_cargar_cotizaciones' retrieved from /opt/airflow/dags/dag_cargar_cotizaciones.py
[2024-10-11T15:40:25.738+0000] {logging_mixin.py:190} INFO - [2024-10-11T15:40:25.738+0000] {dag.py:3229} INFO - Sync 1 DAGs
[2024-10-11T15:40:25.749+0000] {logging_mixin.py:190} INFO - [2024-10-11T15:40:25.749+0000] {dag.py:4156} INFO - Setting next_dagrun for dag_cargar_cotizaciones to 2024-10-11 00:00:00+00:00, run_after=2024-10-12 00:00:00+00:00
[2024-10-11T15:40:25.757+0000] {processor.py:208} INFO - Processing /opt/airflow/dags/dag_cargar_cotizaciones.py took 0.668 seconds
[2024-10-11T15:41:28.821+0000] {processor.py:186} INFO - Started process (PID=17678) to work on /opt/airflow/dags/dag_cargar_cotizaciones.py
[2024-10-11T15:41:28.823+0000] {processor.py:914} INFO - Processing file /opt/airflow/dags/dag_cargar_cotizaciones.py for tasks to queue
[2024-10-11T15:41:28.827+0000] {logging_mixin.py:190} INFO - [2024-10-11T15:41:28.826+0000] {dagbag.py:587} INFO - Filling up the DagBag from /opt/airflow/dags/dag_cargar_cotizaciones.py
[2024-10-11T15:41:29.409+0000] {processor.py:925} INFO - DAG(s) 'dag_cargar_cotizaciones' retrieved from /opt/airflow/dags/dag_cargar_cotizaciones.py
[2024-10-11T15:41:29.429+0000] {logging_mixin.py:190} INFO - [2024-10-11T15:41:29.428+0000] {dag.py:3229} INFO - Sync 1 DAGs
[2024-10-11T15:41:29.441+0000] {logging_mixin.py:190} INFO - [2024-10-11T15:41:29.441+0000] {dag.py:4156} INFO - Setting next_dagrun for dag_cargar_cotizaciones to 2024-10-11 00:00:00+00:00, run_after=2024-10-12 00:00:00+00:00
[2024-10-11T15:41:29.450+0000] {processor.py:208} INFO - Processing /opt/airflow/dags/dag_cargar_cotizaciones.py took 0.656 seconds
[2024-10-11T16:05:03.874+0000] {processor.py:186} INFO - Started process (PID=17686) to work on /opt/airflow/dags/dag_cargar_cotizaciones.py
[2024-10-11T16:05:03.875+0000] {processor.py:914} INFO - Processing file /opt/airflow/dags/dag_cargar_cotizaciones.py for tasks to queue
[2024-10-11T16:05:03.877+0000] {logging_mixin.py:190} INFO - [2024-10-11T16:05:03.876+0000] {dagbag.py:587} INFO - Filling up the DagBag from /opt/airflow/dags/dag_cargar_cotizaciones.py
[2024-10-11T16:05:04.345+0000] {processor.py:925} INFO - DAG(s) 'dag_cargar_cotizaciones' retrieved from /opt/airflow/dags/dag_cargar_cotizaciones.py
[2024-10-11T16:05:04.357+0000] {logging_mixin.py:190} INFO - [2024-10-11T16:05:04.357+0000] {dag.py:3229} INFO - Sync 1 DAGs
[2024-10-11T16:05:04.366+0000] {logging_mixin.py:190} INFO - [2024-10-11T16:05:04.366+0000] {dag.py:4156} INFO - Setting next_dagrun for dag_cargar_cotizaciones to 2024-10-11 00:00:00+00:00, run_after=2024-10-12 00:00:00+00:00
[2024-10-11T16:05:04.373+0000] {processor.py:208} INFO - Processing /opt/airflow/dags/dag_cargar_cotizaciones.py took 0.507 seconds
[2024-10-11T16:05:35.018+0000] {processor.py:186} INFO - Started process (PID=17694) to work on /opt/airflow/dags/dag_cargar_cotizaciones.py
[2024-10-11T16:05:35.020+0000] {processor.py:914} INFO - Processing file /opt/airflow/dags/dag_cargar_cotizaciones.py for tasks to queue
[2024-10-11T16:05:35.022+0000] {logging_mixin.py:190} INFO - [2024-10-11T16:05:35.021+0000] {dagbag.py:587} INFO - Filling up the DagBag from /opt/airflow/dags/dag_cargar_cotizaciones.py
[2024-10-11T16:05:35.472+0000] {processor.py:925} INFO - DAG(s) 'dag_cargar_cotizaciones' retrieved from /opt/airflow/dags/dag_cargar_cotizaciones.py
[2024-10-11T16:05:35.485+0000] {logging_mixin.py:190} INFO - [2024-10-11T16:05:35.485+0000] {dag.py:3229} INFO - Sync 1 DAGs
[2024-10-11T16:05:35.495+0000] {logging_mixin.py:190} INFO - [2024-10-11T16:05:35.495+0000] {dag.py:4156} INFO - Setting next_dagrun for dag_cargar_cotizaciones to 2024-10-11 00:00:00+00:00, run_after=2024-10-12 00:00:00+00:00
[2024-10-11T16:05:35.504+0000] {processor.py:208} INFO - Processing /opt/airflow/dags/dag_cargar_cotizaciones.py took 0.495 seconds
[2024-10-11T16:17:25.881+0000] {processor.py:186} INFO - Started process (PID=17702) to work on /opt/airflow/dags/dag_cargar_cotizaciones.py
[2024-10-11T16:17:25.885+0000] {processor.py:914} INFO - Processing file /opt/airflow/dags/dag_cargar_cotizaciones.py for tasks to queue
[2024-10-11T16:17:25.891+0000] {logging_mixin.py:190} INFO - [2024-10-11T16:17:25.888+0000] {dagbag.py:587} INFO - Filling up the DagBag from /opt/airflow/dags/dag_cargar_cotizaciones.py
[2024-10-11T16:17:26.540+0000] {processor.py:925} INFO - DAG(s) 'dag_cargar_cotizaciones' retrieved from /opt/airflow/dags/dag_cargar_cotizaciones.py
[2024-10-11T16:17:26.554+0000] {logging_mixin.py:190} INFO - [2024-10-11T16:17:26.554+0000] {dag.py:3229} INFO - Sync 1 DAGs
[2024-10-11T16:17:26.565+0000] {logging_mixin.py:190} INFO - [2024-10-11T16:17:26.565+0000] {dag.py:4156} INFO - Setting next_dagrun for dag_cargar_cotizaciones to 2024-10-11 00:00:00+00:00, run_after=2024-10-12 00:00:00+00:00
[2024-10-11T16:17:26.572+0000] {processor.py:208} INFO - Processing /opt/airflow/dags/dag_cargar_cotizaciones.py took 0.706 seconds
[2024-10-11T16:50:46.704+0000] {processor.py:186} INFO - Started process (PID=17710) to work on /opt/airflow/dags/dag_cargar_cotizaciones.py
[2024-10-11T16:50:46.705+0000] {processor.py:914} INFO - Processing file /opt/airflow/dags/dag_cargar_cotizaciones.py for tasks to queue
[2024-10-11T16:50:46.708+0000] {logging_mixin.py:190} INFO - [2024-10-11T16:50:46.707+0000] {dagbag.py:587} INFO - Filling up the DagBag from /opt/airflow/dags/dag_cargar_cotizaciones.py
[2024-10-11T16:50:47.920+0000] {processor.py:925} INFO - DAG(s) 'dag_cargar_cotizaciones' retrieved from /opt/airflow/dags/dag_cargar_cotizaciones.py
[2024-10-11T16:50:47.953+0000] {logging_mixin.py:190} INFO - [2024-10-11T16:50:47.953+0000] {dag.py:3229} INFO - Sync 1 DAGs
[2024-10-11T16:50:47.970+0000] {logging_mixin.py:190} INFO - [2024-10-11T16:50:47.970+0000] {dag.py:4156} INFO - Setting next_dagrun for dag_cargar_cotizaciones to 2024-10-11 00:00:00+00:00, run_after=2024-10-12 00:00:00+00:00
[2024-10-11T16:50:47.984+0000] {processor.py:208} INFO - Processing /opt/airflow/dags/dag_cargar_cotizaciones.py took 1.298 seconds
[2024-10-11T17:00:25.734+0000] {processor.py:186} INFO - Started process (PID=17718) to work on /opt/airflow/dags/dag_cargar_cotizaciones.py
[2024-10-11T17:00:25.736+0000] {processor.py:914} INFO - Processing file /opt/airflow/dags/dag_cargar_cotizaciones.py for tasks to queue
[2024-10-11T17:00:25.738+0000] {logging_mixin.py:190} INFO - [2024-10-11T17:00:25.737+0000] {dagbag.py:587} INFO - Filling up the DagBag from /opt/airflow/dags/dag_cargar_cotizaciones.py
[2024-10-11T17:00:26.274+0000] {processor.py:925} INFO - DAG(s) 'dag_cargar_cotizaciones' retrieved from /opt/airflow/dags/dag_cargar_cotizaciones.py
[2024-10-11T17:00:26.286+0000] {logging_mixin.py:190} INFO - [2024-10-11T17:00:26.286+0000] {dag.py:3229} INFO - Sync 1 DAGs
[2024-10-11T17:00:26.296+0000] {logging_mixin.py:190} INFO - [2024-10-11T17:00:26.296+0000] {dag.py:4156} INFO - Setting next_dagrun for dag_cargar_cotizaciones to 2024-10-11 00:00:00+00:00, run_after=2024-10-12 00:00:00+00:00
[2024-10-11T17:00:26.303+0000] {processor.py:208} INFO - Processing /opt/airflow/dags/dag_cargar_cotizaciones.py took 0.610 seconds
[2024-10-11T17:36:11.743+0000] {processor.py:186} INFO - Started process (PID=17726) to work on /opt/airflow/dags/dag_cargar_cotizaciones.py
[2024-10-11T17:36:11.744+0000] {processor.py:914} INFO - Processing file /opt/airflow/dags/dag_cargar_cotizaciones.py for tasks to queue
[2024-10-11T17:36:11.748+0000] {logging_mixin.py:190} INFO - [2024-10-11T17:36:11.747+0000] {dagbag.py:587} INFO - Filling up the DagBag from /opt/airflow/dags/dag_cargar_cotizaciones.py
[2024-10-11T17:36:12.480+0000] {processor.py:925} INFO - DAG(s) 'dag_cargar_cotizaciones' retrieved from /opt/airflow/dags/dag_cargar_cotizaciones.py
[2024-10-11T17:36:12.493+0000] {logging_mixin.py:190} INFO - [2024-10-11T17:36:12.493+0000] {dag.py:3229} INFO - Sync 1 DAGs
[2024-10-11T17:36:12.504+0000] {logging_mixin.py:190} INFO - [2024-10-11T17:36:12.504+0000] {dag.py:4156} INFO - Setting next_dagrun for dag_cargar_cotizaciones to 2024-10-11 00:00:00+00:00, run_after=2024-10-12 00:00:00+00:00
[2024-10-11T17:36:12.511+0000] {processor.py:208} INFO - Processing /opt/airflow/dags/dag_cargar_cotizaciones.py took 0.782 seconds
[2024-10-11T17:36:43.052+0000] {processor.py:186} INFO - Started process (PID=17734) to work on /opt/airflow/dags/dag_cargar_cotizaciones.py
[2024-10-11T17:36:43.054+0000] {processor.py:914} INFO - Processing file /opt/airflow/dags/dag_cargar_cotizaciones.py for tasks to queue
[2024-10-11T17:36:43.056+0000] {logging_mixin.py:190} INFO - [2024-10-11T17:36:43.056+0000] {dagbag.py:587} INFO - Filling up the DagBag from /opt/airflow/dags/dag_cargar_cotizaciones.py
[2024-10-11T17:36:43.655+0000] {processor.py:925} INFO - DAG(s) 'dag_cargar_cotizaciones' retrieved from /opt/airflow/dags/dag_cargar_cotizaciones.py
[2024-10-11T17:36:43.668+0000] {logging_mixin.py:190} INFO - [2024-10-11T17:36:43.668+0000] {dag.py:3229} INFO - Sync 1 DAGs
[2024-10-11T17:36:43.679+0000] {logging_mixin.py:190} INFO - [2024-10-11T17:36:43.679+0000] {dag.py:4156} INFO - Setting next_dagrun for dag_cargar_cotizaciones to 2024-10-11 00:00:00+00:00, run_after=2024-10-12 00:00:00+00:00
[2024-10-11T17:36:43.686+0000] {processor.py:208} INFO - Processing /opt/airflow/dags/dag_cargar_cotizaciones.py took 0.650 seconds
[2024-10-11T17:52:10.477+0000] {processor.py:186} INFO - Started process (PID=17742) to work on /opt/airflow/dags/dag_cargar_cotizaciones.py
[2024-10-11T17:52:10.479+0000] {processor.py:914} INFO - Processing file /opt/airflow/dags/dag_cargar_cotizaciones.py for tasks to queue
[2024-10-11T17:52:10.480+0000] {logging_mixin.py:190} INFO - [2024-10-11T17:52:10.480+0000] {dagbag.py:587} INFO - Filling up the DagBag from /opt/airflow/dags/dag_cargar_cotizaciones.py
[2024-10-11T17:52:11.100+0000] {processor.py:925} INFO - DAG(s) 'dag_cargar_cotizaciones' retrieved from /opt/airflow/dags/dag_cargar_cotizaciones.py
[2024-10-11T17:52:11.117+0000] {logging_mixin.py:190} INFO - [2024-10-11T17:52:11.117+0000] {dag.py:3229} INFO - Sync 1 DAGs
[2024-10-11T17:52:11.129+0000] {logging_mixin.py:190} INFO - [2024-10-11T17:52:11.129+0000] {dag.py:4156} INFO - Setting next_dagrun for dag_cargar_cotizaciones to 2024-10-11 00:00:00+00:00, run_after=2024-10-12 00:00:00+00:00
[2024-10-11T17:52:11.137+0000] {processor.py:208} INFO - Processing /opt/airflow/dags/dag_cargar_cotizaciones.py took 0.674 seconds
[2024-10-11T18:01:29.932+0000] {processor.py:186} INFO - Started process (PID=17750) to work on /opt/airflow/dags/dag_cargar_cotizaciones.py
[2024-10-11T18:01:29.938+0000] {processor.py:914} INFO - Processing file /opt/airflow/dags/dag_cargar_cotizaciones.py for tasks to queue
[2024-10-11T18:01:29.939+0000] {logging_mixin.py:190} INFO - [2024-10-11T18:01:29.939+0000] {dagbag.py:587} INFO - Filling up the DagBag from /opt/airflow/dags/dag_cargar_cotizaciones.py
[2024-10-11T18:01:30.461+0000] {processor.py:925} INFO - DAG(s) 'dag_cargar_cotizaciones' retrieved from /opt/airflow/dags/dag_cargar_cotizaciones.py
[2024-10-11T18:01:30.476+0000] {logging_mixin.py:190} INFO - [2024-10-11T18:01:30.476+0000] {dag.py:3229} INFO - Sync 1 DAGs
[2024-10-11T18:01:30.487+0000] {logging_mixin.py:190} INFO - [2024-10-11T18:01:30.487+0000] {dag.py:4156} INFO - Setting next_dagrun for dag_cargar_cotizaciones to 2024-10-11 00:00:00+00:00, run_after=2024-10-12 00:00:00+00:00
[2024-10-11T18:01:30.496+0000] {processor.py:208} INFO - Processing /opt/airflow/dags/dag_cargar_cotizaciones.py took 0.575 seconds
[2024-10-11T18:35:45.996+0000] {processor.py:186} INFO - Started process (PID=17758) to work on /opt/airflow/dags/dag_cargar_cotizaciones.py
[2024-10-11T18:35:45.997+0000] {processor.py:914} INFO - Processing file /opt/airflow/dags/dag_cargar_cotizaciones.py for tasks to queue
[2024-10-11T18:35:45.999+0000] {logging_mixin.py:190} INFO - [2024-10-11T18:35:45.998+0000] {dagbag.py:587} INFO - Filling up the DagBag from /opt/airflow/dags/dag_cargar_cotizaciones.py
[2024-10-11T18:35:46.640+0000] {processor.py:925} INFO - DAG(s) 'dag_cargar_cotizaciones' retrieved from /opt/airflow/dags/dag_cargar_cotizaciones.py
[2024-10-11T18:35:46.655+0000] {logging_mixin.py:190} INFO - [2024-10-11T18:35:46.654+0000] {dag.py:3229} INFO - Sync 1 DAGs
[2024-10-11T18:35:46.666+0000] {logging_mixin.py:190} INFO - [2024-10-11T18:35:46.666+0000] {dag.py:4156} INFO - Setting next_dagrun for dag_cargar_cotizaciones to 2024-10-11 00:00:00+00:00, run_after=2024-10-12 00:00:00+00:00
[2024-10-11T18:35:46.674+0000] {processor.py:208} INFO - Processing /opt/airflow/dags/dag_cargar_cotizaciones.py took 0.685 seconds
[2024-10-11T19:07:06.174+0000] {processor.py:186} INFO - Started process (PID=17766) to work on /opt/airflow/dags/dag_cargar_cotizaciones.py
[2024-10-11T19:07:06.177+0000] {processor.py:914} INFO - Processing file /opt/airflow/dags/dag_cargar_cotizaciones.py for tasks to queue
[2024-10-11T19:07:06.180+0000] {logging_mixin.py:190} INFO - [2024-10-11T19:07:06.179+0000] {dagbag.py:587} INFO - Filling up the DagBag from /opt/airflow/dags/dag_cargar_cotizaciones.py
[2024-10-11T19:07:06.759+0000] {processor.py:925} INFO - DAG(s) 'dag_cargar_cotizaciones' retrieved from /opt/airflow/dags/dag_cargar_cotizaciones.py
[2024-10-11T19:07:06.773+0000] {logging_mixin.py:190} INFO - [2024-10-11T19:07:06.773+0000] {dag.py:3229} INFO - Sync 1 DAGs
[2024-10-11T19:07:06.783+0000] {logging_mixin.py:190} INFO - [2024-10-11T19:07:06.783+0000] {dag.py:4156} INFO - Setting next_dagrun for dag_cargar_cotizaciones to 2024-10-11 00:00:00+00:00, run_after=2024-10-12 00:00:00+00:00
[2024-10-11T19:07:06.792+0000] {processor.py:208} INFO - Processing /opt/airflow/dags/dag_cargar_cotizaciones.py took 0.628 seconds
[2024-10-11T19:23:53.049+0000] {processor.py:186} INFO - Started process (PID=17774) to work on /opt/airflow/dags/dag_cargar_cotizaciones.py
[2024-10-11T19:23:53.052+0000] {processor.py:914} INFO - Processing file /opt/airflow/dags/dag_cargar_cotizaciones.py for tasks to queue
[2024-10-11T19:23:53.054+0000] {logging_mixin.py:190} INFO - [2024-10-11T19:23:53.053+0000] {dagbag.py:587} INFO - Filling up the DagBag from /opt/airflow/dags/dag_cargar_cotizaciones.py
[2024-10-11T19:23:53.658+0000] {processor.py:925} INFO - DAG(s) 'dag_cargar_cotizaciones' retrieved from /opt/airflow/dags/dag_cargar_cotizaciones.py
[2024-10-11T19:23:53.672+0000] {logging_mixin.py:190} INFO - [2024-10-11T19:23:53.672+0000] {dag.py:3229} INFO - Sync 1 DAGs
[2024-10-11T19:23:53.684+0000] {logging_mixin.py:190} INFO - [2024-10-11T19:23:53.684+0000] {dag.py:4156} INFO - Setting next_dagrun for dag_cargar_cotizaciones to 2024-10-11 00:00:00+00:00, run_after=2024-10-12 00:00:00+00:00
[2024-10-11T19:23:53.693+0000] {processor.py:208} INFO - Processing /opt/airflow/dags/dag_cargar_cotizaciones.py took 0.667 seconds
[2024-10-11T19:52:48.828+0000] {processor.py:186} INFO - Started process (PID=17782) to work on /opt/airflow/dags/dag_cargar_cotizaciones.py
[2024-10-11T19:52:48.830+0000] {processor.py:914} INFO - Processing file /opt/airflow/dags/dag_cargar_cotizaciones.py for tasks to queue
[2024-10-11T19:52:48.833+0000] {logging_mixin.py:190} INFO - [2024-10-11T19:52:48.831+0000] {dagbag.py:587} INFO - Filling up the DagBag from /opt/airflow/dags/dag_cargar_cotizaciones.py
[2024-10-11T19:52:49.496+0000] {processor.py:925} INFO - DAG(s) 'dag_cargar_cotizaciones' retrieved from /opt/airflow/dags/dag_cargar_cotizaciones.py
[2024-10-11T19:52:49.512+0000] {logging_mixin.py:190} INFO - [2024-10-11T19:52:49.512+0000] {dag.py:3229} INFO - Sync 1 DAGs
[2024-10-11T19:52:49.523+0000] {logging_mixin.py:190} INFO - [2024-10-11T19:52:49.522+0000] {dag.py:4156} INFO - Setting next_dagrun for dag_cargar_cotizaciones to 2024-10-11 00:00:00+00:00, run_after=2024-10-12 00:00:00+00:00
[2024-10-11T19:52:49.530+0000] {processor.py:208} INFO - Processing /opt/airflow/dags/dag_cargar_cotizaciones.py took 0.723 seconds
[2024-10-11T20:53:55.395+0000] {processor.py:186} INFO - Started process (PID=17790) to work on /opt/airflow/dags/dag_cargar_cotizaciones.py
[2024-10-11T20:53:55.411+0000] {processor.py:914} INFO - Processing file /opt/airflow/dags/dag_cargar_cotizaciones.py for tasks to queue
[2024-10-11T20:53:55.440+0000] {logging_mixin.py:190} INFO - [2024-10-11T20:53:55.427+0000] {dagbag.py:587} INFO - Filling up the DagBag from /opt/airflow/dags/dag_cargar_cotizaciones.py
[2024-10-11T20:53:58.340+0000] {processor.py:925} INFO - DAG(s) 'dag_cargar_cotizaciones' retrieved from /opt/airflow/dags/dag_cargar_cotizaciones.py
[2024-10-11T20:53:58.369+0000] {logging_mixin.py:190} INFO - [2024-10-11T20:53:58.367+0000] {dag.py:3229} INFO - Sync 1 DAGs
[2024-10-11T20:53:58.400+0000] {logging_mixin.py:190} INFO - [2024-10-11T20:53:58.400+0000] {dag.py:4156} INFO - Setting next_dagrun for dag_cargar_cotizaciones to 2024-10-11 00:00:00+00:00, run_after=2024-10-12 00:00:00+00:00
[2024-10-11T20:53:58.419+0000] {processor.py:208} INFO - Processing /opt/airflow/dags/dag_cargar_cotizaciones.py took 3.140 seconds
[2024-10-11T21:09:37.369+0000] {processor.py:186} INFO - Started process (PID=17798) to work on /opt/airflow/dags/dag_cargar_cotizaciones.py
[2024-10-11T21:09:37.370+0000] {processor.py:914} INFO - Processing file /opt/airflow/dags/dag_cargar_cotizaciones.py for tasks to queue
[2024-10-11T21:09:37.371+0000] {logging_mixin.py:190} INFO - [2024-10-11T21:09:37.370+0000] {dagbag.py:587} INFO - Filling up the DagBag from /opt/airflow/dags/dag_cargar_cotizaciones.py
[2024-10-11T21:09:37.801+0000] {processor.py:925} INFO - DAG(s) 'dag_cargar_cotizaciones' retrieved from /opt/airflow/dags/dag_cargar_cotizaciones.py
[2024-10-11T21:09:37.813+0000] {logging_mixin.py:190} INFO - [2024-10-11T21:09:37.813+0000] {dag.py:3229} INFO - Sync 1 DAGs
[2024-10-11T21:09:37.824+0000] {logging_mixin.py:190} INFO - [2024-10-11T21:09:37.824+0000] {dag.py:4156} INFO - Setting next_dagrun for dag_cargar_cotizaciones to 2024-10-11 00:00:00+00:00, run_after=2024-10-12 00:00:00+00:00
[2024-10-11T21:09:37.831+0000] {processor.py:208} INFO - Processing /opt/airflow/dags/dag_cargar_cotizaciones.py took 0.476 seconds
[2024-10-11T21:42:33.877+0000] {processor.py:186} INFO - Started process (PID=17806) to work on /opt/airflow/dags/dag_cargar_cotizaciones.py
[2024-10-11T21:42:33.880+0000] {processor.py:914} INFO - Processing file /opt/airflow/dags/dag_cargar_cotizaciones.py for tasks to queue
[2024-10-11T21:42:33.882+0000] {logging_mixin.py:190} INFO - [2024-10-11T21:42:33.881+0000] {dagbag.py:587} INFO - Filling up the DagBag from /opt/airflow/dags/dag_cargar_cotizaciones.py
[2024-10-11T21:42:34.753+0000] {processor.py:925} INFO - DAG(s) 'dag_cargar_cotizaciones' retrieved from /opt/airflow/dags/dag_cargar_cotizaciones.py
[2024-10-11T21:42:34.775+0000] {logging_mixin.py:190} INFO - [2024-10-11T21:42:34.775+0000] {dag.py:3229} INFO - Sync 1 DAGs
[2024-10-11T21:42:34.795+0000] {logging_mixin.py:190} INFO - [2024-10-11T21:42:34.795+0000] {dag.py:4156} INFO - Setting next_dagrun for dag_cargar_cotizaciones to 2024-10-11 00:00:00+00:00, run_after=2024-10-12 00:00:00+00:00
[2024-10-11T21:42:34.810+0000] {processor.py:208} INFO - Processing /opt/airflow/dags/dag_cargar_cotizaciones.py took 0.958 seconds
[2024-10-11T21:54:53.718+0000] {processor.py:186} INFO - Started process (PID=17814) to work on /opt/airflow/dags/dag_cargar_cotizaciones.py
[2024-10-11T21:54:53.720+0000] {processor.py:914} INFO - Processing file /opt/airflow/dags/dag_cargar_cotizaciones.py for tasks to queue
[2024-10-11T21:54:53.722+0000] {logging_mixin.py:190} INFO - [2024-10-11T21:54:53.721+0000] {dagbag.py:587} INFO - Filling up the DagBag from /opt/airflow/dags/dag_cargar_cotizaciones.py
[2024-10-11T21:54:54.250+0000] {processor.py:925} INFO - DAG(s) 'dag_cargar_cotizaciones' retrieved from /opt/airflow/dags/dag_cargar_cotizaciones.py
[2024-10-11T21:54:54.262+0000] {logging_mixin.py:190} INFO - [2024-10-11T21:54:54.262+0000] {dag.py:3229} INFO - Sync 1 DAGs
[2024-10-11T21:54:54.273+0000] {logging_mixin.py:190} INFO - [2024-10-11T21:54:54.273+0000] {dag.py:4156} INFO - Setting next_dagrun for dag_cargar_cotizaciones to 2024-10-11 00:00:00+00:00, run_after=2024-10-12 00:00:00+00:00
[2024-10-11T21:54:54.281+0000] {processor.py:208} INFO - Processing /opt/airflow/dags/dag_cargar_cotizaciones.py took 0.573 seconds
[2024-10-11T22:21:02.038+0000] {processor.py:186} INFO - Started process (PID=17822) to work on /opt/airflow/dags/dag_cargar_cotizaciones.py
[2024-10-11T22:21:02.040+0000] {processor.py:914} INFO - Processing file /opt/airflow/dags/dag_cargar_cotizaciones.py for tasks to queue
[2024-10-11T22:21:02.041+0000] {logging_mixin.py:190} INFO - [2024-10-11T22:21:02.041+0000] {dagbag.py:587} INFO - Filling up the DagBag from /opt/airflow/dags/dag_cargar_cotizaciones.py
[2024-10-11T22:21:02.616+0000] {processor.py:925} INFO - DAG(s) 'dag_cargar_cotizaciones' retrieved from /opt/airflow/dags/dag_cargar_cotizaciones.py
[2024-10-11T22:21:02.634+0000] {logging_mixin.py:190} INFO - [2024-10-11T22:21:02.633+0000] {dag.py:3229} INFO - Sync 1 DAGs
[2024-10-11T22:21:02.645+0000] {logging_mixin.py:190} INFO - [2024-10-11T22:21:02.644+0000] {dag.py:4156} INFO - Setting next_dagrun for dag_cargar_cotizaciones to 2024-10-11 00:00:00+00:00, run_after=2024-10-12 00:00:00+00:00
[2024-10-11T22:21:02.652+0000] {processor.py:208} INFO - Processing /opt/airflow/dags/dag_cargar_cotizaciones.py took 0.622 seconds
[2024-10-11T22:21:33.322+0000] {processor.py:186} INFO - Started process (PID=17830) to work on /opt/airflow/dags/dag_cargar_cotizaciones.py
[2024-10-11T22:21:33.472+0000] {processor.py:914} INFO - Processing file /opt/airflow/dags/dag_cargar_cotizaciones.py for tasks to queue
[2024-10-11T22:21:33.544+0000] {logging_mixin.py:190} INFO - [2024-10-11T22:21:33.541+0000] {dagbag.py:587} INFO - Filling up the DagBag from /opt/airflow/dags/dag_cargar_cotizaciones.py
