[2024-10-15T18:12:52.058+0000] {local_task_job_runner.py:123} INFO - ::group::Pre task execution logs
[2024-10-15T18:12:52.069+0000] {taskinstance.py:2612} INFO - Dependencies all met for dep_context=non-requeueable deps ti=<TaskInstance: dag_cargar_cotizaciones.obtener_y_preparar_cotizaciones scheduled__2024-10-14T00:00:00+00:00 [queued]>
[2024-10-15T18:12:52.075+0000] {taskinstance.py:2612} INFO - Dependencies all met for dep_context=requeueable deps ti=<TaskInstance: dag_cargar_cotizaciones.obtener_y_preparar_cotizaciones scheduled__2024-10-14T00:00:00+00:00 [queued]>
[2024-10-15T18:12:52.075+0000] {taskinstance.py:2865} INFO - Starting attempt 1 of 2
[2024-10-15T18:12:52.083+0000] {taskinstance.py:2888} INFO - Executing <Task(PythonOperator): obtener_y_preparar_cotizaciones> on 2024-10-14 00:00:00+00:00
[2024-10-15T18:12:52.088+0000] {warnings.py:112} WARNING - /home/***/.local/lib/python3.12/site-packages/***/task/task_runner/standard_task_runner.py:70: DeprecationWarning: This process (pid=388) is multi-threaded, use of fork() may lead to deadlocks in the child.
  pid = os.fork()

[2024-10-15T18:12:52.089+0000] {standard_task_runner.py:72} INFO - Started process 390 to run task
[2024-10-15T18:12:52.089+0000] {standard_task_runner.py:104} INFO - Running: ['***', 'tasks', 'run', 'dag_cargar_cotizaciones', 'obtener_y_preparar_cotizaciones', 'scheduled__2024-10-14T00:00:00+00:00', '--job-id', '324', '--raw', '--subdir', 'DAGS_FOLDER/dag_cargar_cotizaciones.py', '--cfg-path', '/tmp/tmp5bab09vg']
[2024-10-15T18:12:52.091+0000] {standard_task_runner.py:105} INFO - Job 324: Subtask obtener_y_preparar_cotizaciones
[2024-10-15T18:12:52.117+0000] {task_command.py:467} INFO - Running <TaskInstance: dag_cargar_cotizaciones.obtener_y_preparar_cotizaciones scheduled__2024-10-14T00:00:00+00:00 [running]> on host f03003374728
[2024-10-15T18:12:52.167+0000] {taskinstance.py:3131} INFO - Exporting env vars: AIRFLOW_CTX_DAG_OWNER='***' AIRFLOW_CTX_DAG_ID='dag_cargar_cotizaciones' AIRFLOW_CTX_TASK_ID='obtener_y_preparar_cotizaciones' AIRFLOW_CTX_EXECUTION_DATE='2024-10-14T00:00:00+00:00' AIRFLOW_CTX_TRY_NUMBER='1' AIRFLOW_CTX_DAG_RUN_ID='scheduled__2024-10-14T00:00:00+00:00'
[2024-10-15T18:12:52.168+0000] {taskinstance.py:731} INFO - ::endgroup::
[2024-10-15T18:12:52.178+0000] {logging_mixin.py:190} INFO - 2024-10-14
[2024-10-15T18:12:52.178+0000] {logging_mixin.py:190} INFO - 2024-10-15
[2024-10-15T18:12:52.180+0000] {cache.py:130} INFO - Failed to create TzCache, reason: Error creating TzCache folder: '/home/***/.cache/py-yfinance' reason: [Errno 13] Permission denied: '/home/***/.cache/py-yfinance'. TzCache will not be used. Tip: You can direct cache to use a different location with 'set_tz_cache_location(mylocation)'
[2024-10-15T18:12:52.181+0000] {cache.py:130} INFO - Failed to create TzCache, reason: Error creating TzCache folder: '/home/***/.cache/py-yfinance' reason: [Errno 13] Permission denied: '/home/***/.cache/py-yfinance'. TzCache will not be used. Tip: You can direct cache to use a different location with 'set_tz_cache_location(mylocation)'
[2024-10-15T18:12:52.181+0000] {cache.py:130} INFO - Failed to create TzCache, reason: Error creating TzCache folder: '/home/***/.cache/py-yfinance' reason: [Errno 13] Permission denied: '/home/***/.cache/py-yfinance'. TzCache will not be used. Tip: You can direct cache to use a different location with 'set_tz_cache_location(mylocation)'
[2024-10-15T18:12:52.181+0000] {cache.py:336} INFO - Failed to create CookieCache, reason: Error creating CookieCache folder: '/home/***/.cache/py-yfinance' reason: [Errno 13] Permission denied: '/home/***/.cache/py-yfinance'. CookieCache will not be used. Tip: You can direct cache to use a different location with 'set_tz_cache_location(mylocation)'
[2024-10-15T18:12:53.606+0000] {logging_mixin.py:190} WARNING - [                       0%                       ]
[2024-10-15T18:12:53.610+0000] {logging_mixin.py:190} WARNING - [                       0%                       ]
[2024-10-15T18:12:53.670+0000] {logging_mixin.py:190} WARNING - [**********************50%                       ]  3 of 6 completed
[2024-10-15T18:12:53.726+0000] {logging_mixin.py:190} WARNING - [**********************67%*******                ]  4 of 6 completed
[2024-10-15T18:12:54.024+0000] {logging_mixin.py:190} WARNING - [**********************83%***************        ]  5 of 6 completed
[2024-10-15T18:12:54.024+0000] {logging_mixin.py:190} WARNING - [*********************100%***********************]  6 of 6 completed
[2024-10-15T18:12:54.043+0000] {warnings.py:112} WARNING - /opt/***/dags/stocks_prices_daily.py:15: FutureWarning: The previous implementation of stack is deprecated and will be removed in a future version of pandas. See the What's New notes for pandas 2.1.0 for details. Specify future_stack=True to adopt the new implementation and silence this warning.
  stacked_data = daily_stock_data.stack(level='Ticker').reset_index()

[2024-10-15T18:12:54.053+0000] {base.py:84} INFO - Retrieving connection 'redshift_conn'
[2024-10-15T18:12:54.054+0000] {logging_mixin.py:190} INFO - redshift_conn
[2024-10-15T18:12:56.087+0000] {python.py:240} INFO - Done. Returned value was: None
[2024-10-15T18:12:56.094+0000] {taskinstance.py:340} INFO - ::group::Post task execution logs
[2024-10-15T18:12:56.094+0000] {taskinstance.py:352} INFO - Marking task as SUCCESS. dag_id=dag_cargar_cotizaciones, task_id=obtener_y_preparar_cotizaciones, run_id=scheduled__2024-10-14T00:00:00+00:00, execution_date=20241014T000000, start_date=20241015T181252, end_date=20241015T181256
[2024-10-15T18:12:56.110+0000] {local_task_job_runner.py:266} INFO - Task exited with return code 0
[2024-10-15T18:12:56.127+0000] {taskinstance.py:3900} INFO - 0 downstream tasks scheduled from follow-on schedule check
[2024-10-15T18:12:56.128+0000] {local_task_job_runner.py:245} INFO - ::endgroup::
[2024-10-15T18:16:28.707+0000] {local_task_job_runner.py:123} INFO - ::group::Pre task execution logs
[2024-10-15T18:16:28.715+0000] {taskinstance.py:2612} INFO - Dependencies all met for dep_context=non-requeueable deps ti=<TaskInstance: dag_cargar_cotizaciones.obtener_y_preparar_cotizaciones scheduled__2024-10-14T00:00:00+00:00 [queued]>
[2024-10-15T18:16:28.719+0000] {taskinstance.py:2612} INFO - Dependencies all met for dep_context=requeueable deps ti=<TaskInstance: dag_cargar_cotizaciones.obtener_y_preparar_cotizaciones scheduled__2024-10-14T00:00:00+00:00 [queued]>
[2024-10-15T18:16:28.719+0000] {taskinstance.py:2865} INFO - Starting attempt 1 of 2
[2024-10-15T18:16:28.725+0000] {taskinstance.py:2888} INFO - Executing <Task(PythonOperator): obtener_y_preparar_cotizaciones> on 2024-10-14 00:00:00+00:00
[2024-10-15T18:16:28.729+0000] {warnings.py:112} WARNING - /home/***/.local/lib/python3.12/site-packages/***/task/task_runner/standard_task_runner.py:70: DeprecationWarning: This process (pid=860) is multi-threaded, use of fork() may lead to deadlocks in the child.
  pid = os.fork()

[2024-10-15T18:16:28.730+0000] {standard_task_runner.py:72} INFO - Started process 881 to run task
[2024-10-15T18:16:28.730+0000] {standard_task_runner.py:104} INFO - Running: ['***', 'tasks', 'run', 'dag_cargar_cotizaciones', 'obtener_y_preparar_cotizaciones', 'scheduled__2024-10-14T00:00:00+00:00', '--job-id', '369', '--raw', '--subdir', 'DAGS_FOLDER/dag_cargar_cotizaciones.py', '--cfg-path', '/tmp/tmpemomsbb7']
[2024-10-15T18:16:28.732+0000] {standard_task_runner.py:105} INFO - Job 369: Subtask obtener_y_preparar_cotizaciones
[2024-10-15T18:16:28.775+0000] {task_command.py:467} INFO - Running <TaskInstance: dag_cargar_cotizaciones.obtener_y_preparar_cotizaciones scheduled__2024-10-14T00:00:00+00:00 [running]> on host f03003374728
[2024-10-15T18:16:28.813+0000] {taskinstance.py:3131} INFO - Exporting env vars: AIRFLOW_CTX_DAG_OWNER='***' AIRFLOW_CTX_DAG_ID='dag_cargar_cotizaciones' AIRFLOW_CTX_TASK_ID='obtener_y_preparar_cotizaciones' AIRFLOW_CTX_EXECUTION_DATE='2024-10-14T00:00:00+00:00' AIRFLOW_CTX_TRY_NUMBER='1' AIRFLOW_CTX_DAG_RUN_ID='scheduled__2024-10-14T00:00:00+00:00'
[2024-10-15T18:16:28.814+0000] {taskinstance.py:731} INFO - ::endgroup::
[2024-10-15T18:16:28.822+0000] {logging_mixin.py:190} INFO - 2024-10-14
[2024-10-15T18:16:28.822+0000] {logging_mixin.py:190} INFO - 2024-10-15
[2024-10-15T18:16:28.824+0000] {cache.py:130} INFO - Failed to create TzCache, reason: Error creating TzCache folder: '/home/***/.cache/py-yfinance' reason: [Errno 13] Permission denied: '/home/***/.cache/py-yfinance'. TzCache will not be used. Tip: You can direct cache to use a different location with 'set_tz_cache_location(mylocation)'
[2024-10-15T18:16:28.824+0000] {cache.py:336} INFO - Failed to create CookieCache, reason: Error creating CookieCache folder: '/home/***/.cache/py-yfinance' reason: [Errno 13] Permission denied: '/home/***/.cache/py-yfinance'. CookieCache will not be used. Tip: You can direct cache to use a different location with 'set_tz_cache_location(mylocation)'
[2024-10-15T18:16:30.140+0000] {logging_mixin.py:190} WARNING - [                       0%                       ]
[2024-10-15T18:16:30.145+0000] {logging_mixin.py:190} WARNING - [                       0%                       ]
[2024-10-15T18:16:30.152+0000] {logging_mixin.py:190} WARNING - [**********************50%                       ]  3 of 6 completed
[2024-10-15T18:16:30.175+0000] {logging_mixin.py:190} WARNING - [**********************67%*******                ]  4 of 6 completed
[2024-10-15T18:16:30.178+0000] {logging_mixin.py:190} WARNING - [**********************67%*******                ]  4 of 6 completed
[2024-10-15T18:16:30.185+0000] {logging_mixin.py:190} WARNING - [*********************100%***********************]  6 of 6 completed
[2024-10-15T18:16:30.195+0000] {warnings.py:112} WARNING - /opt/***/dags/stocks_prices_daily.py:15: FutureWarning: The previous implementation of stack is deprecated and will be removed in a future version of pandas. See the What's New notes for pandas 2.1.0 for details. Specify future_stack=True to adopt the new implementation and silence this warning.
  stacked_data = daily_stock_data.stack(level='Ticker').reset_index()

[2024-10-15T18:16:30.208+0000] {base.py:84} INFO - Retrieving connection 'redshift_conn'
[2024-10-15T18:16:30.209+0000] {logging_mixin.py:190} INFO - redshift_conn
[2024-10-15T18:16:32.185+0000] {python.py:240} INFO - Done. Returned value was: None
[2024-10-15T18:16:32.196+0000] {taskinstance.py:340} INFO - ::group::Post task execution logs
[2024-10-15T18:16:32.196+0000] {taskinstance.py:352} INFO - Marking task as SUCCESS. dag_id=dag_cargar_cotizaciones, task_id=obtener_y_preparar_cotizaciones, run_id=scheduled__2024-10-14T00:00:00+00:00, execution_date=20241014T000000, start_date=20241015T181628, end_date=20241015T181632
[2024-10-15T18:16:32.213+0000] {local_task_job_runner.py:266} INFO - Task exited with return code 0
[2024-10-15T18:16:32.228+0000] {taskinstance.py:3900} INFO - 0 downstream tasks scheduled from follow-on schedule check
[2024-10-15T18:16:32.229+0000] {local_task_job_runner.py:245} INFO - ::endgroup::
