[2024-10-26T16:34:24.405+0000] {local_task_job_runner.py:123} INFO - ::group::Pre task execution logs
[2024-10-26T16:34:24.415+0000] {taskinstance.py:2612} INFO - Dependencies all met for dep_context=non-requeueable deps ti=<TaskInstance: dag_cargar_cotizaciones.rendimiento_actual scheduled__2024-10-18T00:00:00+00:00 [queued]>
[2024-10-26T16:34:24.422+0000] {taskinstance.py:2612} INFO - Dependencies all met for dep_context=requeueable deps ti=<TaskInstance: dag_cargar_cotizaciones.rendimiento_actual scheduled__2024-10-18T00:00:00+00:00 [queued]>
[2024-10-26T16:34:24.422+0000] {taskinstance.py:2865} INFO - Starting attempt 1 of 1
[2024-10-26T16:34:24.431+0000] {taskinstance.py:2888} INFO - Executing <Task(PythonOperator): rendimiento_actual> on 2024-10-18 00:00:00+00:00
[2024-10-26T16:34:24.434+0000] {standard_task_runner.py:72} INFO - Started process 982 to run task
[2024-10-26T16:34:24.438+0000] {standard_task_runner.py:104} INFO - Running: ['***', 'tasks', 'run', 'dag_cargar_cotizaciones', 'rendimiento_actual', 'scheduled__2024-10-18T00:00:00+00:00', '--job-id', '146', '--raw', '--subdir', 'DAGS_FOLDER/dag_cargar_cotizaciones.py', '--cfg-path', '/tmp/tmpdgjrekq7']
[2024-10-26T16:34:24.441+0000] {standard_task_runner.py:105} INFO - Job 146: Subtask rendimiento_actual
[2024-10-26T16:34:24.471+0000] {task_command.py:467} INFO - Running <TaskInstance: dag_cargar_cotizaciones.rendimiento_actual scheduled__2024-10-18T00:00:00+00:00 [running]> on host 99ce4a540f58
[2024-10-26T16:34:24.515+0000] {taskinstance.py:3131} INFO - Exporting env vars: AIRFLOW_CTX_DAG_OWNER='***' AIRFLOW_CTX_DAG_ID='dag_cargar_cotizaciones' AIRFLOW_CTX_TASK_ID='rendimiento_actual' AIRFLOW_CTX_EXECUTION_DATE='2024-10-18T00:00:00+00:00' AIRFLOW_CTX_TRY_NUMBER='1' AIRFLOW_CTX_DAG_RUN_ID='scheduled__2024-10-18T00:00:00+00:00'
[2024-10-26T16:34:24.516+0000] {taskinstance.py:731} INFO - ::endgroup::
[2024-10-26T16:34:24.529+0000] {base.py:84} INFO - Retrieving connection 'redshift_conn'
[2024-10-26T16:34:27.721+0000] {logging_mixin.py:190} INFO - Consulta ejecutada exitosamente.
[2024-10-26T16:34:27.722+0000] {python.py:240} INFO - Done. Returned value was: None
[2024-10-26T16:34:27.728+0000] {taskinstance.py:340} INFO - ::group::Post task execution logs
[2024-10-26T16:34:27.728+0000] {taskinstance.py:352} INFO - Marking task as SUCCESS. dag_id=dag_cargar_cotizaciones, task_id=rendimiento_actual, run_id=scheduled__2024-10-18T00:00:00+00:00, execution_date=20241018T000000, start_date=20241026T163424, end_date=20241026T163427
[2024-10-26T16:34:27.765+0000] {local_task_job_runner.py:266} INFO - Task exited with return code 0
[2024-10-26T16:34:27.776+0000] {taskinstance.py:3900} INFO - 0 downstream tasks scheduled from follow-on schedule check
[2024-10-26T16:34:27.777+0000] {local_task_job_runner.py:245} INFO - ::endgroup::
[2024-10-26T16:37:24.260+0000] {local_task_job_runner.py:123} INFO - ::group::Pre task execution logs
[2024-10-26T16:37:24.268+0000] {taskinstance.py:2612} INFO - Dependencies all met for dep_context=non-requeueable deps ti=<TaskInstance: dag_cargar_cotizaciones.rendimiento_actual scheduled__2024-10-18T00:00:00+00:00 [queued]>
[2024-10-26T16:37:24.272+0000] {taskinstance.py:2612} INFO - Dependencies all met for dep_context=requeueable deps ti=<TaskInstance: dag_cargar_cotizaciones.rendimiento_actual scheduled__2024-10-18T00:00:00+00:00 [queued]>
[2024-10-26T16:37:24.272+0000] {taskinstance.py:2865} INFO - Starting attempt 1 of 1
[2024-10-26T16:37:24.280+0000] {taskinstance.py:2888} INFO - Executing <Task(PythonOperator): rendimiento_actual> on 2024-10-18 00:00:00+00:00
[2024-10-26T16:37:24.285+0000] {standard_task_runner.py:72} INFO - Started process 2025 to run task
[2024-10-26T16:37:24.288+0000] {standard_task_runner.py:104} INFO - Running: ['***', 'tasks', 'run', 'dag_cargar_cotizaciones', 'rendimiento_actual', 'scheduled__2024-10-18T00:00:00+00:00', '--job-id', '314', '--raw', '--subdir', 'DAGS_FOLDER/dag_cargar_cotizaciones.py', '--cfg-path', '/tmp/tmp4sz7l6mr']
[2024-10-26T16:37:24.291+0000] {standard_task_runner.py:105} INFO - Job 314: Subtask rendimiento_actual
[2024-10-26T16:37:24.326+0000] {task_command.py:467} INFO - Running <TaskInstance: dag_cargar_cotizaciones.rendimiento_actual scheduled__2024-10-18T00:00:00+00:00 [running]> on host 99ce4a540f58
[2024-10-26T16:37:24.378+0000] {taskinstance.py:3131} INFO - Exporting env vars: AIRFLOW_CTX_DAG_OWNER='***' AIRFLOW_CTX_DAG_ID='dag_cargar_cotizaciones' AIRFLOW_CTX_TASK_ID='rendimiento_actual' AIRFLOW_CTX_EXECUTION_DATE='2024-10-18T00:00:00+00:00' AIRFLOW_CTX_TRY_NUMBER='1' AIRFLOW_CTX_DAG_RUN_ID='scheduled__2024-10-18T00:00:00+00:00'
[2024-10-26T16:37:24.379+0000] {taskinstance.py:731} INFO - ::endgroup::
[2024-10-26T16:37:24.389+0000] {base.py:84} INFO - Retrieving connection 'redshift_conn'
[2024-10-26T16:37:26.472+0000] {logging_mixin.py:190} INFO - Consulta ejecutada exitosamente.
[2024-10-26T16:37:26.473+0000] {python.py:240} INFO - Done. Returned value was: None
[2024-10-26T16:37:26.489+0000] {taskinstance.py:340} INFO - ::group::Post task execution logs
[2024-10-26T16:37:26.489+0000] {taskinstance.py:352} INFO - Marking task as SUCCESS. dag_id=dag_cargar_cotizaciones, task_id=rendimiento_actual, run_id=scheduled__2024-10-18T00:00:00+00:00, execution_date=20241018T000000, start_date=20241026T163724, end_date=20241026T163726
[2024-10-26T16:37:26.532+0000] {local_task_job_runner.py:266} INFO - Task exited with return code 0
[2024-10-26T16:37:26.544+0000] {taskinstance.py:3900} INFO - 0 downstream tasks scheduled from follow-on schedule check
[2024-10-26T16:37:26.545+0000] {local_task_job_runner.py:245} INFO - ::endgroup::
[2024-10-26T19:13:36.342+0000] {local_task_job_runner.py:123} INFO - ::group::Pre task execution logs
[2024-10-26T19:13:36.354+0000] {taskinstance.py:2612} INFO - Dependencies all met for dep_context=non-requeueable deps ti=<TaskInstance: dag_cargar_cotizaciones.rendimiento_actual scheduled__2024-10-18T00:00:00+00:00 [queued]>
[2024-10-26T19:13:36.360+0000] {taskinstance.py:2612} INFO - Dependencies all met for dep_context=requeueable deps ti=<TaskInstance: dag_cargar_cotizaciones.rendimiento_actual scheduled__2024-10-18T00:00:00+00:00 [queued]>
[2024-10-26T19:13:36.360+0000] {taskinstance.py:2865} INFO - Starting attempt 1 of 1
[2024-10-26T19:13:36.368+0000] {taskinstance.py:2888} INFO - Executing <Task(PythonOperator): rendimiento_actual> on 2024-10-18 00:00:00+00:00
[2024-10-26T19:13:36.371+0000] {standard_task_runner.py:72} INFO - Started process 1063 to run task
[2024-10-26T19:13:36.374+0000] {standard_task_runner.py:104} INFO - Running: ['***', 'tasks', 'run', 'dag_cargar_cotizaciones', 'rendimiento_actual', 'scheduled__2024-10-18T00:00:00+00:00', '--job-id', '278', '--raw', '--subdir', 'DAGS_FOLDER/dag_cargar_cotizaciones.py', '--cfg-path', '/tmp/tmp2f2e8l9t']
[2024-10-26T19:13:36.378+0000] {standard_task_runner.py:105} INFO - Job 278: Subtask rendimiento_actual
[2024-10-26T19:13:36.474+0000] {task_command.py:467} INFO - Running <TaskInstance: dag_cargar_cotizaciones.rendimiento_actual scheduled__2024-10-18T00:00:00+00:00 [running]> on host 2e7a74dc0e24
[2024-10-26T19:13:36.549+0000] {taskinstance.py:3131} INFO - Exporting env vars: AIRFLOW_CTX_DAG_OWNER='***' AIRFLOW_CTX_DAG_ID='dag_cargar_cotizaciones' AIRFLOW_CTX_TASK_ID='rendimiento_actual' AIRFLOW_CTX_EXECUTION_DATE='2024-10-18T00:00:00+00:00' AIRFLOW_CTX_TRY_NUMBER='1' AIRFLOW_CTX_DAG_RUN_ID='scheduled__2024-10-18T00:00:00+00:00'
[2024-10-26T19:13:36.551+0000] {taskinstance.py:731} INFO - ::endgroup::
[2024-10-26T19:13:36.561+0000] {redshift_operations.py:19} INFO - Estableciendo conexión con Redshift.
[2024-10-26T19:13:36.567+0000] {base.py:84} INFO - Retrieving connection 'redshift_conn'
[2024-10-26T19:13:38.792+0000] {redshift_operations.py:28} INFO - Conexión con Redshift establecida. Ejecutando función.
[2024-10-26T19:13:38.793+0000] {taskinstance.py:3310} ERROR - Task failed with exception
Traceback (most recent call last):
  File "/home/airflow/.local/lib/python3.10/site-packages/airflow/models/taskinstance.py", line 767, in _execute_task
    result = _execute_callable(context=context, **execute_callable_kwargs)
  File "/home/airflow/.local/lib/python3.10/site-packages/airflow/models/taskinstance.py", line 733, in _execute_callable
    return ExecutionCallableRunner(
  File "/home/airflow/.local/lib/python3.10/site-packages/airflow/utils/operator_helpers.py", line 252, in run
    return self.func(*args, **kwargs)
  File "/home/airflow/.local/lib/python3.10/site-packages/airflow/models/baseoperator.py", line 406, in wrapper
    return func(self, *args, **kwargs)
  File "/home/airflow/.local/lib/python3.10/site-packages/airflow/operators/python.py", line 238, in execute
    return_value = self.execute_callable()
  File "/home/airflow/.local/lib/python3.10/site-packages/airflow/operators/python.py", line 256, in execute_callable
    return runner.run(*self.op_args, **self.op_kwargs)
  File "/home/airflow/.local/lib/python3.10/site-packages/airflow/utils/operator_helpers.py", line 252, in run
    return self.func(*args, **kwargs)
  File "/opt/airflow/functions/redshift_operations.py", line 29, in wrapper
    result = func(conn, *args, **kwargs)
TypeError: execute_query() got multiple values for argument 'conn'
[2024-10-26T19:13:38.804+0000] {taskinstance.py:1225} INFO - Marking task as FAILED. dag_id=dag_cargar_cotizaciones, task_id=rendimiento_actual, run_id=scheduled__2024-10-18T00:00:00+00:00, execution_date=20241018T000000, start_date=20241026T191336, end_date=20241026T191338
[2024-10-26T19:13:38.813+0000] {taskinstance.py:340} INFO - ::group::Post task execution logs
[2024-10-26T19:13:38.814+0000] {standard_task_runner.py:124} ERROR - Failed to execute job 278 for task rendimiento_actual (execute_query() got multiple values for argument 'conn'; 1063)
Traceback (most recent call last):
  File "/home/airflow/.local/lib/python3.10/site-packages/airflow/task/task_runner/standard_task_runner.py", line 117, in _start_by_fork
    ret = args.func(args, dag=self.dag)
  File "/home/airflow/.local/lib/python3.10/site-packages/airflow/cli/cli_config.py", line 49, in command
    return func(*args, **kwargs)
  File "/home/airflow/.local/lib/python3.10/site-packages/airflow/utils/cli.py", line 115, in wrapper
    return f(*args, **kwargs)
  File "/home/airflow/.local/lib/python3.10/site-packages/airflow/cli/commands/task_command.py", line 483, in task_run
    task_return_code = _run_task_by_selected_method(args, _dag, ti)
  File "/home/airflow/.local/lib/python3.10/site-packages/airflow/cli/commands/task_command.py", line 256, in _run_task_by_selected_method
    return _run_raw_task(args, ti)
  File "/home/airflow/.local/lib/python3.10/site-packages/airflow/cli/commands/task_command.py", line 341, in _run_raw_task
    return ti._run_raw_task(
  File "/home/airflow/.local/lib/python3.10/site-packages/airflow/utils/session.py", line 97, in wrapper
    return func(*args, session=session, **kwargs)
  File "/home/airflow/.local/lib/python3.10/site-packages/airflow/models/taskinstance.py", line 3004, in _run_raw_task
    return _run_raw_task(
  File "/home/airflow/.local/lib/python3.10/site-packages/airflow/models/taskinstance.py", line 273, in _run_raw_task
    TaskInstance._execute_task_with_callbacks(
  File "/home/airflow/.local/lib/python3.10/site-packages/airflow/models/taskinstance.py", line 3158, in _execute_task_with_callbacks
    result = self._execute_task(context, task_orig)
  File "/home/airflow/.local/lib/python3.10/site-packages/airflow/models/taskinstance.py", line 3182, in _execute_task
    return _execute_task(self, context, task_orig)
  File "/home/airflow/.local/lib/python3.10/site-packages/airflow/models/taskinstance.py", line 767, in _execute_task
    result = _execute_callable(context=context, **execute_callable_kwargs)
  File "/home/airflow/.local/lib/python3.10/site-packages/airflow/models/taskinstance.py", line 733, in _execute_callable
    return ExecutionCallableRunner(
  File "/home/airflow/.local/lib/python3.10/site-packages/airflow/utils/operator_helpers.py", line 252, in run
    return self.func(*args, **kwargs)
  File "/home/airflow/.local/lib/python3.10/site-packages/airflow/models/baseoperator.py", line 406, in wrapper
    return func(self, *args, **kwargs)
  File "/home/airflow/.local/lib/python3.10/site-packages/airflow/operators/python.py", line 238, in execute
    return_value = self.execute_callable()
  File "/home/airflow/.local/lib/python3.10/site-packages/airflow/operators/python.py", line 256, in execute_callable
    return runner.run(*self.op_args, **self.op_kwargs)
  File "/home/airflow/.local/lib/python3.10/site-packages/airflow/utils/operator_helpers.py", line 252, in run
    return self.func(*args, **kwargs)
  File "/opt/airflow/functions/redshift_operations.py", line 29, in wrapper
    result = func(conn, *args, **kwargs)
TypeError: execute_query() got multiple values for argument 'conn'
[2024-10-26T19:13:38.846+0000] {local_task_job_runner.py:266} INFO - Task exited with return code 1
[2024-10-26T19:13:38.858+0000] {taskinstance.py:3900} INFO - 0 downstream tasks scheduled from follow-on schedule check
[2024-10-26T19:13:38.859+0000] {local_task_job_runner.py:245} INFO - ::endgroup::
[2024-10-26T19:17:07.921+0000] {local_task_job_runner.py:123} INFO - ::group::Pre task execution logs
[2024-10-26T19:17:07.931+0000] {taskinstance.py:2612} INFO - Dependencies all met for dep_context=non-requeueable deps ti=<TaskInstance: dag_cargar_cotizaciones.rendimiento_actual scheduled__2024-10-18T00:00:00+00:00 [queued]>
[2024-10-26T19:17:07.936+0000] {taskinstance.py:2612} INFO - Dependencies all met for dep_context=requeueable deps ti=<TaskInstance: dag_cargar_cotizaciones.rendimiento_actual scheduled__2024-10-18T00:00:00+00:00 [queued]>
[2024-10-26T19:17:07.936+0000] {taskinstance.py:2865} INFO - Starting attempt 1 of 1
[2024-10-26T19:17:07.943+0000] {taskinstance.py:2888} INFO - Executing <Task(PythonOperator): rendimiento_actual> on 2024-10-18 00:00:00+00:00
[2024-10-26T19:17:07.946+0000] {standard_task_runner.py:72} INFO - Started process 936 to run task
[2024-10-26T19:17:07.950+0000] {standard_task_runner.py:104} INFO - Running: ['***', 'tasks', 'run', 'dag_cargar_cotizaciones', 'rendimiento_actual', 'scheduled__2024-10-18T00:00:00+00:00', '--job-id', '428', '--raw', '--subdir', 'DAGS_FOLDER/dag_cargar_cotizaciones.py', '--cfg-path', '/tmp/tmp1f0j4qit']
[2024-10-26T19:17:07.952+0000] {standard_task_runner.py:105} INFO - Job 428: Subtask rendimiento_actual
[2024-10-26T19:17:07.979+0000] {task_command.py:467} INFO - Running <TaskInstance: dag_cargar_cotizaciones.rendimiento_actual scheduled__2024-10-18T00:00:00+00:00 [running]> on host 3ba590fe69c6
[2024-10-26T19:17:08.017+0000] {taskinstance.py:3131} INFO - Exporting env vars: AIRFLOW_CTX_DAG_OWNER='***' AIRFLOW_CTX_DAG_ID='dag_cargar_cotizaciones' AIRFLOW_CTX_TASK_ID='rendimiento_actual' AIRFLOW_CTX_EXECUTION_DATE='2024-10-18T00:00:00+00:00' AIRFLOW_CTX_TRY_NUMBER='1' AIRFLOW_CTX_DAG_RUN_ID='scheduled__2024-10-18T00:00:00+00:00'
[2024-10-26T19:17:08.019+0000] {taskinstance.py:731} INFO - ::endgroup::
[2024-10-26T19:17:08.025+0000] {redshift_operations.py:56} INFO - Iniciando ejecución de la consulta en Redshift.
[2024-10-26T19:17:08.029+0000] {base.py:84} INFO - Retrieving connection 'redshift_conn'
[2024-10-26T19:17:10.315+0000] {redshift_operations.py:98} INFO - Ejecutando consulta SQL en Redshift.
[2024-10-26T19:17:11.882+0000] {redshift_operations.py:106} INFO - Consulta ejecutada y conexión cerrada exitosamente.
[2024-10-26T19:17:11.883+0000] {python.py:240} INFO - Done. Returned value was: None
[2024-10-26T19:17:11.890+0000] {taskinstance.py:340} INFO - ::group::Post task execution logs
[2024-10-26T19:17:11.891+0000] {taskinstance.py:352} INFO - Marking task as SUCCESS. dag_id=dag_cargar_cotizaciones, task_id=rendimiento_actual, run_id=scheduled__2024-10-18T00:00:00+00:00, execution_date=20241018T000000, start_date=20241026T191707, end_date=20241026T191711
[2024-10-26T19:17:11.919+0000] {local_task_job_runner.py:266} INFO - Task exited with return code 0
[2024-10-26T19:17:11.930+0000] {taskinstance.py:3900} INFO - 0 downstream tasks scheduled from follow-on schedule check
[2024-10-26T19:17:11.931+0000] {local_task_job_runner.py:245} INFO - ::endgroup::
