[2024-10-14T12:04:42.717+0000] {local_task_job_runner.py:123} INFO - ::group::Pre task execution logs
[2024-10-14T12:04:42.765+0000] {taskinstance.py:2612} INFO - Dependencies all met for dep_context=non-requeueable deps ti=<TaskInstance: dag_cargar_cotizaciones.obtener_y_preparar_cotizaciones scheduled__2024-10-12T00:00:00+00:00 [queued]>
[2024-10-14T12:04:42.797+0000] {taskinstance.py:2612} INFO - Dependencies all met for dep_context=requeueable deps ti=<TaskInstance: dag_cargar_cotizaciones.obtener_y_preparar_cotizaciones scheduled__2024-10-12T00:00:00+00:00 [queued]>
[2024-10-14T12:04:42.798+0000] {taskinstance.py:2865} INFO - Starting attempt 1 of 2
[2024-10-14T12:04:44.902+0000] {taskinstance.py:2888} INFO - Executing <Task(PythonOperator): obtener_y_preparar_cotizaciones> on 2024-10-12 00:00:00+00:00
[2024-10-14T12:04:59.394+0000] {warnings.py:112} WARNING - /home/***/.local/lib/python3.12/site-packages/***/task/task_runner/standard_task_runner.py:70: DeprecationWarning: This process (pid=14777) is multi-threaded, use of fork() may lead to deadlocks in the child.
  pid = os.fork()

[2024-10-14T12:05:10.498+0000] {standard_task_runner.py:72} INFO - Started process 14783 to run task
[2024-10-14T12:05:10.606+0000] {standard_task_runner.py:104} INFO - Running: ['***', 'tasks', 'run', 'dag_cargar_cotizaciones', 'obtener_y_preparar_cotizaciones', 'scheduled__2024-10-12T00:00:00+00:00', '--job-id', '283', '--raw', '--subdir', 'DAGS_FOLDER/dag_cargar_cotizaciones.py', '--cfg-path', '/tmp/tmp51m7mnmo']
[2024-10-14T12:05:12.389+0000] {standard_task_runner.py:105} INFO - Job 283: Subtask obtener_y_preparar_cotizaciones
[2024-10-14T12:05:17.611+0000] {job.py:229} INFO - Heartbeat recovered after 34.98 seconds
[2024-10-14T12:05:19.828+0000] {task_command.py:467} INFO - Running <TaskInstance: dag_cargar_cotizaciones.obtener_y_preparar_cotizaciones scheduled__2024-10-12T00:00:00+00:00 [running]> on host f03003374728
[2024-10-14T12:05:22.112+0000] {taskinstance.py:3131} INFO - Exporting env vars: AIRFLOW_CTX_DAG_OWNER='***' AIRFLOW_CTX_DAG_ID='dag_cargar_cotizaciones' AIRFLOW_CTX_TASK_ID='obtener_y_preparar_cotizaciones' AIRFLOW_CTX_EXECUTION_DATE='2024-10-12T00:00:00+00:00' AIRFLOW_CTX_TRY_NUMBER='1' AIRFLOW_CTX_DAG_RUN_ID='scheduled__2024-10-12T00:00:00+00:00'
[2024-10-14T12:05:22.161+0000] {taskinstance.py:731} INFO - ::endgroup::
[2024-10-14T12:05:22.628+0000] {logging_mixin.py:190} INFO - 2024-10-12
[2024-10-14T12:05:22.634+0000] {logging_mixin.py:190} INFO - 2024-10-13
[2024-10-14T12:05:22.863+0000] {cache.py:130} INFO - Failed to create TzCache, reason: Error creating TzCache folder: '/home/***/.cache/py-yfinance' reason: [Errno 13] Permission denied: '/home/***/.cache/py-yfinance'. TzCache will not be used. Tip: You can direct cache to use a different location with 'set_tz_cache_location(mylocation)'
[2024-10-14T12:05:23.243+0000] {cache.py:130} INFO - Failed to create TzCache, reason: Error creating TzCache folder: '/home/***/.cache/py-yfinance' reason: [Errno 13] Permission denied: '/home/***/.cache/py-yfinance'. TzCache will not be used. Tip: You can direct cache to use a different location with 'set_tz_cache_location(mylocation)'
[2024-10-14T12:05:23.114+0000] {cache.py:130} INFO - Failed to create TzCache, reason: Error creating TzCache folder: '/home/***/.cache/py-yfinance' reason: [Errno 13] Permission denied: '/home/***/.cache/py-yfinance'. TzCache will not be used. Tip: You can direct cache to use a different location with 'set_tz_cache_location(mylocation)'
[2024-10-14T12:05:24.503+0000] {cache.py:336} INFO - Failed to create CookieCache, reason: Error creating CookieCache folder: '/home/***/.cache/py-yfinance' reason: [Errno 13] Permission denied: '/home/***/.cache/py-yfinance'. CookieCache will not be used. Tip: You can direct cache to use a different location with 'set_tz_cache_location(mylocation)'
[2024-10-14T12:05:36.398+0000] {job.py:229} INFO - Heartbeat recovered after 10.63 seconds
[2024-10-14T12:05:47.382+0000] {job.py:229} INFO - Heartbeat recovered after 11.22 seconds
[2024-10-14T12:05:48.615+0000] {logging_mixin.py:190} WARNING - [*********************100%***********************]  1 of 6 completed
[2024-10-14T12:05:48.692+0000] {multi.py:171} ERROR - 
6 Failed downloads:
[2024-10-14T12:05:48.757+0000] {multi.py:184} ERROR - ['CEPU.BA', 'PAMP.BA', 'BBAR.BA', 'TGNO4.BA', 'AAPL.BA', 'AMZN.BA']: YFPricesMissingError('$%ticker%: possibly delisted; no price data found  (1d 2024-10-12 -> 2024-10-13)')
[2024-10-14T12:05:48.664+0000] {logging_mixin.py:190} WARNING - [*********************100%***********************]  1 of 6 completed
[2024-10-14T12:05:48.711+0000] {logging_mixin.py:190} WARNING - [*********************100%***********************]  1 of 6 completed
[2024-10-14T12:05:48.711+0000] {logging_mixin.py:190} WARNING - [*********************100%***********************]  1 of 6 completed
[2024-10-14T12:05:48.711+0000] {logging_mixin.py:190} WARNING - [*********************100%***********************]  1 of 6 completed
[2024-10-14T12:05:48.672+0000] {logging_mixin.py:190} WARNING - [*********************100%***********************]  1 of 6 completed
[2024-10-14T12:05:53.869+0000] {warnings.py:112} WARNING - /opt/***/dags/stocks_prices_daily.py:15: FutureWarning: The previous implementation of stack is deprecated and will be removed in a future version of pandas. See the What's New notes for pandas 2.1.0 for details. Specify future_stack=True to adopt the new implementation and silence this warning.
  stacked_data = daily_stock_data.stack(level='Ticker').reset_index()

[2024-10-14T12:05:55.319+0000] {base.py:84} INFO - Retrieving connection 'redshift_conn'
[2024-10-14T12:05:55.328+0000] {logging_mixin.py:190} INFO - redshift_conn
[2024-10-14T12:05:58.510+0000] {python.py:240} INFO - Done. Returned value was: None
[2024-10-14T12:05:59.207+0000] {taskinstance.py:340} INFO - ::group::Post task execution logs
[2024-10-14T12:05:59.297+0000] {taskinstance.py:352} INFO - Marking task as SUCCESS. dag_id=dag_cargar_cotizaciones, task_id=obtener_y_preparar_cotizaciones, run_id=scheduled__2024-10-12T00:00:00+00:00, execution_date=20241012T000000, start_date=20241014T120442, end_date=20241014T120559
[2024-10-14T12:06:01.543+0000] {local_task_job_runner.py:266} INFO - Task exited with return code 0
[2024-10-14T12:06:02.108+0000] {taskinstance.py:3900} INFO - 0 downstream tasks scheduled from follow-on schedule check
[2024-10-14T12:06:02.291+0000] {local_task_job_runner.py:245} INFO - ::endgroup::
[2024-10-15T18:16:28.490+0000] {local_task_job_runner.py:123} INFO - ::group::Pre task execution logs
[2024-10-15T18:16:28.505+0000] {taskinstance.py:2612} INFO - Dependencies all met for dep_context=non-requeueable deps ti=<TaskInstance: dag_cargar_cotizaciones.obtener_y_preparar_cotizaciones scheduled__2024-10-12T00:00:00+00:00 [queued]>
[2024-10-15T18:16:28.510+0000] {taskinstance.py:2612} INFO - Dependencies all met for dep_context=requeueable deps ti=<TaskInstance: dag_cargar_cotizaciones.obtener_y_preparar_cotizaciones scheduled__2024-10-12T00:00:00+00:00 [queued]>
[2024-10-15T18:16:28.511+0000] {taskinstance.py:2865} INFO - Starting attempt 1 of 2
[2024-10-15T18:16:28.528+0000] {taskinstance.py:2888} INFO - Executing <Task(PythonOperator): obtener_y_preparar_cotizaciones> on 2024-10-12 00:00:00+00:00
[2024-10-15T18:16:28.538+0000] {warnings.py:112} WARNING - /home/***/.local/lib/python3.12/site-packages/***/task/task_runner/standard_task_runner.py:70: DeprecationWarning: This process (pid=856) is multi-threaded, use of fork() may lead to deadlocks in the child.
  pid = os.fork()

[2024-10-15T18:16:28.539+0000] {standard_task_runner.py:72} INFO - Started process 865 to run task
[2024-10-15T18:16:28.541+0000] {standard_task_runner.py:104} INFO - Running: ['***', 'tasks', 'run', 'dag_cargar_cotizaciones', 'obtener_y_preparar_cotizaciones', 'scheduled__2024-10-12T00:00:00+00:00', '--job-id', '367', '--raw', '--subdir', 'DAGS_FOLDER/dag_cargar_cotizaciones.py', '--cfg-path', '/tmp/tmpst3lj__b']
[2024-10-15T18:16:28.544+0000] {standard_task_runner.py:105} INFO - Job 367: Subtask obtener_y_preparar_cotizaciones
[2024-10-15T18:16:28.586+0000] {task_command.py:467} INFO - Running <TaskInstance: dag_cargar_cotizaciones.obtener_y_preparar_cotizaciones scheduled__2024-10-12T00:00:00+00:00 [running]> on host f03003374728
[2024-10-15T18:16:28.644+0000] {taskinstance.py:3131} INFO - Exporting env vars: AIRFLOW_CTX_DAG_OWNER='***' AIRFLOW_CTX_DAG_ID='dag_cargar_cotizaciones' AIRFLOW_CTX_TASK_ID='obtener_y_preparar_cotizaciones' AIRFLOW_CTX_EXECUTION_DATE='2024-10-12T00:00:00+00:00' AIRFLOW_CTX_TRY_NUMBER='1' AIRFLOW_CTX_DAG_RUN_ID='scheduled__2024-10-12T00:00:00+00:00'
[2024-10-15T18:16:28.645+0000] {taskinstance.py:731} INFO - ::endgroup::
[2024-10-15T18:16:28.659+0000] {logging_mixin.py:190} INFO - 2024-10-12
[2024-10-15T18:16:28.659+0000] {logging_mixin.py:190} INFO - 2024-10-13
[2024-10-15T18:16:28.661+0000] {cache.py:130} INFO - Failed to create TzCache, reason: Error creating TzCache folder: '/home/***/.cache/py-yfinance' reason: [Errno 13] Permission denied: '/home/***/.cache/py-yfinance'. TzCache will not be used. Tip: You can direct cache to use a different location with 'set_tz_cache_location(mylocation)'
[2024-10-15T18:16:28.661+0000] {cache.py:130} INFO - Failed to create TzCache, reason: Error creating TzCache folder: '/home/***/.cache/py-yfinance' reason: [Errno 13] Permission denied: '/home/***/.cache/py-yfinance'. TzCache will not be used. Tip: You can direct cache to use a different location with 'set_tz_cache_location(mylocation)'
[2024-10-15T18:16:28.662+0000] {cache.py:336} INFO - Failed to create CookieCache, reason: Error creating CookieCache folder: '/home/***/.cache/py-yfinance' reason: [Errno 13] Permission denied: '/home/***/.cache/py-yfinance'. CookieCache will not be used. Tip: You can direct cache to use a different location with 'set_tz_cache_location(mylocation)'
[2024-10-15T18:16:30.075+0000] {logging_mixin.py:190} WARNING - [                       0%                       ]
[2024-10-15T18:16:30.085+0000] {logging_mixin.py:190} WARNING - [****************      33%                       ]  2 of 6 completed
[2024-10-15T18:16:30.095+0000] {logging_mixin.py:190} WARNING - [**********************50%                       ]  3 of 6 completed
[2024-10-15T18:16:30.135+0000] {logging_mixin.py:190} WARNING - [**********************67%*******                ]  4 of 6 completed
[2024-10-15T18:16:30.146+0000] {logging_mixin.py:190} WARNING - [**********************83%***************        ]  5 of 6 completed
[2024-10-15T18:16:30.528+0000] {logging_mixin.py:190} WARNING - [*********************100%***********************]  6 of 6 completed
[2024-10-15T18:16:30.528+0000] {multi.py:171} ERROR - 
6 Failed downloads:
[2024-10-15T18:16:30.528+0000] {multi.py:184} ERROR - ['PAMP.BA', 'AMZN.BA', 'CEPU.BA', 'AAPL.BA', 'BBAR.BA', 'TGNO4.BA']: YFPricesMissingError('$%ticker%: possibly delisted; no price data found  (1d 2024-10-12 -> 2024-10-13)')
[2024-10-15T18:16:30.540+0000] {warnings.py:112} WARNING - /opt/***/dags/stocks_prices_daily.py:15: FutureWarning: The previous implementation of stack is deprecated and will be removed in a future version of pandas. See the What's New notes for pandas 2.1.0 for details. Specify future_stack=True to adopt the new implementation and silence this warning.
  stacked_data = daily_stock_data.stack(level='Ticker').reset_index()

[2024-10-15T18:16:30.559+0000] {base.py:84} INFO - Retrieving connection 'redshift_conn'
[2024-10-15T18:16:30.559+0000] {logging_mixin.py:190} INFO - redshift_conn
[2024-10-15T18:16:31.890+0000] {python.py:240} INFO - Done. Returned value was: None
[2024-10-15T18:16:31.903+0000] {taskinstance.py:340} INFO - ::group::Post task execution logs
[2024-10-15T18:16:31.903+0000] {taskinstance.py:352} INFO - Marking task as SUCCESS. dag_id=dag_cargar_cotizaciones, task_id=obtener_y_preparar_cotizaciones, run_id=scheduled__2024-10-12T00:00:00+00:00, execution_date=20241012T000000, start_date=20241015T181628, end_date=20241015T181631
[2024-10-15T18:16:31.922+0000] {local_task_job_runner.py:266} INFO - Task exited with return code 0
[2024-10-15T18:16:31.941+0000] {taskinstance.py:3900} INFO - 0 downstream tasks scheduled from follow-on schedule check
[2024-10-15T18:16:31.942+0000] {local_task_job_runner.py:245} INFO - ::endgroup::
