[2024-10-14T17:29:44.540+0000] {processor.py:186} INFO - Started process (PID=22976) to work on /opt/airflow/dags/dag_ccl.py
[2024-10-14T17:29:44.542+0000] {processor.py:914} INFO - Processing file /opt/airflow/dags/dag_ccl.py for tasks to queue
[2024-10-14T17:29:44.548+0000] {logging_mixin.py:190} INFO - [2024-10-14T17:29:44.546+0000] {dagbag.py:587} INFO - Filling up the DagBag from /opt/airflow/dags/dag_ccl.py
[2024-10-14T17:29:45.150+0000] {processor.py:925} INFO - DAG(s) 'dag_ccl' retrieved from /opt/airflow/dags/dag_ccl.py
[2024-10-14T17:29:45.384+0000] {logging_mixin.py:190} INFO - [2024-10-14T17:29:45.383+0000] {override.py:1900} INFO - Created Permission View: can delete on DAG:dag_ccl
[2024-10-14T17:29:45.394+0000] {logging_mixin.py:190} INFO - [2024-10-14T17:29:45.394+0000] {override.py:1900} INFO - Created Permission View: can read on DAG:dag_ccl
[2024-10-14T17:29:45.399+0000] {logging_mixin.py:190} INFO - [2024-10-14T17:29:45.399+0000] {override.py:1900} INFO - Created Permission View: can edit on DAG:dag_ccl
[2024-10-14T17:29:45.407+0000] {logging_mixin.py:190} INFO - [2024-10-14T17:29:45.406+0000] {override.py:1900} INFO - Created Permission View: can delete on DAG Run:dag_ccl
[2024-10-14T17:29:45.415+0000] {logging_mixin.py:190} INFO - [2024-10-14T17:29:45.414+0000] {override.py:1900} INFO - Created Permission View: can create on DAG Run:dag_ccl
[2024-10-14T17:29:45.422+0000] {logging_mixin.py:190} INFO - [2024-10-14T17:29:45.422+0000] {override.py:1900} INFO - Created Permission View: can read on DAG Run:dag_ccl
[2024-10-14T17:29:45.430+0000] {logging_mixin.py:190} INFO - [2024-10-14T17:29:45.430+0000] {override.py:1900} INFO - Created Permission View: menu access on DAG Run:dag_ccl
[2024-10-14T17:29:45.431+0000] {logging_mixin.py:190} INFO - [2024-10-14T17:29:45.431+0000] {dag.py:3229} INFO - Sync 1 DAGs
[2024-10-14T17:29:45.446+0000] {logging_mixin.py:190} INFO - [2024-10-14T17:29:45.446+0000] {dag.py:3252} INFO - Creating ORM DAG for dag_ccl
[2024-10-14T17:29:45.486+0000] {logging_mixin.py:190} INFO - [2024-10-14T17:29:45.485+0000] {dag.py:4156} INFO - Setting next_dagrun for dag_ccl to 2024-09-01 00:00:00+00:00, run_after=2024-09-02 00:00:00+00:00
[2024-10-14T17:29:45.518+0000] {processor.py:208} INFO - Processing /opt/airflow/dags/dag_ccl.py took 1.002 seconds
[2024-10-14T17:29:52.919+0000] {processor.py:186} INFO - Started process (PID=22978) to work on /opt/airflow/dags/dag_ccl.py
[2024-10-14T17:29:52.927+0000] {processor.py:914} INFO - Processing file /opt/airflow/dags/dag_ccl.py for tasks to queue
[2024-10-14T17:29:52.931+0000] {logging_mixin.py:190} INFO - [2024-10-14T17:29:52.930+0000] {dagbag.py:587} INFO - Filling up the DagBag from /opt/airflow/dags/dag_ccl.py
[2024-10-14T17:29:53.377+0000] {processor.py:925} INFO - DAG(s) 'dag_ccl' retrieved from /opt/airflow/dags/dag_ccl.py
[2024-10-14T17:29:53.406+0000] {logging_mixin.py:190} INFO - [2024-10-14T17:29:53.402+0000] {dag.py:3229} INFO - Sync 1 DAGs
[2024-10-14T17:29:53.438+0000] {logging_mixin.py:190} INFO - [2024-10-14T17:29:53.438+0000] {dag.py:4156} INFO - Setting next_dagrun for dag_ccl to 2024-09-01 00:00:00+00:00, run_after=2024-09-02 00:00:00+00:00
[2024-10-14T17:29:53.461+0000] {processor.py:208} INFO - Processing /opt/airflow/dags/dag_ccl.py took 0.599 seconds
[2024-10-14T17:30:25.233+0000] {processor.py:186} INFO - Started process (PID=22992) to work on /opt/airflow/dags/dag_ccl.py
[2024-10-14T17:30:25.254+0000] {processor.py:914} INFO - Processing file /opt/airflow/dags/dag_ccl.py for tasks to queue
[2024-10-14T17:30:25.266+0000] {logging_mixin.py:190} INFO - [2024-10-14T17:30:25.264+0000] {dagbag.py:587} INFO - Filling up the DagBag from /opt/airflow/dags/dag_ccl.py
[2024-10-14T17:30:32.328+0000] {processor.py:925} INFO - DAG(s) 'dag_ccl' retrieved from /opt/airflow/dags/dag_ccl.py
[2024-10-14T17:30:32.902+0000] {logging_mixin.py:190} INFO - [2024-10-14T17:30:32.896+0000] {dag.py:3229} INFO - Sync 1 DAGs
[2024-10-14T17:30:33.325+0000] {processor.py:208} INFO - Processing /opt/airflow/dags/dag_ccl.py took 8.272 seconds
[2024-10-14T17:31:05.318+0000] {processor.py:186} INFO - Started process (PID=23002) to work on /opt/airflow/dags/dag_ccl.py
[2024-10-14T17:31:05.513+0000] {processor.py:914} INFO - Processing file /opt/airflow/dags/dag_ccl.py for tasks to queue
[2024-10-14T17:31:05.558+0000] {logging_mixin.py:190} INFO - [2024-10-14T17:31:05.541+0000] {dagbag.py:587} INFO - Filling up the DagBag from /opt/airflow/dags/dag_ccl.py
[2024-10-14T17:31:13.323+0000] {processor.py:925} INFO - DAG(s) 'dag_ccl' retrieved from /opt/airflow/dags/dag_ccl.py
[2024-10-14T17:31:15.240+0000] {logging_mixin.py:190} INFO - [2024-10-14T17:31:15.203+0000] {dag.py:3229} INFO - Sync 1 DAGs
[2024-10-14T17:31:17.993+0000] {processor.py:208} INFO - Processing /opt/airflow/dags/dag_ccl.py took 12.834 seconds
[2024-10-14T17:31:50.362+0000] {processor.py:186} INFO - Started process (PID=23018) to work on /opt/airflow/dags/dag_ccl.py
[2024-10-14T17:31:50.418+0000] {processor.py:914} INFO - Processing file /opt/airflow/dags/dag_ccl.py for tasks to queue
[2024-10-14T17:31:50.436+0000] {logging_mixin.py:190} INFO - [2024-10-14T17:31:50.428+0000] {dagbag.py:587} INFO - Filling up the DagBag from /opt/airflow/dags/dag_ccl.py
[2024-10-14T17:32:01.436+0000] {processor.py:925} INFO - DAG(s) 'dag_ccl' retrieved from /opt/airflow/dags/dag_ccl.py
[2024-10-14T17:32:02.737+0000] {logging_mixin.py:190} INFO - [2024-10-14T17:32:02.710+0000] {dag.py:3229} INFO - Sync 1 DAGs
[2024-10-14T17:32:03.899+0000] {processor.py:208} INFO - Processing /opt/airflow/dags/dag_ccl.py took 13.724 seconds
[2024-10-14T17:32:35.643+0000] {processor.py:186} INFO - Started process (PID=23026) to work on /opt/airflow/dags/dag_ccl.py
[2024-10-14T17:32:35.673+0000] {processor.py:914} INFO - Processing file /opt/airflow/dags/dag_ccl.py for tasks to queue
[2024-10-14T17:32:35.688+0000] {logging_mixin.py:190} INFO - [2024-10-14T17:32:35.684+0000] {dagbag.py:587} INFO - Filling up the DagBag from /opt/airflow/dags/dag_ccl.py
[2024-10-14T17:32:50.519+0000] {processor.py:925} INFO - DAG(s) 'dag_ccl' retrieved from /opt/airflow/dags/dag_ccl.py
[2024-10-14T17:32:53.049+0000] {logging_mixin.py:190} INFO - [2024-10-14T17:32:53.018+0000] {dag.py:3229} INFO - Sync 1 DAGs
[2024-10-14T17:32:55.313+0000] {logging_mixin.py:190} INFO - [2024-10-14T17:32:55.299+0000] {dag.py:4156} INFO - Setting next_dagrun for dag_ccl to 2024-09-16 00:00:00+00:00, run_after=2024-09-17 00:00:00+00:00
[2024-10-14T17:32:57.106+0000] {processor.py:208} INFO - Processing /opt/airflow/dags/dag_ccl.py took 21.741 seconds
[2024-10-14T17:33:29.000+0000] {processor.py:186} INFO - Started process (PID=23041) to work on /opt/airflow/dags/dag_ccl.py
[2024-10-14T17:33:29.078+0000] {processor.py:914} INFO - Processing file /opt/airflow/dags/dag_ccl.py for tasks to queue
[2024-10-14T17:33:29.224+0000] {logging_mixin.py:190} INFO - [2024-10-14T17:33:29.130+0000] {dagbag.py:587} INFO - Filling up the DagBag from /opt/airflow/dags/dag_ccl.py
[2024-10-14T17:33:41.693+0000] {processor.py:925} INFO - DAG(s) 'dag_ccl' retrieved from /opt/airflow/dags/dag_ccl.py
[2024-10-14T17:33:43.088+0000] {logging_mixin.py:190} INFO - [2024-10-14T17:33:43.073+0000] {dag.py:3229} INFO - Sync 1 DAGs
[2024-10-14T17:33:43.996+0000] {logging_mixin.py:190} INFO - [2024-10-14T17:33:43.987+0000] {dag.py:4156} INFO - Setting next_dagrun for dag_ccl to 2024-09-18 00:00:00+00:00, run_after=2024-09-19 00:00:00+00:00
[2024-10-14T17:33:44.458+0000] {processor.py:208} INFO - Processing /opt/airflow/dags/dag_ccl.py took 15.711 seconds
[2024-10-14T17:34:16.564+0000] {processor.py:186} INFO - Started process (PID=23050) to work on /opt/airflow/dags/dag_ccl.py
[2024-10-14T17:34:16.582+0000] {processor.py:914} INFO - Processing file /opt/airflow/dags/dag_ccl.py for tasks to queue
[2024-10-14T17:34:16.651+0000] {logging_mixin.py:190} INFO - [2024-10-14T17:34:16.635+0000] {dagbag.py:587} INFO - Filling up the DagBag from /opt/airflow/dags/dag_ccl.py
[2024-10-14T17:34:30.514+0000] {processor.py:925} INFO - DAG(s) 'dag_ccl' retrieved from /opt/airflow/dags/dag_ccl.py
[2024-10-14T17:34:32.539+0000] {logging_mixin.py:190} INFO - [2024-10-14T17:34:32.456+0000] {dag.py:3229} INFO - Sync 1 DAGs
[2024-10-14T17:34:33.127+0000] {logging_mixin.py:190} INFO - [2024-10-14T17:34:33.122+0000] {dag.py:4156} INFO - Setting next_dagrun for dag_ccl to 2024-09-18 00:00:00+00:00, run_after=2024-09-19 00:00:00+00:00
[2024-10-14T17:34:33.479+0000] {processor.py:208} INFO - Processing /opt/airflow/dags/dag_ccl.py took 17.110 seconds
[2024-10-14T17:34:45.867+0000] {processor.py:186} INFO - Started process (PID=23060) to work on /opt/airflow/dags/dag_ccl.py
[2024-10-14T17:34:45.934+0000] {processor.py:914} INFO - Processing file /opt/airflow/dags/dag_ccl.py for tasks to queue
[2024-10-14T17:34:45.961+0000] {logging_mixin.py:190} INFO - [2024-10-14T17:34:45.952+0000] {dagbag.py:587} INFO - Filling up the DagBag from /opt/airflow/dags/dag_ccl.py
[2024-10-14T17:34:55.962+0000] {processor.py:925} INFO - DAG(s) 'dag_ccl' retrieved from /opt/airflow/dags/dag_ccl.py
[2024-10-14T17:34:59.450+0000] {logging_mixin.py:190} INFO - [2024-10-14T17:34:59.408+0000] {dag.py:3229} INFO - Sync 1 DAGs
[2024-10-14T17:34:59.786+0000] {logging_mixin.py:190} INFO - [2024-10-14T17:34:59.773+0000] {dag.py:4156} INFO - Setting next_dagrun for dag_ccl to 2024-10-07 00:00:00+00:00, run_after=2024-10-08 00:00:00+00:00
[2024-10-14T17:35:00.174+0000] {processor.py:208} INFO - Processing /opt/airflow/dags/dag_ccl.py took 14.448 seconds
[2024-10-14T17:35:32.504+0000] {processor.py:186} INFO - Started process (PID=23075) to work on /opt/airflow/dags/dag_ccl.py
[2024-10-14T17:35:32.529+0000] {processor.py:914} INFO - Processing file /opt/airflow/dags/dag_ccl.py for tasks to queue
[2024-10-14T17:35:32.592+0000] {logging_mixin.py:190} INFO - [2024-10-14T17:35:32.569+0000] {dagbag.py:587} INFO - Filling up the DagBag from /opt/airflow/dags/dag_ccl.py
[2024-10-14T17:35:40.180+0000] {processor.py:925} INFO - DAG(s) 'dag_ccl' retrieved from /opt/airflow/dags/dag_ccl.py
[2024-10-14T17:35:40.828+0000] {logging_mixin.py:190} INFO - [2024-10-14T17:35:40.821+0000] {dag.py:3229} INFO - Sync 1 DAGs
[2024-10-14T17:35:41.598+0000] {logging_mixin.py:190} INFO - [2024-10-14T17:35:41.590+0000] {dag.py:4156} INFO - Setting next_dagrun for dag_ccl to 2024-10-07 00:00:00+00:00, run_after=2024-10-08 00:00:00+00:00
[2024-10-14T17:35:42.124+0000] {processor.py:208} INFO - Processing /opt/airflow/dags/dag_ccl.py took 9.915 seconds
[2024-10-14T17:36:13.193+0000] {processor.py:186} INFO - Started process (PID=23085) to work on /opt/airflow/dags/dag_ccl.py
[2024-10-14T17:36:13.220+0000] {processor.py:914} INFO - Processing file /opt/airflow/dags/dag_ccl.py for tasks to queue
[2024-10-14T17:36:13.249+0000] {logging_mixin.py:190} INFO - [2024-10-14T17:36:13.242+0000] {dagbag.py:587} INFO - Filling up the DagBag from /opt/airflow/dags/dag_ccl.py
[2024-10-14T17:36:18.779+0000] {processor.py:925} INFO - DAG(s) 'dag_ccl' retrieved from /opt/airflow/dags/dag_ccl.py
[2024-10-14T17:36:20.307+0000] {logging_mixin.py:190} INFO - [2024-10-14T17:36:20.282+0000] {dag.py:3229} INFO - Sync 1 DAGs
[2024-10-14T17:36:21.139+0000] {logging_mixin.py:190} INFO - [2024-10-14T17:36:21.136+0000] {dag.py:4156} INFO - Setting next_dagrun for dag_ccl to 2024-10-07 00:00:00+00:00, run_after=2024-10-08 00:00:00+00:00
[2024-10-14T17:36:21.776+0000] {processor.py:208} INFO - Processing /opt/airflow/dags/dag_ccl.py took 8.734 seconds
[2024-10-14T17:36:53.449+0000] {processor.py:186} INFO - Started process (PID=23095) to work on /opt/airflow/dags/dag_ccl.py
[2024-10-14T17:36:53.501+0000] {processor.py:914} INFO - Processing file /opt/airflow/dags/dag_ccl.py for tasks to queue
[2024-10-14T17:36:53.527+0000] {logging_mixin.py:190} INFO - [2024-10-14T17:36:53.516+0000] {dagbag.py:587} INFO - Filling up the DagBag from /opt/airflow/dags/dag_ccl.py
[2024-10-14T17:36:59.404+0000] {processor.py:925} INFO - DAG(s) 'dag_ccl' retrieved from /opt/airflow/dags/dag_ccl.py
[2024-10-14T17:37:00.189+0000] {logging_mixin.py:190} INFO - [2024-10-14T17:37:00.184+0000] {dag.py:3229} INFO - Sync 1 DAGs
[2024-10-14T17:37:00.575+0000] {logging_mixin.py:190} INFO - [2024-10-14T17:37:00.573+0000] {dag.py:4156} INFO - Setting next_dagrun for dag_ccl to 2024-10-07 00:00:00+00:00, run_after=2024-10-08 00:00:00+00:00
[2024-10-14T17:37:00.765+0000] {processor.py:208} INFO - Processing /opt/airflow/dags/dag_ccl.py took 7.491 seconds
[2024-10-14T17:37:32.561+0000] {processor.py:186} INFO - Started process (PID=23112) to work on /opt/airflow/dags/dag_ccl.py
[2024-10-14T17:37:32.581+0000] {processor.py:914} INFO - Processing file /opt/airflow/dags/dag_ccl.py for tasks to queue
[2024-10-14T17:37:32.632+0000] {logging_mixin.py:190} INFO - [2024-10-14T17:37:32.606+0000] {dagbag.py:587} INFO - Filling up the DagBag from /opt/airflow/dags/dag_ccl.py
[2024-10-14T17:37:38.629+0000] {processor.py:925} INFO - DAG(s) 'dag_ccl' retrieved from /opt/airflow/dags/dag_ccl.py
[2024-10-14T17:37:39.573+0000] {logging_mixin.py:190} INFO - [2024-10-14T17:37:39.557+0000] {dag.py:3229} INFO - Sync 1 DAGs
[2024-10-14T17:37:44.338+0000] {logging_mixin.py:190} INFO - [2024-10-14T17:37:44.125+0000] {dag.py:4156} INFO - Setting next_dagrun for dag_ccl to 2024-10-07 00:00:00+00:00, run_after=2024-10-08 00:00:00+00:00
[2024-10-14T17:37:45.609+0000] {processor.py:208} INFO - Processing /opt/airflow/dags/dag_ccl.py took 13.256 seconds
[2024-10-14T17:38:11.538+0000] {processor.py:186} INFO - Started process (PID=23121) to work on /opt/airflow/dags/dag_ccl.py
[2024-10-14T17:38:11.554+0000] {processor.py:914} INFO - Processing file /opt/airflow/dags/dag_ccl.py for tasks to queue
[2024-10-14T17:38:11.574+0000] {logging_mixin.py:190} INFO - [2024-10-14T17:38:11.563+0000] {dagbag.py:587} INFO - Filling up the DagBag from /opt/airflow/dags/dag_ccl.py
[2024-10-14T17:38:16.375+0000] {processor.py:925} INFO - DAG(s) 'dag_ccl' retrieved from /opt/airflow/dags/dag_ccl.py
[2024-10-14T17:38:16.686+0000] {logging_mixin.py:190} INFO - [2024-10-14T17:38:16.685+0000] {dag.py:3229} INFO - Sync 1 DAGs
[2024-10-14T17:38:16.795+0000] {logging_mixin.py:190} INFO - [2024-10-14T17:38:16.795+0000] {dag.py:4156} INFO - Setting next_dagrun for dag_ccl to 2024-10-07 00:00:00+00:00, run_after=2024-10-08 00:00:00+00:00
[2024-10-14T17:38:16.876+0000] {processor.py:208} INFO - Processing /opt/airflow/dags/dag_ccl.py took 5.447 seconds
[2024-10-14T17:38:48.789+0000] {processor.py:186} INFO - Started process (PID=23131) to work on /opt/airflow/dags/dag_ccl.py
[2024-10-14T17:38:48.795+0000] {processor.py:914} INFO - Processing file /opt/airflow/dags/dag_ccl.py for tasks to queue
[2024-10-14T17:38:48.816+0000] {logging_mixin.py:190} INFO - [2024-10-14T17:38:48.814+0000] {dagbag.py:587} INFO - Filling up the DagBag from /opt/airflow/dags/dag_ccl.py
[2024-10-14T17:38:54.008+0000] {processor.py:925} INFO - DAG(s) 'dag_ccl' retrieved from /opt/airflow/dags/dag_ccl.py
[2024-10-14T17:38:54.578+0000] {logging_mixin.py:190} INFO - [2024-10-14T17:38:54.574+0000] {dag.py:3229} INFO - Sync 1 DAGs
[2024-10-14T17:38:54.807+0000] {logging_mixin.py:190} INFO - [2024-10-14T17:38:54.805+0000] {dag.py:4156} INFO - Setting next_dagrun for dag_ccl to 2024-10-09 00:00:00+00:00, run_after=2024-10-10 00:00:00+00:00
[2024-10-14T17:38:55.070+0000] {processor.py:208} INFO - Processing /opt/airflow/dags/dag_ccl.py took 6.410 seconds
[2024-10-14T17:39:26.870+0000] {processor.py:186} INFO - Started process (PID=23144) to work on /opt/airflow/dags/dag_ccl.py
[2024-10-14T17:39:26.898+0000] {processor.py:914} INFO - Processing file /opt/airflow/dags/dag_ccl.py for tasks to queue
[2024-10-14T17:39:26.931+0000] {logging_mixin.py:190} INFO - [2024-10-14T17:39:26.917+0000] {dagbag.py:587} INFO - Filling up the DagBag from /opt/airflow/dags/dag_ccl.py
[2024-10-14T17:39:33.515+0000] {processor.py:925} INFO - DAG(s) 'dag_ccl' retrieved from /opt/airflow/dags/dag_ccl.py
[2024-10-14T17:39:34.037+0000] {logging_mixin.py:190} INFO - [2024-10-14T17:39:34.035+0000] {dag.py:3229} INFO - Sync 1 DAGs
[2024-10-14T17:39:34.319+0000] {logging_mixin.py:190} INFO - [2024-10-14T17:39:34.317+0000] {dag.py:4156} INFO - Setting next_dagrun for dag_ccl to 2024-10-14 00:00:00+00:00, run_after=2024-10-15 00:00:00+00:00
[2024-10-14T17:39:34.514+0000] {processor.py:208} INFO - Processing /opt/airflow/dags/dag_ccl.py took 7.762 seconds
[2024-10-14T17:40:05.235+0000] {processor.py:186} INFO - Started process (PID=23159) to work on /opt/airflow/dags/dag_ccl.py
[2024-10-14T17:40:05.238+0000] {processor.py:914} INFO - Processing file /opt/airflow/dags/dag_ccl.py for tasks to queue
[2024-10-14T17:40:05.241+0000] {logging_mixin.py:190} INFO - [2024-10-14T17:40:05.240+0000] {dagbag.py:587} INFO - Filling up the DagBag from /opt/airflow/dags/dag_ccl.py
[2024-10-14T17:40:05.971+0000] {processor.py:925} INFO - DAG(s) 'dag_ccl' retrieved from /opt/airflow/dags/dag_ccl.py
[2024-10-14T17:40:06.029+0000] {logging_mixin.py:190} INFO - [2024-10-14T17:40:06.028+0000] {dag.py:3229} INFO - Sync 1 DAGs
[2024-10-14T17:40:06.066+0000] {logging_mixin.py:190} INFO - [2024-10-14T17:40:06.066+0000] {dag.py:4156} INFO - Setting next_dagrun for dag_ccl to 2024-10-14 00:00:00+00:00, run_after=2024-10-15 00:00:00+00:00
[2024-10-14T17:40:06.090+0000] {processor.py:208} INFO - Processing /opt/airflow/dags/dag_ccl.py took 0.872 seconds
[2024-10-14T17:40:36.562+0000] {processor.py:186} INFO - Started process (PID=23169) to work on /opt/airflow/dags/dag_ccl.py
[2024-10-14T17:40:36.566+0000] {processor.py:914} INFO - Processing file /opt/airflow/dags/dag_ccl.py for tasks to queue
[2024-10-14T17:40:36.585+0000] {logging_mixin.py:190} INFO - [2024-10-14T17:40:36.576+0000] {dagbag.py:587} INFO - Filling up the DagBag from /opt/airflow/dags/dag_ccl.py
[2024-10-14T17:40:37.876+0000] {processor.py:925} INFO - DAG(s) 'dag_ccl' retrieved from /opt/airflow/dags/dag_ccl.py
[2024-10-14T17:40:37.992+0000] {logging_mixin.py:190} INFO - [2024-10-14T17:40:37.990+0000] {dag.py:3229} INFO - Sync 1 DAGs
[2024-10-14T17:40:38.032+0000] {logging_mixin.py:190} INFO - [2024-10-14T17:40:38.031+0000] {dag.py:4156} INFO - Setting next_dagrun for dag_ccl to 2024-10-14 00:00:00+00:00, run_after=2024-10-15 00:00:00+00:00
[2024-10-14T17:40:38.093+0000] {processor.py:208} INFO - Processing /opt/airflow/dags/dag_ccl.py took 1.565 seconds
[2024-10-14T17:41:09.072+0000] {processor.py:186} INFO - Started process (PID=23178) to work on /opt/airflow/dags/dag_ccl.py
[2024-10-14T17:41:09.082+0000] {processor.py:914} INFO - Processing file /opt/airflow/dags/dag_ccl.py for tasks to queue
[2024-10-14T17:41:09.109+0000] {logging_mixin.py:190} INFO - [2024-10-14T17:41:09.098+0000] {dagbag.py:587} INFO - Filling up the DagBag from /opt/airflow/dags/dag_ccl.py
[2024-10-14T17:41:11.763+0000] {processor.py:925} INFO - DAG(s) 'dag_ccl' retrieved from /opt/airflow/dags/dag_ccl.py
[2024-10-14T17:41:12.024+0000] {logging_mixin.py:190} INFO - [2024-10-14T17:41:12.022+0000] {dag.py:3229} INFO - Sync 1 DAGs
[2024-10-14T17:41:12.115+0000] {logging_mixin.py:190} INFO - [2024-10-14T17:41:12.114+0000] {dag.py:4156} INFO - Setting next_dagrun for dag_ccl to 2024-10-14 00:00:00+00:00, run_after=2024-10-15 00:00:00+00:00
[2024-10-14T17:41:12.183+0000] {processor.py:208} INFO - Processing /opt/airflow/dags/dag_ccl.py took 3.245 seconds
[2024-10-14T17:41:42.818+0000] {processor.py:186} INFO - Started process (PID=23188) to work on /opt/airflow/dags/dag_ccl.py
[2024-10-14T17:41:42.821+0000] {processor.py:914} INFO - Processing file /opt/airflow/dags/dag_ccl.py for tasks to queue
[2024-10-14T17:41:42.825+0000] {logging_mixin.py:190} INFO - [2024-10-14T17:41:42.824+0000] {dagbag.py:587} INFO - Filling up the DagBag from /opt/airflow/dags/dag_ccl.py
[2024-10-14T17:41:43.965+0000] {processor.py:925} INFO - DAG(s) 'dag_ccl' retrieved from /opt/airflow/dags/dag_ccl.py
[2024-10-14T17:41:44.200+0000] {logging_mixin.py:190} INFO - [2024-10-14T17:41:44.192+0000] {dag.py:3229} INFO - Sync 1 DAGs
[2024-10-14T17:41:44.286+0000] {logging_mixin.py:190} INFO - [2024-10-14T17:41:44.286+0000] {dag.py:4156} INFO - Setting next_dagrun for dag_ccl to 2024-10-14 00:00:00+00:00, run_after=2024-10-15 00:00:00+00:00
[2024-10-14T17:41:44.319+0000] {processor.py:208} INFO - Processing /opt/airflow/dags/dag_ccl.py took 1.545 seconds
[2024-10-14T17:42:14.670+0000] {processor.py:186} INFO - Started process (PID=23198) to work on /opt/airflow/dags/dag_ccl.py
[2024-10-14T17:42:14.672+0000] {processor.py:914} INFO - Processing file /opt/airflow/dags/dag_ccl.py for tasks to queue
[2024-10-14T17:42:14.691+0000] {logging_mixin.py:190} INFO - [2024-10-14T17:42:14.688+0000] {dagbag.py:587} INFO - Filling up the DagBag from /opt/airflow/dags/dag_ccl.py
[2024-10-14T17:42:15.122+0000] {processor.py:925} INFO - DAG(s) 'dag_ccl' retrieved from /opt/airflow/dags/dag_ccl.py
[2024-10-14T17:42:15.166+0000] {logging_mixin.py:190} INFO - [2024-10-14T17:42:15.165+0000] {dag.py:3229} INFO - Sync 1 DAGs
[2024-10-14T17:42:15.192+0000] {logging_mixin.py:190} INFO - [2024-10-14T17:42:15.192+0000] {dag.py:4156} INFO - Setting next_dagrun for dag_ccl to 2024-10-14 00:00:00+00:00, run_after=2024-10-15 00:00:00+00:00
[2024-10-14T17:42:15.211+0000] {processor.py:208} INFO - Processing /opt/airflow/dags/dag_ccl.py took 0.556 seconds
[2024-10-14T17:42:45.511+0000] {processor.py:186} INFO - Started process (PID=23208) to work on /opt/airflow/dags/dag_ccl.py
[2024-10-14T17:42:45.512+0000] {processor.py:914} INFO - Processing file /opt/airflow/dags/dag_ccl.py for tasks to queue
[2024-10-14T17:42:45.514+0000] {logging_mixin.py:190} INFO - [2024-10-14T17:42:45.513+0000] {dagbag.py:587} INFO - Filling up the DagBag from /opt/airflow/dags/dag_ccl.py
[2024-10-14T17:42:45.731+0000] {processor.py:925} INFO - DAG(s) 'dag_ccl' retrieved from /opt/airflow/dags/dag_ccl.py
[2024-10-14T17:42:45.747+0000] {logging_mixin.py:190} INFO - [2024-10-14T17:42:45.747+0000] {dag.py:3229} INFO - Sync 1 DAGs
[2024-10-14T17:42:45.759+0000] {logging_mixin.py:190} INFO - [2024-10-14T17:42:45.759+0000] {dag.py:4156} INFO - Setting next_dagrun for dag_ccl to 2024-10-14 00:00:00+00:00, run_after=2024-10-15 00:00:00+00:00
[2024-10-14T17:42:45.767+0000] {processor.py:208} INFO - Processing /opt/airflow/dags/dag_ccl.py took 0.263 seconds
[2024-10-14T17:43:16.069+0000] {processor.py:186} INFO - Started process (PID=23218) to work on /opt/airflow/dags/dag_ccl.py
[2024-10-14T17:43:16.071+0000] {processor.py:914} INFO - Processing file /opt/airflow/dags/dag_ccl.py for tasks to queue
[2024-10-14T17:43:16.072+0000] {logging_mixin.py:190} INFO - [2024-10-14T17:43:16.072+0000] {dagbag.py:587} INFO - Filling up the DagBag from /opt/airflow/dags/dag_ccl.py
[2024-10-14T17:43:16.318+0000] {processor.py:925} INFO - DAG(s) 'dag_ccl' retrieved from /opt/airflow/dags/dag_ccl.py
[2024-10-14T17:43:16.339+0000] {logging_mixin.py:190} INFO - [2024-10-14T17:43:16.339+0000] {dag.py:3229} INFO - Sync 1 DAGs
[2024-10-14T17:43:16.362+0000] {logging_mixin.py:190} INFO - [2024-10-14T17:43:16.361+0000] {dag.py:4156} INFO - Setting next_dagrun for dag_ccl to 2024-10-14 00:00:00+00:00, run_after=2024-10-15 00:00:00+00:00
[2024-10-14T17:43:16.381+0000] {processor.py:208} INFO - Processing /opt/airflow/dags/dag_ccl.py took 0.323 seconds
[2024-10-14T17:43:46.685+0000] {processor.py:186} INFO - Started process (PID=23228) to work on /opt/airflow/dags/dag_ccl.py
[2024-10-14T17:43:46.686+0000] {processor.py:914} INFO - Processing file /opt/airflow/dags/dag_ccl.py for tasks to queue
[2024-10-14T17:43:46.687+0000] {logging_mixin.py:190} INFO - [2024-10-14T17:43:46.687+0000] {dagbag.py:587} INFO - Filling up the DagBag from /opt/airflow/dags/dag_ccl.py
[2024-10-14T17:43:46.905+0000] {processor.py:925} INFO - DAG(s) 'dag_ccl' retrieved from /opt/airflow/dags/dag_ccl.py
[2024-10-14T17:43:46.920+0000] {logging_mixin.py:190} INFO - [2024-10-14T17:43:46.920+0000] {dag.py:3229} INFO - Sync 1 DAGs
[2024-10-14T17:43:46.932+0000] {logging_mixin.py:190} INFO - [2024-10-14T17:43:46.932+0000] {dag.py:4156} INFO - Setting next_dagrun for dag_ccl to 2024-10-14 00:00:00+00:00, run_after=2024-10-15 00:00:00+00:00
[2024-10-14T17:43:46.941+0000] {processor.py:208} INFO - Processing /opt/airflow/dags/dag_ccl.py took 0.261 seconds
[2024-10-14T17:44:17.301+0000] {processor.py:186} INFO - Started process (PID=23238) to work on /opt/airflow/dags/dag_ccl.py
[2024-10-14T17:44:17.303+0000] {processor.py:914} INFO - Processing file /opt/airflow/dags/dag_ccl.py for tasks to queue
[2024-10-14T17:44:17.304+0000] {logging_mixin.py:190} INFO - [2024-10-14T17:44:17.303+0000] {dagbag.py:587} INFO - Filling up the DagBag from /opt/airflow/dags/dag_ccl.py
[2024-10-14T17:44:17.501+0000] {processor.py:925} INFO - DAG(s) 'dag_ccl' retrieved from /opt/airflow/dags/dag_ccl.py
[2024-10-14T17:44:17.516+0000] {logging_mixin.py:190} INFO - [2024-10-14T17:44:17.516+0000] {dag.py:3229} INFO - Sync 1 DAGs
[2024-10-14T17:44:17.529+0000] {logging_mixin.py:190} INFO - [2024-10-14T17:44:17.529+0000] {dag.py:4156} INFO - Setting next_dagrun for dag_ccl to 2024-10-14 00:00:00+00:00, run_after=2024-10-15 00:00:00+00:00
[2024-10-14T17:44:17.539+0000] {processor.py:208} INFO - Processing /opt/airflow/dags/dag_ccl.py took 0.247 seconds
[2024-10-14T17:44:47.914+0000] {processor.py:186} INFO - Started process (PID=23248) to work on /opt/airflow/dags/dag_ccl.py
[2024-10-14T17:44:47.916+0000] {processor.py:914} INFO - Processing file /opt/airflow/dags/dag_ccl.py for tasks to queue
[2024-10-14T17:44:47.918+0000] {logging_mixin.py:190} INFO - [2024-10-14T17:44:47.917+0000] {dagbag.py:587} INFO - Filling up the DagBag from /opt/airflow/dags/dag_ccl.py
[2024-10-14T17:44:48.146+0000] {processor.py:925} INFO - DAG(s) 'dag_ccl' retrieved from /opt/airflow/dags/dag_ccl.py
[2024-10-14T17:44:48.163+0000] {logging_mixin.py:190} INFO - [2024-10-14T17:44:48.163+0000] {dag.py:3229} INFO - Sync 1 DAGs
[2024-10-14T17:44:48.177+0000] {logging_mixin.py:190} INFO - [2024-10-14T17:44:48.177+0000] {dag.py:4156} INFO - Setting next_dagrun for dag_ccl to 2024-10-14 00:00:00+00:00, run_after=2024-10-15 00:00:00+00:00
[2024-10-14T17:44:48.186+0000] {processor.py:208} INFO - Processing /opt/airflow/dags/dag_ccl.py took 0.285 seconds
[2024-10-14T17:45:18.538+0000] {processor.py:186} INFO - Started process (PID=23258) to work on /opt/airflow/dags/dag_ccl.py
[2024-10-14T17:45:18.540+0000] {processor.py:914} INFO - Processing file /opt/airflow/dags/dag_ccl.py for tasks to queue
[2024-10-14T17:45:18.542+0000] {logging_mixin.py:190} INFO - [2024-10-14T17:45:18.541+0000] {dagbag.py:587} INFO - Filling up the DagBag from /opt/airflow/dags/dag_ccl.py
[2024-10-14T17:45:18.762+0000] {processor.py:925} INFO - DAG(s) 'dag_ccl' retrieved from /opt/airflow/dags/dag_ccl.py
[2024-10-14T17:45:18.777+0000] {logging_mixin.py:190} INFO - [2024-10-14T17:45:18.776+0000] {dag.py:3229} INFO - Sync 1 DAGs
[2024-10-14T17:45:18.789+0000] {logging_mixin.py:190} INFO - [2024-10-14T17:45:18.789+0000] {dag.py:4156} INFO - Setting next_dagrun for dag_ccl to 2024-10-14 00:00:00+00:00, run_after=2024-10-15 00:00:00+00:00
[2024-10-14T17:45:18.798+0000] {processor.py:208} INFO - Processing /opt/airflow/dags/dag_ccl.py took 0.271 seconds
[2024-10-14T17:45:49.187+0000] {processor.py:186} INFO - Started process (PID=23268) to work on /opt/airflow/dags/dag_ccl.py
[2024-10-14T17:45:49.189+0000] {processor.py:914} INFO - Processing file /opt/airflow/dags/dag_ccl.py for tasks to queue
[2024-10-14T17:45:49.192+0000] {logging_mixin.py:190} INFO - [2024-10-14T17:45:49.192+0000] {dagbag.py:587} INFO - Filling up the DagBag from /opt/airflow/dags/dag_ccl.py
[2024-10-14T17:45:49.387+0000] {processor.py:925} INFO - DAG(s) 'dag_ccl' retrieved from /opt/airflow/dags/dag_ccl.py
[2024-10-14T17:45:49.401+0000] {logging_mixin.py:190} INFO - [2024-10-14T17:45:49.401+0000] {dag.py:3229} INFO - Sync 1 DAGs
[2024-10-14T17:45:49.414+0000] {logging_mixin.py:190} INFO - [2024-10-14T17:45:49.413+0000] {dag.py:4156} INFO - Setting next_dagrun for dag_ccl to 2024-10-14 00:00:00+00:00, run_after=2024-10-15 00:00:00+00:00
[2024-10-14T17:45:49.421+0000] {processor.py:208} INFO - Processing /opt/airflow/dags/dag_ccl.py took 0.245 seconds
[2024-10-14T17:46:19.740+0000] {processor.py:186} INFO - Started process (PID=23278) to work on /opt/airflow/dags/dag_ccl.py
[2024-10-14T17:46:19.742+0000] {processor.py:914} INFO - Processing file /opt/airflow/dags/dag_ccl.py for tasks to queue
[2024-10-14T17:46:19.745+0000] {logging_mixin.py:190} INFO - [2024-10-14T17:46:19.745+0000] {dagbag.py:587} INFO - Filling up the DagBag from /opt/airflow/dags/dag_ccl.py
[2024-10-14T17:46:20.212+0000] {processor.py:925} INFO - DAG(s) 'dag_ccl' retrieved from /opt/airflow/dags/dag_ccl.py
[2024-10-14T17:46:20.270+0000] {logging_mixin.py:190} INFO - [2024-10-14T17:46:20.270+0000] {dag.py:3229} INFO - Sync 1 DAGs
[2024-10-14T17:46:20.300+0000] {logging_mixin.py:190} INFO - [2024-10-14T17:46:20.299+0000] {dag.py:4156} INFO - Setting next_dagrun for dag_ccl to 2024-10-14 00:00:00+00:00, run_after=2024-10-15 00:00:00+00:00
[2024-10-14T17:46:20.316+0000] {processor.py:208} INFO - Processing /opt/airflow/dags/dag_ccl.py took 0.590 seconds
[2024-10-14T17:46:50.388+0000] {processor.py:186} INFO - Started process (PID=23288) to work on /opt/airflow/dags/dag_ccl.py
[2024-10-14T17:46:50.391+0000] {processor.py:914} INFO - Processing file /opt/airflow/dags/dag_ccl.py for tasks to queue
[2024-10-14T17:46:50.393+0000] {logging_mixin.py:190} INFO - [2024-10-14T17:46:50.392+0000] {dagbag.py:587} INFO - Filling up the DagBag from /opt/airflow/dags/dag_ccl.py
[2024-10-14T17:46:50.642+0000] {processor.py:925} INFO - DAG(s) 'dag_ccl' retrieved from /opt/airflow/dags/dag_ccl.py
[2024-10-14T17:46:50.661+0000] {logging_mixin.py:190} INFO - [2024-10-14T17:46:50.661+0000] {dag.py:3229} INFO - Sync 1 DAGs
[2024-10-14T17:46:50.676+0000] {logging_mixin.py:190} INFO - [2024-10-14T17:46:50.676+0000] {dag.py:4156} INFO - Setting next_dagrun for dag_ccl to 2024-10-14 00:00:00+00:00, run_after=2024-10-15 00:00:00+00:00
[2024-10-14T17:46:50.685+0000] {processor.py:208} INFO - Processing /opt/airflow/dags/dag_ccl.py took 0.311 seconds
[2024-10-14T17:47:21.053+0000] {processor.py:186} INFO - Started process (PID=23298) to work on /opt/airflow/dags/dag_ccl.py
[2024-10-14T17:47:21.055+0000] {processor.py:914} INFO - Processing file /opt/airflow/dags/dag_ccl.py for tasks to queue
[2024-10-14T17:47:21.057+0000] {logging_mixin.py:190} INFO - [2024-10-14T17:47:21.057+0000] {dagbag.py:587} INFO - Filling up the DagBag from /opt/airflow/dags/dag_ccl.py
[2024-10-14T17:47:21.338+0000] {processor.py:925} INFO - DAG(s) 'dag_ccl' retrieved from /opt/airflow/dags/dag_ccl.py
[2024-10-14T17:47:21.362+0000] {logging_mixin.py:190} INFO - [2024-10-14T17:47:21.362+0000] {dag.py:3229} INFO - Sync 1 DAGs
[2024-10-14T17:47:21.390+0000] {logging_mixin.py:190} INFO - [2024-10-14T17:47:21.390+0000] {dag.py:4156} INFO - Setting next_dagrun for dag_ccl to 2024-10-14 00:00:00+00:00, run_after=2024-10-15 00:00:00+00:00
[2024-10-14T17:47:21.404+0000] {processor.py:208} INFO - Processing /opt/airflow/dags/dag_ccl.py took 0.366 seconds
[2024-10-14T17:47:51.741+0000] {processor.py:186} INFO - Started process (PID=23308) to work on /opt/airflow/dags/dag_ccl.py
[2024-10-14T17:47:51.744+0000] {processor.py:914} INFO - Processing file /opt/airflow/dags/dag_ccl.py for tasks to queue
[2024-10-14T17:47:51.746+0000] {logging_mixin.py:190} INFO - [2024-10-14T17:47:51.745+0000] {dagbag.py:587} INFO - Filling up the DagBag from /opt/airflow/dags/dag_ccl.py
[2024-10-14T17:47:51.956+0000] {processor.py:925} INFO - DAG(s) 'dag_ccl' retrieved from /opt/airflow/dags/dag_ccl.py
[2024-10-14T17:47:51.972+0000] {logging_mixin.py:190} INFO - [2024-10-14T17:47:51.972+0000] {dag.py:3229} INFO - Sync 1 DAGs
[2024-10-14T17:47:51.984+0000] {logging_mixin.py:190} INFO - [2024-10-14T17:47:51.984+0000] {dag.py:4156} INFO - Setting next_dagrun for dag_ccl to 2024-10-14 00:00:00+00:00, run_after=2024-10-15 00:00:00+00:00
[2024-10-14T17:47:51.993+0000] {processor.py:208} INFO - Processing /opt/airflow/dags/dag_ccl.py took 0.265 seconds
[2024-10-14T17:48:22.330+0000] {processor.py:186} INFO - Started process (PID=23318) to work on /opt/airflow/dags/dag_ccl.py
[2024-10-14T17:48:22.332+0000] {processor.py:914} INFO - Processing file /opt/airflow/dags/dag_ccl.py for tasks to queue
[2024-10-14T17:48:22.333+0000] {logging_mixin.py:190} INFO - [2024-10-14T17:48:22.333+0000] {dagbag.py:587} INFO - Filling up the DagBag from /opt/airflow/dags/dag_ccl.py
[2024-10-14T17:48:22.549+0000] {processor.py:925} INFO - DAG(s) 'dag_ccl' retrieved from /opt/airflow/dags/dag_ccl.py
[2024-10-14T17:48:22.567+0000] {logging_mixin.py:190} INFO - [2024-10-14T17:48:22.567+0000] {dag.py:3229} INFO - Sync 1 DAGs
[2024-10-14T17:48:22.582+0000] {logging_mixin.py:190} INFO - [2024-10-14T17:48:22.582+0000] {dag.py:4156} INFO - Setting next_dagrun for dag_ccl to 2024-10-14 00:00:00+00:00, run_after=2024-10-15 00:00:00+00:00
[2024-10-14T17:48:22.592+0000] {processor.py:208} INFO - Processing /opt/airflow/dags/dag_ccl.py took 0.277 seconds
[2024-10-14T17:48:52.898+0000] {processor.py:186} INFO - Started process (PID=23328) to work on /opt/airflow/dags/dag_ccl.py
[2024-10-14T17:48:52.915+0000] {processor.py:914} INFO - Processing file /opt/airflow/dags/dag_ccl.py for tasks to queue
[2024-10-14T17:48:52.922+0000] {logging_mixin.py:190} INFO - [2024-10-14T17:48:52.919+0000] {dagbag.py:587} INFO - Filling up the DagBag from /opt/airflow/dags/dag_ccl.py
[2024-10-14T17:48:53.965+0000] {processor.py:925} INFO - DAG(s) 'dag_ccl' retrieved from /opt/airflow/dags/dag_ccl.py
[2024-10-14T17:48:54.071+0000] {logging_mixin.py:190} INFO - [2024-10-14T17:48:54.069+0000] {dag.py:3229} INFO - Sync 1 DAGs
[2024-10-14T17:48:54.147+0000] {logging_mixin.py:190} INFO - [2024-10-14T17:48:54.147+0000] {dag.py:4156} INFO - Setting next_dagrun for dag_ccl to 2024-10-14 00:00:00+00:00, run_after=2024-10-15 00:00:00+00:00
[2024-10-14T17:48:54.191+0000] {processor.py:208} INFO - Processing /opt/airflow/dags/dag_ccl.py took 1.355 seconds
[2024-10-14T17:49:24.937+0000] {processor.py:186} INFO - Started process (PID=23338) to work on /opt/airflow/dags/dag_ccl.py
[2024-10-14T17:49:24.942+0000] {processor.py:914} INFO - Processing file /opt/airflow/dags/dag_ccl.py for tasks to queue
[2024-10-14T17:49:24.948+0000] {logging_mixin.py:190} INFO - [2024-10-14T17:49:24.946+0000] {dagbag.py:587} INFO - Filling up the DagBag from /opt/airflow/dags/dag_ccl.py
[2024-10-14T17:49:26.153+0000] {processor.py:925} INFO - DAG(s) 'dag_ccl' retrieved from /opt/airflow/dags/dag_ccl.py
[2024-10-14T17:49:26.262+0000] {logging_mixin.py:190} INFO - [2024-10-14T17:49:26.262+0000] {dag.py:3229} INFO - Sync 1 DAGs
[2024-10-14T17:49:26.311+0000] {logging_mixin.py:190} INFO - [2024-10-14T17:49:26.310+0000] {dag.py:4156} INFO - Setting next_dagrun for dag_ccl to 2024-10-14 00:00:00+00:00, run_after=2024-10-15 00:00:00+00:00
[2024-10-14T17:49:26.334+0000] {processor.py:208} INFO - Processing /opt/airflow/dags/dag_ccl.py took 1.420 seconds
[2024-10-14T17:49:56.937+0000] {processor.py:186} INFO - Started process (PID=23348) to work on /opt/airflow/dags/dag_ccl.py
[2024-10-14T17:49:56.940+0000] {processor.py:914} INFO - Processing file /opt/airflow/dags/dag_ccl.py for tasks to queue
[2024-10-14T17:49:56.946+0000] {logging_mixin.py:190} INFO - [2024-10-14T17:49:56.944+0000] {dagbag.py:587} INFO - Filling up the DagBag from /opt/airflow/dags/dag_ccl.py
[2024-10-14T17:49:57.761+0000] {processor.py:925} INFO - DAG(s) 'dag_ccl' retrieved from /opt/airflow/dags/dag_ccl.py
[2024-10-14T17:49:57.852+0000] {logging_mixin.py:190} INFO - [2024-10-14T17:49:57.851+0000] {dag.py:3229} INFO - Sync 1 DAGs
[2024-10-14T17:49:57.885+0000] {logging_mixin.py:190} INFO - [2024-10-14T17:49:57.885+0000] {dag.py:4156} INFO - Setting next_dagrun for dag_ccl to 2024-10-14 00:00:00+00:00, run_after=2024-10-15 00:00:00+00:00
[2024-10-14T17:49:57.953+0000] {processor.py:208} INFO - Processing /opt/airflow/dags/dag_ccl.py took 1.036 seconds
[2024-10-14T17:50:28.566+0000] {processor.py:186} INFO - Started process (PID=23358) to work on /opt/airflow/dags/dag_ccl.py
[2024-10-14T17:50:28.610+0000] {processor.py:914} INFO - Processing file /opt/airflow/dags/dag_ccl.py for tasks to queue
[2024-10-14T17:50:28.638+0000] {logging_mixin.py:190} INFO - [2024-10-14T17:50:28.635+0000] {dagbag.py:587} INFO - Filling up the DagBag from /opt/airflow/dags/dag_ccl.py
[2024-10-14T17:50:29.619+0000] {processor.py:925} INFO - DAG(s) 'dag_ccl' retrieved from /opt/airflow/dags/dag_ccl.py
[2024-10-14T17:50:30.772+0000] {logging_mixin.py:190} INFO - [2024-10-14T17:50:30.768+0000] {dag.py:3229} INFO - Sync 1 DAGs
[2024-10-14T17:50:30.848+0000] {logging_mixin.py:190} INFO - [2024-10-14T17:50:30.848+0000] {dag.py:4156} INFO - Setting next_dagrun for dag_ccl to 2024-10-14 00:00:00+00:00, run_after=2024-10-15 00:00:00+00:00
[2024-10-14T17:50:30.885+0000] {processor.py:208} INFO - Processing /opt/airflow/dags/dag_ccl.py took 2.354 seconds
[2024-10-14T17:51:01.633+0000] {processor.py:186} INFO - Started process (PID=23368) to work on /opt/airflow/dags/dag_ccl.py
[2024-10-14T17:51:01.646+0000] {processor.py:914} INFO - Processing file /opt/airflow/dags/dag_ccl.py for tasks to queue
[2024-10-14T17:51:01.652+0000] {logging_mixin.py:190} INFO - [2024-10-14T17:51:01.651+0000] {dagbag.py:587} INFO - Filling up the DagBag from /opt/airflow/dags/dag_ccl.py
[2024-10-14T17:51:02.378+0000] {processor.py:925} INFO - DAG(s) 'dag_ccl' retrieved from /opt/airflow/dags/dag_ccl.py
[2024-10-14T17:51:02.457+0000] {logging_mixin.py:190} INFO - [2024-10-14T17:51:02.457+0000] {dag.py:3229} INFO - Sync 1 DAGs
[2024-10-14T17:51:02.508+0000] {logging_mixin.py:190} INFO - [2024-10-14T17:51:02.507+0000] {dag.py:4156} INFO - Setting next_dagrun for dag_ccl to 2024-10-14 00:00:00+00:00, run_after=2024-10-15 00:00:00+00:00
[2024-10-14T17:51:02.533+0000] {processor.py:208} INFO - Processing /opt/airflow/dags/dag_ccl.py took 0.928 seconds
[2024-10-14T17:51:33.005+0000] {processor.py:186} INFO - Started process (PID=23378) to work on /opt/airflow/dags/dag_ccl.py
[2024-10-14T17:51:33.009+0000] {processor.py:914} INFO - Processing file /opt/airflow/dags/dag_ccl.py for tasks to queue
[2024-10-14T17:51:33.016+0000] {logging_mixin.py:190} INFO - [2024-10-14T17:51:33.012+0000] {dagbag.py:587} INFO - Filling up the DagBag from /opt/airflow/dags/dag_ccl.py
[2024-10-14T17:51:33.945+0000] {processor.py:925} INFO - DAG(s) 'dag_ccl' retrieved from /opt/airflow/dags/dag_ccl.py
[2024-10-14T17:51:34.099+0000] {logging_mixin.py:190} INFO - [2024-10-14T17:51:34.097+0000] {dag.py:3229} INFO - Sync 1 DAGs
[2024-10-14T17:51:34.172+0000] {logging_mixin.py:190} INFO - [2024-10-14T17:51:34.171+0000] {dag.py:4156} INFO - Setting next_dagrun for dag_ccl to 2024-10-14 00:00:00+00:00, run_after=2024-10-15 00:00:00+00:00
[2024-10-14T17:51:34.239+0000] {processor.py:208} INFO - Processing /opt/airflow/dags/dag_ccl.py took 1.277 seconds
[2024-10-14T17:52:05.018+0000] {processor.py:186} INFO - Started process (PID=23392) to work on /opt/airflow/dags/dag_ccl.py
[2024-10-14T17:52:05.021+0000] {processor.py:914} INFO - Processing file /opt/airflow/dags/dag_ccl.py for tasks to queue
[2024-10-14T17:52:05.023+0000] {logging_mixin.py:190} INFO - [2024-10-14T17:52:05.022+0000] {dagbag.py:587} INFO - Filling up the DagBag from /opt/airflow/dags/dag_ccl.py
[2024-10-14T17:52:05.408+0000] {processor.py:925} INFO - DAG(s) 'dag_ccl' retrieved from /opt/airflow/dags/dag_ccl.py
[2024-10-14T17:52:05.440+0000] {logging_mixin.py:190} INFO - [2024-10-14T17:52:05.439+0000] {dag.py:3229} INFO - Sync 1 DAGs
[2024-10-14T17:52:05.492+0000] {logging_mixin.py:190} INFO - [2024-10-14T17:52:05.491+0000] {dag.py:4156} INFO - Setting next_dagrun for dag_ccl to 2024-10-14 00:00:00+00:00, run_after=2024-10-15 00:00:00+00:00
[2024-10-14T17:52:05.539+0000] {processor.py:208} INFO - Processing /opt/airflow/dags/dag_ccl.py took 0.531 seconds
[2024-10-14T17:52:35.609+0000] {processor.py:186} INFO - Started process (PID=23402) to work on /opt/airflow/dags/dag_ccl.py
[2024-10-14T17:52:35.611+0000] {processor.py:914} INFO - Processing file /opt/airflow/dags/dag_ccl.py for tasks to queue
[2024-10-14T17:52:35.612+0000] {logging_mixin.py:190} INFO - [2024-10-14T17:52:35.612+0000] {dagbag.py:587} INFO - Filling up the DagBag from /opt/airflow/dags/dag_ccl.py
[2024-10-14T17:52:35.862+0000] {processor.py:925} INFO - DAG(s) 'dag_ccl' retrieved from /opt/airflow/dags/dag_ccl.py
[2024-10-14T17:52:35.882+0000] {logging_mixin.py:190} INFO - [2024-10-14T17:52:35.881+0000] {dag.py:3229} INFO - Sync 1 DAGs
[2024-10-14T17:52:35.897+0000] {logging_mixin.py:190} INFO - [2024-10-14T17:52:35.896+0000] {dag.py:4156} INFO - Setting next_dagrun for dag_ccl to 2024-10-14 00:00:00+00:00, run_after=2024-10-15 00:00:00+00:00
[2024-10-14T17:52:35.911+0000] {processor.py:208} INFO - Processing /opt/airflow/dags/dag_ccl.py took 0.310 seconds
[2024-10-14T17:53:06.184+0000] {processor.py:186} INFO - Started process (PID=23412) to work on /opt/airflow/dags/dag_ccl.py
[2024-10-14T17:53:06.186+0000] {processor.py:914} INFO - Processing file /opt/airflow/dags/dag_ccl.py for tasks to queue
[2024-10-14T17:53:06.187+0000] {logging_mixin.py:190} INFO - [2024-10-14T17:53:06.187+0000] {dagbag.py:587} INFO - Filling up the DagBag from /opt/airflow/dags/dag_ccl.py
[2024-10-14T17:53:06.377+0000] {processor.py:925} INFO - DAG(s) 'dag_ccl' retrieved from /opt/airflow/dags/dag_ccl.py
[2024-10-14T17:53:06.393+0000] {logging_mixin.py:190} INFO - [2024-10-14T17:53:06.392+0000] {dag.py:3229} INFO - Sync 1 DAGs
[2024-10-14T17:53:06.406+0000] {logging_mixin.py:190} INFO - [2024-10-14T17:53:06.406+0000] {dag.py:4156} INFO - Setting next_dagrun for dag_ccl to 2024-10-14 00:00:00+00:00, run_after=2024-10-15 00:00:00+00:00
[2024-10-14T17:53:06.415+0000] {processor.py:208} INFO - Processing /opt/airflow/dags/dag_ccl.py took 0.238 seconds
[2024-10-14T17:53:36.740+0000] {processor.py:186} INFO - Started process (PID=23422) to work on /opt/airflow/dags/dag_ccl.py
[2024-10-14T17:53:36.744+0000] {processor.py:914} INFO - Processing file /opt/airflow/dags/dag_ccl.py for tasks to queue
[2024-10-14T17:53:36.747+0000] {logging_mixin.py:190} INFO - [2024-10-14T17:53:36.746+0000] {dagbag.py:587} INFO - Filling up the DagBag from /opt/airflow/dags/dag_ccl.py
[2024-10-14T17:53:37.124+0000] {processor.py:925} INFO - DAG(s) 'dag_ccl' retrieved from /opt/airflow/dags/dag_ccl.py
[2024-10-14T17:53:37.160+0000] {logging_mixin.py:190} INFO - [2024-10-14T17:53:37.159+0000] {dag.py:3229} INFO - Sync 1 DAGs
[2024-10-14T17:53:37.198+0000] {logging_mixin.py:190} INFO - [2024-10-14T17:53:37.197+0000] {dag.py:4156} INFO - Setting next_dagrun for dag_ccl to 2024-10-14 00:00:00+00:00, run_after=2024-10-15 00:00:00+00:00
[2024-10-14T17:53:37.235+0000] {processor.py:208} INFO - Processing /opt/airflow/dags/dag_ccl.py took 0.506 seconds
[2024-10-14T17:54:07.980+0000] {processor.py:186} INFO - Started process (PID=23432) to work on /opt/airflow/dags/dag_ccl.py
[2024-10-14T17:54:07.984+0000] {processor.py:914} INFO - Processing file /opt/airflow/dags/dag_ccl.py for tasks to queue
[2024-10-14T17:54:07.989+0000] {logging_mixin.py:190} INFO - [2024-10-14T17:54:07.987+0000] {dagbag.py:587} INFO - Filling up the DagBag from /opt/airflow/dags/dag_ccl.py
[2024-10-14T17:54:08.759+0000] {processor.py:925} INFO - DAG(s) 'dag_ccl' retrieved from /opt/airflow/dags/dag_ccl.py
[2024-10-14T17:54:08.794+0000] {logging_mixin.py:190} INFO - [2024-10-14T17:54:08.794+0000] {dag.py:3229} INFO - Sync 1 DAGs
[2024-10-14T17:54:08.820+0000] {logging_mixin.py:190} INFO - [2024-10-14T17:54:08.820+0000] {dag.py:4156} INFO - Setting next_dagrun for dag_ccl to 2024-10-14 00:00:00+00:00, run_after=2024-10-15 00:00:00+00:00
[2024-10-14T17:54:08.841+0000] {processor.py:208} INFO - Processing /opt/airflow/dags/dag_ccl.py took 0.884 seconds
[2024-10-14T17:54:39.455+0000] {processor.py:186} INFO - Started process (PID=23440) to work on /opt/airflow/dags/dag_ccl.py
[2024-10-14T17:54:39.459+0000] {processor.py:914} INFO - Processing file /opt/airflow/dags/dag_ccl.py for tasks to queue
[2024-10-14T17:54:39.462+0000] {logging_mixin.py:190} INFO - [2024-10-14T17:54:39.461+0000] {dagbag.py:587} INFO - Filling up the DagBag from /opt/airflow/dags/dag_ccl.py
[2024-10-14T17:54:40.119+0000] {processor.py:925} INFO - DAG(s) 'dag_ccl' retrieved from /opt/airflow/dags/dag_ccl.py
[2024-10-14T17:54:40.201+0000] {logging_mixin.py:190} INFO - [2024-10-14T17:54:40.199+0000] {dag.py:3229} INFO - Sync 1 DAGs
[2024-10-14T17:54:40.320+0000] {logging_mixin.py:190} INFO - [2024-10-14T17:54:40.319+0000] {dag.py:4156} INFO - Setting next_dagrun for dag_ccl to 2024-10-14 00:00:00+00:00, run_after=2024-10-15 00:00:00+00:00
[2024-10-14T17:54:40.391+0000] {processor.py:208} INFO - Processing /opt/airflow/dags/dag_ccl.py took 0.976 seconds
[2024-10-14T17:55:11.560+0000] {processor.py:186} INFO - Started process (PID=23449) to work on /opt/airflow/dags/dag_ccl.py
[2024-10-14T17:55:11.564+0000] {processor.py:914} INFO - Processing file /opt/airflow/dags/dag_ccl.py for tasks to queue
[2024-10-14T17:55:11.583+0000] {logging_mixin.py:190} INFO - [2024-10-14T17:55:11.575+0000] {dagbag.py:587} INFO - Filling up the DagBag from /opt/airflow/dags/dag_ccl.py
[2024-10-14T17:55:12.153+0000] {processor.py:925} INFO - DAG(s) 'dag_ccl' retrieved from /opt/airflow/dags/dag_ccl.py
[2024-10-14T17:55:12.225+0000] {logging_mixin.py:190} INFO - [2024-10-14T17:55:12.224+0000] {dag.py:3229} INFO - Sync 1 DAGs
[2024-10-14T17:55:12.277+0000] {logging_mixin.py:190} INFO - [2024-10-14T17:55:12.277+0000] {dag.py:4156} INFO - Setting next_dagrun for dag_ccl to 2024-10-14 00:00:00+00:00, run_after=2024-10-15 00:00:00+00:00
[2024-10-14T17:55:12.300+0000] {processor.py:208} INFO - Processing /opt/airflow/dags/dag_ccl.py took 0.769 seconds
[2024-10-14T17:55:43.307+0000] {processor.py:186} INFO - Started process (PID=23459) to work on /opt/airflow/dags/dag_ccl.py
[2024-10-14T17:55:43.312+0000] {processor.py:914} INFO - Processing file /opt/airflow/dags/dag_ccl.py for tasks to queue
[2024-10-14T17:55:43.319+0000] {logging_mixin.py:190} INFO - [2024-10-14T17:55:43.318+0000] {dagbag.py:587} INFO - Filling up the DagBag from /opt/airflow/dags/dag_ccl.py
[2024-10-14T17:55:43.959+0000] {processor.py:925} INFO - DAG(s) 'dag_ccl' retrieved from /opt/airflow/dags/dag_ccl.py
[2024-10-14T17:55:44.021+0000] {logging_mixin.py:190} INFO - [2024-10-14T17:55:44.021+0000] {dag.py:3229} INFO - Sync 1 DAGs
[2024-10-14T17:55:44.070+0000] {logging_mixin.py:190} INFO - [2024-10-14T17:55:44.069+0000] {dag.py:4156} INFO - Setting next_dagrun for dag_ccl to 2024-10-14 00:00:00+00:00, run_after=2024-10-15 00:00:00+00:00
[2024-10-14T17:55:44.094+0000] {processor.py:208} INFO - Processing /opt/airflow/dags/dag_ccl.py took 0.816 seconds
[2024-10-14T17:56:14.958+0000] {processor.py:186} INFO - Started process (PID=23469) to work on /opt/airflow/dags/dag_ccl.py
[2024-10-14T17:56:14.961+0000] {processor.py:914} INFO - Processing file /opt/airflow/dags/dag_ccl.py for tasks to queue
[2024-10-14T17:56:14.965+0000] {logging_mixin.py:190} INFO - [2024-10-14T17:56:14.964+0000] {dagbag.py:587} INFO - Filling up the DagBag from /opt/airflow/dags/dag_ccl.py
[2024-10-14T17:56:15.549+0000] {processor.py:925} INFO - DAG(s) 'dag_ccl' retrieved from /opt/airflow/dags/dag_ccl.py
[2024-10-14T17:56:15.638+0000] {logging_mixin.py:190} INFO - [2024-10-14T17:56:15.637+0000] {dag.py:3229} INFO - Sync 1 DAGs
[2024-10-14T17:56:15.677+0000] {logging_mixin.py:190} INFO - [2024-10-14T17:56:15.677+0000] {dag.py:4156} INFO - Setting next_dagrun for dag_ccl to 2024-10-14 00:00:00+00:00, run_after=2024-10-15 00:00:00+00:00
[2024-10-14T17:56:15.903+0000] {processor.py:208} INFO - Processing /opt/airflow/dags/dag_ccl.py took 0.965 seconds
[2024-10-14T17:56:46.394+0000] {processor.py:186} INFO - Started process (PID=23479) to work on /opt/airflow/dags/dag_ccl.py
[2024-10-14T17:56:46.396+0000] {processor.py:914} INFO - Processing file /opt/airflow/dags/dag_ccl.py for tasks to queue
[2024-10-14T17:56:46.399+0000] {logging_mixin.py:190} INFO - [2024-10-14T17:56:46.398+0000] {dagbag.py:587} INFO - Filling up the DagBag from /opt/airflow/dags/dag_ccl.py
[2024-10-14T17:56:46.876+0000] {processor.py:925} INFO - DAG(s) 'dag_ccl' retrieved from /opt/airflow/dags/dag_ccl.py
[2024-10-14T17:56:46.926+0000] {logging_mixin.py:190} INFO - [2024-10-14T17:56:46.925+0000] {dag.py:3229} INFO - Sync 1 DAGs
[2024-10-14T17:56:46.981+0000] {logging_mixin.py:190} INFO - [2024-10-14T17:56:46.981+0000] {dag.py:4156} INFO - Setting next_dagrun for dag_ccl to 2024-10-14 00:00:00+00:00, run_after=2024-10-15 00:00:00+00:00
[2024-10-14T17:56:46.999+0000] {processor.py:208} INFO - Processing /opt/airflow/dags/dag_ccl.py took 0.619 seconds
[2024-10-14T17:57:17.306+0000] {processor.py:186} INFO - Started process (PID=23489) to work on /opt/airflow/dags/dag_ccl.py
[2024-10-14T17:57:17.307+0000] {processor.py:914} INFO - Processing file /opt/airflow/dags/dag_ccl.py for tasks to queue
[2024-10-14T17:57:17.310+0000] {logging_mixin.py:190} INFO - [2024-10-14T17:57:17.309+0000] {dagbag.py:587} INFO - Filling up the DagBag from /opt/airflow/dags/dag_ccl.py
[2024-10-14T17:57:17.513+0000] {processor.py:925} INFO - DAG(s) 'dag_ccl' retrieved from /opt/airflow/dags/dag_ccl.py
[2024-10-14T17:57:17.528+0000] {logging_mixin.py:190} INFO - [2024-10-14T17:57:17.527+0000] {dag.py:3229} INFO - Sync 1 DAGs
[2024-10-14T17:57:17.540+0000] {logging_mixin.py:190} INFO - [2024-10-14T17:57:17.540+0000] {dag.py:4156} INFO - Setting next_dagrun for dag_ccl to 2024-10-14 00:00:00+00:00, run_after=2024-10-15 00:00:00+00:00
[2024-10-14T17:57:17.549+0000] {processor.py:208} INFO - Processing /opt/airflow/dags/dag_ccl.py took 0.252 seconds
[2024-10-14T17:57:48.093+0000] {processor.py:186} INFO - Started process (PID=23499) to work on /opt/airflow/dags/dag_ccl.py
[2024-10-14T17:57:48.095+0000] {processor.py:914} INFO - Processing file /opt/airflow/dags/dag_ccl.py for tasks to queue
[2024-10-14T17:57:48.098+0000] {logging_mixin.py:190} INFO - [2024-10-14T17:57:48.097+0000] {dagbag.py:587} INFO - Filling up the DagBag from /opt/airflow/dags/dag_ccl.py
[2024-10-14T17:57:48.510+0000] {processor.py:925} INFO - DAG(s) 'dag_ccl' retrieved from /opt/airflow/dags/dag_ccl.py
[2024-10-14T17:57:48.579+0000] {logging_mixin.py:190} INFO - [2024-10-14T17:57:48.578+0000] {dag.py:3229} INFO - Sync 1 DAGs
[2024-10-14T17:57:48.603+0000] {logging_mixin.py:190} INFO - [2024-10-14T17:57:48.603+0000] {dag.py:4156} INFO - Setting next_dagrun for dag_ccl to 2024-10-14 00:00:00+00:00, run_after=2024-10-15 00:00:00+00:00
[2024-10-14T17:57:48.613+0000] {processor.py:208} INFO - Processing /opt/airflow/dags/dag_ccl.py took 0.532 seconds
[2024-10-14T17:58:18.980+0000] {processor.py:186} INFO - Started process (PID=23509) to work on /opt/airflow/dags/dag_ccl.py
[2024-10-14T17:58:18.981+0000] {processor.py:914} INFO - Processing file /opt/airflow/dags/dag_ccl.py for tasks to queue
[2024-10-14T17:58:18.983+0000] {logging_mixin.py:190} INFO - [2024-10-14T17:58:18.982+0000] {dagbag.py:587} INFO - Filling up the DagBag from /opt/airflow/dags/dag_ccl.py
[2024-10-14T17:58:19.190+0000] {processor.py:925} INFO - DAG(s) 'dag_ccl' retrieved from /opt/airflow/dags/dag_ccl.py
[2024-10-14T17:58:19.219+0000] {logging_mixin.py:190} INFO - [2024-10-14T17:58:19.219+0000] {dag.py:3229} INFO - Sync 1 DAGs
[2024-10-14T17:58:19.239+0000] {logging_mixin.py:190} INFO - [2024-10-14T17:58:19.238+0000] {dag.py:4156} INFO - Setting next_dagrun for dag_ccl to 2024-10-07 00:00:00+00:00, run_after=2024-10-08 00:00:00+00:00
[2024-10-14T17:58:19.255+0000] {processor.py:208} INFO - Processing /opt/airflow/dags/dag_ccl.py took 0.284 seconds
[2024-10-14T17:58:49.618+0000] {processor.py:186} INFO - Started process (PID=23519) to work on /opt/airflow/dags/dag_ccl.py
[2024-10-14T17:58:49.621+0000] {processor.py:914} INFO - Processing file /opt/airflow/dags/dag_ccl.py for tasks to queue
[2024-10-14T17:58:49.622+0000] {logging_mixin.py:190} INFO - [2024-10-14T17:58:49.622+0000] {dagbag.py:587} INFO - Filling up the DagBag from /opt/airflow/dags/dag_ccl.py
[2024-10-14T17:58:49.964+0000] {processor.py:925} INFO - DAG(s) 'dag_ccl' retrieved from /opt/airflow/dags/dag_ccl.py
[2024-10-14T17:58:49.991+0000] {logging_mixin.py:190} INFO - [2024-10-14T17:58:49.991+0000] {dag.py:3229} INFO - Sync 1 DAGs
[2024-10-14T17:58:50.007+0000] {logging_mixin.py:190} INFO - [2024-10-14T17:58:50.007+0000] {dag.py:4156} INFO - Setting next_dagrun for dag_ccl to 2024-10-14 00:00:00+00:00, run_after=2024-10-15 00:00:00+00:00
[2024-10-14T17:58:50.025+0000] {processor.py:208} INFO - Processing /opt/airflow/dags/dag_ccl.py took 0.439 seconds
[2024-10-14T17:59:20.432+0000] {processor.py:186} INFO - Started process (PID=23529) to work on /opt/airflow/dags/dag_ccl.py
[2024-10-14T17:59:20.434+0000] {processor.py:914} INFO - Processing file /opt/airflow/dags/dag_ccl.py for tasks to queue
[2024-10-14T17:59:20.436+0000] {logging_mixin.py:190} INFO - [2024-10-14T17:59:20.436+0000] {dagbag.py:587} INFO - Filling up the DagBag from /opt/airflow/dags/dag_ccl.py
[2024-10-14T17:59:20.718+0000] {processor.py:925} INFO - DAG(s) 'dag_ccl' retrieved from /opt/airflow/dags/dag_ccl.py
[2024-10-14T17:59:20.743+0000] {logging_mixin.py:190} INFO - [2024-10-14T17:59:20.743+0000] {dag.py:3229} INFO - Sync 1 DAGs
[2024-10-14T17:59:20.761+0000] {logging_mixin.py:190} INFO - [2024-10-14T17:59:20.761+0000] {dag.py:4156} INFO - Setting next_dagrun for dag_ccl to 2024-10-14 00:00:00+00:00, run_after=2024-10-15 00:00:00+00:00
[2024-10-14T17:59:20.773+0000] {processor.py:208} INFO - Processing /opt/airflow/dags/dag_ccl.py took 0.350 seconds
[2024-10-14T17:59:51.252+0000] {processor.py:186} INFO - Started process (PID=23539) to work on /opt/airflow/dags/dag_ccl.py
[2024-10-14T17:59:51.255+0000] {processor.py:914} INFO - Processing file /opt/airflow/dags/dag_ccl.py for tasks to queue
[2024-10-14T17:59:51.256+0000] {logging_mixin.py:190} INFO - [2024-10-14T17:59:51.256+0000] {dagbag.py:587} INFO - Filling up the DagBag from /opt/airflow/dags/dag_ccl.py
[2024-10-14T17:59:51.506+0000] {processor.py:925} INFO - DAG(s) 'dag_ccl' retrieved from /opt/airflow/dags/dag_ccl.py
[2024-10-14T17:59:51.527+0000] {logging_mixin.py:190} INFO - [2024-10-14T17:59:51.527+0000] {dag.py:3229} INFO - Sync 1 DAGs
[2024-10-14T17:59:51.540+0000] {logging_mixin.py:190} INFO - [2024-10-14T17:59:51.540+0000] {dag.py:4156} INFO - Setting next_dagrun for dag_ccl to 2024-10-14 00:00:00+00:00, run_after=2024-10-15 00:00:00+00:00
[2024-10-14T17:59:51.550+0000] {processor.py:208} INFO - Processing /opt/airflow/dags/dag_ccl.py took 0.311 seconds
[2024-10-14T18:00:21.890+0000] {processor.py:186} INFO - Started process (PID=23549) to work on /opt/airflow/dags/dag_ccl.py
[2024-10-14T18:00:21.891+0000] {processor.py:914} INFO - Processing file /opt/airflow/dags/dag_ccl.py for tasks to queue
[2024-10-14T18:00:21.895+0000] {logging_mixin.py:190} INFO - [2024-10-14T18:00:21.894+0000] {dagbag.py:587} INFO - Filling up the DagBag from /opt/airflow/dags/dag_ccl.py
[2024-10-14T18:00:22.141+0000] {processor.py:925} INFO - DAG(s) 'dag_ccl' retrieved from /opt/airflow/dags/dag_ccl.py
[2024-10-14T18:00:22.160+0000] {logging_mixin.py:190} INFO - [2024-10-14T18:00:22.159+0000] {dag.py:3229} INFO - Sync 1 DAGs
[2024-10-14T18:00:22.174+0000] {logging_mixin.py:190} INFO - [2024-10-14T18:00:22.174+0000] {dag.py:4156} INFO - Setting next_dagrun for dag_ccl to 2024-10-14 00:00:00+00:00, run_after=2024-10-15 00:00:00+00:00
[2024-10-14T18:00:22.184+0000] {processor.py:208} INFO - Processing /opt/airflow/dags/dag_ccl.py took 0.305 seconds
[2024-10-14T18:00:52.555+0000] {processor.py:186} INFO - Started process (PID=23559) to work on /opt/airflow/dags/dag_ccl.py
[2024-10-14T18:00:52.558+0000] {processor.py:914} INFO - Processing file /opt/airflow/dags/dag_ccl.py for tasks to queue
[2024-10-14T18:00:52.560+0000] {logging_mixin.py:190} INFO - [2024-10-14T18:00:52.559+0000] {dagbag.py:587} INFO - Filling up the DagBag from /opt/airflow/dags/dag_ccl.py
[2024-10-14T18:00:53.103+0000] {processor.py:925} INFO - DAG(s) 'dag_ccl' retrieved from /opt/airflow/dags/dag_ccl.py
[2024-10-14T18:00:53.155+0000] {logging_mixin.py:190} INFO - [2024-10-14T18:00:53.154+0000] {dag.py:3229} INFO - Sync 1 DAGs
[2024-10-14T18:00:53.195+0000] {logging_mixin.py:190} INFO - [2024-10-14T18:00:53.195+0000] {dag.py:4156} INFO - Setting next_dagrun for dag_ccl to 2024-10-14 00:00:00+00:00, run_after=2024-10-15 00:00:00+00:00
[2024-10-14T18:00:53.217+0000] {processor.py:208} INFO - Processing /opt/airflow/dags/dag_ccl.py took 0.672 seconds
[2024-10-14T18:01:24.148+0000] {processor.py:186} INFO - Started process (PID=23569) to work on /opt/airflow/dags/dag_ccl.py
[2024-10-14T18:01:24.157+0000] {processor.py:914} INFO - Processing file /opt/airflow/dags/dag_ccl.py for tasks to queue
[2024-10-14T18:01:24.171+0000] {logging_mixin.py:190} INFO - [2024-10-14T18:01:24.162+0000] {dagbag.py:587} INFO - Filling up the DagBag from /opt/airflow/dags/dag_ccl.py
[2024-10-14T18:01:26.525+0000] {processor.py:925} INFO - DAG(s) 'dag_ccl' retrieved from /opt/airflow/dags/dag_ccl.py
[2024-10-14T18:01:27.203+0000] {logging_mixin.py:190} INFO - [2024-10-14T18:01:27.200+0000] {dag.py:3229} INFO - Sync 1 DAGs
[2024-10-14T18:01:27.319+0000] {logging_mixin.py:190} INFO - [2024-10-14T18:01:27.318+0000] {dag.py:4156} INFO - Setting next_dagrun for dag_ccl to 2024-10-14 00:00:00+00:00, run_after=2024-10-15 00:00:00+00:00
[2024-10-14T18:01:27.391+0000] {processor.py:208} INFO - Processing /opt/airflow/dags/dag_ccl.py took 3.389 seconds
[2024-10-14T18:01:58.264+0000] {processor.py:186} INFO - Started process (PID=23579) to work on /opt/airflow/dags/dag_ccl.py
[2024-10-14T18:01:58.270+0000] {processor.py:914} INFO - Processing file /opt/airflow/dags/dag_ccl.py for tasks to queue
[2024-10-14T18:01:58.274+0000] {logging_mixin.py:190} INFO - [2024-10-14T18:01:58.272+0000] {dagbag.py:587} INFO - Filling up the DagBag from /opt/airflow/dags/dag_ccl.py
[2024-10-14T18:02:00.090+0000] {processor.py:925} INFO - DAG(s) 'dag_ccl' retrieved from /opt/airflow/dags/dag_ccl.py
[2024-10-14T18:02:00.462+0000] {logging_mixin.py:190} INFO - [2024-10-14T18:02:00.451+0000] {dag.py:3229} INFO - Sync 1 DAGs
[2024-10-14T18:02:00.607+0000] {logging_mixin.py:190} INFO - [2024-10-14T18:02:00.606+0000] {dag.py:4156} INFO - Setting next_dagrun for dag_ccl to 2024-10-14 00:00:00+00:00, run_after=2024-10-15 00:00:00+00:00
[2024-10-14T18:02:00.688+0000] {processor.py:208} INFO - Processing /opt/airflow/dags/dag_ccl.py took 2.469 seconds
[2024-10-14T18:02:31.699+0000] {processor.py:186} INFO - Started process (PID=23589) to work on /opt/airflow/dags/dag_ccl.py
[2024-10-14T18:02:31.707+0000] {processor.py:914} INFO - Processing file /opt/airflow/dags/dag_ccl.py for tasks to queue
[2024-10-14T18:02:31.718+0000] {logging_mixin.py:190} INFO - [2024-10-14T18:02:31.712+0000] {dagbag.py:587} INFO - Filling up the DagBag from /opt/airflow/dags/dag_ccl.py
[2024-10-14T18:02:34.925+0000] {processor.py:925} INFO - DAG(s) 'dag_ccl' retrieved from /opt/airflow/dags/dag_ccl.py
[2024-10-14T18:02:35.408+0000] {logging_mixin.py:190} INFO - [2024-10-14T18:02:35.405+0000] {dag.py:3229} INFO - Sync 1 DAGs
[2024-10-14T18:02:35.727+0000] {logging_mixin.py:190} INFO - [2024-10-14T18:02:35.722+0000] {dag.py:4156} INFO - Setting next_dagrun for dag_ccl to 2024-10-14 00:00:00+00:00, run_after=2024-10-15 00:00:00+00:00
[2024-10-14T18:02:36.039+0000] {processor.py:208} INFO - Processing /opt/airflow/dags/dag_ccl.py took 4.409 seconds
[2024-10-14T18:03:06.588+0000] {processor.py:186} INFO - Started process (PID=23599) to work on /opt/airflow/dags/dag_ccl.py
[2024-10-14T18:03:06.591+0000] {processor.py:914} INFO - Processing file /opt/airflow/dags/dag_ccl.py for tasks to queue
[2024-10-14T18:03:06.594+0000] {logging_mixin.py:190} INFO - [2024-10-14T18:03:06.593+0000] {dagbag.py:587} INFO - Filling up the DagBag from /opt/airflow/dags/dag_ccl.py
[2024-10-14T18:03:08.476+0000] {processor.py:925} INFO - DAG(s) 'dag_ccl' retrieved from /opt/airflow/dags/dag_ccl.py
[2024-10-14T18:03:08.842+0000] {logging_mixin.py:190} INFO - [2024-10-14T18:03:08.840+0000] {dag.py:3229} INFO - Sync 1 DAGs
[2024-10-14T18:03:09.045+0000] {logging_mixin.py:190} INFO - [2024-10-14T18:03:09.044+0000] {dag.py:4156} INFO - Setting next_dagrun for dag_ccl to 2024-10-14 00:00:00+00:00, run_after=2024-10-15 00:00:00+00:00
[2024-10-14T18:03:09.091+0000] {processor.py:208} INFO - Processing /opt/airflow/dags/dag_ccl.py took 2.534 seconds
[2024-10-14T18:03:40.596+0000] {processor.py:186} INFO - Started process (PID=23609) to work on /opt/airflow/dags/dag_ccl.py
[2024-10-14T18:03:40.603+0000] {processor.py:914} INFO - Processing file /opt/airflow/dags/dag_ccl.py for tasks to queue
[2024-10-14T18:03:40.625+0000] {logging_mixin.py:190} INFO - [2024-10-14T18:03:40.622+0000] {dagbag.py:587} INFO - Filling up the DagBag from /opt/airflow/dags/dag_ccl.py
[2024-10-14T18:03:44.102+0000] {processor.py:925} INFO - DAG(s) 'dag_ccl' retrieved from /opt/airflow/dags/dag_ccl.py
[2024-10-14T18:03:44.441+0000] {logging_mixin.py:190} INFO - [2024-10-14T18:03:44.438+0000] {dag.py:3229} INFO - Sync 1 DAGs
[2024-10-14T18:03:44.554+0000] {logging_mixin.py:190} INFO - [2024-10-14T18:03:44.553+0000] {dag.py:4156} INFO - Setting next_dagrun for dag_ccl to 2024-10-14 00:00:00+00:00, run_after=2024-10-15 00:00:00+00:00
[2024-10-14T18:03:44.599+0000] {processor.py:208} INFO - Processing /opt/airflow/dags/dag_ccl.py took 4.240 seconds
[2024-10-14T18:04:15.432+0000] {processor.py:186} INFO - Started process (PID=23624) to work on /opt/airflow/dags/dag_ccl.py
[2024-10-14T18:04:15.451+0000] {processor.py:914} INFO - Processing file /opt/airflow/dags/dag_ccl.py for tasks to queue
[2024-10-14T18:04:15.488+0000] {logging_mixin.py:190} INFO - [2024-10-14T18:04:15.476+0000] {dagbag.py:587} INFO - Filling up the DagBag from /opt/airflow/dags/dag_ccl.py
[2024-10-14T18:04:17.078+0000] {processor.py:925} INFO - DAG(s) 'dag_ccl' retrieved from /opt/airflow/dags/dag_ccl.py
[2024-10-14T18:04:17.222+0000] {logging_mixin.py:190} INFO - [2024-10-14T18:04:17.220+0000] {dag.py:3229} INFO - Sync 1 DAGs
[2024-10-14T18:04:17.303+0000] {logging_mixin.py:190} INFO - [2024-10-14T18:04:17.302+0000] {dag.py:4156} INFO - Setting next_dagrun for dag_ccl to 2024-10-14 00:00:00+00:00, run_after=2024-10-15 00:00:00+00:00
[2024-10-14T18:04:17.338+0000] {processor.py:208} INFO - Processing /opt/airflow/dags/dag_ccl.py took 2.041 seconds
[2024-10-14T18:04:47.667+0000] {processor.py:186} INFO - Started process (PID=23634) to work on /opt/airflow/dags/dag_ccl.py
[2024-10-14T18:04:47.670+0000] {processor.py:914} INFO - Processing file /opt/airflow/dags/dag_ccl.py for tasks to queue
[2024-10-14T18:04:47.671+0000] {logging_mixin.py:190} INFO - [2024-10-14T18:04:47.671+0000] {dagbag.py:587} INFO - Filling up the DagBag from /opt/airflow/dags/dag_ccl.py
[2024-10-14T18:04:48.404+0000] {processor.py:925} INFO - DAG(s) 'dag_ccl' retrieved from /opt/airflow/dags/dag_ccl.py
[2024-10-14T18:04:48.468+0000] {logging_mixin.py:190} INFO - [2024-10-14T18:04:48.467+0000] {dag.py:3229} INFO - Sync 1 DAGs
[2024-10-14T18:04:48.503+0000] {logging_mixin.py:190} INFO - [2024-10-14T18:04:48.503+0000] {dag.py:4156} INFO - Setting next_dagrun for dag_ccl to 2024-10-14 00:00:00+00:00, run_after=2024-10-15 00:00:00+00:00
[2024-10-14T18:04:48.525+0000] {processor.py:208} INFO - Processing /opt/airflow/dags/dag_ccl.py took 0.899 seconds
[2024-10-14T18:05:19.004+0000] {processor.py:186} INFO - Started process (PID=23644) to work on /opt/airflow/dags/dag_ccl.py
[2024-10-14T18:05:19.007+0000] {processor.py:914} INFO - Processing file /opt/airflow/dags/dag_ccl.py for tasks to queue
[2024-10-14T18:05:19.010+0000] {logging_mixin.py:190} INFO - [2024-10-14T18:05:19.009+0000] {dagbag.py:587} INFO - Filling up the DagBag from /opt/airflow/dags/dag_ccl.py
[2024-10-14T18:05:19.380+0000] {processor.py:925} INFO - DAG(s) 'dag_ccl' retrieved from /opt/airflow/dags/dag_ccl.py
[2024-10-14T18:05:19.435+0000] {logging_mixin.py:190} INFO - [2024-10-14T18:05:19.435+0000] {dag.py:3229} INFO - Sync 1 DAGs
[2024-10-14T18:05:19.460+0000] {logging_mixin.py:190} INFO - [2024-10-14T18:05:19.460+0000] {dag.py:4156} INFO - Setting next_dagrun for dag_ccl to 2024-10-14 00:00:00+00:00, run_after=2024-10-15 00:00:00+00:00
[2024-10-14T18:05:19.476+0000] {processor.py:208} INFO - Processing /opt/airflow/dags/dag_ccl.py took 0.490 seconds
[2024-10-14T18:05:49.834+0000] {processor.py:186} INFO - Started process (PID=23654) to work on /opt/airflow/dags/dag_ccl.py
[2024-10-14T18:05:49.837+0000] {processor.py:914} INFO - Processing file /opt/airflow/dags/dag_ccl.py for tasks to queue
[2024-10-14T18:05:49.840+0000] {logging_mixin.py:190} INFO - [2024-10-14T18:05:49.839+0000] {dagbag.py:587} INFO - Filling up the DagBag from /opt/airflow/dags/dag_ccl.py
[2024-10-14T18:05:50.141+0000] {processor.py:925} INFO - DAG(s) 'dag_ccl' retrieved from /opt/airflow/dags/dag_ccl.py
[2024-10-14T18:05:50.177+0000] {logging_mixin.py:190} INFO - [2024-10-14T18:05:50.177+0000] {dag.py:3229} INFO - Sync 1 DAGs
[2024-10-14T18:05:50.194+0000] {logging_mixin.py:190} INFO - [2024-10-14T18:05:50.194+0000] {dag.py:4156} INFO - Setting next_dagrun for dag_ccl to 2024-10-14 00:00:00+00:00, run_after=2024-10-15 00:00:00+00:00
[2024-10-14T18:05:50.214+0000] {processor.py:208} INFO - Processing /opt/airflow/dags/dag_ccl.py took 0.397 seconds
[2024-10-14T18:06:20.535+0000] {processor.py:186} INFO - Started process (PID=23664) to work on /opt/airflow/dags/dag_ccl.py
[2024-10-14T18:06:20.536+0000] {processor.py:914} INFO - Processing file /opt/airflow/dags/dag_ccl.py for tasks to queue
[2024-10-14T18:06:20.538+0000] {logging_mixin.py:190} INFO - [2024-10-14T18:06:20.537+0000] {dagbag.py:587} INFO - Filling up the DagBag from /opt/airflow/dags/dag_ccl.py
[2024-10-14T18:06:20.816+0000] {processor.py:925} INFO - DAG(s) 'dag_ccl' retrieved from /opt/airflow/dags/dag_ccl.py
[2024-10-14T18:06:20.842+0000] {logging_mixin.py:190} INFO - [2024-10-14T18:06:20.841+0000] {dag.py:3229} INFO - Sync 1 DAGs
[2024-10-14T18:06:20.859+0000] {logging_mixin.py:190} INFO - [2024-10-14T18:06:20.859+0000] {dag.py:4156} INFO - Setting next_dagrun for dag_ccl to 2024-10-14 00:00:00+00:00, run_after=2024-10-15 00:00:00+00:00
[2024-10-14T18:06:20.874+0000] {processor.py:208} INFO - Processing /opt/airflow/dags/dag_ccl.py took 0.349 seconds
[2024-10-14T18:06:51.225+0000] {processor.py:186} INFO - Started process (PID=23674) to work on /opt/airflow/dags/dag_ccl.py
[2024-10-14T18:06:51.229+0000] {processor.py:914} INFO - Processing file /opt/airflow/dags/dag_ccl.py for tasks to queue
[2024-10-14T18:06:51.231+0000] {logging_mixin.py:190} INFO - [2024-10-14T18:06:51.230+0000] {dagbag.py:587} INFO - Filling up the DagBag from /opt/airflow/dags/dag_ccl.py
[2024-10-14T18:06:51.478+0000] {processor.py:925} INFO - DAG(s) 'dag_ccl' retrieved from /opt/airflow/dags/dag_ccl.py
[2024-10-14T18:06:51.505+0000] {logging_mixin.py:190} INFO - [2024-10-14T18:06:51.504+0000] {dag.py:3229} INFO - Sync 1 DAGs
[2024-10-14T18:06:51.521+0000] {logging_mixin.py:190} INFO - [2024-10-14T18:06:51.521+0000] {dag.py:4156} INFO - Setting next_dagrun for dag_ccl to 2024-10-14 00:00:00+00:00, run_after=2024-10-15 00:00:00+00:00
[2024-10-14T18:06:51.532+0000] {processor.py:208} INFO - Processing /opt/airflow/dags/dag_ccl.py took 0.323 seconds
[2024-10-14T18:07:21.849+0000] {processor.py:186} INFO - Started process (PID=23684) to work on /opt/airflow/dags/dag_ccl.py
[2024-10-14T18:07:21.851+0000] {processor.py:914} INFO - Processing file /opt/airflow/dags/dag_ccl.py for tasks to queue
[2024-10-14T18:07:21.852+0000] {logging_mixin.py:190} INFO - [2024-10-14T18:07:21.852+0000] {dagbag.py:587} INFO - Filling up the DagBag from /opt/airflow/dags/dag_ccl.py
[2024-10-14T18:07:22.068+0000] {processor.py:925} INFO - DAG(s) 'dag_ccl' retrieved from /opt/airflow/dags/dag_ccl.py
[2024-10-14T18:07:22.086+0000] {logging_mixin.py:190} INFO - [2024-10-14T18:07:22.086+0000] {dag.py:3229} INFO - Sync 1 DAGs
[2024-10-14T18:07:22.100+0000] {logging_mixin.py:190} INFO - [2024-10-14T18:07:22.100+0000] {dag.py:4156} INFO - Setting next_dagrun for dag_ccl to 2024-10-14 00:00:00+00:00, run_after=2024-10-15 00:00:00+00:00
[2024-10-14T18:07:22.109+0000] {processor.py:208} INFO - Processing /opt/airflow/dags/dag_ccl.py took 0.271 seconds
[2024-10-14T18:07:52.478+0000] {processor.py:186} INFO - Started process (PID=23694) to work on /opt/airflow/dags/dag_ccl.py
[2024-10-14T18:07:52.481+0000] {processor.py:914} INFO - Processing file /opt/airflow/dags/dag_ccl.py for tasks to queue
[2024-10-14T18:07:52.482+0000] {logging_mixin.py:190} INFO - [2024-10-14T18:07:52.482+0000] {dagbag.py:587} INFO - Filling up the DagBag from /opt/airflow/dags/dag_ccl.py
[2024-10-14T18:07:52.946+0000] {processor.py:925} INFO - DAG(s) 'dag_ccl' retrieved from /opt/airflow/dags/dag_ccl.py
[2024-10-14T18:07:52.974+0000] {logging_mixin.py:190} INFO - [2024-10-14T18:07:52.973+0000] {dag.py:3229} INFO - Sync 1 DAGs
[2024-10-14T18:07:52.999+0000] {logging_mixin.py:190} INFO - [2024-10-14T18:07:52.998+0000] {dag.py:4156} INFO - Setting next_dagrun for dag_ccl to 2024-10-14 00:00:00+00:00, run_after=2024-10-15 00:00:00+00:00
[2024-10-14T18:07:53.016+0000] {processor.py:208} INFO - Processing /opt/airflow/dags/dag_ccl.py took 0.557 seconds
[2024-10-14T18:08:23.494+0000] {processor.py:186} INFO - Started process (PID=23704) to work on /opt/airflow/dags/dag_ccl.py
[2024-10-14T18:08:23.498+0000] {processor.py:914} INFO - Processing file /opt/airflow/dags/dag_ccl.py for tasks to queue
[2024-10-14T18:08:23.502+0000] {logging_mixin.py:190} INFO - [2024-10-14T18:08:23.501+0000] {dagbag.py:587} INFO - Filling up the DagBag from /opt/airflow/dags/dag_ccl.py
[2024-10-14T18:08:24.253+0000] {processor.py:925} INFO - DAG(s) 'dag_ccl' retrieved from /opt/airflow/dags/dag_ccl.py
[2024-10-14T18:08:24.327+0000] {logging_mixin.py:190} INFO - [2024-10-14T18:08:24.326+0000] {dag.py:3229} INFO - Sync 1 DAGs
[2024-10-14T18:08:24.365+0000] {logging_mixin.py:190} INFO - [2024-10-14T18:08:24.364+0000] {dag.py:4156} INFO - Setting next_dagrun for dag_ccl to 2024-10-14 00:00:00+00:00, run_after=2024-10-15 00:00:00+00:00
[2024-10-14T18:08:24.393+0000] {processor.py:208} INFO - Processing /opt/airflow/dags/dag_ccl.py took 0.922 seconds
[2024-10-14T18:08:55.347+0000] {processor.py:186} INFO - Started process (PID=23714) to work on /opt/airflow/dags/dag_ccl.py
[2024-10-14T18:08:55.353+0000] {processor.py:914} INFO - Processing file /opt/airflow/dags/dag_ccl.py for tasks to queue
[2024-10-14T18:08:55.360+0000] {logging_mixin.py:190} INFO - [2024-10-14T18:08:55.357+0000] {dagbag.py:587} INFO - Filling up the DagBag from /opt/airflow/dags/dag_ccl.py
[2024-10-14T18:08:56.100+0000] {processor.py:925} INFO - DAG(s) 'dag_ccl' retrieved from /opt/airflow/dags/dag_ccl.py
[2024-10-14T18:08:56.193+0000] {logging_mixin.py:190} INFO - [2024-10-14T18:08:56.190+0000] {dag.py:3229} INFO - Sync 1 DAGs
[2024-10-14T18:08:56.241+0000] {logging_mixin.py:190} INFO - [2024-10-14T18:08:56.241+0000] {dag.py:4156} INFO - Setting next_dagrun for dag_ccl to 2024-10-14 00:00:00+00:00, run_after=2024-10-15 00:00:00+00:00
[2024-10-14T18:08:56.266+0000] {processor.py:208} INFO - Processing /opt/airflow/dags/dag_ccl.py took 0.934 seconds
[2024-10-14T18:09:27.302+0000] {processor.py:186} INFO - Started process (PID=23724) to work on /opt/airflow/dags/dag_ccl.py
[2024-10-14T18:09:27.304+0000] {processor.py:914} INFO - Processing file /opt/airflow/dags/dag_ccl.py for tasks to queue
[2024-10-14T18:09:27.310+0000] {logging_mixin.py:190} INFO - [2024-10-14T18:09:27.309+0000] {dagbag.py:587} INFO - Filling up the DagBag from /opt/airflow/dags/dag_ccl.py
[2024-10-14T18:09:29.013+0000] {processor.py:925} INFO - DAG(s) 'dag_ccl' retrieved from /opt/airflow/dags/dag_ccl.py
[2024-10-14T18:09:29.276+0000] {logging_mixin.py:190} INFO - [2024-10-14T18:09:29.272+0000] {dag.py:3229} INFO - Sync 1 DAGs
[2024-10-14T18:09:29.507+0000] {logging_mixin.py:190} INFO - [2024-10-14T18:09:29.505+0000] {dag.py:4156} INFO - Setting next_dagrun for dag_ccl to 2024-10-14 00:00:00+00:00, run_after=2024-10-15 00:00:00+00:00
[2024-10-14T18:09:30.693+0000] {processor.py:208} INFO - Processing /opt/airflow/dags/dag_ccl.py took 3.408 seconds
[2024-10-14T18:10:01.581+0000] {processor.py:186} INFO - Started process (PID=23734) to work on /opt/airflow/dags/dag_ccl.py
[2024-10-14T18:10:01.585+0000] {processor.py:914} INFO - Processing file /opt/airflow/dags/dag_ccl.py for tasks to queue
[2024-10-14T18:10:01.593+0000] {logging_mixin.py:190} INFO - [2024-10-14T18:10:01.591+0000] {dagbag.py:587} INFO - Filling up the DagBag from /opt/airflow/dags/dag_ccl.py
