[2024-10-09T00:01:47.887+0000] {local_task_job_runner.py:123} INFO - ::group::Pre task execution logs
[2024-10-09T00:01:47.896+0000] {taskinstance.py:2612} INFO - Dependencies all met for dep_context=non-requeueable deps ti=<TaskInstance: dag_cargar_cotizaciones.obtener_y_preparar_cotizaciones scheduled__2024-10-08T00:00:00+00:00 [queued]>
[2024-10-09T00:01:47.899+0000] {taskinstance.py:2612} INFO - Dependencies all met for dep_context=requeueable deps ti=<TaskInstance: dag_cargar_cotizaciones.obtener_y_preparar_cotizaciones scheduled__2024-10-08T00:00:00+00:00 [queued]>
[2024-10-09T00:01:47.899+0000] {taskinstance.py:2865} INFO - Starting attempt 1 of 2
[2024-10-09T00:01:47.904+0000] {taskinstance.py:2888} INFO - Executing <Task(PythonOperator): obtener_y_preparar_cotizaciones> on 2024-10-08 00:00:00+00:00
[2024-10-09T00:01:47.908+0000] {warnings.py:112} WARNING - /home/***/.local/lib/python3.12/site-packages/***/task/task_runner/standard_task_runner.py:70: DeprecationWarning: This process (pid=13165) is multi-threaded, use of fork() may lead to deadlocks in the child.
  pid = os.fork()

[2024-10-09T00:01:47.909+0000] {standard_task_runner.py:72} INFO - Started process 13167 to run task
[2024-10-09T00:01:47.910+0000] {standard_task_runner.py:104} INFO - Running: ['***', 'tasks', 'run', 'dag_cargar_cotizaciones', 'obtener_y_preparar_cotizaciones', 'scheduled__2024-10-08T00:00:00+00:00', '--job-id', '280', '--raw', '--subdir', 'DAGS_FOLDER/dag_cargar_cotizaciones.py', '--cfg-path', '/tmp/tmp3dg9r0ty']
[2024-10-09T00:01:47.911+0000] {standard_task_runner.py:105} INFO - Job 280: Subtask obtener_y_preparar_cotizaciones
[2024-10-09T00:01:47.931+0000] {task_command.py:467} INFO - Running <TaskInstance: dag_cargar_cotizaciones.obtener_y_preparar_cotizaciones scheduled__2024-10-08T00:00:00+00:00 [running]> on host f03003374728
[2024-10-09T00:01:47.967+0000] {taskinstance.py:3131} INFO - Exporting env vars: AIRFLOW_CTX_DAG_OWNER='***' AIRFLOW_CTX_DAG_ID='dag_cargar_cotizaciones' AIRFLOW_CTX_TASK_ID='obtener_y_preparar_cotizaciones' AIRFLOW_CTX_EXECUTION_DATE='2024-10-08T00:00:00+00:00' AIRFLOW_CTX_TRY_NUMBER='1' AIRFLOW_CTX_DAG_RUN_ID='scheduled__2024-10-08T00:00:00+00:00'
[2024-10-09T00:01:47.968+0000] {taskinstance.py:731} INFO - ::endgroup::
[2024-10-09T00:01:47.975+0000] {logging_mixin.py:190} INFO - 2024-10-08
[2024-10-09T00:01:47.976+0000] {logging_mixin.py:190} INFO - 2024-10-09
[2024-10-09T00:01:47.977+0000] {cache.py:130} INFO - Failed to create TzCache, reason: Error creating TzCache folder: '/home/***/.cache/py-yfinance' reason: [Errno 13] Permission denied: '/home/***/.cache/py-yfinance'. TzCache will not be used. Tip: You can direct cache to use a different location with 'set_tz_cache_location(mylocation)'
[2024-10-09T00:01:47.977+0000] {cache.py:130} INFO - Failed to create TzCache, reason: Error creating TzCache folder: '/home/***/.cache/py-yfinance' reason: [Errno 13] Permission denied: '/home/***/.cache/py-yfinance'. TzCache will not be used. Tip: You can direct cache to use a different location with 'set_tz_cache_location(mylocation)'
[2024-10-09T00:01:47.977+0000] {cache.py:130} INFO - Failed to create TzCache, reason: Error creating TzCache folder: '/home/***/.cache/py-yfinance' reason: [Errno 13] Permission denied: '/home/***/.cache/py-yfinance'. TzCache will not be used. Tip: You can direct cache to use a different location with 'set_tz_cache_location(mylocation)'
[2024-10-09T00:01:47.977+0000] {cache.py:336} INFO - Failed to create CookieCache, reason: Error creating CookieCache folder: '/home/***/.cache/py-yfinance' reason: [Errno 13] Permission denied: '/home/***/.cache/py-yfinance'. CookieCache will not be used. Tip: You can direct cache to use a different location with 'set_tz_cache_location(mylocation)'
[2024-10-09T00:01:49.433+0000] {logging_mixin.py:190} WARNING - [                       0%                       ]
[2024-10-09T00:01:49.436+0000] {logging_mixin.py:190} WARNING - [                       0%                       ]
[2024-10-09T00:01:49.510+0000] {logging_mixin.py:190} WARNING - [**********************50%                       ]  3 of 6 completed
[2024-10-09T00:01:49.529+0000] {logging_mixin.py:190} WARNING - [**********************67%*******                ]  4 of 6 completed
[2024-10-09T00:01:49.540+0000] {logging_mixin.py:190} WARNING - [*********************100%***********************]  6 of 6 completed
[2024-10-09T00:01:49.540+0000] {logging_mixin.py:190} WARNING - [**********************83%***************        ]  5 of 6 completed
[2024-10-09T00:01:49.549+0000] {warnings.py:112} WARNING - /opt/***/dags/stocks_prices_daily.py:15: FutureWarning: The previous implementation of stack is deprecated and will be removed in a future version of pandas. See the What's New notes for pandas 2.1.0 for details. Specify future_stack=True to adopt the new implementation and silence this warning.
  stacked_data = daily_stock_data.stack(level='Ticker').reset_index()

[2024-10-09T00:01:49.563+0000] {base.py:84} INFO - Retrieving connection 'redshift_conn'
[2024-10-09T00:01:49.564+0000] {logging_mixin.py:190} INFO - redshift_conn
[2024-10-09T00:01:51.615+0000] {python.py:240} INFO - Done. Returned value was: None
[2024-10-09T00:01:51.634+0000] {taskinstance.py:340} INFO - ::group::Post task execution logs
[2024-10-09T00:01:51.635+0000] {taskinstance.py:352} INFO - Marking task as SUCCESS. dag_id=dag_cargar_cotizaciones, task_id=obtener_y_preparar_cotizaciones, run_id=scheduled__2024-10-08T00:00:00+00:00, execution_date=20241008T000000, start_date=20241009T000147, end_date=20241009T000151
[2024-10-09T00:01:51.664+0000] {local_task_job_runner.py:266} INFO - Task exited with return code 0
[2024-10-09T00:01:51.694+0000] {taskinstance.py:3900} INFO - 0 downstream tasks scheduled from follow-on schedule check
[2024-10-09T00:01:51.696+0000] {local_task_job_runner.py:245} INFO - ::endgroup::
[2024-10-15T18:16:16.284+0000] {local_task_job_runner.py:123} INFO - ::group::Pre task execution logs
[2024-10-15T18:16:16.297+0000] {taskinstance.py:2612} INFO - Dependencies all met for dep_context=non-requeueable deps ti=<TaskInstance: dag_cargar_cotizaciones.obtener_y_preparar_cotizaciones scheduled__2024-10-08T00:00:00+00:00 [queued]>
[2024-10-15T18:16:16.302+0000] {taskinstance.py:2612} INFO - Dependencies all met for dep_context=requeueable deps ti=<TaskInstance: dag_cargar_cotizaciones.obtener_y_preparar_cotizaciones scheduled__2024-10-08T00:00:00+00:00 [queued]>
[2024-10-15T18:16:16.302+0000] {taskinstance.py:2865} INFO - Starting attempt 1 of 2
[2024-10-15T18:16:16.314+0000] {taskinstance.py:2888} INFO - Executing <Task(PythonOperator): obtener_y_preparar_cotizaciones> on 2024-10-08 00:00:00+00:00
[2024-10-15T18:16:16.330+0000] {warnings.py:112} WARNING - /home/***/.local/lib/python3.12/site-packages/***/task/task_runner/standard_task_runner.py:70: DeprecationWarning: This process (pid=793) is multi-threaded, use of fork() may lead to deadlocks in the child.
  pid = os.fork()

[2024-10-15T18:16:16.335+0000] {standard_task_runner.py:72} INFO - Started process 829 to run task
[2024-10-15T18:16:16.336+0000] {standard_task_runner.py:104} INFO - Running: ['***', 'tasks', 'run', 'dag_cargar_cotizaciones', 'obtener_y_preparar_cotizaciones', 'scheduled__2024-10-08T00:00:00+00:00', '--job-id', '363', '--raw', '--subdir', 'DAGS_FOLDER/dag_cargar_cotizaciones.py', '--cfg-path', '/tmp/tmp5nkc4t14']
[2024-10-15T18:16:16.341+0000] {standard_task_runner.py:105} INFO - Job 363: Subtask obtener_y_preparar_cotizaciones
[2024-10-15T18:16:16.370+0000] {task_command.py:467} INFO - Running <TaskInstance: dag_cargar_cotizaciones.obtener_y_preparar_cotizaciones scheduled__2024-10-08T00:00:00+00:00 [running]> on host f03003374728
[2024-10-15T18:16:16.410+0000] {taskinstance.py:3131} INFO - Exporting env vars: AIRFLOW_CTX_DAG_OWNER='***' AIRFLOW_CTX_DAG_ID='dag_cargar_cotizaciones' AIRFLOW_CTX_TASK_ID='obtener_y_preparar_cotizaciones' AIRFLOW_CTX_EXECUTION_DATE='2024-10-08T00:00:00+00:00' AIRFLOW_CTX_TRY_NUMBER='1' AIRFLOW_CTX_DAG_RUN_ID='scheduled__2024-10-08T00:00:00+00:00'
[2024-10-15T18:16:16.411+0000] {taskinstance.py:731} INFO - ::endgroup::
[2024-10-15T18:16:16.420+0000] {logging_mixin.py:190} INFO - 2024-10-08
[2024-10-15T18:16:16.420+0000] {logging_mixin.py:190} INFO - 2024-10-09
[2024-10-15T18:16:16.422+0000] {cache.py:130} INFO - Failed to create TzCache, reason: Error creating TzCache folder: '/home/***/.cache/py-yfinance' reason: [Errno 13] Permission denied: '/home/***/.cache/py-yfinance'. TzCache will not be used. Tip: You can direct cache to use a different location with 'set_tz_cache_location(mylocation)'
[2024-10-15T18:16:16.422+0000] {cache.py:336} INFO - Failed to create CookieCache, reason: Error creating CookieCache folder: '/home/***/.cache/py-yfinance' reason: [Errno 13] Permission denied: '/home/***/.cache/py-yfinance'. CookieCache will not be used. Tip: You can direct cache to use a different location with 'set_tz_cache_location(mylocation)'
[2024-10-15T18:16:17.847+0000] {logging_mixin.py:190} WARNING - [                       0%                       ]
[2024-10-15T18:16:17.850+0000] {logging_mixin.py:190} WARNING - [                       0%                       ]
[2024-10-15T18:16:17.858+0000] {logging_mixin.py:190} WARNING - [**********************50%                       ]  3 of 6 completed
[2024-10-15T18:16:17.905+0000] {logging_mixin.py:190} WARNING - [**********************67%*******                ]  4 of 6 completed
[2024-10-15T18:16:22.153+0000] {logging_mixin.py:190} WARNING - [**********************83%***************        ]  5 of 6 completed
[2024-10-15T18:16:22.155+0000] {logging_mixin.py:190} WARNING - [*********************100%***********************]  6 of 6 completed
[2024-10-15T18:16:22.169+0000] {warnings.py:112} WARNING - /opt/***/dags/stocks_prices_daily.py:15: FutureWarning: The previous implementation of stack is deprecated and will be removed in a future version of pandas. See the What's New notes for pandas 2.1.0 for details. Specify future_stack=True to adopt the new implementation and silence this warning.
  stacked_data = daily_stock_data.stack(level='Ticker').reset_index()

[2024-10-15T18:16:22.191+0000] {base.py:84} INFO - Retrieving connection 'redshift_conn'
[2024-10-15T18:16:22.191+0000] {logging_mixin.py:190} INFO - redshift_conn
[2024-10-15T18:16:24.144+0000] {python.py:240} INFO - Done. Returned value was: None
[2024-10-15T18:16:24.153+0000] {taskinstance.py:340} INFO - ::group::Post task execution logs
[2024-10-15T18:16:24.154+0000] {taskinstance.py:352} INFO - Marking task as SUCCESS. dag_id=dag_cargar_cotizaciones, task_id=obtener_y_preparar_cotizaciones, run_id=scheduled__2024-10-08T00:00:00+00:00, execution_date=20241008T000000, start_date=20241015T181616, end_date=20241015T181624
[2024-10-15T18:16:24.212+0000] {local_task_job_runner.py:266} INFO - Task exited with return code 0
[2024-10-15T18:16:24.224+0000] {taskinstance.py:3900} INFO - 0 downstream tasks scheduled from follow-on schedule check
[2024-10-15T18:16:24.225+0000] {local_task_job_runner.py:245} INFO - ::endgroup::
