[2024-10-26T16:34:19.105+0000] {local_task_job_runner.py:123} INFO - ::group::Pre task execution logs
[2024-10-26T16:34:19.124+0000] {taskinstance.py:2612} INFO - Dependencies all met for dep_context=non-requeueable deps ti=<TaskInstance: dag_cargar_cotizaciones.ccl_to_redshift scheduled__2024-10-16T00:00:00+00:00 [queued]>
[2024-10-26T16:34:19.147+0000] {taskinstance.py:2612} INFO - Dependencies all met for dep_context=requeueable deps ti=<TaskInstance: dag_cargar_cotizaciones.ccl_to_redshift scheduled__2024-10-16T00:00:00+00:00 [queued]>
[2024-10-26T16:34:19.149+0000] {taskinstance.py:2865} INFO - Starting attempt 1 of 1
[2024-10-26T16:34:19.177+0000] {taskinstance.py:2888} INFO - Executing <Task(PythonOperator): ccl_to_redshift> on 2024-10-16 00:00:00+00:00
[2024-10-26T16:34:19.185+0000] {standard_task_runner.py:72} INFO - Started process 896 to run task
[2024-10-26T16:34:19.195+0000] {standard_task_runner.py:104} INFO - Running: ['***', 'tasks', 'run', 'dag_cargar_cotizaciones', 'ccl_to_redshift', 'scheduled__2024-10-16T00:00:00+00:00', '--job-id', '128', '--raw', '--subdir', 'DAGS_FOLDER/dag_cargar_cotizaciones.py', '--cfg-path', '/tmp/tmp99u8esfd']
[2024-10-26T16:34:19.201+0000] {standard_task_runner.py:105} INFO - Job 128: Subtask ccl_to_redshift
[2024-10-26T16:34:19.321+0000] {task_command.py:467} INFO - Running <TaskInstance: dag_cargar_cotizaciones.ccl_to_redshift scheduled__2024-10-16T00:00:00+00:00 [running]> on host 99ce4a540f58
[2024-10-26T16:34:19.425+0000] {taskinstance.py:3131} INFO - Exporting env vars: AIRFLOW_CTX_DAG_OWNER='***' AIRFLOW_CTX_DAG_ID='dag_cargar_cotizaciones' AIRFLOW_CTX_TASK_ID='ccl_to_redshift' AIRFLOW_CTX_EXECUTION_DATE='2024-10-16T00:00:00+00:00' AIRFLOW_CTX_TRY_NUMBER='1' AIRFLOW_CTX_DAG_RUN_ID='scheduled__2024-10-16T00:00:00+00:00'
[2024-10-26T16:34:19.427+0000] {taskinstance.py:731} INFO - ::endgroup::
[2024-10-26T16:34:19.895+0000] {base.py:84} INFO - Retrieving connection 'redshift_conn'
[2024-10-26T16:34:22.971+0000] {python.py:240} INFO - Done. Returned value was: None
[2024-10-26T16:34:22.987+0000] {taskinstance.py:340} INFO - ::group::Post task execution logs
[2024-10-26T16:34:22.988+0000] {taskinstance.py:352} INFO - Marking task as SUCCESS. dag_id=dag_cargar_cotizaciones, task_id=ccl_to_redshift, run_id=scheduled__2024-10-16T00:00:00+00:00, execution_date=20241016T000000, start_date=20241026T163419, end_date=20241026T163422
[2024-10-26T16:34:23.012+0000] {local_task_job_runner.py:266} INFO - Task exited with return code 0
[2024-10-26T16:34:23.029+0000] {local_task_job_runner.py:245} INFO - ::endgroup::
[2024-10-26T16:37:15.476+0000] {local_task_job_runner.py:123} INFO - ::group::Pre task execution logs
[2024-10-26T16:37:15.490+0000] {taskinstance.py:2612} INFO - Dependencies all met for dep_context=non-requeueable deps ti=<TaskInstance: dag_cargar_cotizaciones.ccl_to_redshift scheduled__2024-10-16T00:00:00+00:00 [queued]>
[2024-10-26T16:37:15.500+0000] {taskinstance.py:2612} INFO - Dependencies all met for dep_context=requeueable deps ti=<TaskInstance: dag_cargar_cotizaciones.ccl_to_redshift scheduled__2024-10-16T00:00:00+00:00 [queued]>
[2024-10-26T16:37:15.501+0000] {taskinstance.py:2865} INFO - Starting attempt 1 of 1
[2024-10-26T16:37:15.528+0000] {taskinstance.py:2888} INFO - Executing <Task(PythonOperator): ccl_to_redshift> on 2024-10-16 00:00:00+00:00
[2024-10-26T16:37:15.533+0000] {standard_task_runner.py:72} INFO - Started process 1939 to run task
[2024-10-26T16:37:15.537+0000] {standard_task_runner.py:104} INFO - Running: ['***', 'tasks', 'run', 'dag_cargar_cotizaciones', 'ccl_to_redshift', 'scheduled__2024-10-16T00:00:00+00:00', '--job-id', '296', '--raw', '--subdir', 'DAGS_FOLDER/dag_cargar_cotizaciones.py', '--cfg-path', '/tmp/tmpgs4lv1l6']
[2024-10-26T16:37:15.540+0000] {standard_task_runner.py:105} INFO - Job 296: Subtask ccl_to_redshift
[2024-10-26T16:37:15.621+0000] {task_command.py:467} INFO - Running <TaskInstance: dag_cargar_cotizaciones.ccl_to_redshift scheduled__2024-10-16T00:00:00+00:00 [running]> on host 99ce4a540f58
[2024-10-26T16:37:15.779+0000] {taskinstance.py:3131} INFO - Exporting env vars: AIRFLOW_CTX_DAG_OWNER='***' AIRFLOW_CTX_DAG_ID='dag_cargar_cotizaciones' AIRFLOW_CTX_TASK_ID='ccl_to_redshift' AIRFLOW_CTX_EXECUTION_DATE='2024-10-16T00:00:00+00:00' AIRFLOW_CTX_TRY_NUMBER='1' AIRFLOW_CTX_DAG_RUN_ID='scheduled__2024-10-16T00:00:00+00:00'
[2024-10-26T16:37:15.785+0000] {taskinstance.py:731} INFO - ::endgroup::
[2024-10-26T16:37:16.235+0000] {base.py:84} INFO - Retrieving connection 'redshift_conn'
[2024-10-26T16:37:18.763+0000] {python.py:240} INFO - Done. Returned value was: None
[2024-10-26T16:37:18.959+0000] {taskinstance.py:340} INFO - ::group::Post task execution logs
[2024-10-26T16:37:18.977+0000] {taskinstance.py:352} INFO - Marking task as SUCCESS. dag_id=dag_cargar_cotizaciones, task_id=ccl_to_redshift, run_id=scheduled__2024-10-16T00:00:00+00:00, execution_date=20241016T000000, start_date=20241026T163715, end_date=20241026T163718
[2024-10-26T16:37:19.079+0000] {local_task_job_runner.py:266} INFO - Task exited with return code 0
[2024-10-26T16:37:19.201+0000] {local_task_job_runner.py:245} INFO - ::endgroup::
[2024-10-26T18:55:58.213+0000] {local_task_job_runner.py:123} INFO - ::group::Pre task execution logs
[2024-10-26T18:55:58.239+0000] {taskinstance.py:2612} INFO - Dependencies all met for dep_context=non-requeueable deps ti=<TaskInstance: dag_cargar_cotizaciones.ccl_to_redshift scheduled__2024-10-16T00:00:00+00:00 [queued]>
[2024-10-26T18:55:58.248+0000] {taskinstance.py:2612} INFO - Dependencies all met for dep_context=requeueable deps ti=<TaskInstance: dag_cargar_cotizaciones.ccl_to_redshift scheduled__2024-10-16T00:00:00+00:00 [queued]>
[2024-10-26T18:55:58.249+0000] {taskinstance.py:2865} INFO - Starting attempt 1 of 1
[2024-10-26T18:55:58.259+0000] {taskinstance.py:2888} INFO - Executing <Task(PythonOperator): ccl_to_redshift> on 2024-10-16 00:00:00+00:00
[2024-10-26T18:55:58.273+0000] {standard_task_runner.py:72} INFO - Started process 479 to run task
[2024-10-26T18:55:58.277+0000] {standard_task_runner.py:104} INFO - Running: ['***', 'tasks', 'run', 'dag_cargar_cotizaciones', 'ccl_to_redshift', 'scheduled__2024-10-16T00:00:00+00:00', '--job-id', '97', '--raw', '--subdir', 'DAGS_FOLDER/dag_cargar_cotizaciones.py', '--cfg-path', '/tmp/tmp8l9jurbr']
[2024-10-26T18:55:58.284+0000] {standard_task_runner.py:105} INFO - Job 97: Subtask ccl_to_redshift
[2024-10-26T18:55:58.392+0000] {task_command.py:467} INFO - Running <TaskInstance: dag_cargar_cotizaciones.ccl_to_redshift scheduled__2024-10-16T00:00:00+00:00 [running]> on host 0c643dd08f0d
[2024-10-26T18:55:58.532+0000] {taskinstance.py:3131} INFO - Exporting env vars: AIRFLOW_CTX_DAG_OWNER='***' AIRFLOW_CTX_DAG_ID='dag_cargar_cotizaciones' AIRFLOW_CTX_TASK_ID='ccl_to_redshift' AIRFLOW_CTX_EXECUTION_DATE='2024-10-16T00:00:00+00:00' AIRFLOW_CTX_TRY_NUMBER='1' AIRFLOW_CTX_DAG_RUN_ID='scheduled__2024-10-16T00:00:00+00:00'
[2024-10-26T18:55:58.535+0000] {taskinstance.py:731} INFO - ::endgroup::
[2024-10-26T18:55:59.141+0000] {redshift_operations.py:19} INFO - Estableciendo conexión con Redshift.
[2024-10-26T18:55:59.163+0000] {base.py:84} INFO - Retrieving connection 'redshift_conn'
[2024-10-26T18:56:02.033+0000] {redshift_operations.py:28} INFO - Conexión con Redshift establecida. Ejecutando función.
[2024-10-26T18:56:02.034+0000] {redshift_operations.py:45} INFO - Iniciando carga de datos en Redshift.
[2024-10-26T18:56:03.581+0000] {redshift_operations.py:53} INFO - Carga de datos completada exitosamente.
[2024-10-26T18:56:03.582+0000] {redshift_operations.py:31} INFO - Conexión con Redshift cerrada.
[2024-10-26T18:56:03.583+0000] {python.py:240} INFO - Done. Returned value was: None
[2024-10-26T18:56:03.596+0000] {taskinstance.py:340} INFO - ::group::Post task execution logs
[2024-10-26T18:56:03.596+0000] {taskinstance.py:352} INFO - Marking task as SUCCESS. dag_id=dag_cargar_cotizaciones, task_id=ccl_to_redshift, run_id=scheduled__2024-10-16T00:00:00+00:00, execution_date=20241016T000000, start_date=20241026T185558, end_date=20241026T185603
[2024-10-26T18:56:03.624+0000] {local_task_job_runner.py:266} INFO - Task exited with return code 0
[2024-10-26T18:56:03.636+0000] {taskinstance.py:3900} INFO - 0 downstream tasks scheduled from follow-on schedule check
[2024-10-26T18:56:03.637+0000] {local_task_job_runner.py:245} INFO - ::endgroup::
[2024-10-26T19:04:03.500+0000] {local_task_job_runner.py:123} INFO - ::group::Pre task execution logs
[2024-10-26T19:04:03.531+0000] {taskinstance.py:2612} INFO - Dependencies all met for dep_context=non-requeueable deps ti=<TaskInstance: dag_cargar_cotizaciones.ccl_to_redshift scheduled__2024-10-16T00:00:00+00:00 [queued]>
[2024-10-26T19:04:03.552+0000] {taskinstance.py:2612} INFO - Dependencies all met for dep_context=requeueable deps ti=<TaskInstance: dag_cargar_cotizaciones.ccl_to_redshift scheduled__2024-10-16T00:00:00+00:00 [queued]>
[2024-10-26T19:04:03.554+0000] {taskinstance.py:2865} INFO - Starting attempt 1 of 1
[2024-10-26T19:04:03.577+0000] {taskinstance.py:2888} INFO - Executing <Task(PythonOperator): ccl_to_redshift> on 2024-10-16 00:00:00+00:00
[2024-10-26T19:04:03.588+0000] {standard_task_runner.py:72} INFO - Started process 472 to run task
[2024-10-26T19:04:03.595+0000] {standard_task_runner.py:104} INFO - Running: ['***', 'tasks', 'run', 'dag_cargar_cotizaciones', 'ccl_to_redshift', 'scheduled__2024-10-16T00:00:00+00:00', '--job-id', '212', '--raw', '--subdir', 'DAGS_FOLDER/dag_cargar_cotizaciones.py', '--cfg-path', '/tmp/tmpj7xq6g2v']
[2024-10-26T19:04:03.603+0000] {standard_task_runner.py:105} INFO - Job 212: Subtask ccl_to_redshift
[2024-10-26T19:04:03.693+0000] {task_command.py:467} INFO - Running <TaskInstance: dag_cargar_cotizaciones.ccl_to_redshift scheduled__2024-10-16T00:00:00+00:00 [running]> on host 22d081b4f909
[2024-10-26T19:04:04.067+0000] {taskinstance.py:3131} INFO - Exporting env vars: AIRFLOW_CTX_DAG_OWNER='***' AIRFLOW_CTX_DAG_ID='dag_cargar_cotizaciones' AIRFLOW_CTX_TASK_ID='ccl_to_redshift' AIRFLOW_CTX_EXECUTION_DATE='2024-10-16T00:00:00+00:00' AIRFLOW_CTX_TRY_NUMBER='1' AIRFLOW_CTX_DAG_RUN_ID='scheduled__2024-10-16T00:00:00+00:00'
[2024-10-26T19:04:04.069+0000] {taskinstance.py:731} INFO - ::endgroup::
[2024-10-26T19:04:04.570+0000] {redshift_operations.py:19} INFO - Estableciendo conexión con Redshift.
[2024-10-26T19:04:04.591+0000] {base.py:84} INFO - Retrieving connection 'redshift_conn'
[2024-10-26T19:04:05.918+0000] {redshift_operations.py:28} INFO - Conexión con Redshift establecida. Ejecutando función.
[2024-10-26T19:04:05.919+0000] {redshift_operations.py:45} INFO - Iniciando carga de datos en Redshift.
[2024-10-26T19:04:06.562+0000] {redshift_operations.py:53} INFO - Carga de datos completada exitosamente.
[2024-10-26T19:04:06.564+0000] {redshift_operations.py:31} INFO - Conexión con Redshift cerrada.
[2024-10-26T19:04:06.566+0000] {python.py:240} INFO - Done. Returned value was: None
[2024-10-26T19:04:06.587+0000] {taskinstance.py:340} INFO - ::group::Post task execution logs
[2024-10-26T19:04:06.588+0000] {taskinstance.py:352} INFO - Marking task as SUCCESS. dag_id=dag_cargar_cotizaciones, task_id=ccl_to_redshift, run_id=scheduled__2024-10-16T00:00:00+00:00, execution_date=20241016T000000, start_date=20241026T190403, end_date=20241026T190406
[2024-10-26T19:04:06.647+0000] {local_task_job_runner.py:266} INFO - Task exited with return code 0
[2024-10-26T19:04:06.679+0000] {taskinstance.py:3900} INFO - 0 downstream tasks scheduled from follow-on schedule check
[2024-10-26T19:04:06.681+0000] {local_task_job_runner.py:245} INFO - ::endgroup::
[2024-10-26T19:09:16.231+0000] {local_task_job_runner.py:123} INFO - ::group::Pre task execution logs
[2024-10-26T19:09:16.262+0000] {taskinstance.py:2612} INFO - Dependencies all met for dep_context=non-requeueable deps ti=<TaskInstance: dag_cargar_cotizaciones.ccl_to_redshift scheduled__2024-10-16T00:00:00+00:00 [queued]>
[2024-10-26T19:09:16.283+0000] {taskinstance.py:2612} INFO - Dependencies all met for dep_context=requeueable deps ti=<TaskInstance: dag_cargar_cotizaciones.ccl_to_redshift scheduled__2024-10-16T00:00:00+00:00 [queued]>
[2024-10-26T19:09:16.285+0000] {taskinstance.py:2865} INFO - Starting attempt 1 of 1
[2024-10-26T19:09:16.312+0000] {taskinstance.py:2888} INFO - Executing <Task(PythonOperator): ccl_to_redshift> on 2024-10-16 00:00:00+00:00
[2024-10-26T19:09:16.320+0000] {standard_task_runner.py:72} INFO - Started process 461 to run task
[2024-10-26T19:09:16.323+0000] {standard_task_runner.py:104} INFO - Running: ['***', 'tasks', 'run', 'dag_cargar_cotizaciones', 'ccl_to_redshift', 'scheduled__2024-10-16T00:00:00+00:00', '--job-id', '96', '--raw', '--subdir', 'DAGS_FOLDER/dag_cargar_cotizaciones.py', '--cfg-path', '/tmp/tmpwyzfmn64']
[2024-10-26T19:09:16.327+0000] {standard_task_runner.py:105} INFO - Job 96: Subtask ccl_to_redshift
[2024-10-26T19:09:16.397+0000] {task_command.py:467} INFO - Running <TaskInstance: dag_cargar_cotizaciones.ccl_to_redshift scheduled__2024-10-16T00:00:00+00:00 [running]> on host f4cb477e9eef
[2024-10-26T19:09:16.476+0000] {taskinstance.py:3131} INFO - Exporting env vars: AIRFLOW_CTX_DAG_OWNER='***' AIRFLOW_CTX_DAG_ID='dag_cargar_cotizaciones' AIRFLOW_CTX_TASK_ID='ccl_to_redshift' AIRFLOW_CTX_EXECUTION_DATE='2024-10-16T00:00:00+00:00' AIRFLOW_CTX_TRY_NUMBER='1' AIRFLOW_CTX_DAG_RUN_ID='scheduled__2024-10-16T00:00:00+00:00'
[2024-10-26T19:09:16.478+0000] {taskinstance.py:731} INFO - ::endgroup::
[2024-10-26T19:09:16.914+0000] {redshift_operations.py:19} INFO - Estableciendo conexión con Redshift.
[2024-10-26T19:09:16.923+0000] {base.py:84} INFO - Retrieving connection 'redshift_conn'
[2024-10-26T19:09:18.251+0000] {redshift_operations.py:28} INFO - Conexión con Redshift establecida. Ejecutando función.
[2024-10-26T19:09:18.252+0000] {redshift_operations.py:45} INFO - Iniciando carga de datos en Redshift.
[2024-10-26T19:09:18.869+0000] {redshift_operations.py:53} INFO - Carga de datos completada exitosamente.
[2024-10-26T19:09:18.871+0000] {redshift_operations.py:31} INFO - Conexión con Redshift cerrada.
[2024-10-26T19:09:18.872+0000] {python.py:240} INFO - Done. Returned value was: None
[2024-10-26T19:09:18.881+0000] {taskinstance.py:340} INFO - ::group::Post task execution logs
[2024-10-26T19:09:18.882+0000] {taskinstance.py:352} INFO - Marking task as SUCCESS. dag_id=dag_cargar_cotizaciones, task_id=ccl_to_redshift, run_id=scheduled__2024-10-16T00:00:00+00:00, execution_date=20241016T000000, start_date=20241026T190916, end_date=20241026T190918
[2024-10-26T19:09:18.903+0000] {local_task_job_runner.py:266} INFO - Task exited with return code 0
[2024-10-26T19:09:18.924+0000] {taskinstance.py:3900} INFO - 0 downstream tasks scheduled from follow-on schedule check
[2024-10-26T19:09:18.925+0000] {local_task_job_runner.py:245} INFO - ::endgroup::
[2024-10-26T19:13:19.544+0000] {local_task_job_runner.py:123} INFO - ::group::Pre task execution logs
[2024-10-26T19:13:19.597+0000] {taskinstance.py:2612} INFO - Dependencies all met for dep_context=non-requeueable deps ti=<TaskInstance: dag_cargar_cotizaciones.ccl_to_redshift scheduled__2024-10-16T00:00:00+00:00 [queued]>
[2024-10-26T19:13:19.631+0000] {taskinstance.py:2612} INFO - Dependencies all met for dep_context=requeueable deps ti=<TaskInstance: dag_cargar_cotizaciones.ccl_to_redshift scheduled__2024-10-16T00:00:00+00:00 [queued]>
[2024-10-26T19:13:19.642+0000] {taskinstance.py:2865} INFO - Starting attempt 1 of 1
[2024-10-26T19:13:19.684+0000] {taskinstance.py:2888} INFO - Executing <Task(PythonOperator): ccl_to_redshift> on 2024-10-16 00:00:00+00:00
[2024-10-26T19:13:19.698+0000] {standard_task_runner.py:72} INFO - Started process 864 to run task
[2024-10-26T19:13:19.711+0000] {standard_task_runner.py:104} INFO - Running: ['***', 'tasks', 'run', 'dag_cargar_cotizaciones', 'ccl_to_redshift', 'scheduled__2024-10-16T00:00:00+00:00', '--job-id', '242', '--raw', '--subdir', 'DAGS_FOLDER/dag_cargar_cotizaciones.py', '--cfg-path', '/tmp/tmpo95_804t']
[2024-10-26T19:13:19.715+0000] {standard_task_runner.py:105} INFO - Job 242: Subtask ccl_to_redshift
[2024-10-26T19:13:19.806+0000] {task_command.py:467} INFO - Running <TaskInstance: dag_cargar_cotizaciones.ccl_to_redshift scheduled__2024-10-16T00:00:00+00:00 [running]> on host 2e7a74dc0e24
[2024-10-26T19:13:19.997+0000] {taskinstance.py:3131} INFO - Exporting env vars: AIRFLOW_CTX_DAG_OWNER='***' AIRFLOW_CTX_DAG_ID='dag_cargar_cotizaciones' AIRFLOW_CTX_TASK_ID='ccl_to_redshift' AIRFLOW_CTX_EXECUTION_DATE='2024-10-16T00:00:00+00:00' AIRFLOW_CTX_TRY_NUMBER='1' AIRFLOW_CTX_DAG_RUN_ID='scheduled__2024-10-16T00:00:00+00:00'
[2024-10-26T19:13:19.999+0000] {taskinstance.py:731} INFO - ::endgroup::
[2024-10-26T19:13:20.480+0000] {redshift_operations.py:19} INFO - Estableciendo conexión con Redshift.
[2024-10-26T19:13:20.502+0000] {base.py:84} INFO - Retrieving connection 'redshift_conn'
[2024-10-26T19:13:22.145+0000] {redshift_operations.py:28} INFO - Conexión con Redshift establecida. Ejecutando función.
[2024-10-26T19:13:22.160+0000] {redshift_operations.py:45} INFO - Iniciando carga de datos en Redshift.
[2024-10-26T19:13:22.854+0000] {redshift_operations.py:53} INFO - Carga de datos completada exitosamente.
[2024-10-26T19:13:22.858+0000] {redshift_operations.py:31} INFO - Conexión con Redshift cerrada.
[2024-10-26T19:13:22.874+0000] {python.py:240} INFO - Done. Returned value was: None
[2024-10-26T19:13:22.997+0000] {taskinstance.py:340} INFO - ::group::Post task execution logs
[2024-10-26T19:13:23.006+0000] {taskinstance.py:352} INFO - Marking task as SUCCESS. dag_id=dag_cargar_cotizaciones, task_id=ccl_to_redshift, run_id=scheduled__2024-10-16T00:00:00+00:00, execution_date=20241016T000000, start_date=20241026T191319, end_date=20241026T191323
[2024-10-26T19:13:23.169+0000] {local_task_job_runner.py:266} INFO - Task exited with return code 0
[2024-10-26T19:13:23.264+0000] {local_task_job_runner.py:245} INFO - ::endgroup::
[2024-10-26T19:17:02.396+0000] {local_task_job_runner.py:123} INFO - ::group::Pre task execution logs
[2024-10-26T19:17:02.420+0000] {taskinstance.py:2612} INFO - Dependencies all met for dep_context=non-requeueable deps ti=<TaskInstance: dag_cargar_cotizaciones.ccl_to_redshift scheduled__2024-10-16T00:00:00+00:00 [queued]>
[2024-10-26T19:17:02.444+0000] {taskinstance.py:2612} INFO - Dependencies all met for dep_context=requeueable deps ti=<TaskInstance: dag_cargar_cotizaciones.ccl_to_redshift scheduled__2024-10-16T00:00:00+00:00 [queued]>
[2024-10-26T19:17:02.450+0000] {taskinstance.py:2865} INFO - Starting attempt 1 of 1
[2024-10-26T19:17:02.467+0000] {taskinstance.py:2888} INFO - Executing <Task(PythonOperator): ccl_to_redshift> on 2024-10-16 00:00:00+00:00
[2024-10-26T19:17:02.483+0000] {standard_task_runner.py:72} INFO - Started process 860 to run task
[2024-10-26T19:17:02.491+0000] {standard_task_runner.py:104} INFO - Running: ['***', 'tasks', 'run', 'dag_cargar_cotizaciones', 'ccl_to_redshift', 'scheduled__2024-10-16T00:00:00+00:00', '--job-id', '409', '--raw', '--subdir', 'DAGS_FOLDER/dag_cargar_cotizaciones.py', '--cfg-path', '/tmp/tmpfphn9l_c']
[2024-10-26T19:17:02.500+0000] {standard_task_runner.py:105} INFO - Job 409: Subtask ccl_to_redshift
[2024-10-26T19:17:02.651+0000] {task_command.py:467} INFO - Running <TaskInstance: dag_cargar_cotizaciones.ccl_to_redshift scheduled__2024-10-16T00:00:00+00:00 [running]> on host 3ba590fe69c6
[2024-10-26T19:17:02.839+0000] {taskinstance.py:3131} INFO - Exporting env vars: AIRFLOW_CTX_DAG_OWNER='***' AIRFLOW_CTX_DAG_ID='dag_cargar_cotizaciones' AIRFLOW_CTX_TASK_ID='ccl_to_redshift' AIRFLOW_CTX_EXECUTION_DATE='2024-10-16T00:00:00+00:00' AIRFLOW_CTX_TRY_NUMBER='1' AIRFLOW_CTX_DAG_RUN_ID='scheduled__2024-10-16T00:00:00+00:00'
[2024-10-26T19:17:02.845+0000] {taskinstance.py:731} INFO - ::endgroup::
[2024-10-26T19:17:03.347+0000] {redshift_operations.py:19} INFO - Estableciendo conexión con Redshift.
[2024-10-26T19:17:03.367+0000] {base.py:84} INFO - Retrieving connection 'redshift_conn'
[2024-10-26T19:17:04.721+0000] {redshift_operations.py:28} INFO - Conexión con Redshift establecida. Ejecutando función.
[2024-10-26T19:17:04.722+0000] {redshift_operations.py:45} INFO - Iniciando carga de datos en Redshift.
[2024-10-26T19:17:05.820+0000] {redshift_operations.py:53} INFO - Carga de datos completada exitosamente.
[2024-10-26T19:17:05.826+0000] {redshift_operations.py:31} INFO - Conexión con Redshift cerrada.
[2024-10-26T19:17:05.829+0000] {python.py:240} INFO - Done. Returned value was: None
[2024-10-26T19:17:05.841+0000] {taskinstance.py:340} INFO - ::group::Post task execution logs
[2024-10-26T19:17:05.842+0000] {taskinstance.py:352} INFO - Marking task as SUCCESS. dag_id=dag_cargar_cotizaciones, task_id=ccl_to_redshift, run_id=scheduled__2024-10-16T00:00:00+00:00, execution_date=20241016T000000, start_date=20241026T191702, end_date=20241026T191705
[2024-10-26T19:17:05.857+0000] {local_task_job_runner.py:266} INFO - Task exited with return code 0
[2024-10-26T19:17:05.893+0000] {taskinstance.py:3900} INFO - 0 downstream tasks scheduled from follow-on schedule check
[2024-10-26T19:17:05.896+0000] {local_task_job_runner.py:245} INFO - ::endgroup::
