[2024-10-14T12:04:44.870+0000] {local_task_job_runner.py:123} INFO - ::group::Pre task execution logs
[2024-10-14T12:05:14.470+0000] {taskinstance.py:2612} INFO - Dependencies all met for dep_context=non-requeueable deps ti=<TaskInstance: dag_cargar_cotizaciones.obtener_y_preparar_cotizaciones scheduled__2024-10-11T00:00:00+00:00 [queued]>
[2024-10-14T12:05:15.987+0000] {taskinstance.py:2612} INFO - Dependencies all met for dep_context=requeueable deps ti=<TaskInstance: dag_cargar_cotizaciones.obtener_y_preparar_cotizaciones scheduled__2024-10-11T00:00:00+00:00 [queued]>
[2024-10-14T12:05:16.008+0000] {taskinstance.py:2865} INFO - Starting attempt 1 of 2
[2024-10-14T12:05:16.674+0000] {taskinstance.py:2888} INFO - Executing <Task(PythonOperator): obtener_y_preparar_cotizaciones> on 2024-10-11 00:00:00+00:00
[2024-10-14T12:05:17.353+0000] {warnings.py:112} WARNING - /home/***/.local/lib/python3.12/site-packages/***/task/task_runner/standard_task_runner.py:70: DeprecationWarning: This process (pid=14778) is multi-threaded, use of fork() may lead to deadlocks in the child.
  pid = os.fork()

[2024-10-14T12:05:17.486+0000] {standard_task_runner.py:72} INFO - Started process 14792 to run task
[2024-10-14T12:05:17.444+0000] {standard_task_runner.py:104} INFO - Running: ['***', 'tasks', 'run', 'dag_cargar_cotizaciones', 'obtener_y_preparar_cotizaciones', 'scheduled__2024-10-11T00:00:00+00:00', '--job-id', '284', '--raw', '--subdir', 'DAGS_FOLDER/dag_cargar_cotizaciones.py', '--cfg-path', '/tmp/tmpzyfv24lj']
[2024-10-14T12:05:17.713+0000] {standard_task_runner.py:105} INFO - Job 284: Subtask obtener_y_preparar_cotizaciones
[2024-10-14T12:05:21.207+0000] {task_command.py:467} INFO - Running <TaskInstance: dag_cargar_cotizaciones.obtener_y_preparar_cotizaciones scheduled__2024-10-11T00:00:00+00:00 [running]> on host f03003374728
[2024-10-14T12:05:25.523+0000] {taskinstance.py:3131} INFO - Exporting env vars: AIRFLOW_CTX_DAG_OWNER='***' AIRFLOW_CTX_DAG_ID='dag_cargar_cotizaciones' AIRFLOW_CTX_TASK_ID='obtener_y_preparar_cotizaciones' AIRFLOW_CTX_EXECUTION_DATE='2024-10-11T00:00:00+00:00' AIRFLOW_CTX_TRY_NUMBER='1' AIRFLOW_CTX_DAG_RUN_ID='scheduled__2024-10-11T00:00:00+00:00'
[2024-10-14T12:05:25.766+0000] {taskinstance.py:731} INFO - ::endgroup::
[2024-10-14T12:05:26.525+0000] {job.py:229} INFO - Heartbeat recovered after 43.89 seconds
[2024-10-14T12:05:29.624+0000] {logging_mixin.py:190} INFO - 2024-10-11
[2024-10-14T12:05:29.637+0000] {logging_mixin.py:190} INFO - 2024-10-12
[2024-10-14T12:05:33.320+0000] {cache.py:130} INFO - Failed to create TzCache, reason: Error creating TzCache folder: '/home/***/.cache/py-yfinance' reason: [Errno 13] Permission denied: '/home/***/.cache/py-yfinance'. TzCache will not be used. Tip: You can direct cache to use a different location with 'set_tz_cache_location(mylocation)'
[2024-10-14T12:05:33.353+0000] {cache.py:130} INFO - Failed to create TzCache, reason: Error creating TzCache folder: '/home/***/.cache/py-yfinance' reason: [Errno 13] Permission denied: '/home/***/.cache/py-yfinance'. TzCache will not be used. Tip: You can direct cache to use a different location with 'set_tz_cache_location(mylocation)'
[2024-10-14T12:05:33.317+0000] {cache.py:130} INFO - Failed to create TzCache, reason: Error creating TzCache folder: '/home/***/.cache/py-yfinance' reason: [Errno 13] Permission denied: '/home/***/.cache/py-yfinance'. TzCache will not be used. Tip: You can direct cache to use a different location with 'set_tz_cache_location(mylocation)'
[2024-10-14T12:05:33.193+0000] {cache.py:130} INFO - Failed to create TzCache, reason: Error creating TzCache folder: '/home/***/.cache/py-yfinance' reason: [Errno 13] Permission denied: '/home/***/.cache/py-yfinance'. TzCache will not be used. Tip: You can direct cache to use a different location with 'set_tz_cache_location(mylocation)'
[2024-10-14T12:05:33.307+0000] {cache.py:130} INFO - Failed to create TzCache, reason: Error creating TzCache folder: '/home/***/.cache/py-yfinance' reason: [Errno 13] Permission denied: '/home/***/.cache/py-yfinance'. TzCache will not be used. Tip: You can direct cache to use a different location with 'set_tz_cache_location(mylocation)'
[2024-10-14T12:05:33.416+0000] {cache.py:130} INFO - Failed to create TzCache, reason: Error creating TzCache folder: '/home/***/.cache/py-yfinance' reason: [Errno 13] Permission denied: '/home/***/.cache/py-yfinance'. TzCache will not be used. Tip: You can direct cache to use a different location with 'set_tz_cache_location(mylocation)'
[2024-10-14T12:05:33.542+0000] {cache.py:336} INFO - Failed to create CookieCache, reason: Error creating CookieCache folder: '/home/***/.cache/py-yfinance' reason: [Errno 13] Permission denied: '/home/***/.cache/py-yfinance'. CookieCache will not be used. Tip: You can direct cache to use a different location with 'set_tz_cache_location(mylocation)'
[2024-10-14T12:05:37.343+0000] {job.py:229} INFO - Heartbeat recovered after 11.05 seconds
[2024-10-14T12:05:48.268+0000] {job.py:229} INFO - Heartbeat recovered after 11.11 seconds
[2024-10-14T12:05:54.591+0000] {logging_mixin.py:190} WARNING - [                       0%                       ]
[2024-10-14T12:05:54.609+0000] {logging_mixin.py:190} WARNING - [                       0%                       ]
[2024-10-14T12:05:54.752+0000] {logging_mixin.py:190} WARNING - [                       0%                       ]
[2024-10-14T12:05:54.925+0000] {logging_mixin.py:190} WARNING - [                       0%                       ]
[2024-10-14T12:05:54.933+0000] {logging_mixin.py:190} WARNING - [**********************83%***************        ]  5 of 6 completed
[2024-10-14T12:05:54.945+0000] {logging_mixin.py:190} WARNING - [*********************100%***********************]  6 of 6 completed
[2024-10-14T12:05:55.178+0000] {warnings.py:112} WARNING - /opt/***/dags/stocks_prices_daily.py:15: FutureWarning: The previous implementation of stack is deprecated and will be removed in a future version of pandas. See the What's New notes for pandas 2.1.0 for details. Specify future_stack=True to adopt the new implementation and silence this warning.
  stacked_data = daily_stock_data.stack(level='Ticker').reset_index()

[2024-10-14T12:05:55.564+0000] {base.py:84} INFO - Retrieving connection 'redshift_conn'
[2024-10-14T12:05:55.568+0000] {logging_mixin.py:190} INFO - redshift_conn
[2024-10-14T12:05:59.195+0000] {python.py:240} INFO - Done. Returned value was: None
[2024-10-14T12:06:00.076+0000] {taskinstance.py:340} INFO - ::group::Post task execution logs
[2024-10-14T12:06:00.168+0000] {taskinstance.py:352} INFO - Marking task as SUCCESS. dag_id=dag_cargar_cotizaciones, task_id=obtener_y_preparar_cotizaciones, run_id=scheduled__2024-10-11T00:00:00+00:00, execution_date=20241011T000000, start_date=20241014T120514, end_date=20241014T120600
[2024-10-14T12:06:01.453+0000] {local_task_job_runner.py:266} INFO - Task exited with return code 0
[2024-10-14T12:06:02.041+0000] {taskinstance.py:3900} INFO - 0 downstream tasks scheduled from follow-on schedule check
[2024-10-14T12:06:02.191+0000] {local_task_job_runner.py:245} INFO - ::endgroup::
[2024-10-15T18:16:28.456+0000] {local_task_job_runner.py:123} INFO - ::group::Pre task execution logs
[2024-10-15T18:16:28.467+0000] {taskinstance.py:2612} INFO - Dependencies all met for dep_context=non-requeueable deps ti=<TaskInstance: dag_cargar_cotizaciones.obtener_y_preparar_cotizaciones scheduled__2024-10-11T00:00:00+00:00 [queued]>
[2024-10-15T18:16:28.473+0000] {taskinstance.py:2612} INFO - Dependencies all met for dep_context=requeueable deps ti=<TaskInstance: dag_cargar_cotizaciones.obtener_y_preparar_cotizaciones scheduled__2024-10-11T00:00:00+00:00 [queued]>
[2024-10-15T18:16:28.474+0000] {taskinstance.py:2865} INFO - Starting attempt 1 of 2
[2024-10-15T18:16:28.489+0000] {taskinstance.py:2888} INFO - Executing <Task(PythonOperator): obtener_y_preparar_cotizaciones> on 2024-10-11 00:00:00+00:00
[2024-10-15T18:16:28.498+0000] {warnings.py:112} WARNING - /home/***/.local/lib/python3.12/site-packages/***/task/task_runner/standard_task_runner.py:70: DeprecationWarning: This process (pid=855) is multi-threaded, use of fork() may lead to deadlocks in the child.
  pid = os.fork()

[2024-10-15T18:16:28.500+0000] {standard_task_runner.py:72} INFO - Started process 863 to run task
[2024-10-15T18:16:28.500+0000] {standard_task_runner.py:104} INFO - Running: ['***', 'tasks', 'run', 'dag_cargar_cotizaciones', 'obtener_y_preparar_cotizaciones', 'scheduled__2024-10-11T00:00:00+00:00', '--job-id', '366', '--raw', '--subdir', 'DAGS_FOLDER/dag_cargar_cotizaciones.py', '--cfg-path', '/tmp/tmpu112imzq']
[2024-10-15T18:16:28.503+0000] {standard_task_runner.py:105} INFO - Job 366: Subtask obtener_y_preparar_cotizaciones
[2024-10-15T18:16:28.560+0000] {task_command.py:467} INFO - Running <TaskInstance: dag_cargar_cotizaciones.obtener_y_preparar_cotizaciones scheduled__2024-10-11T00:00:00+00:00 [running]> on host f03003374728
[2024-10-15T18:16:28.621+0000] {taskinstance.py:3131} INFO - Exporting env vars: AIRFLOW_CTX_DAG_OWNER='***' AIRFLOW_CTX_DAG_ID='dag_cargar_cotizaciones' AIRFLOW_CTX_TASK_ID='obtener_y_preparar_cotizaciones' AIRFLOW_CTX_EXECUTION_DATE='2024-10-11T00:00:00+00:00' AIRFLOW_CTX_TRY_NUMBER='1' AIRFLOW_CTX_DAG_RUN_ID='scheduled__2024-10-11T00:00:00+00:00'
[2024-10-15T18:16:28.622+0000] {taskinstance.py:731} INFO - ::endgroup::
[2024-10-15T18:16:28.631+0000] {logging_mixin.py:190} INFO - 2024-10-11
[2024-10-15T18:16:28.632+0000] {logging_mixin.py:190} INFO - 2024-10-12
[2024-10-15T18:16:28.633+0000] {cache.py:130} INFO - Failed to create TzCache, reason: Error creating TzCache folder: '/home/***/.cache/py-yfinance' reason: [Errno 13] Permission denied: '/home/***/.cache/py-yfinance'. TzCache will not be used. Tip: You can direct cache to use a different location with 'set_tz_cache_location(mylocation)'
[2024-10-15T18:16:28.634+0000] {cache.py:130} INFO - Failed to create TzCache, reason: Error creating TzCache folder: '/home/***/.cache/py-yfinance' reason: [Errno 13] Permission denied: '/home/***/.cache/py-yfinance'. TzCache will not be used. Tip: You can direct cache to use a different location with 'set_tz_cache_location(mylocation)'
[2024-10-15T18:16:28.634+0000] {cache.py:336} INFO - Failed to create CookieCache, reason: Error creating CookieCache folder: '/home/***/.cache/py-yfinance' reason: [Errno 13] Permission denied: '/home/***/.cache/py-yfinance'. CookieCache will not be used. Tip: You can direct cache to use a different location with 'set_tz_cache_location(mylocation)'
[2024-10-15T18:16:29.884+0000] {logging_mixin.py:190} WARNING - [                       0%                       ]
[2024-10-15T18:16:29.885+0000] {logging_mixin.py:190} WARNING - [****************      33%                       ]  2 of 6 completed
[2024-10-15T18:16:29.894+0000] {logging_mixin.py:190} WARNING - [**********************50%                       ]  3 of 6 completed
[2024-10-15T18:16:29.909+0000] {logging_mixin.py:190} WARNING - [**********************67%*******                ]  4 of 6 completed
[2024-10-15T18:16:39.380+0000] {base.py:126} ERROR - Failed to get ticker 'CEPU.BA' reason: HTTPSConnectionPool(host='query2.finance.yahoo.com', port=443): Read timed out. (read timeout=10)
[2024-10-15T18:16:39.393+0000] {logging_mixin.py:190} WARNING - [**********************83%***************        ]  5 of 6 completed
[2024-10-15T18:16:39.396+0000] {logging_mixin.py:190} WARNING - [*********************100%***********************]  6 of 6 completed
[2024-10-15T18:16:39.399+0000] {multi.py:171} ERROR - 
6 Failed downloads:
[2024-10-15T18:16:39.400+0000] {multi.py:184} ERROR - ['AMZN.BA', 'PAMP.BA', 'AAPL.BA', 'BBAR.BA', 'TGNO4.BA']: YFPricesMissingError('$%ticker%: possibly delisted; no price data found  (1d 2024-10-11 -> 2024-10-12)')
[2024-10-15T18:16:39.401+0000] {multi.py:184} ERROR - ['CEPU.BA']: YFTzMissingError('$%ticker%: possibly delisted; no timezone found')
[2024-10-15T18:16:39.425+0000] {warnings.py:112} WARNING - /opt/***/dags/stocks_prices_daily.py:15: FutureWarning: The previous implementation of stack is deprecated and will be removed in a future version of pandas. See the What's New notes for pandas 2.1.0 for details. Specify future_stack=True to adopt the new implementation and silence this warning.
  stacked_data = daily_stock_data.stack(level='Ticker').reset_index()

[2024-10-15T18:16:39.448+0000] {base.py:84} INFO - Retrieving connection 'redshift_conn'
[2024-10-15T18:16:39.449+0000] {logging_mixin.py:190} INFO - redshift_conn
[2024-10-15T18:16:40.826+0000] {python.py:240} INFO - Done. Returned value was: None
[2024-10-15T18:16:40.838+0000] {taskinstance.py:340} INFO - ::group::Post task execution logs
[2024-10-15T18:16:40.839+0000] {taskinstance.py:352} INFO - Marking task as SUCCESS. dag_id=dag_cargar_cotizaciones, task_id=obtener_y_preparar_cotizaciones, run_id=scheduled__2024-10-11T00:00:00+00:00, execution_date=20241011T000000, start_date=20241015T181628, end_date=20241015T181640
[2024-10-15T18:16:40.860+0000] {local_task_job_runner.py:266} INFO - Task exited with return code 0
[2024-10-15T18:16:40.881+0000] {taskinstance.py:3900} INFO - 0 downstream tasks scheduled from follow-on schedule check
[2024-10-15T18:16:40.881+0000] {local_task_job_runner.py:245} INFO - ::endgroup::
