[2024-10-14T17:57:00.773+0000] {local_task_job_runner.py:123} INFO - ::group::Pre task execution logs
[2024-10-14T17:57:00.785+0000] {taskinstance.py:2612} INFO - Dependencies all met for dep_context=non-requeueable deps ti=<TaskInstance: dag_ccl.ccl_to_redshift manual__2024-10-14T17:56:59.390606+00:00 [queued]>
[2024-10-14T17:57:00.792+0000] {taskinstance.py:2612} INFO - Dependencies all met for dep_context=requeueable deps ti=<TaskInstance: dag_ccl.ccl_to_redshift manual__2024-10-14T17:56:59.390606+00:00 [queued]>
[2024-10-14T17:57:00.793+0000] {taskinstance.py:2865} INFO - Starting attempt 1 of 2
[2024-10-14T17:57:00.805+0000] {taskinstance.py:2888} INFO - Executing <Task(PythonOperator): ccl_to_redshift> on 2024-10-14 17:56:59.390606+00:00
[2024-10-14T17:57:00.810+0000] {warnings.py:112} WARNING - /home/***/.local/lib/python3.12/site-packages/***/task/task_runner/standard_task_runner.py:70: DeprecationWarning: This process (pid=19495) is multi-threaded, use of fork() may lead to deadlocks in the child.
  pid = os.fork()

[2024-10-14T17:57:00.811+0000] {standard_task_runner.py:72} INFO - Started process 19497 to run task
[2024-10-14T17:57:00.811+0000] {standard_task_runner.py:104} INFO - Running: ['***', 'tasks', 'run', 'dag_ccl', 'ccl_to_redshift', 'manual__2024-10-14T17:56:59.390606+00:00', '--job-id', '312', '--raw', '--subdir', 'DAGS_FOLDER/dag_ccl.py', '--cfg-path', '/tmp/tmpk9gwtsnb']
[2024-10-14T17:57:00.813+0000] {standard_task_runner.py:105} INFO - Job 312: Subtask ccl_to_redshift
[2024-10-14T17:57:00.844+0000] {task_command.py:467} INFO - Running <TaskInstance: dag_ccl.ccl_to_redshift manual__2024-10-14T17:56:59.390606+00:00 [running]> on host f03003374728
[2024-10-14T17:57:01.164+0000] {taskinstance.py:3131} INFO - Exporting env vars: AIRFLOW_CTX_DAG_OWNER='***' AIRFLOW_CTX_DAG_ID='dag_ccl' AIRFLOW_CTX_TASK_ID='ccl_to_redshift' AIRFLOW_CTX_EXECUTION_DATE='2024-10-14T17:56:59.390606+00:00' AIRFLOW_CTX_TRY_NUMBER='1' AIRFLOW_CTX_DAG_RUN_ID='manual__2024-10-14T17:56:59.390606+00:00'
[2024-10-14T17:57:01.166+0000] {taskinstance.py:731} INFO - ::endgroup::
[2024-10-14T17:57:01.176+0000] {logging_mixin.py:190} INFO - 2024-10-14
[2024-10-14T17:57:01.691+0000] {logging_mixin.py:190} INFO - 0       fecha dolar_ccl
1  2024-10-14   1179.28
[2024-10-14T17:57:01.698+0000] {base.py:84} INFO - Retrieving connection 'redshift_conn'
[2024-10-14T17:57:01.698+0000] {logging_mixin.py:190} INFO - redshift_conn
[2024-10-14T17:57:04.056+0000] {python.py:240} INFO - Done. Returned value was: None
[2024-10-14T17:57:04.063+0000] {taskinstance.py:340} INFO - ::group::Post task execution logs
[2024-10-14T17:57:04.063+0000] {taskinstance.py:352} INFO - Marking task as SUCCESS. dag_id=dag_ccl, task_id=ccl_to_redshift, run_id=manual__2024-10-14T17:56:59.390606+00:00, execution_date=20241014T175659, start_date=20241014T175700, end_date=20241014T175704
[2024-10-14T17:57:04.098+0000] {local_task_job_runner.py:266} INFO - Task exited with return code 0
[2024-10-14T17:57:04.111+0000] {taskinstance.py:3900} INFO - 0 downstream tasks scheduled from follow-on schedule check
[2024-10-14T17:57:04.112+0000] {local_task_job_runner.py:245} INFO - ::endgroup::
