[2024-10-14T17:31:02.318+0000] {local_task_job_runner.py:123} INFO - ::group::Pre task execution logs
[2024-10-14T17:31:05.084+0000] {taskinstance.py:2612} INFO - Dependencies all met for dep_context=non-requeueable deps ti=<TaskInstance: dag_ccl.ccl_to_redshift scheduled__2024-09-09T00:00:00+00:00 [queued]>
[2024-10-14T17:31:08.534+0000] {taskinstance.py:2612} INFO - Dependencies all met for dep_context=requeueable deps ti=<TaskInstance: dag_ccl.ccl_to_redshift scheduled__2024-09-09T00:00:00+00:00 [queued]>
[2024-10-14T17:31:08.750+0000] {taskinstance.py:2865} INFO - Starting attempt 1 of 2
[2024-10-14T17:31:11.168+0000] {taskinstance.py:2888} INFO - Executing <Task(PythonOperator): ccl_to_redshift> on 2024-09-09 00:00:00+00:00
[2024-10-14T17:31:11.481+0000] {warnings.py:112} WARNING - /home/***/.local/lib/python3.12/site-packages/***/task/task_runner/standard_task_runner.py:70: DeprecationWarning: This process (pid=19092) is multi-threaded, use of fork() may lead to deadlocks in the child.
  pid = os.fork()

[2024-10-14T17:31:11.506+0000] {standard_task_runner.py:72} INFO - Started process 19144 to run task
[2024-10-14T17:31:11.519+0000] {standard_task_runner.py:104} INFO - Running: ['***', 'tasks', 'run', 'dag_ccl', 'ccl_to_redshift', 'scheduled__2024-09-09T00:00:00+00:00', '--job-id', '297', '--raw', '--subdir', 'DAGS_FOLDER/dag_ccl.py', '--cfg-path', '/tmp/tmp36x7xsnc']
[2024-10-14T17:31:11.570+0000] {standard_task_runner.py:105} INFO - Job 297: Subtask ccl_to_redshift
[2024-10-14T17:31:31.018+0000] {job.py:229} INFO - Heartbeat recovered after 37.63 seconds
[2024-10-14T17:31:41.273+0000] {task_command.py:467} INFO - Running <TaskInstance: dag_ccl.ccl_to_redshift scheduled__2024-09-09T00:00:00+00:00 [running]> on host f03003374728
[2024-10-14T17:31:50.377+0000] {job.py:229} INFO - Heartbeat recovered after 21.42 seconds
[2024-10-14T17:32:04.027+0000] {job.py:229} INFO - Heartbeat recovered after 14.24 seconds
[2024-10-14T17:32:23.327+0000] {job.py:229} INFO - Heartbeat recovered after 19.92 seconds
[2024-10-14T17:32:35.198+0000] {job.py:229} INFO - Heartbeat recovered after 12.05 seconds
[2024-10-14T17:32:47.061+0000] {job.py:229} INFO - Heartbeat recovered after 12.50 seconds
[2024-10-14T17:33:00.039+0000] {job.py:229} INFO - Heartbeat recovered after 13.47 seconds
[2024-10-14T17:33:31.299+0000] {job.py:229} INFO - Heartbeat recovered after 14.75 seconds
[2024-10-14T17:33:47.715+0000] {job.py:229} INFO - Heartbeat recovered after 19.38 seconds
[2024-10-14T17:33:48.247+0000] {local_task_job_runner.py:346} WARNING - State of this instance has been externally set to failed. Terminating instance.
[2024-10-14T17:33:48.365+0000] {local_task_job_runner.py:245} INFO - ::endgroup::
[2024-10-14T17:33:48.618+0000] {process_utils.py:132} INFO - Sending 15 to group 19144. PIDs of all processes in the group: [19144]
[2024-10-14T17:33:48.633+0000] {process_utils.py:87} INFO - Sending the signal 15 to group 19144
[2024-10-14T17:33:58.055+0000] {process_utils.py:80} INFO - Process psutil.Process(pid=19144, status='terminated', exitcode=<Negsignal.SIGTERM: -15>, started='17:31:10') (19144) terminated with exit code -15
[2024-10-14T17:34:00.745+0000] {standard_task_runner.py:217} INFO - Process not found (most likely exited), stop collecting metrics
[2024-10-16T14:41:12.480+0000] {local_task_job_runner.py:123} INFO - ::group::Pre task execution logs
[2024-10-16T14:41:12.502+0000] {taskinstance.py:2612} INFO - Dependencies all met for dep_context=non-requeueable deps ti=<TaskInstance: dag_ccl.ccl_to_redshift scheduled__2024-09-09T00:00:00+00:00 [queued]>
[2024-10-16T14:41:12.518+0000] {taskinstance.py:2612} INFO - Dependencies all met for dep_context=requeueable deps ti=<TaskInstance: dag_ccl.ccl_to_redshift scheduled__2024-09-09T00:00:00+00:00 [queued]>
[2024-10-16T14:41:12.519+0000] {taskinstance.py:2865} INFO - Starting attempt 1 of 2
[2024-10-16T14:41:12.604+0000] {taskinstance.py:2888} INFO - Executing <Task(PythonOperator): ccl_to_redshift> on 2024-09-09 00:00:00+00:00
[2024-10-16T14:41:12.621+0000] {warnings.py:112} WARNING - /home/***/.local/lib/python3.12/site-packages/***/task/task_runner/standard_task_runner.py:70: DeprecationWarning: This process (pid=165) is multi-threaded, use of fork() may lead to deadlocks in the child.
  pid = os.fork()

[2024-10-16T14:41:12.626+0000] {standard_task_runner.py:72} INFO - Started process 185 to run task
[2024-10-16T14:41:12.629+0000] {standard_task_runner.py:104} INFO - Running: ['***', 'tasks', 'run', 'dag_ccl', 'ccl_to_redshift', 'scheduled__2024-09-09T00:00:00+00:00', '--job-id', '383', '--raw', '--subdir', 'DAGS_FOLDER/dag_ccl.py', '--cfg-path', '/tmp/tmpy5bkzalb']
[2024-10-16T14:41:12.648+0000] {standard_task_runner.py:105} INFO - Job 383: Subtask ccl_to_redshift
[2024-10-16T14:41:12.773+0000] {task_command.py:467} INFO - Running <TaskInstance: dag_ccl.ccl_to_redshift scheduled__2024-09-09T00:00:00+00:00 [running]> on host f03003374728
[2024-10-16T14:41:13.425+0000] {taskinstance.py:3131} INFO - Exporting env vars: AIRFLOW_CTX_DAG_OWNER='***' AIRFLOW_CTX_DAG_ID='dag_ccl' AIRFLOW_CTX_TASK_ID='ccl_to_redshift' AIRFLOW_CTX_EXECUTION_DATE='2024-09-09T00:00:00+00:00' AIRFLOW_CTX_TRY_NUMBER='1' AIRFLOW_CTX_DAG_RUN_ID='scheduled__2024-09-09T00:00:00+00:00'
[2024-10-16T14:41:13.430+0000] {taskinstance.py:731} INFO - ::endgroup::
[2024-10-16T14:41:13.444+0000] {logging_mixin.py:190} INFO - 2024-09-09
[2024-10-16T14:41:15.276+0000] {base.py:84} INFO - Retrieving connection 'redshift_conn'
[2024-10-16T14:41:15.278+0000] {logging_mixin.py:190} INFO - redshift_conn
[2024-10-16T14:41:17.344+0000] {python.py:240} INFO - Done. Returned value was: None
[2024-10-16T14:41:17.354+0000] {taskinstance.py:340} INFO - ::group::Post task execution logs
[2024-10-16T14:41:17.355+0000] {taskinstance.py:352} INFO - Marking task as SUCCESS. dag_id=dag_ccl, task_id=ccl_to_redshift, run_id=scheduled__2024-09-09T00:00:00+00:00, execution_date=20240909T000000, start_date=20241016T144112, end_date=20241016T144117
[2024-10-16T14:41:17.401+0000] {local_task_job_runner.py:266} INFO - Task exited with return code 0
[2024-10-16T14:41:17.435+0000] {taskinstance.py:3900} INFO - 0 downstream tasks scheduled from follow-on schedule check
[2024-10-16T14:41:17.436+0000] {local_task_job_runner.py:245} INFO - ::endgroup::
