[2024-10-16T15:35:00.432+0000] {local_task_job_runner.py:123} INFO - ::group::Pre task execution logs
[2024-10-16T15:35:00.442+0000] {taskinstance.py:2612} INFO - Dependencies all met for dep_context=non-requeueable deps ti=<TaskInstance: dag_cargar_cotizaciones.ccl_to_redshift manual__2024-10-16T15:34:58.652157+00:00 [queued]>
[2024-10-16T15:35:00.451+0000] {taskinstance.py:2612} INFO - Dependencies all met for dep_context=requeueable deps ti=<TaskInstance: dag_cargar_cotizaciones.ccl_to_redshift manual__2024-10-16T15:34:58.652157+00:00 [queued]>
[2024-10-16T15:35:00.453+0000] {taskinstance.py:2865} INFO - Starting attempt 1 of 2
[2024-10-16T15:35:00.462+0000] {taskinstance.py:2888} INFO - Executing <Task(PythonOperator): ccl_to_redshift> on 2024-10-16 15:34:58.652157+00:00
[2024-10-16T15:35:00.468+0000] {warnings.py:112} WARNING - /home/***/.local/lib/python3.12/site-packages/***/task/task_runner/standard_task_runner.py:70: DeprecationWarning: This process (pid=1026) is multi-threaded, use of fork() may lead to deadlocks in the child.
  pid = os.fork()

[2024-10-16T15:35:00.469+0000] {standard_task_runner.py:72} INFO - Started process 1031 to run task
[2024-10-16T15:35:00.469+0000] {standard_task_runner.py:104} INFO - Running: ['***', 'tasks', 'run', 'dag_cargar_cotizaciones', 'ccl_to_redshift', 'manual__2024-10-16T15:34:58.652157+00:00', '--job-id', '421', '--raw', '--subdir', 'DAGS_FOLDER/dag_cargar_cotizaciones.py', '--cfg-path', '/tmp/tmpefh4b621']
[2024-10-16T15:35:00.472+0000] {standard_task_runner.py:105} INFO - Job 421: Subtask ccl_to_redshift
[2024-10-16T15:35:00.502+0000] {task_command.py:467} INFO - Running <TaskInstance: dag_cargar_cotizaciones.ccl_to_redshift manual__2024-10-16T15:34:58.652157+00:00 [running]> on host f03003374728
[2024-10-16T15:35:00.551+0000] {taskinstance.py:3131} INFO - Exporting env vars: AIRFLOW_CTX_DAG_OWNER='***' AIRFLOW_CTX_DAG_ID='dag_cargar_cotizaciones' AIRFLOW_CTX_TASK_ID='ccl_to_redshift' AIRFLOW_CTX_EXECUTION_DATE='2024-10-16T15:34:58.652157+00:00' AIRFLOW_CTX_TRY_NUMBER='1' AIRFLOW_CTX_DAG_RUN_ID='manual__2024-10-16T15:34:58.652157+00:00'
[2024-10-16T15:35:00.554+0000] {taskinstance.py:731} INFO - ::endgroup::
[2024-10-16T15:35:00.565+0000] {logging_mixin.py:190} INFO - 2024-10-16
[2024-10-16T15:35:01.150+0000] {base.py:84} INFO - Retrieving connection 'redshift_conn'
[2024-10-16T15:35:02.736+0000] {python.py:240} INFO - Done. Returned value was: None
[2024-10-16T15:35:02.755+0000] {taskinstance.py:340} INFO - ::group::Post task execution logs
[2024-10-16T15:35:02.755+0000] {taskinstance.py:352} INFO - Marking task as SUCCESS. dag_id=dag_cargar_cotizaciones, task_id=ccl_to_redshift, run_id=manual__2024-10-16T15:34:58.652157+00:00, execution_date=20241016T153458, start_date=20241016T153500, end_date=20241016T153502
[2024-10-16T15:35:02.816+0000] {local_task_job_runner.py:266} INFO - Task exited with return code 0
[2024-10-16T15:35:02.837+0000] {taskinstance.py:3900} INFO - 0 downstream tasks scheduled from follow-on schedule check
[2024-10-16T15:35:02.839+0000] {local_task_job_runner.py:245} INFO - ::endgroup::
