[2024-10-15T18:52:17.602+0000] {local_task_job_runner.py:123} INFO - ::group::Pre task execution logs
[2024-10-15T18:52:17.730+0000] {taskinstance.py:2612} INFO - Dependencies all met for dep_context=non-requeueable deps ti=<TaskInstance: dag_ccl.ccl_to_redshift scheduled__2024-10-14T00:00:00+00:00 [queued]>
[2024-10-15T18:52:17.778+0000] {taskinstance.py:2612} INFO - Dependencies all met for dep_context=requeueable deps ti=<TaskInstance: dag_ccl.ccl_to_redshift scheduled__2024-10-14T00:00:00+00:00 [queued]>
[2024-10-15T18:52:17.783+0000] {taskinstance.py:2865} INFO - Starting attempt 1 of 2
[2024-10-15T18:52:17.896+0000] {taskinstance.py:2888} INFO - Executing <Task(PythonOperator): ccl_to_redshift> on 2024-10-14 00:00:00+00:00
[2024-10-15T18:52:18.022+0000] {warnings.py:112} WARNING - /home/***/.local/lib/python3.12/site-packages/***/task/task_runner/standard_task_runner.py:70: DeprecationWarning: This process (pid=1297) is multi-threaded, use of fork() may lead to deadlocks in the child.
  pid = os.fork()

[2024-10-15T18:52:18.038+0000] {standard_task_runner.py:72} INFO - Started process 1299 to run task
[2024-10-15T18:52:18.066+0000] {standard_task_runner.py:104} INFO - Running: ['***', 'tasks', 'run', 'dag_ccl', 'ccl_to_redshift', 'scheduled__2024-10-14T00:00:00+00:00', '--job-id', '370', '--raw', '--subdir', 'DAGS_FOLDER/dag_ccl.py', '--cfg-path', '/tmp/tmp2s1_wf1m']
[2024-10-15T18:52:18.104+0000] {standard_task_runner.py:105} INFO - Job 370: Subtask ccl_to_redshift
[2024-10-15T18:52:18.658+0000] {task_command.py:467} INFO - Running <TaskInstance: dag_ccl.ccl_to_redshift scheduled__2024-10-14T00:00:00+00:00 [running]> on host f03003374728
[2024-10-15T18:52:24.225+0000] {taskinstance.py:3131} INFO - Exporting env vars: AIRFLOW_CTX_DAG_OWNER='***' AIRFLOW_CTX_DAG_ID='dag_ccl' AIRFLOW_CTX_TASK_ID='ccl_to_redshift' AIRFLOW_CTX_EXECUTION_DATE='2024-10-14T00:00:00+00:00' AIRFLOW_CTX_TRY_NUMBER='1' AIRFLOW_CTX_DAG_RUN_ID='scheduled__2024-10-14T00:00:00+00:00'
[2024-10-15T18:52:24.233+0000] {taskinstance.py:731} INFO - ::endgroup::
[2024-10-15T18:52:24.302+0000] {logging_mixin.py:190} INFO - 2024-10-14
[2024-10-15T18:52:25.235+0000] {base.py:84} INFO - Retrieving connection 'redshift_conn'
[2024-10-15T18:52:25.245+0000] {logging_mixin.py:190} INFO - redshift_conn
[2024-10-15T18:52:27.568+0000] {python.py:240} INFO - Done. Returned value was: None
[2024-10-15T18:52:27.754+0000] {taskinstance.py:340} INFO - ::group::Post task execution logs
[2024-10-15T18:52:27.758+0000] {taskinstance.py:352} INFO - Marking task as SUCCESS. dag_id=dag_ccl, task_id=ccl_to_redshift, run_id=scheduled__2024-10-14T00:00:00+00:00, execution_date=20241014T000000, start_date=20241015T185217, end_date=20241015T185227
[2024-10-15T18:52:28.034+0000] {local_task_job_runner.py:266} INFO - Task exited with return code 0
[2024-10-15T18:52:28.160+0000] {standard_task_runner.py:217} INFO - Process not found (most likely exited), stop collecting metrics
[2024-10-15T18:52:28.361+0000] {taskinstance.py:3900} INFO - 0 downstream tasks scheduled from follow-on schedule check
[2024-10-15T18:52:28.366+0000] {local_task_job_runner.py:245} INFO - ::endgroup::
[2024-10-16T14:41:39.202+0000] {local_task_job_runner.py:123} INFO - ::group::Pre task execution logs
[2024-10-16T14:41:39.217+0000] {taskinstance.py:2612} INFO - Dependencies all met for dep_context=non-requeueable deps ti=<TaskInstance: dag_ccl.ccl_to_redshift scheduled__2024-10-14T00:00:00+00:00 [queued]>
[2024-10-16T14:41:39.223+0000] {taskinstance.py:2612} INFO - Dependencies all met for dep_context=requeueable deps ti=<TaskInstance: dag_ccl.ccl_to_redshift scheduled__2024-10-14T00:00:00+00:00 [queued]>
[2024-10-16T14:41:39.224+0000] {taskinstance.py:2865} INFO - Starting attempt 1 of 2
[2024-10-16T14:41:39.242+0000] {taskinstance.py:2888} INFO - Executing <Task(PythonOperator): ccl_to_redshift> on 2024-10-14 00:00:00+00:00
[2024-10-16T14:41:39.251+0000] {warnings.py:112} WARNING - /home/***/.local/lib/python3.12/site-packages/***/task/task_runner/standard_task_runner.py:70: DeprecationWarning: This process (pid=309) is multi-threaded, use of fork() may lead to deadlocks in the child.
  pid = os.fork()

[2024-10-16T14:41:39.258+0000] {standard_task_runner.py:72} INFO - Started process 324 to run task
[2024-10-16T14:41:39.252+0000] {standard_task_runner.py:104} INFO - Running: ['***', 'tasks', 'run', 'dag_ccl', 'ccl_to_redshift', 'scheduled__2024-10-14T00:00:00+00:00', '--job-id', '418', '--raw', '--subdir', 'DAGS_FOLDER/dag_ccl.py', '--cfg-path', '/tmp/tmponlgg93g']
[2024-10-16T14:41:39.262+0000] {standard_task_runner.py:105} INFO - Job 418: Subtask ccl_to_redshift
[2024-10-16T14:41:39.324+0000] {task_command.py:467} INFO - Running <TaskInstance: dag_ccl.ccl_to_redshift scheduled__2024-10-14T00:00:00+00:00 [running]> on host f03003374728
[2024-10-16T14:41:39.718+0000] {taskinstance.py:3131} INFO - Exporting env vars: AIRFLOW_CTX_DAG_OWNER='***' AIRFLOW_CTX_DAG_ID='dag_ccl' AIRFLOW_CTX_TASK_ID='ccl_to_redshift' AIRFLOW_CTX_EXECUTION_DATE='2024-10-14T00:00:00+00:00' AIRFLOW_CTX_TRY_NUMBER='1' AIRFLOW_CTX_DAG_RUN_ID='scheduled__2024-10-14T00:00:00+00:00'
[2024-10-16T14:41:39.719+0000] {taskinstance.py:731} INFO - ::endgroup::
[2024-10-16T14:41:39.727+0000] {logging_mixin.py:190} INFO - 2024-10-14
[2024-10-16T14:41:40.494+0000] {base.py:84} INFO - Retrieving connection 'redshift_conn'
[2024-10-16T14:41:40.495+0000] {logging_mixin.py:190} INFO - redshift_conn
[2024-10-16T14:41:42.839+0000] {python.py:240} INFO - Done. Returned value was: None
[2024-10-16T14:41:42.851+0000] {taskinstance.py:340} INFO - ::group::Post task execution logs
[2024-10-16T14:41:42.851+0000] {taskinstance.py:352} INFO - Marking task as SUCCESS. dag_id=dag_ccl, task_id=ccl_to_redshift, run_id=scheduled__2024-10-14T00:00:00+00:00, execution_date=20241014T000000, start_date=20241016T144139, end_date=20241016T144142
[2024-10-16T14:41:42.885+0000] {local_task_job_runner.py:266} INFO - Task exited with return code 0
[2024-10-16T14:41:42.905+0000] {taskinstance.py:3900} INFO - 0 downstream tasks scheduled from follow-on schedule check
[2024-10-16T14:41:42.906+0000] {local_task_job_runner.py:245} INFO - ::endgroup::
