[2024-10-14T17:30:27.274+0000] {local_task_job_runner.py:123} INFO - ::group::Pre task execution logs
[2024-10-14T17:30:31.835+0000] {taskinstance.py:2612} INFO - Dependencies all met for dep_context=non-requeueable deps ti=<TaskInstance: dag_ccl.ccl_to_redshift scheduled__2024-09-01T00:00:00+00:00 [queued]>
[2024-10-14T17:30:32.075+0000] {taskinstance.py:2612} INFO - Dependencies all met for dep_context=requeueable deps ti=<TaskInstance: dag_ccl.ccl_to_redshift scheduled__2024-09-01T00:00:00+00:00 [queued]>
[2024-10-14T17:30:32.103+0000] {taskinstance.py:2865} INFO - Starting attempt 1 of 2
[2024-10-14T17:30:34.005+0000] {taskinstance.py:2888} INFO - Executing <Task(PythonOperator): ccl_to_redshift> on 2024-09-01 00:00:00+00:00
[2024-10-14T17:30:34.614+0000] {standard_task_runner.py:104} INFO - Running: ['***', 'tasks', 'run', 'dag_ccl', 'ccl_to_redshift', 'scheduled__2024-09-01T00:00:00+00:00', '--job-id', '288', '--raw', '--subdir', 'DAGS_FOLDER/dag_ccl.py', '--cfg-path', '/tmp/tmpnnqz986r']
[2024-10-14T17:30:34.736+0000] {standard_task_runner.py:105} INFO - Job 288: Subtask ccl_to_redshift
[2024-10-14T17:30:34.624+0000] {warnings.py:112} WARNING - /home/***/.local/lib/python3.12/site-packages/***/task/task_runner/standard_task_runner.py:70: DeprecationWarning: This process (pid=19077) is multi-threaded, use of fork() may lead to deadlocks in the child.
  pid = os.fork()

[2024-10-14T17:30:34.803+0000] {standard_task_runner.py:72} INFO - Started process 19117 to run task
[2024-10-14T17:30:37.644+0000] {task_command.py:467} INFO - Running <TaskInstance: dag_ccl.ccl_to_redshift scheduled__2024-09-01T00:00:00+00:00 [running]> on host f03003374728
[2024-10-14T17:30:42.907+0000] {job.py:229} INFO - Heartbeat recovered after 20.22 seconds
[2024-10-14T17:31:02.122+0000] {job.py:229} INFO - Heartbeat recovered after 10.87 seconds
[2024-10-14T17:31:26.266+0000] {job.py:229} INFO - Heartbeat recovered after 24.49 seconds
[2024-10-14T17:31:41.034+0000] {job.py:229} INFO - Heartbeat recovered after 22.35 seconds
[2024-10-14T17:31:53.118+0000] {job.py:229} INFO - Heartbeat recovered after 13.81 seconds
[2024-10-14T17:32:12.428+0000] {job.py:229} INFO - Heartbeat recovered after 20.38 seconds
[2024-10-14T17:32:27.367+0000] {job.py:229} INFO - Heartbeat recovered after 15.80 seconds
[2024-10-14T17:32:44.219+0000] {job.py:229} INFO - Heartbeat recovered after 18.16 seconds
[2024-10-14T17:33:00.197+0000] {job.py:229} INFO - Heartbeat recovered after 16.82 seconds
[2024-10-14T17:33:02.395+0000] {local_task_job_runner.py:346} WARNING - State of this instance has been externally set to failed. Terminating instance.
[2024-10-14T17:33:02.862+0000] {local_task_job_runner.py:245} INFO - ::endgroup::
[2024-10-14T17:33:03.173+0000] {process_utils.py:132} INFO - Sending 15 to group 19117. PIDs of all processes in the group: [19117]
[2024-10-14T17:33:03.196+0000] {process_utils.py:87} INFO - Sending the signal 15 to group 19117
[2024-10-14T17:33:06.195+0000] {process_utils.py:80} INFO - Process psutil.Process(pid=19117, status='terminated', exitcode=<Negsignal.SIGTERM: -15>, started='17:30:33') (19117) terminated with exit code -15
[2024-10-14T17:33:07.748+0000] {standard_task_runner.py:217} INFO - Process not found (most likely exited), stop collecting metrics
