[2024-10-14T17:30:53.250+0000] {local_task_job_runner.py:123} INFO - ::group::Pre task execution logs
[2024-10-14T17:30:54.763+0000] {taskinstance.py:2612} INFO - Dependencies all met for dep_context=non-requeueable deps ti=<TaskInstance: dag_ccl.ccl_to_redshift scheduled__2024-09-11T00:00:00+00:00 [queued]>
[2024-10-14T17:30:55.197+0000] {taskinstance.py:2612} INFO - Dependencies all met for dep_context=requeueable deps ti=<TaskInstance: dag_ccl.ccl_to_redshift scheduled__2024-09-11T00:00:00+00:00 [queued]>
[2024-10-14T17:30:55.227+0000] {taskinstance.py:2865} INFO - Starting attempt 1 of 2
[2024-10-14T17:30:58.848+0000] {taskinstance.py:2888} INFO - Executing <Task(PythonOperator): ccl_to_redshift> on 2024-09-11 00:00:00+00:00
[2024-10-14T17:30:59.192+0000] {warnings.py:112} WARNING - /home/***/.local/lib/python3.12/site-packages/***/task/task_runner/standard_task_runner.py:70: DeprecationWarning: This process (pid=19105) is multi-threaded, use of fork() may lead to deadlocks in the child.
  pid = os.fork()

[2024-10-14T17:30:59.244+0000] {standard_task_runner.py:72} INFO - Started process 19142 to run task
[2024-10-14T17:30:59.267+0000] {standard_task_runner.py:104} INFO - Running: ['***', 'tasks', 'run', 'dag_ccl', 'ccl_to_redshift', 'scheduled__2024-09-11T00:00:00+00:00', '--job-id', '296', '--raw', '--subdir', 'DAGS_FOLDER/dag_ccl.py', '--cfg-path', '/tmp/tmpzqekjr6j']
[2024-10-14T17:30:59.299+0000] {standard_task_runner.py:105} INFO - Job 296: Subtask ccl_to_redshift
[2024-10-14T17:31:08.489+0000] {job.py:229} INFO - Heartbeat recovered after 20.30 seconds
[2024-10-14T17:31:17.669+0000] {task_command.py:467} INFO - Running <TaskInstance: dag_ccl.ccl_to_redshift scheduled__2024-09-11T00:00:00+00:00 [running]> on host f03003374728
[2024-10-14T17:31:22.248+0000] {job.py:229} INFO - Heartbeat recovered after 13.94 seconds
[2024-10-14T17:31:39.633+0000] {job.py:229} INFO - Heartbeat recovered after 17.97 seconds
[2024-10-14T17:32:12.793+0000] {job.py:229} INFO - Heartbeat recovered after 16.31 seconds
[2024-10-14T17:32:23.424+0000] {job.py:229} INFO - Heartbeat recovered after 12.06 seconds
[2024-10-14T17:32:33.906+0000] {job.py:229} INFO - Heartbeat recovered after 10.56 seconds
[2024-10-14T17:32:44.674+0000] {job.py:229} INFO - Heartbeat recovered after 12.95 seconds
[2024-10-14T17:32:59.130+0000] {job.py:229} INFO - Heartbeat recovered after 14.92 seconds
[2024-10-14T17:33:39.806+0000] {job.py:229} INFO - Heartbeat recovered after 13.03 seconds
[2024-10-14T17:33:54.527+0000] {job.py:229} INFO - Heartbeat recovered after 16.27 seconds
[2024-10-14T17:34:04.541+0000] {job.py:229} INFO - Heartbeat recovered after 10.60 seconds
[2024-10-14T17:34:08.686+0000] {local_task_job_runner.py:346} WARNING - State of this instance has been externally set to failed. Terminating instance.
[2024-10-14T17:34:11.040+0000] {local_task_job_runner.py:245} INFO - ::endgroup::
[2024-10-14T17:34:11.807+0000] {process_utils.py:132} INFO - Sending 15 to group 19142. PIDs of all processes in the group: [19142]
[2024-10-14T17:34:12.053+0000] {process_utils.py:87} INFO - Sending the signal 15 to group 19142
[2024-10-14T17:34:12.464+0000] {process_utils.py:80} INFO - Process psutil.Process(pid=19142, status='terminated', exitcode=<Negsignal.SIGTERM: -15>, started='17:30:58') (19142) terminated with exit code -15
[2024-10-14T17:34:13.959+0000] {standard_task_runner.py:217} INFO - Process not found (most likely exited), stop collecting metrics
