[2024-10-10T00:02:20.580+0000] {processor.py:186} INFO - Started process (PID=16806) to work on /opt/airflow/dags/dag_cargar_cotizaciones.py
[2024-10-10T00:02:20.583+0000] {processor.py:914} INFO - Processing file /opt/airflow/dags/dag_cargar_cotizaciones.py for tasks to queue
[2024-10-10T00:02:20.585+0000] {logging_mixin.py:190} INFO - [2024-10-10T00:02:20.584+0000] {dagbag.py:587} INFO - Filling up the DagBag from /opt/airflow/dags/dag_cargar_cotizaciones.py
[2024-10-10T00:02:21.832+0000] {processor.py:925} INFO - DAG(s) 'dag_cargar_cotizaciones' retrieved from /opt/airflow/dags/dag_cargar_cotizaciones.py
[2024-10-10T00:02:21.867+0000] {logging_mixin.py:190} INFO - [2024-10-10T00:02:21.866+0000] {dag.py:3229} INFO - Sync 1 DAGs
[2024-10-10T00:02:21.900+0000] {logging_mixin.py:190} INFO - [2024-10-10T00:02:21.900+0000] {dag.py:4156} INFO - Setting next_dagrun for dag_cargar_cotizaciones to 2024-10-10 00:00:00+00:00, run_after=2024-10-11 00:00:00+00:00
[2024-10-10T00:02:21.921+0000] {processor.py:208} INFO - Processing /opt/airflow/dags/dag_cargar_cotizaciones.py took 1.351 seconds
[2024-10-10T00:19:04.300+0000] {processor.py:186} INFO - Started process (PID=16814) to work on /opt/airflow/dags/dag_cargar_cotizaciones.py
[2024-10-10T00:19:04.301+0000] {processor.py:914} INFO - Processing file /opt/airflow/dags/dag_cargar_cotizaciones.py for tasks to queue
[2024-10-10T00:19:04.303+0000] {logging_mixin.py:190} INFO - [2024-10-10T00:19:04.302+0000] {dagbag.py:587} INFO - Filling up the DagBag from /opt/airflow/dags/dag_cargar_cotizaciones.py
[2024-10-10T00:19:05.098+0000] {processor.py:925} INFO - DAG(s) 'dag_cargar_cotizaciones' retrieved from /opt/airflow/dags/dag_cargar_cotizaciones.py
[2024-10-10T00:19:05.139+0000] {logging_mixin.py:190} INFO - [2024-10-10T00:19:05.138+0000] {dag.py:3229} INFO - Sync 1 DAGs
[2024-10-10T00:19:05.169+0000] {logging_mixin.py:190} INFO - [2024-10-10T00:19:05.169+0000] {dag.py:4156} INFO - Setting next_dagrun for dag_cargar_cotizaciones to 2024-10-10 00:00:00+00:00, run_after=2024-10-11 00:00:00+00:00
[2024-10-10T00:19:05.183+0000] {processor.py:208} INFO - Processing /opt/airflow/dags/dag_cargar_cotizaciones.py took 0.896 seconds
[2024-10-10T00:19:58.624+0000] {processor.py:186} INFO - Started process (PID=16822) to work on /opt/airflow/dags/dag_cargar_cotizaciones.py
[2024-10-10T00:19:58.625+0000] {processor.py:914} INFO - Processing file /opt/airflow/dags/dag_cargar_cotizaciones.py for tasks to queue
[2024-10-10T00:19:58.627+0000] {logging_mixin.py:190} INFO - [2024-10-10T00:19:58.626+0000] {dagbag.py:587} INFO - Filling up the DagBag from /opt/airflow/dags/dag_cargar_cotizaciones.py
[2024-10-10T00:19:59.063+0000] {processor.py:925} INFO - DAG(s) 'dag_cargar_cotizaciones' retrieved from /opt/airflow/dags/dag_cargar_cotizaciones.py
[2024-10-10T00:19:59.075+0000] {logging_mixin.py:190} INFO - [2024-10-10T00:19:59.074+0000] {dag.py:3229} INFO - Sync 1 DAGs
[2024-10-10T00:19:59.084+0000] {logging_mixin.py:190} INFO - [2024-10-10T00:19:59.083+0000] {dag.py:4156} INFO - Setting next_dagrun for dag_cargar_cotizaciones to 2024-10-10 00:00:00+00:00, run_after=2024-10-11 00:00:00+00:00
[2024-10-10T00:19:59.091+0000] {processor.py:208} INFO - Processing /opt/airflow/dags/dag_cargar_cotizaciones.py took 0.475 seconds
[2024-10-10T00:35:34.575+0000] {processor.py:186} INFO - Started process (PID=16830) to work on /opt/airflow/dags/dag_cargar_cotizaciones.py
[2024-10-10T00:35:34.576+0000] {processor.py:914} INFO - Processing file /opt/airflow/dags/dag_cargar_cotizaciones.py for tasks to queue
[2024-10-10T00:35:34.577+0000] {logging_mixin.py:190} INFO - [2024-10-10T00:35:34.577+0000] {dagbag.py:587} INFO - Filling up the DagBag from /opt/airflow/dags/dag_cargar_cotizaciones.py
[2024-10-10T00:35:34.984+0000] {processor.py:925} INFO - DAG(s) 'dag_cargar_cotizaciones' retrieved from /opt/airflow/dags/dag_cargar_cotizaciones.py
[2024-10-10T00:35:34.995+0000] {logging_mixin.py:190} INFO - [2024-10-10T00:35:34.994+0000] {dag.py:3229} INFO - Sync 1 DAGs
[2024-10-10T00:35:35.004+0000] {logging_mixin.py:190} INFO - [2024-10-10T00:35:35.004+0000] {dag.py:4156} INFO - Setting next_dagrun for dag_cargar_cotizaciones to 2024-10-10 00:00:00+00:00, run_after=2024-10-11 00:00:00+00:00
[2024-10-10T00:35:35.012+0000] {processor.py:208} INFO - Processing /opt/airflow/dags/dag_cargar_cotizaciones.py took 0.446 seconds
[2024-10-10T01:04:17.417+0000] {processor.py:186} INFO - Started process (PID=16838) to work on /opt/airflow/dags/dag_cargar_cotizaciones.py
[2024-10-10T01:04:17.418+0000] {processor.py:914} INFO - Processing file /opt/airflow/dags/dag_cargar_cotizaciones.py for tasks to queue
[2024-10-10T01:04:17.419+0000] {logging_mixin.py:190} INFO - [2024-10-10T01:04:17.419+0000] {dagbag.py:587} INFO - Filling up the DagBag from /opt/airflow/dags/dag_cargar_cotizaciones.py
[2024-10-10T01:04:17.930+0000] {processor.py:925} INFO - DAG(s) 'dag_cargar_cotizaciones' retrieved from /opt/airflow/dags/dag_cargar_cotizaciones.py
[2024-10-10T01:04:17.940+0000] {logging_mixin.py:190} INFO - [2024-10-10T01:04:17.940+0000] {dag.py:3229} INFO - Sync 1 DAGs
[2024-10-10T01:04:17.950+0000] {logging_mixin.py:190} INFO - [2024-10-10T01:04:17.950+0000] {dag.py:4156} INFO - Setting next_dagrun for dag_cargar_cotizaciones to 2024-10-10 00:00:00+00:00, run_after=2024-10-11 00:00:00+00:00
[2024-10-10T01:04:17.957+0000] {processor.py:208} INFO - Processing /opt/airflow/dags/dag_cargar_cotizaciones.py took 0.547 seconds
[2024-10-10T01:05:11.784+0000] {processor.py:186} INFO - Started process (PID=16846) to work on /opt/airflow/dags/dag_cargar_cotizaciones.py
[2024-10-10T01:05:11.786+0000] {processor.py:914} INFO - Processing file /opt/airflow/dags/dag_cargar_cotizaciones.py for tasks to queue
[2024-10-10T01:05:11.798+0000] {logging_mixin.py:190} INFO - [2024-10-10T01:05:11.797+0000] {dagbag.py:587} INFO - Filling up the DagBag from /opt/airflow/dags/dag_cargar_cotizaciones.py
[2024-10-10T01:05:12.429+0000] {processor.py:925} INFO - DAG(s) 'dag_cargar_cotizaciones' retrieved from /opt/airflow/dags/dag_cargar_cotizaciones.py
[2024-10-10T01:05:12.446+0000] {logging_mixin.py:190} INFO - [2024-10-10T01:05:12.446+0000] {dag.py:3229} INFO - Sync 1 DAGs
[2024-10-10T01:05:12.460+0000] {logging_mixin.py:190} INFO - [2024-10-10T01:05:12.459+0000] {dag.py:4156} INFO - Setting next_dagrun for dag_cargar_cotizaciones to 2024-10-10 00:00:00+00:00, run_after=2024-10-11 00:00:00+00:00
[2024-10-10T01:05:12.467+0000] {processor.py:208} INFO - Processing /opt/airflow/dags/dag_cargar_cotizaciones.py took 0.700 seconds
[2024-10-10T01:05:42.916+0000] {processor.py:186} INFO - Started process (PID=16854) to work on /opt/airflow/dags/dag_cargar_cotizaciones.py
[2024-10-10T01:05:42.917+0000] {processor.py:914} INFO - Processing file /opt/airflow/dags/dag_cargar_cotizaciones.py for tasks to queue
[2024-10-10T01:05:42.921+0000] {logging_mixin.py:190} INFO - [2024-10-10T01:05:42.920+0000] {dagbag.py:587} INFO - Filling up the DagBag from /opt/airflow/dags/dag_cargar_cotizaciones.py
[2024-10-10T01:05:43.517+0000] {processor.py:925} INFO - DAG(s) 'dag_cargar_cotizaciones' retrieved from /opt/airflow/dags/dag_cargar_cotizaciones.py
[2024-10-10T01:05:43.533+0000] {logging_mixin.py:190} INFO - [2024-10-10T01:05:43.533+0000] {dag.py:3229} INFO - Sync 1 DAGs
[2024-10-10T01:05:43.544+0000] {logging_mixin.py:190} INFO - [2024-10-10T01:05:43.544+0000] {dag.py:4156} INFO - Setting next_dagrun for dag_cargar_cotizaciones to 2024-10-10 00:00:00+00:00, run_after=2024-10-11 00:00:00+00:00
[2024-10-10T01:05:43.552+0000] {processor.py:208} INFO - Processing /opt/airflow/dags/dag_cargar_cotizaciones.py took 0.650 seconds
[2024-10-10T01:56:45.345+0000] {processor.py:186} INFO - Started process (PID=16861) to work on /opt/airflow/dags/dag_cargar_cotizaciones.py
[2024-10-10T01:56:45.346+0000] {processor.py:914} INFO - Processing file /opt/airflow/dags/dag_cargar_cotizaciones.py for tasks to queue
[2024-10-10T01:56:45.348+0000] {logging_mixin.py:190} INFO - [2024-10-10T01:56:45.348+0000] {dagbag.py:587} INFO - Filling up the DagBag from /opt/airflow/dags/dag_cargar_cotizaciones.py
[2024-10-10T01:56:45.941+0000] {processor.py:925} INFO - DAG(s) 'dag_cargar_cotizaciones' retrieved from /opt/airflow/dags/dag_cargar_cotizaciones.py
[2024-10-10T01:56:45.958+0000] {logging_mixin.py:190} INFO - [2024-10-10T01:56:45.957+0000] {dag.py:3229} INFO - Sync 1 DAGs
[2024-10-10T01:56:45.981+0000] {logging_mixin.py:190} INFO - [2024-10-10T01:56:45.981+0000] {dag.py:4156} INFO - Setting next_dagrun for dag_cargar_cotizaciones to 2024-10-10 00:00:00+00:00, run_after=2024-10-11 00:00:00+00:00
[2024-10-10T01:56:45.994+0000] {processor.py:208} INFO - Processing /opt/airflow/dags/dag_cargar_cotizaciones.py took 0.695 seconds
[2024-10-10T02:12:41.281+0000] {processor.py:186} INFO - Started process (PID=16869) to work on /opt/airflow/dags/dag_cargar_cotizaciones.py
[2024-10-10T02:12:41.284+0000] {processor.py:914} INFO - Processing file /opt/airflow/dags/dag_cargar_cotizaciones.py for tasks to queue
[2024-10-10T02:12:41.288+0000] {logging_mixin.py:190} INFO - [2024-10-10T02:12:41.287+0000] {dagbag.py:587} INFO - Filling up the DagBag from /opt/airflow/dags/dag_cargar_cotizaciones.py
[2024-10-10T02:12:42.258+0000] {processor.py:925} INFO - DAG(s) 'dag_cargar_cotizaciones' retrieved from /opt/airflow/dags/dag_cargar_cotizaciones.py
[2024-10-10T02:12:42.298+0000] {logging_mixin.py:190} INFO - [2024-10-10T02:12:42.298+0000] {dag.py:3229} INFO - Sync 1 DAGs
[2024-10-10T02:12:42.327+0000] {logging_mixin.py:190} INFO - [2024-10-10T02:12:42.326+0000] {dag.py:4156} INFO - Setting next_dagrun for dag_cargar_cotizaciones to 2024-10-10 00:00:00+00:00, run_after=2024-10-11 00:00:00+00:00
[2024-10-10T02:12:42.337+0000] {processor.py:208} INFO - Processing /opt/airflow/dags/dag_cargar_cotizaciones.py took 1.069 seconds
[2024-10-10T02:13:12.745+0000] {processor.py:186} INFO - Started process (PID=16877) to work on /opt/airflow/dags/dag_cargar_cotizaciones.py
[2024-10-10T02:13:12.749+0000] {processor.py:914} INFO - Processing file /opt/airflow/dags/dag_cargar_cotizaciones.py for tasks to queue
[2024-10-10T02:13:12.754+0000] {logging_mixin.py:190} INFO - [2024-10-10T02:13:12.753+0000] {dagbag.py:587} INFO - Filling up the DagBag from /opt/airflow/dags/dag_cargar_cotizaciones.py
[2024-10-10T02:13:13.472+0000] {processor.py:925} INFO - DAG(s) 'dag_cargar_cotizaciones' retrieved from /opt/airflow/dags/dag_cargar_cotizaciones.py
[2024-10-10T02:13:13.492+0000] {logging_mixin.py:190} INFO - [2024-10-10T02:13:13.491+0000] {dag.py:3229} INFO - Sync 1 DAGs
[2024-10-10T02:13:13.508+0000] {logging_mixin.py:190} INFO - [2024-10-10T02:13:13.507+0000] {dag.py:4156} INFO - Setting next_dagrun for dag_cargar_cotizaciones to 2024-10-10 00:00:00+00:00, run_after=2024-10-11 00:00:00+00:00
[2024-10-10T02:13:13.517+0000] {processor.py:208} INFO - Processing /opt/airflow/dags/dag_cargar_cotizaciones.py took 0.800 seconds
[2024-10-10T03:01:07.413+0000] {processor.py:186} INFO - Started process (PID=16885) to work on /opt/airflow/dags/dag_cargar_cotizaciones.py
[2024-10-10T03:01:07.414+0000] {processor.py:914} INFO - Processing file /opt/airflow/dags/dag_cargar_cotizaciones.py for tasks to queue
[2024-10-10T03:01:07.416+0000] {logging_mixin.py:190} INFO - [2024-10-10T03:01:07.415+0000] {dagbag.py:587} INFO - Filling up the DagBag from /opt/airflow/dags/dag_cargar_cotizaciones.py
[2024-10-10T03:01:08.063+0000] {processor.py:925} INFO - DAG(s) 'dag_cargar_cotizaciones' retrieved from /opt/airflow/dags/dag_cargar_cotizaciones.py
[2024-10-10T03:01:08.078+0000] {logging_mixin.py:190} INFO - [2024-10-10T03:01:08.077+0000] {dag.py:3229} INFO - Sync 1 DAGs
[2024-10-10T03:01:08.088+0000] {logging_mixin.py:190} INFO - [2024-10-10T03:01:08.088+0000] {dag.py:4156} INFO - Setting next_dagrun for dag_cargar_cotizaciones to 2024-10-10 00:00:00+00:00, run_after=2024-10-11 00:00:00+00:00
[2024-10-10T03:01:08.096+0000] {processor.py:208} INFO - Processing /opt/airflow/dags/dag_cargar_cotizaciones.py took 0.690 seconds
[2024-10-10T03:18:12.873+0000] {processor.py:186} INFO - Started process (PID=16893) to work on /opt/airflow/dags/dag_cargar_cotizaciones.py
[2024-10-10T03:18:12.874+0000] {processor.py:914} INFO - Processing file /opt/airflow/dags/dag_cargar_cotizaciones.py for tasks to queue
[2024-10-10T03:18:12.877+0000] {logging_mixin.py:190} INFO - [2024-10-10T03:18:12.877+0000] {dagbag.py:587} INFO - Filling up the DagBag from /opt/airflow/dags/dag_cargar_cotizaciones.py
[2024-10-10T03:18:13.432+0000] {processor.py:925} INFO - DAG(s) 'dag_cargar_cotizaciones' retrieved from /opt/airflow/dags/dag_cargar_cotizaciones.py
[2024-10-10T03:18:13.446+0000] {logging_mixin.py:190} INFO - [2024-10-10T03:18:13.446+0000] {dag.py:3229} INFO - Sync 1 DAGs
[2024-10-10T03:18:13.457+0000] {logging_mixin.py:190} INFO - [2024-10-10T03:18:13.457+0000] {dag.py:4156} INFO - Setting next_dagrun for dag_cargar_cotizaciones to 2024-10-10 00:00:00+00:00, run_after=2024-10-11 00:00:00+00:00
[2024-10-10T03:18:13.464+0000] {processor.py:208} INFO - Processing /opt/airflow/dags/dag_cargar_cotizaciones.py took 0.602 seconds
[2024-10-10T03:34:08.915+0000] {processor.py:186} INFO - Started process (PID=16901) to work on /opt/airflow/dags/dag_cargar_cotizaciones.py
[2024-10-10T03:34:08.916+0000] {processor.py:914} INFO - Processing file /opt/airflow/dags/dag_cargar_cotizaciones.py for tasks to queue
[2024-10-10T03:34:08.918+0000] {logging_mixin.py:190} INFO - [2024-10-10T03:34:08.918+0000] {dagbag.py:587} INFO - Filling up the DagBag from /opt/airflow/dags/dag_cargar_cotizaciones.py
[2024-10-10T03:34:09.531+0000] {processor.py:925} INFO - DAG(s) 'dag_cargar_cotizaciones' retrieved from /opt/airflow/dags/dag_cargar_cotizaciones.py
[2024-10-10T03:34:09.544+0000] {logging_mixin.py:190} INFO - [2024-10-10T03:34:09.543+0000] {dag.py:3229} INFO - Sync 1 DAGs
[2024-10-10T03:34:09.554+0000] {logging_mixin.py:190} INFO - [2024-10-10T03:34:09.553+0000] {dag.py:4156} INFO - Setting next_dagrun for dag_cargar_cotizaciones to 2024-10-10 00:00:00+00:00, run_after=2024-10-11 00:00:00+00:00
[2024-10-10T03:34:09.561+0000] {processor.py:208} INFO - Processing /opt/airflow/dags/dag_cargar_cotizaciones.py took 0.696 seconds
[2024-10-10T03:49:43.882+0000] {processor.py:186} INFO - Started process (PID=16909) to work on /opt/airflow/dags/dag_cargar_cotizaciones.py
[2024-10-10T03:49:43.883+0000] {processor.py:914} INFO - Processing file /opt/airflow/dags/dag_cargar_cotizaciones.py for tasks to queue
[2024-10-10T03:49:43.885+0000] {logging_mixin.py:190} INFO - [2024-10-10T03:49:43.884+0000] {dagbag.py:587} INFO - Filling up the DagBag from /opt/airflow/dags/dag_cargar_cotizaciones.py
[2024-10-10T03:49:44.502+0000] {processor.py:925} INFO - DAG(s) 'dag_cargar_cotizaciones' retrieved from /opt/airflow/dags/dag_cargar_cotizaciones.py
[2024-10-10T03:49:44.516+0000] {logging_mixin.py:190} INFO - [2024-10-10T03:49:44.516+0000] {dag.py:3229} INFO - Sync 1 DAGs
[2024-10-10T03:49:44.526+0000] {logging_mixin.py:190} INFO - [2024-10-10T03:49:44.526+0000] {dag.py:4156} INFO - Setting next_dagrun for dag_cargar_cotizaciones to 2024-10-10 00:00:00+00:00, run_after=2024-10-11 00:00:00+00:00
[2024-10-10T03:49:44.535+0000] {processor.py:208} INFO - Processing /opt/airflow/dags/dag_cargar_cotizaciones.py took 0.688 seconds
[2024-10-10T04:08:18.351+0000] {processor.py:186} INFO - Started process (PID=16917) to work on /opt/airflow/dags/dag_cargar_cotizaciones.py
[2024-10-10T04:08:18.353+0000] {processor.py:914} INFO - Processing file /opt/airflow/dags/dag_cargar_cotizaciones.py for tasks to queue
[2024-10-10T04:08:18.355+0000] {logging_mixin.py:190} INFO - [2024-10-10T04:08:18.354+0000] {dagbag.py:587} INFO - Filling up the DagBag from /opt/airflow/dags/dag_cargar_cotizaciones.py
[2024-10-10T04:08:18.920+0000] {processor.py:925} INFO - DAG(s) 'dag_cargar_cotizaciones' retrieved from /opt/airflow/dags/dag_cargar_cotizaciones.py
[2024-10-10T04:08:18.932+0000] {logging_mixin.py:190} INFO - [2024-10-10T04:08:18.932+0000] {dag.py:3229} INFO - Sync 1 DAGs
[2024-10-10T04:08:18.943+0000] {logging_mixin.py:190} INFO - [2024-10-10T04:08:18.943+0000] {dag.py:4156} INFO - Setting next_dagrun for dag_cargar_cotizaciones to 2024-10-10 00:00:00+00:00, run_after=2024-10-11 00:00:00+00:00
[2024-10-10T04:08:18.950+0000] {processor.py:208} INFO - Processing /opt/airflow/dags/dag_cargar_cotizaciones.py took 0.609 seconds
[2024-10-10T04:23:45.367+0000] {processor.py:186} INFO - Started process (PID=16925) to work on /opt/airflow/dags/dag_cargar_cotizaciones.py
[2024-10-10T04:23:45.368+0000] {processor.py:914} INFO - Processing file /opt/airflow/dags/dag_cargar_cotizaciones.py for tasks to queue
[2024-10-10T04:23:45.370+0000] {logging_mixin.py:190} INFO - [2024-10-10T04:23:45.369+0000] {dagbag.py:587} INFO - Filling up the DagBag from /opt/airflow/dags/dag_cargar_cotizaciones.py
[2024-10-10T04:23:45.836+0000] {processor.py:925} INFO - DAG(s) 'dag_cargar_cotizaciones' retrieved from /opt/airflow/dags/dag_cargar_cotizaciones.py
[2024-10-10T04:23:45.847+0000] {logging_mixin.py:190} INFO - [2024-10-10T04:23:45.847+0000] {dag.py:3229} INFO - Sync 1 DAGs
[2024-10-10T04:23:45.858+0000] {logging_mixin.py:190} INFO - [2024-10-10T04:23:45.858+0000] {dag.py:4156} INFO - Setting next_dagrun for dag_cargar_cotizaciones to 2024-10-10 00:00:00+00:00, run_after=2024-10-11 00:00:00+00:00
[2024-10-10T04:23:45.865+0000] {processor.py:208} INFO - Processing /opt/airflow/dags/dag_cargar_cotizaciones.py took 0.506 seconds
[2024-10-10T04:55:34.397+0000] {processor.py:186} INFO - Started process (PID=16933) to work on /opt/airflow/dags/dag_cargar_cotizaciones.py
[2024-10-10T04:55:34.402+0000] {processor.py:914} INFO - Processing file /opt/airflow/dags/dag_cargar_cotizaciones.py for tasks to queue
[2024-10-10T04:55:34.406+0000] {logging_mixin.py:190} INFO - [2024-10-10T04:55:34.405+0000] {dagbag.py:587} INFO - Filling up the DagBag from /opt/airflow/dags/dag_cargar_cotizaciones.py
[2024-10-10T04:55:34.899+0000] {processor.py:925} INFO - DAG(s) 'dag_cargar_cotizaciones' retrieved from /opt/airflow/dags/dag_cargar_cotizaciones.py
[2024-10-10T04:55:34.911+0000] {logging_mixin.py:190} INFO - [2024-10-10T04:55:34.911+0000] {dag.py:3229} INFO - Sync 1 DAGs
[2024-10-10T04:55:34.921+0000] {logging_mixin.py:190} INFO - [2024-10-10T04:55:34.921+0000] {dag.py:4156} INFO - Setting next_dagrun for dag_cargar_cotizaciones to 2024-10-10 00:00:00+00:00, run_after=2024-10-11 00:00:00+00:00
[2024-10-10T04:55:34.929+0000] {processor.py:208} INFO - Processing /opt/airflow/dags/dag_cargar_cotizaciones.py took 0.543 seconds
[2024-10-10T04:56:05.522+0000] {processor.py:186} INFO - Started process (PID=16941) to work on /opt/airflow/dags/dag_cargar_cotizaciones.py
[2024-10-10T04:56:05.524+0000] {processor.py:914} INFO - Processing file /opt/airflow/dags/dag_cargar_cotizaciones.py for tasks to queue
[2024-10-10T04:56:05.526+0000] {logging_mixin.py:190} INFO - [2024-10-10T04:56:05.525+0000] {dagbag.py:587} INFO - Filling up the DagBag from /opt/airflow/dags/dag_cargar_cotizaciones.py
[2024-10-10T04:56:06.015+0000] {processor.py:925} INFO - DAG(s) 'dag_cargar_cotizaciones' retrieved from /opt/airflow/dags/dag_cargar_cotizaciones.py
[2024-10-10T04:56:06.035+0000] {logging_mixin.py:190} INFO - [2024-10-10T04:56:06.035+0000] {dag.py:3229} INFO - Sync 1 DAGs
[2024-10-10T04:56:06.055+0000] {logging_mixin.py:190} INFO - [2024-10-10T04:56:06.054+0000] {dag.py:4156} INFO - Setting next_dagrun for dag_cargar_cotizaciones to 2024-10-10 00:00:00+00:00, run_after=2024-10-11 00:00:00+00:00
[2024-10-10T04:56:06.080+0000] {processor.py:208} INFO - Processing /opt/airflow/dags/dag_cargar_cotizaciones.py took 0.609 seconds
[2024-10-10T06:05:48.521+0000] {processor.py:186} INFO - Started process (PID=16949) to work on /opt/airflow/dags/dag_cargar_cotizaciones.py
[2024-10-10T06:05:48.522+0000] {processor.py:914} INFO - Processing file /opt/airflow/dags/dag_cargar_cotizaciones.py for tasks to queue
[2024-10-10T06:05:48.524+0000] {logging_mixin.py:190} INFO - [2024-10-10T06:05:48.524+0000] {dagbag.py:587} INFO - Filling up the DagBag from /opt/airflow/dags/dag_cargar_cotizaciones.py
[2024-10-10T06:05:49.310+0000] {processor.py:925} INFO - DAG(s) 'dag_cargar_cotizaciones' retrieved from /opt/airflow/dags/dag_cargar_cotizaciones.py
[2024-10-10T06:05:49.320+0000] {logging_mixin.py:190} INFO - [2024-10-10T06:05:49.320+0000] {dag.py:3229} INFO - Sync 1 DAGs
[2024-10-10T06:05:49.330+0000] {logging_mixin.py:190} INFO - [2024-10-10T06:05:49.330+0000] {dag.py:4156} INFO - Setting next_dagrun for dag_cargar_cotizaciones to 2024-10-10 00:00:00+00:00, run_after=2024-10-11 00:00:00+00:00
[2024-10-10T06:05:49.337+0000] {processor.py:208} INFO - Processing /opt/airflow/dags/dag_cargar_cotizaciones.py took 0.823 seconds
[2024-10-10T06:38:39.533+0000] {processor.py:186} INFO - Started process (PID=16957) to work on /opt/airflow/dags/dag_cargar_cotizaciones.py
[2024-10-10T06:38:39.535+0000] {processor.py:914} INFO - Processing file /opt/airflow/dags/dag_cargar_cotizaciones.py for tasks to queue
[2024-10-10T06:38:39.537+0000] {logging_mixin.py:190} INFO - [2024-10-10T06:38:39.536+0000] {dagbag.py:587} INFO - Filling up the DagBag from /opt/airflow/dags/dag_cargar_cotizaciones.py
[2024-10-10T06:38:40.229+0000] {processor.py:925} INFO - DAG(s) 'dag_cargar_cotizaciones' retrieved from /opt/airflow/dags/dag_cargar_cotizaciones.py
[2024-10-10T06:38:40.252+0000] {logging_mixin.py:190} INFO - [2024-10-10T06:38:40.252+0000] {dag.py:3229} INFO - Sync 1 DAGs
[2024-10-10T06:38:40.268+0000] {logging_mixin.py:190} INFO - [2024-10-10T06:38:40.268+0000] {dag.py:4156} INFO - Setting next_dagrun for dag_cargar_cotizaciones to 2024-10-10 00:00:00+00:00, run_after=2024-10-11 00:00:00+00:00
[2024-10-10T06:38:40.283+0000] {processor.py:208} INFO - Processing /opt/airflow/dags/dag_cargar_cotizaciones.py took 0.782 seconds
[2024-10-10T06:39:11.214+0000] {processor.py:186} INFO - Started process (PID=16965) to work on /opt/airflow/dags/dag_cargar_cotizaciones.py
[2024-10-10T06:39:11.216+0000] {processor.py:914} INFO - Processing file /opt/airflow/dags/dag_cargar_cotizaciones.py for tasks to queue
[2024-10-10T06:39:11.220+0000] {logging_mixin.py:190} INFO - [2024-10-10T06:39:11.219+0000] {dagbag.py:587} INFO - Filling up the DagBag from /opt/airflow/dags/dag_cargar_cotizaciones.py
[2024-10-10T06:39:11.925+0000] {processor.py:925} INFO - DAG(s) 'dag_cargar_cotizaciones' retrieved from /opt/airflow/dags/dag_cargar_cotizaciones.py
[2024-10-10T06:39:11.941+0000] {logging_mixin.py:190} INFO - [2024-10-10T06:39:11.940+0000] {dag.py:3229} INFO - Sync 1 DAGs
[2024-10-10T06:39:11.957+0000] {logging_mixin.py:190} INFO - [2024-10-10T06:39:11.956+0000] {dag.py:4156} INFO - Setting next_dagrun for dag_cargar_cotizaciones to 2024-10-10 00:00:00+00:00, run_after=2024-10-11 00:00:00+00:00
[2024-10-10T06:39:11.968+0000] {processor.py:208} INFO - Processing /opt/airflow/dags/dag_cargar_cotizaciones.py took 0.769 seconds
[2024-10-10T06:54:38.912+0000] {processor.py:186} INFO - Started process (PID=16973) to work on /opt/airflow/dags/dag_cargar_cotizaciones.py
[2024-10-10T06:54:38.913+0000] {processor.py:914} INFO - Processing file /opt/airflow/dags/dag_cargar_cotizaciones.py for tasks to queue
[2024-10-10T06:54:38.916+0000] {logging_mixin.py:190} INFO - [2024-10-10T06:54:38.915+0000] {dagbag.py:587} INFO - Filling up the DagBag from /opt/airflow/dags/dag_cargar_cotizaciones.py
[2024-10-10T06:54:39.536+0000] {processor.py:925} INFO - DAG(s) 'dag_cargar_cotizaciones' retrieved from /opt/airflow/dags/dag_cargar_cotizaciones.py
[2024-10-10T06:54:39.551+0000] {logging_mixin.py:190} INFO - [2024-10-10T06:54:39.550+0000] {dag.py:3229} INFO - Sync 1 DAGs
[2024-10-10T06:54:39.563+0000] {logging_mixin.py:190} INFO - [2024-10-10T06:54:39.563+0000] {dag.py:4156} INFO - Setting next_dagrun for dag_cargar_cotizaciones to 2024-10-10 00:00:00+00:00, run_after=2024-10-11 00:00:00+00:00
[2024-10-10T06:54:39.577+0000] {processor.py:208} INFO - Processing /opt/airflow/dags/dag_cargar_cotizaciones.py took 0.674 seconds
[2024-10-10T08:00:14.181+0000] {processor.py:186} INFO - Started process (PID=16981) to work on /opt/airflow/dags/dag_cargar_cotizaciones.py
[2024-10-10T08:00:14.183+0000] {processor.py:914} INFO - Processing file /opt/airflow/dags/dag_cargar_cotizaciones.py for tasks to queue
[2024-10-10T08:00:14.184+0000] {logging_mixin.py:190} INFO - [2024-10-10T08:00:14.184+0000] {dagbag.py:587} INFO - Filling up the DagBag from /opt/airflow/dags/dag_cargar_cotizaciones.py
[2024-10-10T08:00:14.886+0000] {processor.py:925} INFO - DAG(s) 'dag_cargar_cotizaciones' retrieved from /opt/airflow/dags/dag_cargar_cotizaciones.py
[2024-10-10T08:00:14.901+0000] {logging_mixin.py:190} INFO - [2024-10-10T08:00:14.901+0000] {dag.py:3229} INFO - Sync 1 DAGs
[2024-10-10T08:00:14.927+0000] {logging_mixin.py:190} INFO - [2024-10-10T08:00:14.926+0000] {dag.py:4156} INFO - Setting next_dagrun for dag_cargar_cotizaciones to 2024-10-10 00:00:00+00:00, run_after=2024-10-11 00:00:00+00:00
[2024-10-10T08:00:14.940+0000] {processor.py:208} INFO - Processing /opt/airflow/dags/dag_cargar_cotizaciones.py took 0.787 seconds
[2024-10-10T08:23:23.447+0000] {processor.py:186} INFO - Started process (PID=16989) to work on /opt/airflow/dags/dag_cargar_cotizaciones.py
[2024-10-10T08:23:23.449+0000] {processor.py:914} INFO - Processing file /opt/airflow/dags/dag_cargar_cotizaciones.py for tasks to queue
[2024-10-10T08:23:23.450+0000] {logging_mixin.py:190} INFO - [2024-10-10T08:23:23.450+0000] {dagbag.py:587} INFO - Filling up the DagBag from /opt/airflow/dags/dag_cargar_cotizaciones.py
[2024-10-10T08:23:24.352+0000] {processor.py:925} INFO - DAG(s) 'dag_cargar_cotizaciones' retrieved from /opt/airflow/dags/dag_cargar_cotizaciones.py
[2024-10-10T08:23:24.370+0000] {logging_mixin.py:190} INFO - [2024-10-10T08:23:24.370+0000] {dag.py:3229} INFO - Sync 1 DAGs
[2024-10-10T08:23:24.382+0000] {logging_mixin.py:190} INFO - [2024-10-10T08:23:24.382+0000] {dag.py:4156} INFO - Setting next_dagrun for dag_cargar_cotizaciones to 2024-10-10 00:00:00+00:00, run_after=2024-10-11 00:00:00+00:00
[2024-10-10T08:23:24.390+0000] {processor.py:208} INFO - Processing /opt/airflow/dags/dag_cargar_cotizaciones.py took 0.965 seconds
[2024-10-10T08:40:52.912+0000] {processor.py:186} INFO - Started process (PID=16997) to work on /opt/airflow/dags/dag_cargar_cotizaciones.py
[2024-10-10T08:40:52.913+0000] {processor.py:914} INFO - Processing file /opt/airflow/dags/dag_cargar_cotizaciones.py for tasks to queue
[2024-10-10T08:40:52.917+0000] {logging_mixin.py:190} INFO - [2024-10-10T08:40:52.916+0000] {dagbag.py:587} INFO - Filling up the DagBag from /opt/airflow/dags/dag_cargar_cotizaciones.py
[2024-10-10T08:40:53.658+0000] {processor.py:925} INFO - DAG(s) 'dag_cargar_cotizaciones' retrieved from /opt/airflow/dags/dag_cargar_cotizaciones.py
[2024-10-10T08:40:53.675+0000] {logging_mixin.py:190} INFO - [2024-10-10T08:40:53.674+0000] {dag.py:3229} INFO - Sync 1 DAGs
[2024-10-10T08:40:53.684+0000] {logging_mixin.py:190} INFO - [2024-10-10T08:40:53.684+0000] {dag.py:4156} INFO - Setting next_dagrun for dag_cargar_cotizaciones to 2024-10-10 00:00:00+00:00, run_after=2024-10-11 00:00:00+00:00
[2024-10-10T08:40:53.692+0000] {processor.py:208} INFO - Processing /opt/airflow/dags/dag_cargar_cotizaciones.py took 0.799 seconds
[2024-10-10T08:55:47.841+0000] {processor.py:186} INFO - Started process (PID=17005) to work on /opt/airflow/dags/dag_cargar_cotizaciones.py
[2024-10-10T08:55:47.842+0000] {processor.py:914} INFO - Processing file /opt/airflow/dags/dag_cargar_cotizaciones.py for tasks to queue
[2024-10-10T08:55:47.844+0000] {logging_mixin.py:190} INFO - [2024-10-10T08:55:47.843+0000] {dagbag.py:587} INFO - Filling up the DagBag from /opt/airflow/dags/dag_cargar_cotizaciones.py
[2024-10-10T08:55:48.830+0000] {processor.py:925} INFO - DAG(s) 'dag_cargar_cotizaciones' retrieved from /opt/airflow/dags/dag_cargar_cotizaciones.py
[2024-10-10T08:55:48.922+0000] {logging_mixin.py:190} INFO - [2024-10-10T08:55:48.921+0000] {dag.py:3229} INFO - Sync 1 DAGs
[2024-10-10T08:55:48.959+0000] {logging_mixin.py:190} INFO - [2024-10-10T08:55:48.959+0000] {dag.py:4156} INFO - Setting next_dagrun for dag_cargar_cotizaciones to 2024-10-10 00:00:00+00:00, run_after=2024-10-11 00:00:00+00:00
[2024-10-10T08:55:48.973+0000] {processor.py:208} INFO - Processing /opt/airflow/dags/dag_cargar_cotizaciones.py took 1.144 seconds
[2024-10-10T09:12:25.119+0000] {processor.py:186} INFO - Started process (PID=17013) to work on /opt/airflow/dags/dag_cargar_cotizaciones.py
[2024-10-10T09:12:25.124+0000] {processor.py:914} INFO - Processing file /opt/airflow/dags/dag_cargar_cotizaciones.py for tasks to queue
[2024-10-10T09:12:25.134+0000] {logging_mixin.py:190} INFO - [2024-10-10T09:12:25.133+0000] {dagbag.py:587} INFO - Filling up the DagBag from /opt/airflow/dags/dag_cargar_cotizaciones.py
[2024-10-10T09:12:25.990+0000] {processor.py:925} INFO - DAG(s) 'dag_cargar_cotizaciones' retrieved from /opt/airflow/dags/dag_cargar_cotizaciones.py
[2024-10-10T09:12:26.007+0000] {logging_mixin.py:190} INFO - [2024-10-10T09:12:26.007+0000] {dag.py:3229} INFO - Sync 1 DAGs
[2024-10-10T09:12:26.018+0000] {logging_mixin.py:190} INFO - [2024-10-10T09:12:26.018+0000] {dag.py:4156} INFO - Setting next_dagrun for dag_cargar_cotizaciones to 2024-10-10 00:00:00+00:00, run_after=2024-10-11 00:00:00+00:00
[2024-10-10T09:12:26.025+0000] {processor.py:208} INFO - Processing /opt/airflow/dags/dag_cargar_cotizaciones.py took 0.918 seconds
[2024-10-10T09:30:21.035+0000] {processor.py:186} INFO - Started process (PID=17021) to work on /opt/airflow/dags/dag_cargar_cotizaciones.py
[2024-10-10T09:30:21.036+0000] {processor.py:914} INFO - Processing file /opt/airflow/dags/dag_cargar_cotizaciones.py for tasks to queue
[2024-10-10T09:30:21.038+0000] {logging_mixin.py:190} INFO - [2024-10-10T09:30:21.037+0000] {dagbag.py:587} INFO - Filling up the DagBag from /opt/airflow/dags/dag_cargar_cotizaciones.py
[2024-10-10T09:30:21.423+0000] {processor.py:925} INFO - DAG(s) 'dag_cargar_cotizaciones' retrieved from /opt/airflow/dags/dag_cargar_cotizaciones.py
[2024-10-10T09:30:21.433+0000] {logging_mixin.py:190} INFO - [2024-10-10T09:30:21.433+0000] {dag.py:3229} INFO - Sync 1 DAGs
[2024-10-10T09:30:21.442+0000] {logging_mixin.py:190} INFO - [2024-10-10T09:30:21.442+0000] {dag.py:4156} INFO - Setting next_dagrun for dag_cargar_cotizaciones to 2024-10-10 00:00:00+00:00, run_after=2024-10-11 00:00:00+00:00
[2024-10-10T09:30:21.449+0000] {processor.py:208} INFO - Processing /opt/airflow/dags/dag_cargar_cotizaciones.py took 0.428 seconds
[2024-10-10T10:03:27.397+0000] {processor.py:186} INFO - Started process (PID=17029) to work on /opt/airflow/dags/dag_cargar_cotizaciones.py
[2024-10-10T10:03:27.399+0000] {processor.py:914} INFO - Processing file /opt/airflow/dags/dag_cargar_cotizaciones.py for tasks to queue
[2024-10-10T10:03:27.400+0000] {logging_mixin.py:190} INFO - [2024-10-10T10:03:27.399+0000] {dagbag.py:587} INFO - Filling up the DagBag from /opt/airflow/dags/dag_cargar_cotizaciones.py
[2024-10-10T10:03:28.187+0000] {processor.py:925} INFO - DAG(s) 'dag_cargar_cotizaciones' retrieved from /opt/airflow/dags/dag_cargar_cotizaciones.py
[2024-10-10T10:03:28.223+0000] {logging_mixin.py:190} INFO - [2024-10-10T10:03:28.222+0000] {dag.py:3229} INFO - Sync 1 DAGs
[2024-10-10T10:03:28.244+0000] {logging_mixin.py:190} INFO - [2024-10-10T10:03:28.244+0000] {dag.py:4156} INFO - Setting next_dagrun for dag_cargar_cotizaciones to 2024-10-10 00:00:00+00:00, run_after=2024-10-11 00:00:00+00:00
[2024-10-10T10:03:28.259+0000] {processor.py:208} INFO - Processing /opt/airflow/dags/dag_cargar_cotizaciones.py took 0.871 seconds
[2024-10-10T10:21:17.542+0000] {processor.py:186} INFO - Started process (PID=17037) to work on /opt/airflow/dags/dag_cargar_cotizaciones.py
[2024-10-10T10:21:17.543+0000] {processor.py:914} INFO - Processing file /opt/airflow/dags/dag_cargar_cotizaciones.py for tasks to queue
[2024-10-10T10:21:17.545+0000] {logging_mixin.py:190} INFO - [2024-10-10T10:21:17.544+0000] {dagbag.py:587} INFO - Filling up the DagBag from /opt/airflow/dags/dag_cargar_cotizaciones.py
[2024-10-10T10:21:18.259+0000] {processor.py:925} INFO - DAG(s) 'dag_cargar_cotizaciones' retrieved from /opt/airflow/dags/dag_cargar_cotizaciones.py
[2024-10-10T10:21:18.289+0000] {logging_mixin.py:190} INFO - [2024-10-10T10:21:18.289+0000] {dag.py:3229} INFO - Sync 1 DAGs
[2024-10-10T10:21:18.310+0000] {logging_mixin.py:190} INFO - [2024-10-10T10:21:18.310+0000] {dag.py:4156} INFO - Setting next_dagrun for dag_cargar_cotizaciones to 2024-10-10 00:00:00+00:00, run_after=2024-10-11 00:00:00+00:00
[2024-10-10T10:21:18.323+0000] {processor.py:208} INFO - Processing /opt/airflow/dags/dag_cargar_cotizaciones.py took 0.802 seconds
[2024-10-10T10:40:31.446+0000] {processor.py:186} INFO - Started process (PID=17045) to work on /opt/airflow/dags/dag_cargar_cotizaciones.py
[2024-10-10T10:40:31.447+0000] {processor.py:914} INFO - Processing file /opt/airflow/dags/dag_cargar_cotizaciones.py for tasks to queue
[2024-10-10T10:40:31.449+0000] {logging_mixin.py:190} INFO - [2024-10-10T10:40:31.448+0000] {dagbag.py:587} INFO - Filling up the DagBag from /opt/airflow/dags/dag_cargar_cotizaciones.py
[2024-10-10T10:40:32.115+0000] {processor.py:925} INFO - DAG(s) 'dag_cargar_cotizaciones' retrieved from /opt/airflow/dags/dag_cargar_cotizaciones.py
[2024-10-10T10:40:32.130+0000] {logging_mixin.py:190} INFO - [2024-10-10T10:40:32.130+0000] {dag.py:3229} INFO - Sync 1 DAGs
[2024-10-10T10:40:32.142+0000] {logging_mixin.py:190} INFO - [2024-10-10T10:40:32.142+0000] {dag.py:4156} INFO - Setting next_dagrun for dag_cargar_cotizaciones to 2024-10-10 00:00:00+00:00, run_after=2024-10-11 00:00:00+00:00
[2024-10-10T10:40:32.150+0000] {processor.py:208} INFO - Processing /opt/airflow/dags/dag_cargar_cotizaciones.py took 0.715 seconds
[2024-10-10T11:12:26.934+0000] {processor.py:186} INFO - Started process (PID=17053) to work on /opt/airflow/dags/dag_cargar_cotizaciones.py
[2024-10-10T11:12:26.935+0000] {processor.py:914} INFO - Processing file /opt/airflow/dags/dag_cargar_cotizaciones.py for tasks to queue
[2024-10-10T11:12:26.939+0000] {logging_mixin.py:190} INFO - [2024-10-10T11:12:26.938+0000] {dagbag.py:587} INFO - Filling up the DagBag from /opt/airflow/dags/dag_cargar_cotizaciones.py
[2024-10-10T11:12:27.476+0000] {processor.py:925} INFO - DAG(s) 'dag_cargar_cotizaciones' retrieved from /opt/airflow/dags/dag_cargar_cotizaciones.py
[2024-10-10T11:12:27.491+0000] {logging_mixin.py:190} INFO - [2024-10-10T11:12:27.490+0000] {dag.py:3229} INFO - Sync 1 DAGs
[2024-10-10T11:12:27.502+0000] {logging_mixin.py:190} INFO - [2024-10-10T11:12:27.502+0000] {dag.py:4156} INFO - Setting next_dagrun for dag_cargar_cotizaciones to 2024-10-10 00:00:00+00:00, run_after=2024-10-11 00:00:00+00:00
[2024-10-10T11:12:27.510+0000] {processor.py:208} INFO - Processing /opt/airflow/dags/dag_cargar_cotizaciones.py took 0.620 seconds
[2024-10-10T11:29:17.981+0000] {processor.py:186} INFO - Started process (PID=17061) to work on /opt/airflow/dags/dag_cargar_cotizaciones.py
[2024-10-10T11:29:17.985+0000] {processor.py:914} INFO - Processing file /opt/airflow/dags/dag_cargar_cotizaciones.py for tasks to queue
[2024-10-10T11:29:17.989+0000] {logging_mixin.py:190} INFO - [2024-10-10T11:29:17.988+0000] {dagbag.py:587} INFO - Filling up the DagBag from /opt/airflow/dags/dag_cargar_cotizaciones.py
[2024-10-10T11:29:18.735+0000] {processor.py:925} INFO - DAG(s) 'dag_cargar_cotizaciones' retrieved from /opt/airflow/dags/dag_cargar_cotizaciones.py
[2024-10-10T11:29:18.756+0000] {logging_mixin.py:190} INFO - [2024-10-10T11:29:18.756+0000] {dag.py:3229} INFO - Sync 1 DAGs
[2024-10-10T11:29:18.774+0000] {logging_mixin.py:190} INFO - [2024-10-10T11:29:18.774+0000] {dag.py:4156} INFO - Setting next_dagrun for dag_cargar_cotizaciones to 2024-10-10 00:00:00+00:00, run_after=2024-10-11 00:00:00+00:00
[2024-10-10T11:29:18.782+0000] {processor.py:208} INFO - Processing /opt/airflow/dags/dag_cargar_cotizaciones.py took 0.836 seconds
[2024-10-10T12:17:02.824+0000] {processor.py:186} INFO - Started process (PID=17069) to work on /opt/airflow/dags/dag_cargar_cotizaciones.py
[2024-10-10T12:17:02.830+0000] {processor.py:914} INFO - Processing file /opt/airflow/dags/dag_cargar_cotizaciones.py for tasks to queue
[2024-10-10T12:17:02.839+0000] {logging_mixin.py:190} INFO - [2024-10-10T12:17:02.836+0000] {dagbag.py:587} INFO - Filling up the DagBag from /opt/airflow/dags/dag_cargar_cotizaciones.py
[2024-10-10T12:17:03.616+0000] {processor.py:925} INFO - DAG(s) 'dag_cargar_cotizaciones' retrieved from /opt/airflow/dags/dag_cargar_cotizaciones.py
[2024-10-10T12:17:03.634+0000] {logging_mixin.py:190} INFO - [2024-10-10T12:17:03.634+0000] {dag.py:3229} INFO - Sync 1 DAGs
[2024-10-10T12:17:03.645+0000] {logging_mixin.py:190} INFO - [2024-10-10T12:17:03.645+0000] {dag.py:4156} INFO - Setting next_dagrun for dag_cargar_cotizaciones to 2024-10-10 00:00:00+00:00, run_after=2024-10-11 00:00:00+00:00
[2024-10-10T12:17:03.654+0000] {processor.py:208} INFO - Processing /opt/airflow/dags/dag_cargar_cotizaciones.py took 0.843 seconds
[2024-10-10T12:34:07.919+0000] {processor.py:186} INFO - Started process (PID=17077) to work on /opt/airflow/dags/dag_cargar_cotizaciones.py
[2024-10-10T12:34:07.920+0000] {processor.py:914} INFO - Processing file /opt/airflow/dags/dag_cargar_cotizaciones.py for tasks to queue
[2024-10-10T12:34:07.922+0000] {logging_mixin.py:190} INFO - [2024-10-10T12:34:07.922+0000] {dagbag.py:587} INFO - Filling up the DagBag from /opt/airflow/dags/dag_cargar_cotizaciones.py
[2024-10-10T12:34:08.574+0000] {processor.py:925} INFO - DAG(s) 'dag_cargar_cotizaciones' retrieved from /opt/airflow/dags/dag_cargar_cotizaciones.py
[2024-10-10T12:34:08.588+0000] {logging_mixin.py:190} INFO - [2024-10-10T12:34:08.588+0000] {dag.py:3229} INFO - Sync 1 DAGs
[2024-10-10T12:34:08.599+0000] {logging_mixin.py:190} INFO - [2024-10-10T12:34:08.599+0000] {dag.py:4156} INFO - Setting next_dagrun for dag_cargar_cotizaciones to 2024-10-10 00:00:00+00:00, run_after=2024-10-11 00:00:00+00:00
[2024-10-10T12:34:08.606+0000] {processor.py:208} INFO - Processing /opt/airflow/dags/dag_cargar_cotizaciones.py took 0.697 seconds
[2024-10-10T12:49:41.161+0000] {processor.py:186} INFO - Started process (PID=17085) to work on /opt/airflow/dags/dag_cargar_cotizaciones.py
[2024-10-10T12:49:41.168+0000] {processor.py:914} INFO - Processing file /opt/airflow/dags/dag_cargar_cotizaciones.py for tasks to queue
[2024-10-10T12:49:41.172+0000] {logging_mixin.py:190} INFO - [2024-10-10T12:49:41.171+0000] {dagbag.py:587} INFO - Filling up the DagBag from /opt/airflow/dags/dag_cargar_cotizaciones.py
[2024-10-10T12:49:41.716+0000] {processor.py:925} INFO - DAG(s) 'dag_cargar_cotizaciones' retrieved from /opt/airflow/dags/dag_cargar_cotizaciones.py
[2024-10-10T12:49:41.730+0000] {logging_mixin.py:190} INFO - [2024-10-10T12:49:41.730+0000] {dag.py:3229} INFO - Sync 1 DAGs
[2024-10-10T12:49:41.754+0000] {logging_mixin.py:190} INFO - [2024-10-10T12:49:41.754+0000] {dag.py:4156} INFO - Setting next_dagrun for dag_cargar_cotizaciones to 2024-10-10 00:00:00+00:00, run_after=2024-10-11 00:00:00+00:00
[2024-10-10T12:49:41.763+0000] {processor.py:208} INFO - Processing /opt/airflow/dags/dag_cargar_cotizaciones.py took 0.643 seconds
[2024-10-10T13:07:43.345+0000] {processor.py:186} INFO - Started process (PID=17093) to work on /opt/airflow/dags/dag_cargar_cotizaciones.py
[2024-10-10T13:07:43.347+0000] {processor.py:914} INFO - Processing file /opt/airflow/dags/dag_cargar_cotizaciones.py for tasks to queue
[2024-10-10T13:07:43.348+0000] {logging_mixin.py:190} INFO - [2024-10-10T13:07:43.348+0000] {dagbag.py:587} INFO - Filling up the DagBag from /opt/airflow/dags/dag_cargar_cotizaciones.py
[2024-10-10T13:07:43.959+0000] {processor.py:925} INFO - DAG(s) 'dag_cargar_cotizaciones' retrieved from /opt/airflow/dags/dag_cargar_cotizaciones.py
[2024-10-10T13:07:43.978+0000] {logging_mixin.py:190} INFO - [2024-10-10T13:07:43.978+0000] {dag.py:3229} INFO - Sync 1 DAGs
[2024-10-10T13:07:43.990+0000] {logging_mixin.py:190} INFO - [2024-10-10T13:07:43.990+0000] {dag.py:4156} INFO - Setting next_dagrun for dag_cargar_cotizaciones to 2024-10-10 00:00:00+00:00, run_after=2024-10-11 00:00:00+00:00
[2024-10-10T13:07:43.997+0000] {processor.py:208} INFO - Processing /opt/airflow/dags/dag_cargar_cotizaciones.py took 0.662 seconds
[2024-10-10T13:23:35.461+0000] {processor.py:186} INFO - Started process (PID=17101) to work on /opt/airflow/dags/dag_cargar_cotizaciones.py
[2024-10-10T13:23:35.463+0000] {processor.py:914} INFO - Processing file /opt/airflow/dags/dag_cargar_cotizaciones.py for tasks to queue
[2024-10-10T13:23:35.464+0000] {logging_mixin.py:190} INFO - [2024-10-10T13:23:35.464+0000] {dagbag.py:587} INFO - Filling up the DagBag from /opt/airflow/dags/dag_cargar_cotizaciones.py
[2024-10-10T13:23:36.162+0000] {processor.py:925} INFO - DAG(s) 'dag_cargar_cotizaciones' retrieved from /opt/airflow/dags/dag_cargar_cotizaciones.py
[2024-10-10T13:23:36.177+0000] {logging_mixin.py:190} INFO - [2024-10-10T13:23:36.177+0000] {dag.py:3229} INFO - Sync 1 DAGs
[2024-10-10T13:23:36.188+0000] {logging_mixin.py:190} INFO - [2024-10-10T13:23:36.188+0000] {dag.py:4156} INFO - Setting next_dagrun for dag_cargar_cotizaciones to 2024-10-10 00:00:00+00:00, run_after=2024-10-11 00:00:00+00:00
[2024-10-10T13:23:36.199+0000] {processor.py:208} INFO - Processing /opt/airflow/dags/dag_cargar_cotizaciones.py took 0.765 seconds
[2024-10-10T13:40:09.450+0000] {processor.py:186} INFO - Started process (PID=17108) to work on /opt/airflow/dags/dag_cargar_cotizaciones.py
[2024-10-10T13:40:09.451+0000] {processor.py:914} INFO - Processing file /opt/airflow/dags/dag_cargar_cotizaciones.py for tasks to queue
[2024-10-10T13:40:09.452+0000] {logging_mixin.py:190} INFO - [2024-10-10T13:40:09.452+0000] {dagbag.py:587} INFO - Filling up the DagBag from /opt/airflow/dags/dag_cargar_cotizaciones.py
[2024-10-10T13:40:09.949+0000] {processor.py:925} INFO - DAG(s) 'dag_cargar_cotizaciones' retrieved from /opt/airflow/dags/dag_cargar_cotizaciones.py
[2024-10-10T13:40:09.969+0000] {logging_mixin.py:190} INFO - [2024-10-10T13:40:09.968+0000] {dag.py:3229} INFO - Sync 1 DAGs
[2024-10-10T13:40:09.981+0000] {logging_mixin.py:190} INFO - [2024-10-10T13:40:09.981+0000] {dag.py:4156} INFO - Setting next_dagrun for dag_cargar_cotizaciones to 2024-10-10 00:00:00+00:00, run_after=2024-10-11 00:00:00+00:00
[2024-10-10T13:40:09.989+0000] {processor.py:208} INFO - Processing /opt/airflow/dags/dag_cargar_cotizaciones.py took 0.548 seconds
[2024-10-10T13:56:49.108+0000] {processor.py:186} INFO - Started process (PID=17116) to work on /opt/airflow/dags/dag_cargar_cotizaciones.py
[2024-10-10T13:56:49.109+0000] {processor.py:914} INFO - Processing file /opt/airflow/dags/dag_cargar_cotizaciones.py for tasks to queue
[2024-10-10T13:56:49.112+0000] {logging_mixin.py:190} INFO - [2024-10-10T13:56:49.111+0000] {dagbag.py:587} INFO - Filling up the DagBag from /opt/airflow/dags/dag_cargar_cotizaciones.py
[2024-10-10T13:56:49.579+0000] {processor.py:925} INFO - DAG(s) 'dag_cargar_cotizaciones' retrieved from /opt/airflow/dags/dag_cargar_cotizaciones.py
[2024-10-10T13:56:49.591+0000] {logging_mixin.py:190} INFO - [2024-10-10T13:56:49.591+0000] {dag.py:3229} INFO - Sync 1 DAGs
[2024-10-10T13:56:49.601+0000] {logging_mixin.py:190} INFO - [2024-10-10T13:56:49.601+0000] {dag.py:4156} INFO - Setting next_dagrun for dag_cargar_cotizaciones to 2024-10-10 00:00:00+00:00, run_after=2024-10-11 00:00:00+00:00
[2024-10-10T13:56:49.607+0000] {processor.py:208} INFO - Processing /opt/airflow/dags/dag_cargar_cotizaciones.py took 0.511 seconds
[2024-10-10T14:31:17.046+0000] {processor.py:186} INFO - Started process (PID=17124) to work on /opt/airflow/dags/dag_cargar_cotizaciones.py
[2024-10-10T14:31:17.047+0000] {processor.py:914} INFO - Processing file /opt/airflow/dags/dag_cargar_cotizaciones.py for tasks to queue
[2024-10-10T14:31:17.049+0000] {logging_mixin.py:190} INFO - [2024-10-10T14:31:17.048+0000] {dagbag.py:587} INFO - Filling up the DagBag from /opt/airflow/dags/dag_cargar_cotizaciones.py
[2024-10-10T14:31:17.599+0000] {processor.py:925} INFO - DAG(s) 'dag_cargar_cotizaciones' retrieved from /opt/airflow/dags/dag_cargar_cotizaciones.py
[2024-10-10T14:31:17.624+0000] {logging_mixin.py:190} INFO - [2024-10-10T14:31:17.624+0000] {dag.py:3229} INFO - Sync 1 DAGs
[2024-10-10T14:31:17.642+0000] {logging_mixin.py:190} INFO - [2024-10-10T14:31:17.642+0000] {dag.py:4156} INFO - Setting next_dagrun for dag_cargar_cotizaciones to 2024-10-10 00:00:00+00:00, run_after=2024-10-11 00:00:00+00:00
[2024-10-10T14:31:17.653+0000] {processor.py:208} INFO - Processing /opt/airflow/dags/dag_cargar_cotizaciones.py took 0.618 seconds
[2024-10-10T14:47:25.824+0000] {processor.py:186} INFO - Started process (PID=17132) to work on /opt/airflow/dags/dag_cargar_cotizaciones.py
[2024-10-10T14:47:25.827+0000] {processor.py:914} INFO - Processing file /opt/airflow/dags/dag_cargar_cotizaciones.py for tasks to queue
[2024-10-10T14:47:25.832+0000] {logging_mixin.py:190} INFO - [2024-10-10T14:47:25.831+0000] {dagbag.py:587} INFO - Filling up the DagBag from /opt/airflow/dags/dag_cargar_cotizaciones.py
[2024-10-10T14:47:26.671+0000] {processor.py:925} INFO - DAG(s) 'dag_cargar_cotizaciones' retrieved from /opt/airflow/dags/dag_cargar_cotizaciones.py
[2024-10-10T14:47:26.691+0000] {logging_mixin.py:190} INFO - [2024-10-10T14:47:26.691+0000] {dag.py:3229} INFO - Sync 1 DAGs
[2024-10-10T14:47:26.707+0000] {logging_mixin.py:190} INFO - [2024-10-10T14:47:26.707+0000] {dag.py:4156} INFO - Setting next_dagrun for dag_cargar_cotizaciones to 2024-10-10 00:00:00+00:00, run_after=2024-10-11 00:00:00+00:00
[2024-10-10T14:47:26.717+0000] {processor.py:208} INFO - Processing /opt/airflow/dags/dag_cargar_cotizaciones.py took 0.926 seconds
[2024-10-10T15:06:43.711+0000] {processor.py:186} INFO - Started process (PID=17140) to work on /opt/airflow/dags/dag_cargar_cotizaciones.py
[2024-10-10T15:06:43.714+0000] {processor.py:914} INFO - Processing file /opt/airflow/dags/dag_cargar_cotizaciones.py for tasks to queue
[2024-10-10T15:06:43.715+0000] {logging_mixin.py:190} INFO - [2024-10-10T15:06:43.715+0000] {dagbag.py:587} INFO - Filling up the DagBag from /opt/airflow/dags/dag_cargar_cotizaciones.py
[2024-10-10T15:06:44.285+0000] {processor.py:925} INFO - DAG(s) 'dag_cargar_cotizaciones' retrieved from /opt/airflow/dags/dag_cargar_cotizaciones.py
[2024-10-10T15:06:44.298+0000] {logging_mixin.py:190} INFO - [2024-10-10T15:06:44.297+0000] {dag.py:3229} INFO - Sync 1 DAGs
[2024-10-10T15:06:44.308+0000] {logging_mixin.py:190} INFO - [2024-10-10T15:06:44.308+0000] {dag.py:4156} INFO - Setting next_dagrun for dag_cargar_cotizaciones to 2024-10-10 00:00:00+00:00, run_after=2024-10-11 00:00:00+00:00
[2024-10-10T15:06:44.315+0000] {processor.py:208} INFO - Processing /opt/airflow/dags/dag_cargar_cotizaciones.py took 0.623 seconds
[2024-10-10T15:39:07.206+0000] {processor.py:186} INFO - Started process (PID=17148) to work on /opt/airflow/dags/dag_cargar_cotizaciones.py
[2024-10-10T15:39:07.208+0000] {processor.py:914} INFO - Processing file /opt/airflow/dags/dag_cargar_cotizaciones.py for tasks to queue
[2024-10-10T15:39:07.212+0000] {logging_mixin.py:190} INFO - [2024-10-10T15:39:07.211+0000] {dagbag.py:587} INFO - Filling up the DagBag from /opt/airflow/dags/dag_cargar_cotizaciones.py
[2024-10-10T15:39:07.786+0000] {processor.py:925} INFO - DAG(s) 'dag_cargar_cotizaciones' retrieved from /opt/airflow/dags/dag_cargar_cotizaciones.py
[2024-10-10T15:39:07.800+0000] {logging_mixin.py:190} INFO - [2024-10-10T15:39:07.799+0000] {dag.py:3229} INFO - Sync 1 DAGs
[2024-10-10T15:39:07.811+0000] {logging_mixin.py:190} INFO - [2024-10-10T15:39:07.811+0000] {dag.py:4156} INFO - Setting next_dagrun for dag_cargar_cotizaciones to 2024-10-10 00:00:00+00:00, run_after=2024-10-11 00:00:00+00:00
[2024-10-10T15:39:07.821+0000] {processor.py:208} INFO - Processing /opt/airflow/dags/dag_cargar_cotizaciones.py took 0.627 seconds
[2024-10-10T15:55:45.327+0000] {processor.py:186} INFO - Started process (PID=17156) to work on /opt/airflow/dags/dag_cargar_cotizaciones.py
[2024-10-10T15:55:45.329+0000] {processor.py:914} INFO - Processing file /opt/airflow/dags/dag_cargar_cotizaciones.py for tasks to queue
[2024-10-10T15:55:45.331+0000] {logging_mixin.py:190} INFO - [2024-10-10T15:55:45.330+0000] {dagbag.py:587} INFO - Filling up the DagBag from /opt/airflow/dags/dag_cargar_cotizaciones.py
[2024-10-10T15:55:45.952+0000] {processor.py:925} INFO - DAG(s) 'dag_cargar_cotizaciones' retrieved from /opt/airflow/dags/dag_cargar_cotizaciones.py
[2024-10-10T15:55:45.968+0000] {logging_mixin.py:190} INFO - [2024-10-10T15:55:45.968+0000] {dag.py:3229} INFO - Sync 1 DAGs
[2024-10-10T15:55:45.979+0000] {logging_mixin.py:190} INFO - [2024-10-10T15:55:45.979+0000] {dag.py:4156} INFO - Setting next_dagrun for dag_cargar_cotizaciones to 2024-10-10 00:00:00+00:00, run_after=2024-10-11 00:00:00+00:00
[2024-10-10T15:55:45.987+0000] {processor.py:208} INFO - Processing /opt/airflow/dags/dag_cargar_cotizaciones.py took 0.684 seconds
[2024-10-10T16:06:52.398+0000] {processor.py:186} INFO - Started process (PID=17164) to work on /opt/airflow/dags/dag_cargar_cotizaciones.py
[2024-10-10T16:06:52.401+0000] {processor.py:914} INFO - Processing file /opt/airflow/dags/dag_cargar_cotizaciones.py for tasks to queue
[2024-10-10T16:06:52.407+0000] {logging_mixin.py:190} INFO - [2024-10-10T16:06:52.406+0000] {dagbag.py:587} INFO - Filling up the DagBag from /opt/airflow/dags/dag_cargar_cotizaciones.py
[2024-10-10T16:06:53.028+0000] {processor.py:925} INFO - DAG(s) 'dag_cargar_cotizaciones' retrieved from /opt/airflow/dags/dag_cargar_cotizaciones.py
[2024-10-10T16:06:53.044+0000] {logging_mixin.py:190} INFO - [2024-10-10T16:06:53.044+0000] {dag.py:3229} INFO - Sync 1 DAGs
[2024-10-10T16:06:53.057+0000] {logging_mixin.py:190} INFO - [2024-10-10T16:06:53.057+0000] {dag.py:4156} INFO - Setting next_dagrun for dag_cargar_cotizaciones to 2024-10-10 00:00:00+00:00, run_after=2024-10-11 00:00:00+00:00
[2024-10-10T16:06:53.065+0000] {processor.py:208} INFO - Processing /opt/airflow/dags/dag_cargar_cotizaciones.py took 0.687 seconds
[2024-10-10T16:20:49.227+0000] {processor.py:186} INFO - Started process (PID=17172) to work on /opt/airflow/dags/dag_cargar_cotizaciones.py
[2024-10-10T16:20:49.229+0000] {processor.py:914} INFO - Processing file /opt/airflow/dags/dag_cargar_cotizaciones.py for tasks to queue
[2024-10-10T16:20:49.231+0000] {logging_mixin.py:190} INFO - [2024-10-10T16:20:49.231+0000] {dagbag.py:587} INFO - Filling up the DagBag from /opt/airflow/dags/dag_cargar_cotizaciones.py
[2024-10-10T16:20:51.727+0000] {processor.py:925} INFO - DAG(s) 'dag_cargar_cotizaciones' retrieved from /opt/airflow/dags/dag_cargar_cotizaciones.py
[2024-10-10T16:20:51.775+0000] {logging_mixin.py:190} INFO - [2024-10-10T16:20:51.774+0000] {dag.py:3229} INFO - Sync 1 DAGs
[2024-10-10T16:20:51.811+0000] {logging_mixin.py:190} INFO - [2024-10-10T16:20:51.811+0000] {dag.py:4156} INFO - Setting next_dagrun for dag_cargar_cotizaciones to 2024-10-10 00:00:00+00:00, run_after=2024-10-11 00:00:00+00:00
[2024-10-10T16:20:51.849+0000] {processor.py:208} INFO - Processing /opt/airflow/dags/dag_cargar_cotizaciones.py took 2.642 seconds
[2024-10-10T16:53:31.700+0000] {processor.py:186} INFO - Started process (PID=17180) to work on /opt/airflow/dags/dag_cargar_cotizaciones.py
[2024-10-10T16:53:31.702+0000] {processor.py:914} INFO - Processing file /opt/airflow/dags/dag_cargar_cotizaciones.py for tasks to queue
[2024-10-10T16:53:31.714+0000] {logging_mixin.py:190} INFO - [2024-10-10T16:53:31.706+0000] {dagbag.py:587} INFO - Filling up the DagBag from /opt/airflow/dags/dag_cargar_cotizaciones.py
[2024-10-10T16:53:32.404+0000] {processor.py:925} INFO - DAG(s) 'dag_cargar_cotizaciones' retrieved from /opt/airflow/dags/dag_cargar_cotizaciones.py
[2024-10-10T16:53:32.417+0000] {logging_mixin.py:190} INFO - [2024-10-10T16:53:32.417+0000] {dag.py:3229} INFO - Sync 1 DAGs
[2024-10-10T16:53:32.428+0000] {logging_mixin.py:190} INFO - [2024-10-10T16:53:32.428+0000] {dag.py:4156} INFO - Setting next_dagrun for dag_cargar_cotizaciones to 2024-10-10 00:00:00+00:00, run_after=2024-10-11 00:00:00+00:00
[2024-10-10T16:53:32.435+0000] {processor.py:208} INFO - Processing /opt/airflow/dags/dag_cargar_cotizaciones.py took 0.743 seconds
[2024-10-10T16:54:02.682+0000] {processor.py:186} INFO - Started process (PID=17188) to work on /opt/airflow/dags/dag_cargar_cotizaciones.py
[2024-10-10T16:54:02.685+0000] {processor.py:914} INFO - Processing file /opt/airflow/dags/dag_cargar_cotizaciones.py for tasks to queue
[2024-10-10T16:54:02.687+0000] {logging_mixin.py:190} INFO - [2024-10-10T16:54:02.686+0000] {dagbag.py:587} INFO - Filling up the DagBag from /opt/airflow/dags/dag_cargar_cotizaciones.py
[2024-10-10T16:54:03.252+0000] {processor.py:925} INFO - DAG(s) 'dag_cargar_cotizaciones' retrieved from /opt/airflow/dags/dag_cargar_cotizaciones.py
[2024-10-10T16:54:03.267+0000] {logging_mixin.py:190} INFO - [2024-10-10T16:54:03.266+0000] {dag.py:3229} INFO - Sync 1 DAGs
[2024-10-10T16:54:03.277+0000] {logging_mixin.py:190} INFO - [2024-10-10T16:54:03.277+0000] {dag.py:4156} INFO - Setting next_dagrun for dag_cargar_cotizaciones to 2024-10-10 00:00:00+00:00, run_after=2024-10-11 00:00:00+00:00
[2024-10-10T16:54:03.285+0000] {processor.py:208} INFO - Processing /opt/airflow/dags/dag_cargar_cotizaciones.py took 0.653 seconds
[2024-10-10T17:11:44.121+0000] {processor.py:186} INFO - Started process (PID=17196) to work on /opt/airflow/dags/dag_cargar_cotizaciones.py
[2024-10-10T17:11:44.122+0000] {processor.py:914} INFO - Processing file /opt/airflow/dags/dag_cargar_cotizaciones.py for tasks to queue
[2024-10-10T17:11:44.124+0000] {logging_mixin.py:190} INFO - [2024-10-10T17:11:44.123+0000] {dagbag.py:587} INFO - Filling up the DagBag from /opt/airflow/dags/dag_cargar_cotizaciones.py
[2024-10-10T17:11:44.567+0000] {processor.py:925} INFO - DAG(s) 'dag_cargar_cotizaciones' retrieved from /opt/airflow/dags/dag_cargar_cotizaciones.py
[2024-10-10T17:11:44.581+0000] {logging_mixin.py:190} INFO - [2024-10-10T17:11:44.580+0000] {dag.py:3229} INFO - Sync 1 DAGs
[2024-10-10T17:11:44.592+0000] {logging_mixin.py:190} INFO - [2024-10-10T17:11:44.592+0000] {dag.py:4156} INFO - Setting next_dagrun for dag_cargar_cotizaciones to 2024-10-10 00:00:00+00:00, run_after=2024-10-11 00:00:00+00:00
[2024-10-10T17:11:44.601+0000] {processor.py:208} INFO - Processing /opt/airflow/dags/dag_cargar_cotizaciones.py took 0.495 seconds
[2024-10-10T17:27:40.540+0000] {processor.py:186} INFO - Started process (PID=17204) to work on /opt/airflow/dags/dag_cargar_cotizaciones.py
[2024-10-10T17:27:40.541+0000] {processor.py:914} INFO - Processing file /opt/airflow/dags/dag_cargar_cotizaciones.py for tasks to queue
[2024-10-10T17:27:40.543+0000] {logging_mixin.py:190} INFO - [2024-10-10T17:27:40.542+0000] {dagbag.py:587} INFO - Filling up the DagBag from /opt/airflow/dags/dag_cargar_cotizaciones.py
[2024-10-10T17:27:41.067+0000] {processor.py:925} INFO - DAG(s) 'dag_cargar_cotizaciones' retrieved from /opt/airflow/dags/dag_cargar_cotizaciones.py
[2024-10-10T17:27:41.079+0000] {logging_mixin.py:190} INFO - [2024-10-10T17:27:41.078+0000] {dag.py:3229} INFO - Sync 1 DAGs
[2024-10-10T17:27:41.089+0000] {logging_mixin.py:190} INFO - [2024-10-10T17:27:41.089+0000] {dag.py:4156} INFO - Setting next_dagrun for dag_cargar_cotizaciones to 2024-10-10 00:00:00+00:00, run_after=2024-10-11 00:00:00+00:00
[2024-10-10T17:27:41.096+0000] {processor.py:208} INFO - Processing /opt/airflow/dags/dag_cargar_cotizaciones.py took 0.564 seconds
[2024-10-10T17:50:15.853+0000] {processor.py:186} INFO - Started process (PID=17212) to work on /opt/airflow/dags/dag_cargar_cotizaciones.py
[2024-10-10T17:50:15.855+0000] {processor.py:914} INFO - Processing file /opt/airflow/dags/dag_cargar_cotizaciones.py for tasks to queue
[2024-10-10T17:50:15.857+0000] {logging_mixin.py:190} INFO - [2024-10-10T17:50:15.856+0000] {dagbag.py:587} INFO - Filling up the DagBag from /opt/airflow/dags/dag_cargar_cotizaciones.py
[2024-10-10T17:50:16.485+0000] {processor.py:925} INFO - DAG(s) 'dag_cargar_cotizaciones' retrieved from /opt/airflow/dags/dag_cargar_cotizaciones.py
[2024-10-10T17:50:16.502+0000] {logging_mixin.py:190} INFO - [2024-10-10T17:50:16.502+0000] {dag.py:3229} INFO - Sync 1 DAGs
[2024-10-10T17:50:16.513+0000] {logging_mixin.py:190} INFO - [2024-10-10T17:50:16.512+0000] {dag.py:4156} INFO - Setting next_dagrun for dag_cargar_cotizaciones to 2024-10-10 00:00:00+00:00, run_after=2024-10-11 00:00:00+00:00
[2024-10-10T17:50:16.521+0000] {processor.py:208} INFO - Processing /opt/airflow/dags/dag_cargar_cotizaciones.py took 0.696 seconds
[2024-10-10T18:05:28.255+0000] {processor.py:186} INFO - Started process (PID=17220) to work on /opt/airflow/dags/dag_cargar_cotizaciones.py
[2024-10-10T18:05:28.257+0000] {processor.py:914} INFO - Processing file /opt/airflow/dags/dag_cargar_cotizaciones.py for tasks to queue
[2024-10-10T18:05:28.261+0000] {logging_mixin.py:190} INFO - [2024-10-10T18:05:28.260+0000] {dagbag.py:587} INFO - Filling up the DagBag from /opt/airflow/dags/dag_cargar_cotizaciones.py
[2024-10-10T18:05:28.813+0000] {processor.py:925} INFO - DAG(s) 'dag_cargar_cotizaciones' retrieved from /opt/airflow/dags/dag_cargar_cotizaciones.py
[2024-10-10T18:05:28.831+0000] {logging_mixin.py:190} INFO - [2024-10-10T18:05:28.830+0000] {dag.py:3229} INFO - Sync 1 DAGs
[2024-10-10T18:05:28.845+0000] {logging_mixin.py:190} INFO - [2024-10-10T18:05:28.845+0000] {dag.py:4156} INFO - Setting next_dagrun for dag_cargar_cotizaciones to 2024-10-10 00:00:00+00:00, run_after=2024-10-11 00:00:00+00:00
[2024-10-10T18:05:28.854+0000] {processor.py:208} INFO - Processing /opt/airflow/dags/dag_cargar_cotizaciones.py took 0.610 seconds
[2024-10-10T18:21:09.301+0000] {processor.py:186} INFO - Started process (PID=17228) to work on /opt/airflow/dags/dag_cargar_cotizaciones.py
[2024-10-10T18:21:09.303+0000] {processor.py:914} INFO - Processing file /opt/airflow/dags/dag_cargar_cotizaciones.py for tasks to queue
[2024-10-10T18:21:09.304+0000] {logging_mixin.py:190} INFO - [2024-10-10T18:21:09.304+0000] {dagbag.py:587} INFO - Filling up the DagBag from /opt/airflow/dags/dag_cargar_cotizaciones.py
[2024-10-10T18:21:09.968+0000] {processor.py:925} INFO - DAG(s) 'dag_cargar_cotizaciones' retrieved from /opt/airflow/dags/dag_cargar_cotizaciones.py
[2024-10-10T18:21:09.997+0000] {logging_mixin.py:190} INFO - [2024-10-10T18:21:09.997+0000] {dag.py:3229} INFO - Sync 1 DAGs
[2024-10-10T18:21:10.008+0000] {logging_mixin.py:190} INFO - [2024-10-10T18:21:10.008+0000] {dag.py:4156} INFO - Setting next_dagrun for dag_cargar_cotizaciones to 2024-10-10 00:00:00+00:00, run_after=2024-10-11 00:00:00+00:00
[2024-10-10T18:21:10.015+0000] {processor.py:208} INFO - Processing /opt/airflow/dags/dag_cargar_cotizaciones.py took 0.726 seconds
[2024-10-10T18:37:04.879+0000] {processor.py:186} INFO - Started process (PID=17236) to work on /opt/airflow/dags/dag_cargar_cotizaciones.py
[2024-10-10T18:37:04.884+0000] {processor.py:914} INFO - Processing file /opt/airflow/dags/dag_cargar_cotizaciones.py for tasks to queue
[2024-10-10T18:37:04.886+0000] {logging_mixin.py:190} INFO - [2024-10-10T18:37:04.886+0000] {dagbag.py:587} INFO - Filling up the DagBag from /opt/airflow/dags/dag_cargar_cotizaciones.py
[2024-10-10T18:37:05.534+0000] {processor.py:925} INFO - DAG(s) 'dag_cargar_cotizaciones' retrieved from /opt/airflow/dags/dag_cargar_cotizaciones.py
[2024-10-10T18:37:05.558+0000] {logging_mixin.py:190} INFO - [2024-10-10T18:37:05.557+0000] {dag.py:3229} INFO - Sync 1 DAGs
[2024-10-10T18:37:05.577+0000] {logging_mixin.py:190} INFO - [2024-10-10T18:37:05.577+0000] {dag.py:4156} INFO - Setting next_dagrun for dag_cargar_cotizaciones to 2024-10-10 00:00:00+00:00, run_after=2024-10-11 00:00:00+00:00
[2024-10-10T18:37:05.589+0000] {processor.py:208} INFO - Processing /opt/airflow/dags/dag_cargar_cotizaciones.py took 0.733 seconds
[2024-10-10T19:12:49.226+0000] {processor.py:186} INFO - Started process (PID=17244) to work on /opt/airflow/dags/dag_cargar_cotizaciones.py
[2024-10-10T19:12:49.229+0000] {processor.py:914} INFO - Processing file /opt/airflow/dags/dag_cargar_cotizaciones.py for tasks to queue
[2024-10-10T19:12:49.230+0000] {logging_mixin.py:190} INFO - [2024-10-10T19:12:49.230+0000] {dagbag.py:587} INFO - Filling up the DagBag from /opt/airflow/dags/dag_cargar_cotizaciones.py
[2024-10-10T19:12:50.147+0000] {processor.py:925} INFO - DAG(s) 'dag_cargar_cotizaciones' retrieved from /opt/airflow/dags/dag_cargar_cotizaciones.py
[2024-10-10T19:12:50.162+0000] {logging_mixin.py:190} INFO - [2024-10-10T19:12:50.162+0000] {dag.py:3229} INFO - Sync 1 DAGs
[2024-10-10T19:12:50.176+0000] {logging_mixin.py:190} INFO - [2024-10-10T19:12:50.176+0000] {dag.py:4156} INFO - Setting next_dagrun for dag_cargar_cotizaciones to 2024-10-10 00:00:00+00:00, run_after=2024-10-11 00:00:00+00:00
[2024-10-10T19:12:50.184+0000] {processor.py:208} INFO - Processing /opt/airflow/dags/dag_cargar_cotizaciones.py took 0.969 seconds
[2024-10-10T19:28:21.570+0000] {processor.py:186} INFO - Started process (PID=17252) to work on /opt/airflow/dags/dag_cargar_cotizaciones.py
[2024-10-10T19:28:21.571+0000] {processor.py:914} INFO - Processing file /opt/airflow/dags/dag_cargar_cotizaciones.py for tasks to queue
[2024-10-10T19:28:21.575+0000] {logging_mixin.py:190} INFO - [2024-10-10T19:28:21.574+0000] {dagbag.py:587} INFO - Filling up the DagBag from /opt/airflow/dags/dag_cargar_cotizaciones.py
[2024-10-10T19:28:22.317+0000] {processor.py:925} INFO - DAG(s) 'dag_cargar_cotizaciones' retrieved from /opt/airflow/dags/dag_cargar_cotizaciones.py
[2024-10-10T19:28:22.354+0000] {logging_mixin.py:190} INFO - [2024-10-10T19:28:22.353+0000] {dag.py:3229} INFO - Sync 1 DAGs
[2024-10-10T19:28:22.369+0000] {logging_mixin.py:190} INFO - [2024-10-10T19:28:22.369+0000] {dag.py:4156} INFO - Setting next_dagrun for dag_cargar_cotizaciones to 2024-10-10 00:00:00+00:00, run_after=2024-10-11 00:00:00+00:00
[2024-10-10T19:28:22.381+0000] {processor.py:208} INFO - Processing /opt/airflow/dags/dag_cargar_cotizaciones.py took 0.821 seconds
[2024-10-10T19:46:26.699+0000] {processor.py:186} INFO - Started process (PID=17260) to work on /opt/airflow/dags/dag_cargar_cotizaciones.py
[2024-10-10T19:46:26.700+0000] {processor.py:914} INFO - Processing file /opt/airflow/dags/dag_cargar_cotizaciones.py for tasks to queue
[2024-10-10T19:46:26.702+0000] {logging_mixin.py:190} INFO - [2024-10-10T19:46:26.701+0000] {dagbag.py:587} INFO - Filling up the DagBag from /opt/airflow/dags/dag_cargar_cotizaciones.py
[2024-10-10T19:46:27.302+0000] {processor.py:925} INFO - DAG(s) 'dag_cargar_cotizaciones' retrieved from /opt/airflow/dags/dag_cargar_cotizaciones.py
[2024-10-10T19:46:27.318+0000] {logging_mixin.py:190} INFO - [2024-10-10T19:46:27.317+0000] {dag.py:3229} INFO - Sync 1 DAGs
[2024-10-10T19:46:27.333+0000] {logging_mixin.py:190} INFO - [2024-10-10T19:46:27.333+0000] {dag.py:4156} INFO - Setting next_dagrun for dag_cargar_cotizaciones to 2024-10-10 00:00:00+00:00, run_after=2024-10-11 00:00:00+00:00
[2024-10-10T19:46:27.345+0000] {processor.py:208} INFO - Processing /opt/airflow/dags/dag_cargar_cotizaciones.py took 0.654 seconds
[2024-10-10T20:43:23.126+0000] {processor.py:186} INFO - Started process (PID=17268) to work on /opt/airflow/dags/dag_cargar_cotizaciones.py
[2024-10-10T20:43:23.134+0000] {processor.py:914} INFO - Processing file /opt/airflow/dags/dag_cargar_cotizaciones.py for tasks to queue
[2024-10-10T20:43:23.136+0000] {logging_mixin.py:190} INFO - [2024-10-10T20:43:23.135+0000] {dagbag.py:587} INFO - Filling up the DagBag from /opt/airflow/dags/dag_cargar_cotizaciones.py
[2024-10-10T20:43:23.770+0000] {processor.py:925} INFO - DAG(s) 'dag_cargar_cotizaciones' retrieved from /opt/airflow/dags/dag_cargar_cotizaciones.py
[2024-10-10T20:43:23.784+0000] {logging_mixin.py:190} INFO - [2024-10-10T20:43:23.784+0000] {dag.py:3229} INFO - Sync 1 DAGs
[2024-10-10T20:43:23.794+0000] {logging_mixin.py:190} INFO - [2024-10-10T20:43:23.794+0000] {dag.py:4156} INFO - Setting next_dagrun for dag_cargar_cotizaciones to 2024-10-10 00:00:00+00:00, run_after=2024-10-11 00:00:00+00:00
[2024-10-10T20:43:23.801+0000] {processor.py:208} INFO - Processing /opt/airflow/dags/dag_cargar_cotizaciones.py took 0.697 seconds
[2024-10-10T21:25:31.878+0000] {processor.py:186} INFO - Started process (PID=17276) to work on /opt/airflow/dags/dag_cargar_cotizaciones.py
[2024-10-10T21:25:31.882+0000] {processor.py:914} INFO - Processing file /opt/airflow/dags/dag_cargar_cotizaciones.py for tasks to queue
[2024-10-10T21:25:31.887+0000] {logging_mixin.py:190} INFO - [2024-10-10T21:25:31.886+0000] {dagbag.py:587} INFO - Filling up the DagBag from /opt/airflow/dags/dag_cargar_cotizaciones.py
[2024-10-10T21:25:32.517+0000] {processor.py:925} INFO - DAG(s) 'dag_cargar_cotizaciones' retrieved from /opt/airflow/dags/dag_cargar_cotizaciones.py
[2024-10-10T21:25:32.531+0000] {logging_mixin.py:190} INFO - [2024-10-10T21:25:32.530+0000] {dag.py:3229} INFO - Sync 1 DAGs
[2024-10-10T21:25:32.542+0000] {logging_mixin.py:190} INFO - [2024-10-10T21:25:32.541+0000] {dag.py:4156} INFO - Setting next_dagrun for dag_cargar_cotizaciones to 2024-10-10 00:00:00+00:00, run_after=2024-10-11 00:00:00+00:00
[2024-10-10T21:25:32.555+0000] {processor.py:208} INFO - Processing /opt/airflow/dags/dag_cargar_cotizaciones.py took 0.688 seconds
[2024-10-10T22:09:49.206+0000] {processor.py:186} INFO - Started process (PID=17284) to work on /opt/airflow/dags/dag_cargar_cotizaciones.py
[2024-10-10T22:09:49.210+0000] {processor.py:914} INFO - Processing file /opt/airflow/dags/dag_cargar_cotizaciones.py for tasks to queue
[2024-10-10T22:09:49.217+0000] {logging_mixin.py:190} INFO - [2024-10-10T22:09:49.216+0000] {dagbag.py:587} INFO - Filling up the DagBag from /opt/airflow/dags/dag_cargar_cotizaciones.py
[2024-10-10T22:09:49.952+0000] {processor.py:925} INFO - DAG(s) 'dag_cargar_cotizaciones' retrieved from /opt/airflow/dags/dag_cargar_cotizaciones.py
[2024-10-10T22:09:49.983+0000] {logging_mixin.py:190} INFO - [2024-10-10T22:09:49.982+0000] {dag.py:3229} INFO - Sync 1 DAGs
[2024-10-10T22:09:49.997+0000] {logging_mixin.py:190} INFO - [2024-10-10T22:09:49.997+0000] {dag.py:4156} INFO - Setting next_dagrun for dag_cargar_cotizaciones to 2024-10-10 00:00:00+00:00, run_after=2024-10-11 00:00:00+00:00
[2024-10-10T22:09:50.005+0000] {processor.py:208} INFO - Processing /opt/airflow/dags/dag_cargar_cotizaciones.py took 0.822 seconds
[2024-10-10T22:44:47.141+0000] {processor.py:186} INFO - Started process (PID=17292) to work on /opt/airflow/dags/dag_cargar_cotizaciones.py
[2024-10-10T22:44:47.145+0000] {processor.py:914} INFO - Processing file /opt/airflow/dags/dag_cargar_cotizaciones.py for tasks to queue
[2024-10-10T22:44:47.154+0000] {logging_mixin.py:190} INFO - [2024-10-10T22:44:47.150+0000] {dagbag.py:587} INFO - Filling up the DagBag from /opt/airflow/dags/dag_cargar_cotizaciones.py
[2024-10-10T22:44:47.949+0000] {processor.py:925} INFO - DAG(s) 'dag_cargar_cotizaciones' retrieved from /opt/airflow/dags/dag_cargar_cotizaciones.py
[2024-10-10T22:44:47.980+0000] {logging_mixin.py:190} INFO - [2024-10-10T22:44:47.980+0000] {dag.py:3229} INFO - Sync 1 DAGs
[2024-10-10T22:44:47.992+0000] {logging_mixin.py:190} INFO - [2024-10-10T22:44:47.992+0000] {dag.py:4156} INFO - Setting next_dagrun for dag_cargar_cotizaciones to 2024-10-10 00:00:00+00:00, run_after=2024-10-11 00:00:00+00:00
[2024-10-10T22:44:48.001+0000] {processor.py:208} INFO - Processing /opt/airflow/dags/dag_cargar_cotizaciones.py took 0.882 seconds
[2024-10-10T22:45:18.463+0000] {processor.py:186} INFO - Started process (PID=17300) to work on /opt/airflow/dags/dag_cargar_cotizaciones.py
[2024-10-10T22:45:18.473+0000] {processor.py:914} INFO - Processing file /opt/airflow/dags/dag_cargar_cotizaciones.py for tasks to queue
[2024-10-10T22:45:18.478+0000] {logging_mixin.py:190} INFO - [2024-10-10T22:45:18.476+0000] {dagbag.py:587} INFO - Filling up the DagBag from /opt/airflow/dags/dag_cargar_cotizaciones.py
[2024-10-10T22:45:19.150+0000] {processor.py:925} INFO - DAG(s) 'dag_cargar_cotizaciones' retrieved from /opt/airflow/dags/dag_cargar_cotizaciones.py
[2024-10-10T22:45:19.166+0000] {logging_mixin.py:190} INFO - [2024-10-10T22:45:19.166+0000] {dag.py:3229} INFO - Sync 1 DAGs
[2024-10-10T22:45:19.181+0000] {logging_mixin.py:190} INFO - [2024-10-10T22:45:19.181+0000] {dag.py:4156} INFO - Setting next_dagrun for dag_cargar_cotizaciones to 2024-10-10 00:00:00+00:00, run_after=2024-10-11 00:00:00+00:00
[2024-10-10T22:45:19.188+0000] {processor.py:208} INFO - Processing /opt/airflow/dags/dag_cargar_cotizaciones.py took 0.741 seconds
[2024-10-10T23:10:08.931+0000] {processor.py:186} INFO - Started process (PID=17308) to work on /opt/airflow/dags/dag_cargar_cotizaciones.py
[2024-10-10T23:10:08.933+0000] {processor.py:914} INFO - Processing file /opt/airflow/dags/dag_cargar_cotizaciones.py for tasks to queue
[2024-10-10T23:10:08.935+0000] {logging_mixin.py:190} INFO - [2024-10-10T23:10:08.935+0000] {dagbag.py:587} INFO - Filling up the DagBag from /opt/airflow/dags/dag_cargar_cotizaciones.py
[2024-10-10T23:10:09.520+0000] {processor.py:925} INFO - DAG(s) 'dag_cargar_cotizaciones' retrieved from /opt/airflow/dags/dag_cargar_cotizaciones.py
[2024-10-10T23:10:09.535+0000] {logging_mixin.py:190} INFO - [2024-10-10T23:10:09.534+0000] {dag.py:3229} INFO - Sync 1 DAGs
[2024-10-10T23:10:09.546+0000] {logging_mixin.py:190} INFO - [2024-10-10T23:10:09.546+0000] {dag.py:4156} INFO - Setting next_dagrun for dag_cargar_cotizaciones to 2024-10-10 00:00:00+00:00, run_after=2024-10-11 00:00:00+00:00
[2024-10-10T23:10:09.553+0000] {processor.py:208} INFO - Processing /opt/airflow/dags/dag_cargar_cotizaciones.py took 0.634 seconds
[2024-10-10T23:44:21.319+0000] {processor.py:186} INFO - Started process (PID=17316) to work on /opt/airflow/dags/dag_cargar_cotizaciones.py
[2024-10-10T23:44:21.320+0000] {processor.py:914} INFO - Processing file /opt/airflow/dags/dag_cargar_cotizaciones.py for tasks to queue
[2024-10-10T23:44:21.322+0000] {logging_mixin.py:190} INFO - [2024-10-10T23:44:21.322+0000] {dagbag.py:587} INFO - Filling up the DagBag from /opt/airflow/dags/dag_cargar_cotizaciones.py
[2024-10-10T23:44:21.933+0000] {processor.py:925} INFO - DAG(s) 'dag_cargar_cotizaciones' retrieved from /opt/airflow/dags/dag_cargar_cotizaciones.py
[2024-10-10T23:44:21.957+0000] {logging_mixin.py:190} INFO - [2024-10-10T23:44:21.957+0000] {dag.py:3229} INFO - Sync 1 DAGs
[2024-10-10T23:44:21.976+0000] {logging_mixin.py:190} INFO - [2024-10-10T23:44:21.976+0000] {dag.py:4156} INFO - Setting next_dagrun for dag_cargar_cotizaciones to 2024-10-10 00:00:00+00:00, run_after=2024-10-11 00:00:00+00:00
[2024-10-10T23:44:21.998+0000] {processor.py:208} INFO - Processing /opt/airflow/dags/dag_cargar_cotizaciones.py took 0.711 seconds
