[2024-10-16T14:41:24.278+0000] {local_task_job_runner.py:123} INFO - ::group::Pre task execution logs
[2024-10-16T14:41:24.310+0000] {taskinstance.py:2612} INFO - Dependencies all met for dep_context=non-requeueable deps ti=<TaskInstance: dag_ccl.ccl_to_redshift scheduled__2024-09-21T00:00:00+00:00 [queued]>
[2024-10-16T14:41:24.326+0000] {taskinstance.py:2612} INFO - Dependencies all met for dep_context=requeueable deps ti=<TaskInstance: dag_ccl.ccl_to_redshift scheduled__2024-09-21T00:00:00+00:00 [queued]>
[2024-10-16T14:41:24.330+0000] {taskinstance.py:2865} INFO - Starting attempt 1 of 2
[2024-10-16T14:41:24.396+0000] {taskinstance.py:2888} INFO - Executing <Task(PythonOperator): ccl_to_redshift> on 2024-09-21 00:00:00+00:00
[2024-10-16T14:41:24.739+0000] {warnings.py:112} WARNING - /home/***/.local/lib/python3.12/site-packages/***/task/task_runner/standard_task_runner.py:70: DeprecationWarning: This process (pid=219) is multi-threaded, use of fork() may lead to deadlocks in the child.
  pid = os.fork()

[2024-10-16T14:41:24.744+0000] {standard_task_runner.py:72} INFO - Started process 238 to run task
[2024-10-16T14:41:24.786+0000] {standard_task_runner.py:104} INFO - Running: ['***', 'tasks', 'run', 'dag_ccl', 'ccl_to_redshift', 'scheduled__2024-09-21T00:00:00+00:00', '--job-id', '395', '--raw', '--subdir', 'DAGS_FOLDER/dag_ccl.py', '--cfg-path', '/tmp/tmptu3nqer_']
[2024-10-16T14:41:24.832+0000] {standard_task_runner.py:105} INFO - Job 395: Subtask ccl_to_redshift
[2024-10-16T14:41:25.331+0000] {task_command.py:467} INFO - Running <TaskInstance: dag_ccl.ccl_to_redshift scheduled__2024-09-21T00:00:00+00:00 [running]> on host f03003374728
[2024-10-16T14:41:26.507+0000] {taskinstance.py:3131} INFO - Exporting env vars: AIRFLOW_CTX_DAG_OWNER='***' AIRFLOW_CTX_DAG_ID='dag_ccl' AIRFLOW_CTX_TASK_ID='ccl_to_redshift' AIRFLOW_CTX_EXECUTION_DATE='2024-09-21T00:00:00+00:00' AIRFLOW_CTX_TRY_NUMBER='1' AIRFLOW_CTX_DAG_RUN_ID='scheduled__2024-09-21T00:00:00+00:00'
[2024-10-16T14:41:26.510+0000] {taskinstance.py:731} INFO - ::endgroup::
[2024-10-16T14:41:26.532+0000] {logging_mixin.py:190} INFO - 2024-09-21
[2024-10-16T14:41:28.454+0000] {base.py:84} INFO - Retrieving connection 'redshift_conn'
[2024-10-16T14:41:28.460+0000] {logging_mixin.py:190} INFO - redshift_conn
[2024-10-16T14:41:29.752+0000] {python.py:240} INFO - Done. Returned value was: None
[2024-10-16T14:41:29.765+0000] {taskinstance.py:340} INFO - ::group::Post task execution logs
[2024-10-16T14:41:29.766+0000] {taskinstance.py:352} INFO - Marking task as SUCCESS. dag_id=dag_ccl, task_id=ccl_to_redshift, run_id=scheduled__2024-09-21T00:00:00+00:00, execution_date=20240921T000000, start_date=20241016T144124, end_date=20241016T144129
[2024-10-16T14:41:29.795+0000] {local_task_job_runner.py:266} INFO - Task exited with return code 0
[2024-10-16T14:41:29.807+0000] {taskinstance.py:3900} INFO - 0 downstream tasks scheduled from follow-on schedule check
[2024-10-16T14:41:29.807+0000] {local_task_job_runner.py:245} INFO - ::endgroup::
