[2024-10-14T17:30:34.282+0000] {local_task_job_runner.py:123} INFO - ::group::Pre task execution logs
[2024-10-14T17:30:35.444+0000] {taskinstance.py:2612} INFO - Dependencies all met for dep_context=non-requeueable deps ti=<TaskInstance: dag_ccl.ccl_to_redshift scheduled__2024-09-06T00:00:00+00:00 [queued]>
[2024-10-14T17:30:36.693+0000] {taskinstance.py:2612} INFO - Dependencies all met for dep_context=requeueable deps ti=<TaskInstance: dag_ccl.ccl_to_redshift scheduled__2024-09-06T00:00:00+00:00 [queued]>
[2024-10-14T17:30:36.824+0000] {taskinstance.py:2865} INFO - Starting attempt 1 of 2
[2024-10-14T17:30:37.715+0000] {taskinstance.py:2888} INFO - Executing <Task(PythonOperator): ccl_to_redshift> on 2024-09-06 00:00:00+00:00
[2024-10-14T17:30:38.167+0000] {warnings.py:112} WARNING - /home/***/.local/lib/python3.12/site-packages/***/task/task_runner/standard_task_runner.py:70: DeprecationWarning: This process (pid=19085) is multi-threaded, use of fork() may lead to deadlocks in the child.
  pid = os.fork()

[2024-10-14T17:30:38.196+0000] {standard_task_runner.py:72} INFO - Started process 19124 to run task
[2024-10-14T17:30:38.168+0000] {standard_task_runner.py:104} INFO - Running: ['***', 'tasks', 'run', 'dag_ccl', 'ccl_to_redshift', 'scheduled__2024-09-06T00:00:00+00:00', '--job-id', '290', '--raw', '--subdir', 'DAGS_FOLDER/dag_ccl.py', '--cfg-path', '/tmp/tmpfrdllki9']
[2024-10-14T17:30:38.234+0000] {standard_task_runner.py:105} INFO - Job 290: Subtask ccl_to_redshift
[2024-10-14T17:30:46.059+0000] {task_command.py:467} INFO - Running <TaskInstance: dag_ccl.ccl_to_redshift scheduled__2024-09-06T00:00:00+00:00 [running]> on host f03003374728
[2024-10-14T17:30:46.921+0000] {job.py:229} INFO - Heartbeat recovered after 20.74 seconds
[2024-10-14T17:30:58.141+0000] {job.py:229} INFO - Heartbeat recovered after 11.70 seconds
[2024-10-14T17:31:07.803+0000] {job.py:229} INFO - Heartbeat recovered after 10.57 seconds
[2024-10-14T17:31:26.157+0000] {job.py:229} INFO - Heartbeat recovered after 17.47 seconds
[2024-10-14T17:31:43.128+0000] {job.py:229} INFO - Heartbeat recovered after 19.86 seconds
[2024-10-14T17:31:55.229+0000] {job.py:229} INFO - Heartbeat recovered after 12.92 seconds
[2024-10-14T17:32:12.545+0000] {job.py:229} INFO - Heartbeat recovered after 18.40 seconds
[2024-10-14T17:32:47.925+0000] {job.py:229} INFO - Heartbeat recovered after 16.61 seconds
[2024-10-14T17:33:04.197+0000] {job.py:229} INFO - Heartbeat recovered after 18.02 seconds
[2024-10-14T17:33:34.188+0000] {job.py:229} INFO - Heartbeat recovered after 15.18 seconds
[2024-10-14T17:33:42.180+0000] {taskinstance.py:3131} INFO - Exporting env vars: AIRFLOW_CTX_DAG_OWNER='***' AIRFLOW_CTX_DAG_ID='dag_ccl' AIRFLOW_CTX_TASK_ID='ccl_to_redshift' AIRFLOW_CTX_EXECUTION_DATE='2024-09-06T00:00:00+00:00' AIRFLOW_CTX_TRY_NUMBER='1' AIRFLOW_CTX_DAG_RUN_ID='scheduled__2024-09-06T00:00:00+00:00'
[2024-10-14T17:33:43.187+0000] {taskinstance.py:731} INFO - ::endgroup::
[2024-10-14T17:33:44.587+0000] {logging_mixin.py:190} INFO - 2024-09-07
[2024-10-14T17:33:47.775+0000] {job.py:229} INFO - Heartbeat recovered after 14.87 seconds
[2024-10-14T17:33:51.428+0000] {local_task_job_runner.py:346} WARNING - State of this instance has been externally set to failed. Terminating instance.
[2024-10-14T17:33:51.522+0000] {local_task_job_runner.py:245} INFO - ::endgroup::
[2024-10-14T17:33:53.347+0000] {process_utils.py:132} INFO - Sending 15 to group 19124. PIDs of all processes in the group: [19124]
[2024-10-14T17:33:53.388+0000] {process_utils.py:87} INFO - Sending the signal 15 to group 19124
[2024-10-14T17:33:53.564+0000] {taskinstance.py:3092} ERROR - Received SIGTERM. Terminating subprocesses.
[2024-10-14T17:33:58.687+0000] {taskinstance.py:340} INFO - ::group::Post task execution logs
[2024-10-14T17:34:03.328+0000] {process_utils.py:80} INFO - Process psutil.Process(pid=19124, status='terminated', exitcode=0, started='17:30:37') (19124) terminated with exit code 0
[2024-10-14T17:34:03.645+0000] {standard_task_runner.py:217} INFO - Process not found (most likely exited), stop collecting metrics
