[2024-10-16T18:53:00.523+0000] {local_task_job_runner.py:123} INFO - ::group::Pre task execution logs
[2024-10-16T18:53:00.531+0000] {taskinstance.py:2612} INFO - Dependencies all met for dep_context=non-requeueable deps ti=<TaskInstance: dag_cargar_cotizaciones.rendimiento_actual manual__2024-10-16T18:47:49.037414+00:00 [queued]>
[2024-10-16T18:53:00.536+0000] {taskinstance.py:2612} INFO - Dependencies all met for dep_context=requeueable deps ti=<TaskInstance: dag_cargar_cotizaciones.rendimiento_actual manual__2024-10-16T18:47:49.037414+00:00 [queued]>
[2024-10-16T18:53:00.536+0000] {taskinstance.py:2865} INFO - Starting attempt 2 of 2
[2024-10-16T18:53:00.542+0000] {taskinstance.py:2888} INFO - Executing <Task(PythonOperator): rendimiento_actual> on 2024-10-16 18:47:49.037414+00:00
[2024-10-16T18:53:00.547+0000] {warnings.py:112} WARNING - /home/***/.local/lib/python3.12/site-packages/***/task/task_runner/standard_task_runner.py:70: DeprecationWarning: This process (pid=2831) is multi-threaded, use of fork() may lead to deadlocks in the child.
  pid = os.fork()

[2024-10-16T18:53:00.548+0000] {standard_task_runner.py:72} INFO - Started process 2833 to run task
[2024-10-16T18:53:00.548+0000] {standard_task_runner.py:104} INFO - Running: ['***', 'tasks', 'run', 'dag_cargar_cotizaciones', 'rendimiento_actual', 'manual__2024-10-16T18:47:49.037414+00:00', '--job-id', '467', '--raw', '--subdir', 'DAGS_FOLDER/dag_cargar_cotizaciones.py', '--cfg-path', '/tmp/tmptfc_yibp']
[2024-10-16T18:53:00.550+0000] {standard_task_runner.py:105} INFO - Job 467: Subtask rendimiento_actual
[2024-10-16T18:53:00.576+0000] {task_command.py:467} INFO - Running <TaskInstance: dag_cargar_cotizaciones.rendimiento_actual manual__2024-10-16T18:47:49.037414+00:00 [running]> on host f03003374728
[2024-10-16T18:53:00.613+0000] {taskinstance.py:3131} INFO - Exporting env vars: AIRFLOW_CTX_DAG_OWNER='***' AIRFLOW_CTX_DAG_ID='dag_cargar_cotizaciones' AIRFLOW_CTX_TASK_ID='rendimiento_actual' AIRFLOW_CTX_EXECUTION_DATE='2024-10-16T18:47:49.037414+00:00' AIRFLOW_CTX_TRY_NUMBER='2' AIRFLOW_CTX_DAG_RUN_ID='manual__2024-10-16T18:47:49.037414+00:00'
[2024-10-16T18:53:00.613+0000] {taskinstance.py:731} INFO - ::endgroup::
[2024-10-16T18:53:00.626+0000] {base.py:84} INFO - Retrieving connection 'redshift_conn'
[2024-10-16T18:53:02.706+0000] {logging_mixin.py:190} INFO - Consulta ejecutada exitosamente.
[2024-10-16T18:53:02.707+0000] {python.py:240} INFO - Done. Returned value was: None
[2024-10-16T18:53:02.716+0000] {taskinstance.py:340} INFO - ::group::Post task execution logs
[2024-10-16T18:53:02.717+0000] {taskinstance.py:352} INFO - Marking task as SUCCESS. dag_id=dag_cargar_cotizaciones, task_id=rendimiento_actual, run_id=manual__2024-10-16T18:47:49.037414+00:00, execution_date=20241016T184749, start_date=20241016T185300, end_date=20241016T185302
[2024-10-16T18:53:02.738+0000] {local_task_job_runner.py:266} INFO - Task exited with return code 0
[2024-10-16T18:53:02.750+0000] {taskinstance.py:3900} INFO - 0 downstream tasks scheduled from follow-on schedule check
[2024-10-16T18:53:02.751+0000] {local_task_job_runner.py:245} INFO - ::endgroup::
