[2024-10-06T19:49:49.974+0000] {local_task_job_runner.py:123} INFO - ::group::Pre task execution logs
[2024-10-06T19:49:49.983+0000] {taskinstance.py:2612} INFO - Dependencies all met for dep_context=non-requeueable deps ti=<TaskInstance: dag_cargar_cotizaciones.obtener_y_preparar_cotizaciones manual__2024-10-06T19:49:48.224912+00:00 [queued]>
[2024-10-06T19:49:49.986+0000] {taskinstance.py:2612} INFO - Dependencies all met for dep_context=requeueable deps ti=<TaskInstance: dag_cargar_cotizaciones.obtener_y_preparar_cotizaciones manual__2024-10-06T19:49:48.224912+00:00 [queued]>
[2024-10-06T19:49:49.986+0000] {taskinstance.py:2865} INFO - Starting attempt 1 of 2
[2024-10-06T19:49:49.991+0000] {taskinstance.py:2888} INFO - Executing <Task(PythonOperator): obtener_y_preparar_cotizaciones> on 2024-10-06 19:49:48.224912+00:00
[2024-10-06T19:49:49.995+0000] {warnings.py:112} WARNING - /home/***/.local/lib/python3.12/site-packages/***/task/task_runner/standard_task_runner.py:70: DeprecationWarning: This process (pid=1245) is multi-threaded, use of fork() may lead to deadlocks in the child.
  pid = os.fork()

[2024-10-06T19:49:49.997+0000] {standard_task_runner.py:72} INFO - Started process 1247 to run task
[2024-10-06T19:49:49.996+0000] {standard_task_runner.py:104} INFO - Running: ['***', 'tasks', 'run', 'dag_cargar_cotizaciones', 'obtener_y_preparar_cotizaciones', 'manual__2024-10-06T19:49:48.224912+00:00', '--job-id', '85', '--raw', '--subdir', 'DAGS_FOLDER/dag_cargar_cotizaciones.py', '--cfg-path', '/tmp/tmp9jkfvoux']
[2024-10-06T19:49:49.998+0000] {standard_task_runner.py:105} INFO - Job 85: Subtask obtener_y_preparar_cotizaciones
[2024-10-06T19:49:50.025+0000] {task_command.py:467} INFO - Running <TaskInstance: dag_cargar_cotizaciones.obtener_y_preparar_cotizaciones manual__2024-10-06T19:49:48.224912+00:00 [running]> on host f03003374728
[2024-10-06T19:49:50.065+0000] {taskinstance.py:3131} INFO - Exporting env vars: AIRFLOW_CTX_DAG_OWNER='***' AIRFLOW_CTX_DAG_ID='dag_cargar_cotizaciones' AIRFLOW_CTX_TASK_ID='obtener_y_preparar_cotizaciones' AIRFLOW_CTX_EXECUTION_DATE='2024-10-06T19:49:48.224912+00:00' AIRFLOW_CTX_TRY_NUMBER='1' AIRFLOW_CTX_DAG_RUN_ID='manual__2024-10-06T19:49:48.224912+00:00'
[2024-10-06T19:49:50.066+0000] {taskinstance.py:731} INFO - ::endgroup::
[2024-10-06T19:49:50.084+0000] {base.py:84} INFO - Retrieving connection 'redshift_conn'
[2024-10-06T19:49:50.085+0000] {logging_mixin.py:190} INFO - redshift_conn
[2024-10-06T19:49:52.115+0000] {logging_mixin.py:190} INFO - 2024-10-05
[2024-10-06T19:49:52.116+0000] {logging_mixin.py:190} INFO - 2024-10-06
[2024-10-06T19:49:52.122+0000] {cache.py:130} INFO - Failed to create TzCache, reason: Error creating TzCache folder: '/home/***/.cache/py-yfinance' reason: [Errno 13] Permission denied: '/home/***/.cache/py-yfinance'. TzCache will not be used. Tip: You can direct cache to use a different location with 'set_tz_cache_location(mylocation)'
[2024-10-06T19:49:52.122+0000] {cache.py:130} INFO - Failed to create TzCache, reason: Error creating TzCache folder: '/home/***/.cache/py-yfinance' reason: [Errno 13] Permission denied: '/home/***/.cache/py-yfinance'. TzCache will not be used. Tip: You can direct cache to use a different location with 'set_tz_cache_location(mylocation)'
[2024-10-06T19:49:52.123+0000] {cache.py:130} INFO - Failed to create TzCache, reason: Error creating TzCache folder: '/home/***/.cache/py-yfinance' reason: [Errno 13] Permission denied: '/home/***/.cache/py-yfinance'. TzCache will not be used. Tip: You can direct cache to use a different location with 'set_tz_cache_location(mylocation)'
[2024-10-06T19:49:52.124+0000] {cache.py:336} INFO - Failed to create CookieCache, reason: Error creating CookieCache folder: '/home/***/.cache/py-yfinance' reason: [Errno 13] Permission denied: '/home/***/.cache/py-yfinance'. CookieCache will not be used. Tip: You can direct cache to use a different location with 'set_tz_cache_location(mylocation)'
[2024-10-06T19:49:53.532+0000] {logging_mixin.py:190} WARNING - [                       0%                       ]
[2024-10-06T19:49:53.536+0000] {logging_mixin.py:190} WARNING - [                       0%                       ]
[2024-10-06T19:49:53.542+0000] {logging_mixin.py:190} WARNING - [                       0%                       ]
[2024-10-06T19:49:53.546+0000] {logging_mixin.py:190} WARNING - [**********************67%*******                ]  4 of 6 completed
[2024-10-06T19:49:53.572+0000] {logging_mixin.py:190} WARNING - [**********************83%***************        ]  5 of 6 completed
[2024-10-06T19:49:53.582+0000] {logging_mixin.py:190} WARNING - [*********************100%***********************]  6 of 6 completed
[2024-10-06T19:49:53.588+0000] {warnings.py:112} WARNING - /opt/***/dags/stocks_prices_daily.py:10: FutureWarning: The previous implementation of stack is deprecated and will be removed in a future version of pandas. See the What's New notes for pandas 2.1.0 for details. Specify future_stack=True to adopt the new implementation and silence this warning.
  stacked_data = daily_stock_data.stack(level='Ticker').reset_index()

[2024-10-06T19:49:53.602+0000] {logging_mixin.py:190} INFO - Price                      Date    Ticker  Adj_Close  ...      Low     Open   Volume
0     2024-10-04 00:00:00+00:00   AAPL.BA    13900.0  ...  13725.0  13850.0    86716
1     2024-10-04 00:00:00+00:00   AMZN.BA     1590.0  ...   1565.0   1590.0   253384
2     2024-10-04 00:00:00+00:00   BBAR.BA     4585.0  ...   4500.0   4600.0   228575
3     2024-10-04 00:00:00+00:00   CEPU.BA     1225.0  ...   1220.0   1245.0  1097917
4     2024-10-04 00:00:00+00:00   PAMP.BA     3090.0  ...   3030.0   3070.0   747944
5     2024-10-04 00:00:00+00:00  TGNO4.BA     3120.0  ...   3110.0   3150.0   178007

[6 rows x 8 columns]
[2024-10-06T19:50:04.421+0000] {python.py:240} INFO - Done. Returned value was: None
[2024-10-06T19:50:04.441+0000] {taskinstance.py:340} INFO - ::group::Post task execution logs
[2024-10-06T19:50:04.441+0000] {taskinstance.py:352} INFO - Marking task as SUCCESS. dag_id=dag_cargar_cotizaciones, task_id=obtener_y_preparar_cotizaciones, run_id=manual__2024-10-06T19:49:48.224912+00:00, execution_date=20241006T194948, start_date=20241006T194949, end_date=20241006T195004
[2024-10-06T19:50:04.479+0000] {local_task_job_runner.py:266} INFO - Task exited with return code 0
[2024-10-06T19:50:04.491+0000] {taskinstance.py:3900} INFO - 0 downstream tasks scheduled from follow-on schedule check
[2024-10-06T19:50:04.492+0000] {local_task_job_runner.py:245} INFO - ::endgroup::
