[2024-10-16T18:53:10.618+0000] {local_task_job_runner.py:123} INFO - ::group::Pre task execution logs
[2024-10-16T18:53:10.626+0000] {taskinstance.py:2612} INFO - Dependencies all met for dep_context=non-requeueable deps ti=<TaskInstance: dag_cargar_cotizaciones.rendimiento_actual manual__2024-10-16T18:42:56.259291+00:00 [queued]>
[2024-10-16T18:53:10.629+0000] {taskinstance.py:2612} INFO - Dependencies all met for dep_context=requeueable deps ti=<TaskInstance: dag_cargar_cotizaciones.rendimiento_actual manual__2024-10-16T18:42:56.259291+00:00 [queued]>
[2024-10-16T18:53:10.630+0000] {taskinstance.py:2865} INFO - Starting attempt 2 of 2
[2024-10-16T18:53:10.635+0000] {taskinstance.py:2888} INFO - Executing <Task(PythonOperator): rendimiento_actual> on 2024-10-16 18:42:56.259291+00:00
[2024-10-16T18:53:10.639+0000] {warnings.py:112} WARNING - /home/***/.local/lib/python3.12/site-packages/***/task/task_runner/standard_task_runner.py:70: DeprecationWarning: This process (pid=2842) is multi-threaded, use of fork() may lead to deadlocks in the child.
  pid = os.fork()

[2024-10-16T18:53:10.641+0000] {standard_task_runner.py:72} INFO - Started process 2844 to run task
[2024-10-16T18:53:10.641+0000] {standard_task_runner.py:104} INFO - Running: ['***', 'tasks', 'run', 'dag_cargar_cotizaciones', 'rendimiento_actual', 'manual__2024-10-16T18:42:56.259291+00:00', '--job-id', '468', '--raw', '--subdir', 'DAGS_FOLDER/dag_cargar_cotizaciones.py', '--cfg-path', '/tmp/tmpkvo3w53c']
[2024-10-16T18:53:10.643+0000] {standard_task_runner.py:105} INFO - Job 468: Subtask rendimiento_actual
[2024-10-16T18:53:10.670+0000] {task_command.py:467} INFO - Running <TaskInstance: dag_cargar_cotizaciones.rendimiento_actual manual__2024-10-16T18:42:56.259291+00:00 [running]> on host f03003374728
[2024-10-16T18:53:10.710+0000] {taskinstance.py:3131} INFO - Exporting env vars: AIRFLOW_CTX_DAG_OWNER='***' AIRFLOW_CTX_DAG_ID='dag_cargar_cotizaciones' AIRFLOW_CTX_TASK_ID='rendimiento_actual' AIRFLOW_CTX_EXECUTION_DATE='2024-10-16T18:42:56.259291+00:00' AIRFLOW_CTX_TRY_NUMBER='2' AIRFLOW_CTX_DAG_RUN_ID='manual__2024-10-16T18:42:56.259291+00:00'
[2024-10-16T18:53:10.710+0000] {taskinstance.py:731} INFO - ::endgroup::
[2024-10-16T18:53:10.721+0000] {base.py:84} INFO - Retrieving connection 'redshift_conn'
[2024-10-16T18:53:12.609+0000] {logging_mixin.py:190} INFO - Consulta ejecutada exitosamente.
[2024-10-16T18:53:12.610+0000] {python.py:240} INFO - Done. Returned value was: None
[2024-10-16T18:53:12.624+0000] {taskinstance.py:340} INFO - ::group::Post task execution logs
[2024-10-16T18:53:12.624+0000] {taskinstance.py:352} INFO - Marking task as SUCCESS. dag_id=dag_cargar_cotizaciones, task_id=rendimiento_actual, run_id=manual__2024-10-16T18:42:56.259291+00:00, execution_date=20241016T184256, start_date=20241016T185310, end_date=20241016T185312
[2024-10-16T18:53:12.664+0000] {local_task_job_runner.py:266} INFO - Task exited with return code 0
[2024-10-16T18:53:12.676+0000] {taskinstance.py:3900} INFO - 0 downstream tasks scheduled from follow-on schedule check
[2024-10-16T18:53:12.677+0000] {local_task_job_runner.py:245} INFO - ::endgroup::
