[2024-10-16T18:39:14.552+0000] {local_task_job_runner.py:123} INFO - ::group::Pre task execution logs
[2024-10-16T18:39:14.559+0000] {taskinstance.py:2612} INFO - Dependencies all met for dep_context=non-requeueable deps ti=<TaskInstance: dag_cargar_cotizaciones.rendimiento_actual manual__2024-10-16T18:39:05.719643+00:00 [queued]>
[2024-10-16T18:39:14.563+0000] {taskinstance.py:2612} INFO - Dependencies all met for dep_context=requeueable deps ti=<TaskInstance: dag_cargar_cotizaciones.rendimiento_actual manual__2024-10-16T18:39:05.719643+00:00 [queued]>
[2024-10-16T18:39:14.563+0000] {taskinstance.py:2865} INFO - Starting attempt 1 of 2
[2024-10-16T18:39:14.568+0000] {taskinstance.py:2888} INFO - Executing <Task(PythonOperator): rendimiento_actual> on 2024-10-16 18:39:05.719643+00:00
[2024-10-16T18:39:14.572+0000] {warnings.py:112} WARNING - /home/***/.local/lib/python3.12/site-packages/***/task/task_runner/standard_task_runner.py:70: DeprecationWarning: This process (pid=2573) is multi-threaded, use of fork() may lead to deadlocks in the child.
  pid = os.fork()

[2024-10-16T18:39:14.573+0000] {standard_task_runner.py:72} INFO - Started process 2575 to run task
[2024-10-16T18:39:14.573+0000] {standard_task_runner.py:104} INFO - Running: ['***', 'tasks', 'run', 'dag_cargar_cotizaciones', 'rendimiento_actual', 'manual__2024-10-16T18:39:05.719643+00:00', '--job-id', '454', '--raw', '--subdir', 'DAGS_FOLDER/dag_cargar_cotizaciones.py', '--cfg-path', '/tmp/tmp17kbtm82']
[2024-10-16T18:39:14.574+0000] {standard_task_runner.py:105} INFO - Job 454: Subtask rendimiento_actual
[2024-10-16T18:39:14.595+0000] {task_command.py:467} INFO - Running <TaskInstance: dag_cargar_cotizaciones.rendimiento_actual manual__2024-10-16T18:39:05.719643+00:00 [running]> on host f03003374728
[2024-10-16T18:39:14.631+0000] {taskinstance.py:3131} INFO - Exporting env vars: AIRFLOW_CTX_DAG_OWNER='***' AIRFLOW_CTX_DAG_ID='dag_cargar_cotizaciones' AIRFLOW_CTX_TASK_ID='rendimiento_actual' AIRFLOW_CTX_EXECUTION_DATE='2024-10-16T18:39:05.719643+00:00' AIRFLOW_CTX_TRY_NUMBER='1' AIRFLOW_CTX_DAG_RUN_ID='manual__2024-10-16T18:39:05.719643+00:00'
[2024-10-16T18:39:14.632+0000] {taskinstance.py:731} INFO - ::endgroup::
[2024-10-16T18:39:14.642+0000] {base.py:84} INFO - Retrieving connection 'redshift_conn'
[2024-10-16T18:39:17.091+0000] {logging_mixin.py:190} INFO - Consulta ejecutada exitosamente.
[2024-10-16T18:39:17.092+0000] {python.py:240} INFO - Done. Returned value was: None
[2024-10-16T18:39:17.100+0000] {taskinstance.py:340} INFO - ::group::Post task execution logs
[2024-10-16T18:39:17.100+0000] {taskinstance.py:352} INFO - Marking task as SUCCESS. dag_id=dag_cargar_cotizaciones, task_id=rendimiento_actual, run_id=manual__2024-10-16T18:39:05.719643+00:00, execution_date=20241016T183905, start_date=20241016T183914, end_date=20241016T183917
[2024-10-16T18:39:17.119+0000] {local_task_job_runner.py:266} INFO - Task exited with return code 0
[2024-10-16T18:39:17.129+0000] {taskinstance.py:3900} INFO - 0 downstream tasks scheduled from follow-on schedule check
[2024-10-16T18:39:17.130+0000] {local_task_job_runner.py:245} INFO - ::endgroup::
