[2024-10-16T14:41:36.949+0000] {local_task_job_runner.py:123} INFO - ::group::Pre task execution logs
[2024-10-16T14:41:36.977+0000] {taskinstance.py:2612} INFO - Dependencies all met for dep_context=non-requeueable deps ti=<TaskInstance: dag_ccl.ccl_to_redshift scheduled__2024-10-04T00:00:00+00:00 [queued]>
[2024-10-16T14:41:36.991+0000] {taskinstance.py:2612} INFO - Dependencies all met for dep_context=requeueable deps ti=<TaskInstance: dag_ccl.ccl_to_redshift scheduled__2024-10-04T00:00:00+00:00 [queued]>
[2024-10-16T14:41:36.993+0000] {taskinstance.py:2865} INFO - Starting attempt 1 of 2
[2024-10-16T14:41:37.065+0000] {taskinstance.py:2888} INFO - Executing <Task(PythonOperator): ccl_to_redshift> on 2024-10-04 00:00:00+00:00
[2024-10-16T14:41:37.074+0000] {warnings.py:112} WARNING - /home/***/.local/lib/python3.12/site-packages/***/task/task_runner/standard_task_runner.py:70: DeprecationWarning: This process (pid=277) is multi-threaded, use of fork() may lead to deadlocks in the child.
  pid = os.fork()

[2024-10-16T14:41:37.075+0000] {standard_task_runner.py:72} INFO - Started process 289 to run task
[2024-10-16T14:41:37.077+0000] {standard_task_runner.py:104} INFO - Running: ['***', 'tasks', 'run', 'dag_ccl', 'ccl_to_redshift', 'scheduled__2024-10-04T00:00:00+00:00', '--job-id', '407', '--raw', '--subdir', 'DAGS_FOLDER/dag_ccl.py', '--cfg-path', '/tmp/tmpiyvsw_n1']
[2024-10-16T14:41:37.089+0000] {standard_task_runner.py:105} INFO - Job 407: Subtask ccl_to_redshift
[2024-10-16T14:41:37.175+0000] {task_command.py:467} INFO - Running <TaskInstance: dag_ccl.ccl_to_redshift scheduled__2024-10-04T00:00:00+00:00 [running]> on host f03003374728
[2024-10-16T14:41:37.730+0000] {taskinstance.py:3131} INFO - Exporting env vars: AIRFLOW_CTX_DAG_OWNER='***' AIRFLOW_CTX_DAG_ID='dag_ccl' AIRFLOW_CTX_TASK_ID='ccl_to_redshift' AIRFLOW_CTX_EXECUTION_DATE='2024-10-04T00:00:00+00:00' AIRFLOW_CTX_TRY_NUMBER='1' AIRFLOW_CTX_DAG_RUN_ID='scheduled__2024-10-04T00:00:00+00:00'
[2024-10-16T14:41:37.736+0000] {taskinstance.py:731} INFO - ::endgroup::
[2024-10-16T14:41:37.761+0000] {logging_mixin.py:190} INFO - 2024-10-04
[2024-10-16T14:41:38.212+0000] {base.py:84} INFO - Retrieving connection 'redshift_conn'
[2024-10-16T14:41:38.215+0000] {logging_mixin.py:190} INFO - redshift_conn
[2024-10-16T14:41:40.167+0000] {python.py:240} INFO - Done. Returned value was: None
[2024-10-16T14:41:40.200+0000] {taskinstance.py:340} INFO - ::group::Post task execution logs
[2024-10-16T14:41:40.202+0000] {taskinstance.py:352} INFO - Marking task as SUCCESS. dag_id=dag_ccl, task_id=ccl_to_redshift, run_id=scheduled__2024-10-04T00:00:00+00:00, execution_date=20241004T000000, start_date=20241016T144136, end_date=20241016T144140
[2024-10-16T14:41:40.259+0000] {local_task_job_runner.py:266} INFO - Task exited with return code 0
[2024-10-16T14:41:40.289+0000] {taskinstance.py:3900} INFO - 0 downstream tasks scheduled from follow-on schedule check
[2024-10-16T14:41:40.290+0000] {local_task_job_runner.py:245} INFO - ::endgroup::
