[2024-10-16T14:36:05.199+0000] {local_task_job_runner.py:123} INFO - ::group::Pre task execution logs
[2024-10-16T14:36:05.238+0000] {taskinstance.py:2612} INFO - Dependencies all met for dep_context=non-requeueable deps ti=<TaskInstance: dag_ccl.ccl_to_redshift scheduled__2024-10-15T00:00:00+00:00 [queued]>
[2024-10-16T14:36:05.248+0000] {taskinstance.py:2612} INFO - Dependencies all met for dep_context=requeueable deps ti=<TaskInstance: dag_ccl.ccl_to_redshift scheduled__2024-10-15T00:00:00+00:00 [queued]>
[2024-10-16T14:36:05.249+0000] {taskinstance.py:2865} INFO - Starting attempt 1 of 2
[2024-10-16T14:36:05.271+0000] {taskinstance.py:2888} INFO - Executing <Task(PythonOperator): ccl_to_redshift> on 2024-10-15 00:00:00+00:00
[2024-10-16T14:36:05.291+0000] {warnings.py:112} WARNING - /home/***/.local/lib/python3.12/site-packages/***/task/task_runner/standard_task_runner.py:70: DeprecationWarning: This process (pid=64) is multi-threaded, use of fork() may lead to deadlocks in the child.
  pid = os.fork()

[2024-10-16T14:36:05.295+0000] {standard_task_runner.py:72} INFO - Started process 68 to run task
[2024-10-16T14:36:05.297+0000] {standard_task_runner.py:104} INFO - Running: ['***', 'tasks', 'run', 'dag_ccl', 'ccl_to_redshift', 'scheduled__2024-10-15T00:00:00+00:00', '--job-id', '373', '--raw', '--subdir', 'DAGS_FOLDER/dag_ccl.py', '--cfg-path', '/tmp/tmp2qua45wi']
[2024-10-16T14:36:05.306+0000] {standard_task_runner.py:105} INFO - Job 373: Subtask ccl_to_redshift
[2024-10-16T14:36:05.362+0000] {task_command.py:467} INFO - Running <TaskInstance: dag_ccl.ccl_to_redshift scheduled__2024-10-15T00:00:00+00:00 [running]> on host f03003374728
[2024-10-16T14:36:05.931+0000] {taskinstance.py:3131} INFO - Exporting env vars: AIRFLOW_CTX_DAG_OWNER='***' AIRFLOW_CTX_DAG_ID='dag_ccl' AIRFLOW_CTX_TASK_ID='ccl_to_redshift' AIRFLOW_CTX_EXECUTION_DATE='2024-10-15T00:00:00+00:00' AIRFLOW_CTX_TRY_NUMBER='1' AIRFLOW_CTX_DAG_RUN_ID='scheduled__2024-10-15T00:00:00+00:00'
[2024-10-16T14:36:05.932+0000] {taskinstance.py:731} INFO - ::endgroup::
[2024-10-16T14:36:05.949+0000] {logging_mixin.py:190} INFO - 2024-10-15
[2024-10-16T14:36:06.899+0000] {base.py:84} INFO - Retrieving connection 'redshift_conn'
[2024-10-16T14:36:06.902+0000] {logging_mixin.py:190} INFO - redshift_conn
[2024-10-16T14:36:15.734+0000] {python.py:240} INFO - Done. Returned value was: None
[2024-10-16T14:36:15.769+0000] {taskinstance.py:340} INFO - ::group::Post task execution logs
[2024-10-16T14:36:15.770+0000] {taskinstance.py:352} INFO - Marking task as SUCCESS. dag_id=dag_ccl, task_id=ccl_to_redshift, run_id=scheduled__2024-10-15T00:00:00+00:00, execution_date=20241015T000000, start_date=20241016T143605, end_date=20241016T143615
[2024-10-16T14:36:15.838+0000] {local_task_job_runner.py:266} INFO - Task exited with return code 0
[2024-10-16T14:36:15.866+0000] {taskinstance.py:3900} INFO - 0 downstream tasks scheduled from follow-on schedule check
[2024-10-16T14:36:15.868+0000] {local_task_job_runner.py:245} INFO - ::endgroup::
[2024-10-16T14:41:39.345+0000] {local_task_job_runner.py:123} INFO - ::group::Pre task execution logs
[2024-10-16T14:41:39.357+0000] {taskinstance.py:2612} INFO - Dependencies all met for dep_context=non-requeueable deps ti=<TaskInstance: dag_ccl.ccl_to_redshift scheduled__2024-10-15T00:00:00+00:00 [queued]>
[2024-10-16T14:41:39.366+0000] {taskinstance.py:2612} INFO - Dependencies all met for dep_context=requeueable deps ti=<TaskInstance: dag_ccl.ccl_to_redshift scheduled__2024-10-15T00:00:00+00:00 [queued]>
[2024-10-16T14:41:39.368+0000] {taskinstance.py:2865} INFO - Starting attempt 1 of 2
[2024-10-16T14:41:39.384+0000] {taskinstance.py:2888} INFO - Executing <Task(PythonOperator): ccl_to_redshift> on 2024-10-15 00:00:00+00:00
[2024-10-16T14:41:39.391+0000] {warnings.py:112} WARNING - /home/***/.local/lib/python3.12/site-packages/***/task/task_runner/standard_task_runner.py:70: DeprecationWarning: This process (pid=313) is multi-threaded, use of fork() may lead to deadlocks in the child.
  pid = os.fork()

[2024-10-16T14:41:39.393+0000] {standard_task_runner.py:72} INFO - Started process 326 to run task
[2024-10-16T14:41:39.394+0000] {standard_task_runner.py:104} INFO - Running: ['***', 'tasks', 'run', 'dag_ccl', 'ccl_to_redshift', 'scheduled__2024-10-15T00:00:00+00:00', '--job-id', '419', '--raw', '--subdir', 'DAGS_FOLDER/dag_ccl.py', '--cfg-path', '/tmp/tmpr98r_8l0']
[2024-10-16T14:41:39.397+0000] {standard_task_runner.py:105} INFO - Job 419: Subtask ccl_to_redshift
[2024-10-16T14:41:39.477+0000] {task_command.py:467} INFO - Running <TaskInstance: dag_ccl.ccl_to_redshift scheduled__2024-10-15T00:00:00+00:00 [running]> on host f03003374728
[2024-10-16T14:41:39.802+0000] {taskinstance.py:3131} INFO - Exporting env vars: AIRFLOW_CTX_DAG_OWNER='***' AIRFLOW_CTX_DAG_ID='dag_ccl' AIRFLOW_CTX_TASK_ID='ccl_to_redshift' AIRFLOW_CTX_EXECUTION_DATE='2024-10-15T00:00:00+00:00' AIRFLOW_CTX_TRY_NUMBER='1' AIRFLOW_CTX_DAG_RUN_ID='scheduled__2024-10-15T00:00:00+00:00'
[2024-10-16T14:41:39.802+0000] {taskinstance.py:731} INFO - ::endgroup::
[2024-10-16T14:41:39.809+0000] {logging_mixin.py:190} INFO - 2024-10-15
[2024-10-16T14:41:40.200+0000] {base.py:84} INFO - Retrieving connection 'redshift_conn'
[2024-10-16T14:41:40.202+0000] {logging_mixin.py:190} INFO - redshift_conn
[2024-10-16T14:41:42.561+0000] {python.py:240} INFO - Done. Returned value was: None
[2024-10-16T14:41:42.577+0000] {taskinstance.py:340} INFO - ::group::Post task execution logs
[2024-10-16T14:41:42.577+0000] {taskinstance.py:352} INFO - Marking task as SUCCESS. dag_id=dag_ccl, task_id=ccl_to_redshift, run_id=scheduled__2024-10-15T00:00:00+00:00, execution_date=20241015T000000, start_date=20241016T144139, end_date=20241016T144142
[2024-10-16T14:41:42.634+0000] {local_task_job_runner.py:266} INFO - Task exited with return code 0
[2024-10-16T14:41:42.653+0000] {taskinstance.py:3900} INFO - 0 downstream tasks scheduled from follow-on schedule check
[2024-10-16T14:41:42.657+0000] {local_task_job_runner.py:245} INFO - ::endgroup::
