[2024-10-26T16:34:39.428+0000] {local_task_job_runner.py:123} INFO - ::group::Pre task execution logs
[2024-10-26T16:34:39.439+0000] {taskinstance.py:2612} INFO - Dependencies all met for dep_context=non-requeueable deps ti=<TaskInstance: dag_cargar_cotizaciones.rendimiento_actual scheduled__2024-10-19T00:00:00+00:00 [queued]>
[2024-10-26T16:34:39.446+0000] {taskinstance.py:2612} INFO - Dependencies all met for dep_context=requeueable deps ti=<TaskInstance: dag_cargar_cotizaciones.rendimiento_actual scheduled__2024-10-19T00:00:00+00:00 [queued]>
[2024-10-26T16:34:39.449+0000] {taskinstance.py:2865} INFO - Starting attempt 1 of 1
[2024-10-26T16:34:39.460+0000] {taskinstance.py:2888} INFO - Executing <Task(PythonOperator): rendimiento_actual> on 2024-10-19 00:00:00+00:00
[2024-10-26T16:34:39.464+0000] {standard_task_runner.py:72} INFO - Started process 1089 to run task
[2024-10-26T16:34:39.467+0000] {standard_task_runner.py:104} INFO - Running: ['***', 'tasks', 'run', 'dag_cargar_cotizaciones', 'rendimiento_actual', 'scheduled__2024-10-19T00:00:00+00:00', '--job-id', '161', '--raw', '--subdir', 'DAGS_FOLDER/dag_cargar_cotizaciones.py', '--cfg-path', '/tmp/tmpi9y4nyo9']
[2024-10-26T16:34:39.470+0000] {standard_task_runner.py:105} INFO - Job 161: Subtask rendimiento_actual
[2024-10-26T16:34:39.510+0000] {task_command.py:467} INFO - Running <TaskInstance: dag_cargar_cotizaciones.rendimiento_actual scheduled__2024-10-19T00:00:00+00:00 [running]> on host 99ce4a540f58
[2024-10-26T16:34:39.569+0000] {taskinstance.py:3131} INFO - Exporting env vars: AIRFLOW_CTX_DAG_OWNER='***' AIRFLOW_CTX_DAG_ID='dag_cargar_cotizaciones' AIRFLOW_CTX_TASK_ID='rendimiento_actual' AIRFLOW_CTX_EXECUTION_DATE='2024-10-19T00:00:00+00:00' AIRFLOW_CTX_TRY_NUMBER='1' AIRFLOW_CTX_DAG_RUN_ID='scheduled__2024-10-19T00:00:00+00:00'
[2024-10-26T16:34:39.572+0000] {taskinstance.py:731} INFO - ::endgroup::
[2024-10-26T16:34:39.586+0000] {base.py:84} INFO - Retrieving connection 'redshift_conn'
[2024-10-26T16:34:41.967+0000] {logging_mixin.py:190} INFO - Consulta ejecutada exitosamente.
[2024-10-26T16:34:41.969+0000] {python.py:240} INFO - Done. Returned value was: None
[2024-10-26T16:34:41.982+0000] {taskinstance.py:340} INFO - ::group::Post task execution logs
[2024-10-26T16:34:41.983+0000] {taskinstance.py:352} INFO - Marking task as SUCCESS. dag_id=dag_cargar_cotizaciones, task_id=rendimiento_actual, run_id=scheduled__2024-10-19T00:00:00+00:00, execution_date=20241019T000000, start_date=20241026T163439, end_date=20241026T163441
[2024-10-26T16:34:42.026+0000] {local_task_job_runner.py:266} INFO - Task exited with return code 0
[2024-10-26T16:34:42.045+0000] {taskinstance.py:3900} INFO - 0 downstream tasks scheduled from follow-on schedule check
[2024-10-26T16:34:42.046+0000] {local_task_job_runner.py:245} INFO - ::endgroup::
[2024-10-26T16:37:32.323+0000] {local_task_job_runner.py:123} INFO - ::group::Pre task execution logs
[2024-10-26T16:37:32.332+0000] {taskinstance.py:2612} INFO - Dependencies all met for dep_context=non-requeueable deps ti=<TaskInstance: dag_cargar_cotizaciones.rendimiento_actual scheduled__2024-10-19T00:00:00+00:00 [queued]>
[2024-10-26T16:37:32.336+0000] {taskinstance.py:2612} INFO - Dependencies all met for dep_context=requeueable deps ti=<TaskInstance: dag_cargar_cotizaciones.rendimiento_actual scheduled__2024-10-19T00:00:00+00:00 [queued]>
[2024-10-26T16:37:32.337+0000] {taskinstance.py:2865} INFO - Starting attempt 1 of 1
[2024-10-26T16:37:32.343+0000] {taskinstance.py:2888} INFO - Executing <Task(PythonOperator): rendimiento_actual> on 2024-10-19 00:00:00+00:00
[2024-10-26T16:37:32.346+0000] {standard_task_runner.py:72} INFO - Started process 2136 to run task
[2024-10-26T16:37:32.350+0000] {standard_task_runner.py:104} INFO - Running: ['***', 'tasks', 'run', 'dag_cargar_cotizaciones', 'rendimiento_actual', 'scheduled__2024-10-19T00:00:00+00:00', '--job-id', '329', '--raw', '--subdir', 'DAGS_FOLDER/dag_cargar_cotizaciones.py', '--cfg-path', '/tmp/tmp44pg7_zd']
[2024-10-26T16:37:32.352+0000] {standard_task_runner.py:105} INFO - Job 329: Subtask rendimiento_actual
[2024-10-26T16:37:32.383+0000] {task_command.py:467} INFO - Running <TaskInstance: dag_cargar_cotizaciones.rendimiento_actual scheduled__2024-10-19T00:00:00+00:00 [running]> on host 99ce4a540f58
[2024-10-26T16:37:32.427+0000] {taskinstance.py:3131} INFO - Exporting env vars: AIRFLOW_CTX_DAG_OWNER='***' AIRFLOW_CTX_DAG_ID='dag_cargar_cotizaciones' AIRFLOW_CTX_TASK_ID='rendimiento_actual' AIRFLOW_CTX_EXECUTION_DATE='2024-10-19T00:00:00+00:00' AIRFLOW_CTX_TRY_NUMBER='1' AIRFLOW_CTX_DAG_RUN_ID='scheduled__2024-10-19T00:00:00+00:00'
[2024-10-26T16:37:32.428+0000] {taskinstance.py:731} INFO - ::endgroup::
[2024-10-26T16:37:32.440+0000] {base.py:84} INFO - Retrieving connection 'redshift_conn'
[2024-10-26T16:37:34.802+0000] {logging_mixin.py:190} INFO - Consulta ejecutada exitosamente.
[2024-10-26T16:37:34.803+0000] {python.py:240} INFO - Done. Returned value was: None
[2024-10-26T16:37:34.813+0000] {taskinstance.py:340} INFO - ::group::Post task execution logs
[2024-10-26T16:37:34.813+0000] {taskinstance.py:352} INFO - Marking task as SUCCESS. dag_id=dag_cargar_cotizaciones, task_id=rendimiento_actual, run_id=scheduled__2024-10-19T00:00:00+00:00, execution_date=20241019T000000, start_date=20241026T163732, end_date=20241026T163734
[2024-10-26T16:37:34.827+0000] {local_task_job_runner.py:266} INFO - Task exited with return code 0
[2024-10-26T16:37:34.841+0000] {taskinstance.py:3900} INFO - 0 downstream tasks scheduled from follow-on schedule check
[2024-10-26T16:37:34.842+0000] {local_task_job_runner.py:245} INFO - ::endgroup::
[2024-10-26T19:13:34.961+0000] {local_task_job_runner.py:123} INFO - ::group::Pre task execution logs
[2024-10-26T19:13:34.970+0000] {taskinstance.py:2612} INFO - Dependencies all met for dep_context=non-requeueable deps ti=<TaskInstance: dag_cargar_cotizaciones.rendimiento_actual scheduled__2024-10-19T00:00:00+00:00 [queued]>
[2024-10-26T19:13:34.975+0000] {taskinstance.py:2612} INFO - Dependencies all met for dep_context=requeueable deps ti=<TaskInstance: dag_cargar_cotizaciones.rendimiento_actual scheduled__2024-10-19T00:00:00+00:00 [queued]>
[2024-10-26T19:13:34.976+0000] {taskinstance.py:2865} INFO - Starting attempt 1 of 1
[2024-10-26T19:13:34.982+0000] {taskinstance.py:2888} INFO - Executing <Task(PythonOperator): rendimiento_actual> on 2024-10-19 00:00:00+00:00
[2024-10-26T19:13:34.986+0000] {standard_task_runner.py:72} INFO - Started process 1055 to run task
[2024-10-26T19:13:34.989+0000] {standard_task_runner.py:104} INFO - Running: ['***', 'tasks', 'run', 'dag_cargar_cotizaciones', 'rendimiento_actual', 'scheduled__2024-10-19T00:00:00+00:00', '--job-id', '277', '--raw', '--subdir', 'DAGS_FOLDER/dag_cargar_cotizaciones.py', '--cfg-path', '/tmp/tmp105eerjg']
[2024-10-26T19:13:34.991+0000] {standard_task_runner.py:105} INFO - Job 277: Subtask rendimiento_actual
[2024-10-26T19:13:35.066+0000] {task_command.py:467} INFO - Running <TaskInstance: dag_cargar_cotizaciones.rendimiento_actual scheduled__2024-10-19T00:00:00+00:00 [running]> on host 2e7a74dc0e24
[2024-10-26T19:13:35.107+0000] {taskinstance.py:3131} INFO - Exporting env vars: AIRFLOW_CTX_DAG_OWNER='***' AIRFLOW_CTX_DAG_ID='dag_cargar_cotizaciones' AIRFLOW_CTX_TASK_ID='rendimiento_actual' AIRFLOW_CTX_EXECUTION_DATE='2024-10-19T00:00:00+00:00' AIRFLOW_CTX_TRY_NUMBER='1' AIRFLOW_CTX_DAG_RUN_ID='scheduled__2024-10-19T00:00:00+00:00'
[2024-10-26T19:13:35.108+0000] {taskinstance.py:731} INFO - ::endgroup::
[2024-10-26T19:13:35.116+0000] {redshift_operations.py:19} INFO - Estableciendo conexión con Redshift.
[2024-10-26T19:13:35.121+0000] {base.py:84} INFO - Retrieving connection 'redshift_conn'
[2024-10-26T19:13:37.339+0000] {redshift_operations.py:28} INFO - Conexión con Redshift establecida. Ejecutando función.
[2024-10-26T19:13:37.340+0000] {taskinstance.py:3310} ERROR - Task failed with exception
Traceback (most recent call last):
  File "/home/airflow/.local/lib/python3.10/site-packages/airflow/models/taskinstance.py", line 767, in _execute_task
    result = _execute_callable(context=context, **execute_callable_kwargs)
  File "/home/airflow/.local/lib/python3.10/site-packages/airflow/models/taskinstance.py", line 733, in _execute_callable
    return ExecutionCallableRunner(
  File "/home/airflow/.local/lib/python3.10/site-packages/airflow/utils/operator_helpers.py", line 252, in run
    return self.func(*args, **kwargs)
  File "/home/airflow/.local/lib/python3.10/site-packages/airflow/models/baseoperator.py", line 406, in wrapper
    return func(self, *args, **kwargs)
  File "/home/airflow/.local/lib/python3.10/site-packages/airflow/operators/python.py", line 238, in execute
    return_value = self.execute_callable()
  File "/home/airflow/.local/lib/python3.10/site-packages/airflow/operators/python.py", line 256, in execute_callable
    return runner.run(*self.op_args, **self.op_kwargs)
  File "/home/airflow/.local/lib/python3.10/site-packages/airflow/utils/operator_helpers.py", line 252, in run
    return self.func(*args, **kwargs)
  File "/opt/airflow/functions/redshift_operations.py", line 29, in wrapper
    result = func(conn, *args, **kwargs)
TypeError: execute_query() got multiple values for argument 'conn'
[2024-10-26T19:13:37.357+0000] {taskinstance.py:1225} INFO - Marking task as FAILED. dag_id=dag_cargar_cotizaciones, task_id=rendimiento_actual, run_id=scheduled__2024-10-19T00:00:00+00:00, execution_date=20241019T000000, start_date=20241026T191334, end_date=20241026T191337
[2024-10-26T19:13:37.370+0000] {taskinstance.py:340} INFO - ::group::Post task execution logs
[2024-10-26T19:13:37.371+0000] {standard_task_runner.py:124} ERROR - Failed to execute job 277 for task rendimiento_actual (execute_query() got multiple values for argument 'conn'; 1055)
Traceback (most recent call last):
  File "/home/airflow/.local/lib/python3.10/site-packages/airflow/task/task_runner/standard_task_runner.py", line 117, in _start_by_fork
    ret = args.func(args, dag=self.dag)
  File "/home/airflow/.local/lib/python3.10/site-packages/airflow/cli/cli_config.py", line 49, in command
    return func(*args, **kwargs)
  File "/home/airflow/.local/lib/python3.10/site-packages/airflow/utils/cli.py", line 115, in wrapper
    return f(*args, **kwargs)
  File "/home/airflow/.local/lib/python3.10/site-packages/airflow/cli/commands/task_command.py", line 483, in task_run
    task_return_code = _run_task_by_selected_method(args, _dag, ti)
  File "/home/airflow/.local/lib/python3.10/site-packages/airflow/cli/commands/task_command.py", line 256, in _run_task_by_selected_method
    return _run_raw_task(args, ti)
  File "/home/airflow/.local/lib/python3.10/site-packages/airflow/cli/commands/task_command.py", line 341, in _run_raw_task
    return ti._run_raw_task(
  File "/home/airflow/.local/lib/python3.10/site-packages/airflow/utils/session.py", line 97, in wrapper
    return func(*args, session=session, **kwargs)
  File "/home/airflow/.local/lib/python3.10/site-packages/airflow/models/taskinstance.py", line 3004, in _run_raw_task
    return _run_raw_task(
  File "/home/airflow/.local/lib/python3.10/site-packages/airflow/models/taskinstance.py", line 273, in _run_raw_task
    TaskInstance._execute_task_with_callbacks(
  File "/home/airflow/.local/lib/python3.10/site-packages/airflow/models/taskinstance.py", line 3158, in _execute_task_with_callbacks
    result = self._execute_task(context, task_orig)
  File "/home/airflow/.local/lib/python3.10/site-packages/airflow/models/taskinstance.py", line 3182, in _execute_task
    return _execute_task(self, context, task_orig)
  File "/home/airflow/.local/lib/python3.10/site-packages/airflow/models/taskinstance.py", line 767, in _execute_task
    result = _execute_callable(context=context, **execute_callable_kwargs)
  File "/home/airflow/.local/lib/python3.10/site-packages/airflow/models/taskinstance.py", line 733, in _execute_callable
    return ExecutionCallableRunner(
  File "/home/airflow/.local/lib/python3.10/site-packages/airflow/utils/operator_helpers.py", line 252, in run
    return self.func(*args, **kwargs)
  File "/home/airflow/.local/lib/python3.10/site-packages/airflow/models/baseoperator.py", line 406, in wrapper
    return func(self, *args, **kwargs)
  File "/home/airflow/.local/lib/python3.10/site-packages/airflow/operators/python.py", line 238, in execute
    return_value = self.execute_callable()
  File "/home/airflow/.local/lib/python3.10/site-packages/airflow/operators/python.py", line 256, in execute_callable
    return runner.run(*self.op_args, **self.op_kwargs)
  File "/home/airflow/.local/lib/python3.10/site-packages/airflow/utils/operator_helpers.py", line 252, in run
    return self.func(*args, **kwargs)
  File "/opt/airflow/functions/redshift_operations.py", line 29, in wrapper
    result = func(conn, *args, **kwargs)
TypeError: execute_query() got multiple values for argument 'conn'
[2024-10-26T19:13:37.409+0000] {local_task_job_runner.py:266} INFO - Task exited with return code 1
[2024-10-26T19:13:37.423+0000] {taskinstance.py:3900} INFO - 0 downstream tasks scheduled from follow-on schedule check
[2024-10-26T19:13:37.424+0000] {local_task_job_runner.py:245} INFO - ::endgroup::
[2024-10-26T19:17:17.255+0000] {local_task_job_runner.py:123} INFO - ::group::Pre task execution logs
[2024-10-26T19:17:17.262+0000] {taskinstance.py:2612} INFO - Dependencies all met for dep_context=non-requeueable deps ti=<TaskInstance: dag_cargar_cotizaciones.rendimiento_actual scheduled__2024-10-19T00:00:00+00:00 [queued]>
[2024-10-26T19:17:17.266+0000] {taskinstance.py:2612} INFO - Dependencies all met for dep_context=requeueable deps ti=<TaskInstance: dag_cargar_cotizaciones.rendimiento_actual scheduled__2024-10-19T00:00:00+00:00 [queued]>
[2024-10-26T19:17:17.267+0000] {taskinstance.py:2865} INFO - Starting attempt 1 of 1
[2024-10-26T19:17:17.276+0000] {taskinstance.py:2888} INFO - Executing <Task(PythonOperator): rendimiento_actual> on 2024-10-19 00:00:00+00:00
[2024-10-26T19:17:17.281+0000] {standard_task_runner.py:72} INFO - Started process 1042 to run task
[2024-10-26T19:17:17.284+0000] {standard_task_runner.py:104} INFO - Running: ['***', 'tasks', 'run', 'dag_cargar_cotizaciones', 'rendimiento_actual', 'scheduled__2024-10-19T00:00:00+00:00', '--job-id', '444', '--raw', '--subdir', 'DAGS_FOLDER/dag_cargar_cotizaciones.py', '--cfg-path', '/tmp/tmpmsyqt2fk']
[2024-10-26T19:17:17.287+0000] {standard_task_runner.py:105} INFO - Job 444: Subtask rendimiento_actual
[2024-10-26T19:17:17.315+0000] {task_command.py:467} INFO - Running <TaskInstance: dag_cargar_cotizaciones.rendimiento_actual scheduled__2024-10-19T00:00:00+00:00 [running]> on host 3ba590fe69c6
[2024-10-26T19:17:17.356+0000] {taskinstance.py:3131} INFO - Exporting env vars: AIRFLOW_CTX_DAG_OWNER='***' AIRFLOW_CTX_DAG_ID='dag_cargar_cotizaciones' AIRFLOW_CTX_TASK_ID='rendimiento_actual' AIRFLOW_CTX_EXECUTION_DATE='2024-10-19T00:00:00+00:00' AIRFLOW_CTX_TRY_NUMBER='1' AIRFLOW_CTX_DAG_RUN_ID='scheduled__2024-10-19T00:00:00+00:00'
[2024-10-26T19:17:17.357+0000] {taskinstance.py:731} INFO - ::endgroup::
[2024-10-26T19:17:17.364+0000] {redshift_operations.py:56} INFO - Iniciando ejecución de la consulta en Redshift.
[2024-10-26T19:17:17.369+0000] {base.py:84} INFO - Retrieving connection 'redshift_conn'
[2024-10-26T19:17:19.674+0000] {redshift_operations.py:98} INFO - Ejecutando consulta SQL en Redshift.
[2024-10-26T19:17:21.112+0000] {redshift_operations.py:106} INFO - Consulta ejecutada y conexión cerrada exitosamente.
[2024-10-26T19:17:21.122+0000] {python.py:240} INFO - Done. Returned value was: None
[2024-10-26T19:17:21.148+0000] {taskinstance.py:340} INFO - ::group::Post task execution logs
[2024-10-26T19:17:21.151+0000] {taskinstance.py:352} INFO - Marking task as SUCCESS. dag_id=dag_cargar_cotizaciones, task_id=rendimiento_actual, run_id=scheduled__2024-10-19T00:00:00+00:00, execution_date=20241019T000000, start_date=20241026T191717, end_date=20241026T191721
[2024-10-26T19:17:21.230+0000] {local_task_job_runner.py:266} INFO - Task exited with return code 0
[2024-10-26T19:17:21.285+0000] {taskinstance.py:3900} INFO - 0 downstream tasks scheduled from follow-on schedule check
[2024-10-26T19:17:21.290+0000] {local_task_job_runner.py:245} INFO - ::endgroup::
