[2024-10-26T16:34:19.075+0000] {local_task_job_runner.py:123} INFO - ::group::Pre task execution logs
[2024-10-26T16:34:19.097+0000] {taskinstance.py:2612} INFO - Dependencies all met for dep_context=non-requeueable deps ti=<TaskInstance: dag_cargar_cotizaciones.ccl_to_redshift scheduled__2024-10-17T00:00:00+00:00 [queued]>
[2024-10-26T16:34:19.108+0000] {taskinstance.py:2612} INFO - Dependencies all met for dep_context=requeueable deps ti=<TaskInstance: dag_cargar_cotizaciones.ccl_to_redshift scheduled__2024-10-17T00:00:00+00:00 [queued]>
[2024-10-26T16:34:19.113+0000] {taskinstance.py:2865} INFO - Starting attempt 1 of 1
[2024-10-26T16:34:19.133+0000] {taskinstance.py:2888} INFO - Executing <Task(PythonOperator): ccl_to_redshift> on 2024-10-17 00:00:00+00:00
[2024-10-26T16:34:19.138+0000] {standard_task_runner.py:72} INFO - Started process 890 to run task
[2024-10-26T16:34:19.143+0000] {standard_task_runner.py:104} INFO - Running: ['***', 'tasks', 'run', 'dag_cargar_cotizaciones', 'ccl_to_redshift', 'scheduled__2024-10-17T00:00:00+00:00', '--job-id', '125', '--raw', '--subdir', 'DAGS_FOLDER/dag_cargar_cotizaciones.py', '--cfg-path', '/tmp/tmp9u6ilj6z']
[2024-10-26T16:34:19.147+0000] {standard_task_runner.py:105} INFO - Job 125: Subtask ccl_to_redshift
[2024-10-26T16:34:19.215+0000] {task_command.py:467} INFO - Running <TaskInstance: dag_cargar_cotizaciones.ccl_to_redshift scheduled__2024-10-17T00:00:00+00:00 [running]> on host 99ce4a540f58
[2024-10-26T16:34:19.342+0000] {taskinstance.py:3131} INFO - Exporting env vars: AIRFLOW_CTX_DAG_OWNER='***' AIRFLOW_CTX_DAG_ID='dag_cargar_cotizaciones' AIRFLOW_CTX_TASK_ID='ccl_to_redshift' AIRFLOW_CTX_EXECUTION_DATE='2024-10-17T00:00:00+00:00' AIRFLOW_CTX_TRY_NUMBER='1' AIRFLOW_CTX_DAG_RUN_ID='scheduled__2024-10-17T00:00:00+00:00'
[2024-10-26T16:34:19.346+0000] {taskinstance.py:731} INFO - ::endgroup::
[2024-10-26T16:34:19.802+0000] {base.py:84} INFO - Retrieving connection 'redshift_conn'
[2024-10-26T16:34:22.271+0000] {python.py:240} INFO - Done. Returned value was: None
[2024-10-26T16:34:22.337+0000] {taskinstance.py:340} INFO - ::group::Post task execution logs
[2024-10-26T16:34:22.344+0000] {taskinstance.py:352} INFO - Marking task as SUCCESS. dag_id=dag_cargar_cotizaciones, task_id=ccl_to_redshift, run_id=scheduled__2024-10-17T00:00:00+00:00, execution_date=20241017T000000, start_date=20241026T163419, end_date=20241026T163422
[2024-10-26T16:34:22.390+0000] {local_task_job_runner.py:266} INFO - Task exited with return code 0
[2024-10-26T16:34:22.500+0000] {taskinstance.py:3900} INFO - 1 downstream tasks scheduled from follow-on schedule check
[2024-10-26T16:34:22.506+0000] {local_task_job_runner.py:245} INFO - ::endgroup::
[2024-10-26T16:37:18.436+0000] {local_task_job_runner.py:123} INFO - ::group::Pre task execution logs
[2024-10-26T16:37:18.534+0000] {taskinstance.py:2612} INFO - Dependencies all met for dep_context=non-requeueable deps ti=<TaskInstance: dag_cargar_cotizaciones.ccl_to_redshift scheduled__2024-10-17T00:00:00+00:00 [queued]>
[2024-10-26T16:37:18.592+0000] {taskinstance.py:2612} INFO - Dependencies all met for dep_context=requeueable deps ti=<TaskInstance: dag_cargar_cotizaciones.ccl_to_redshift scheduled__2024-10-17T00:00:00+00:00 [queued]>
[2024-10-26T16:37:18.596+0000] {taskinstance.py:2865} INFO - Starting attempt 1 of 1
[2024-10-26T16:37:18.623+0000] {taskinstance.py:2888} INFO - Executing <Task(PythonOperator): ccl_to_redshift> on 2024-10-17 00:00:00+00:00
[2024-10-26T16:37:18.648+0000] {standard_task_runner.py:72} INFO - Started process 1970 to run task
[2024-10-26T16:37:18.663+0000] {standard_task_runner.py:104} INFO - Running: ['***', 'tasks', 'run', 'dag_cargar_cotizaciones', 'ccl_to_redshift', 'scheduled__2024-10-17T00:00:00+00:00', '--job-id', '299', '--raw', '--subdir', 'DAGS_FOLDER/dag_cargar_cotizaciones.py', '--cfg-path', '/tmp/tmpdbg_bbm0']
[2024-10-26T16:37:18.684+0000] {standard_task_runner.py:105} INFO - Job 299: Subtask ccl_to_redshift
[2024-10-26T16:37:18.892+0000] {task_command.py:467} INFO - Running <TaskInstance: dag_cargar_cotizaciones.ccl_to_redshift scheduled__2024-10-17T00:00:00+00:00 [running]> on host 99ce4a540f58
[2024-10-26T16:37:19.161+0000] {taskinstance.py:3131} INFO - Exporting env vars: AIRFLOW_CTX_DAG_OWNER='***' AIRFLOW_CTX_DAG_ID='dag_cargar_cotizaciones' AIRFLOW_CTX_TASK_ID='ccl_to_redshift' AIRFLOW_CTX_EXECUTION_DATE='2024-10-17T00:00:00+00:00' AIRFLOW_CTX_TRY_NUMBER='1' AIRFLOW_CTX_DAG_RUN_ID='scheduled__2024-10-17T00:00:00+00:00'
[2024-10-26T16:37:19.172+0000] {taskinstance.py:731} INFO - ::endgroup::
[2024-10-26T16:37:20.123+0000] {base.py:84} INFO - Retrieving connection 'redshift_conn'
[2024-10-26T16:37:22.338+0000] {python.py:240} INFO - Done. Returned value was: None
[2024-10-26T16:37:22.395+0000] {taskinstance.py:340} INFO - ::group::Post task execution logs
[2024-10-26T16:37:22.398+0000] {taskinstance.py:352} INFO - Marking task as SUCCESS. dag_id=dag_cargar_cotizaciones, task_id=ccl_to_redshift, run_id=scheduled__2024-10-17T00:00:00+00:00, execution_date=20241017T000000, start_date=20241026T163718, end_date=20241026T163722
[2024-10-26T16:37:22.472+0000] {local_task_job_runner.py:266} INFO - Task exited with return code 0
[2024-10-26T16:37:22.521+0000] {taskinstance.py:3900} INFO - 0 downstream tasks scheduled from follow-on schedule check
[2024-10-26T16:37:22.522+0000] {local_task_job_runner.py:245} INFO - ::endgroup::
[2024-10-26T18:55:58.743+0000] {local_task_job_runner.py:123} INFO - ::group::Pre task execution logs
[2024-10-26T18:55:58.774+0000] {taskinstance.py:2612} INFO - Dependencies all met for dep_context=non-requeueable deps ti=<TaskInstance: dag_cargar_cotizaciones.ccl_to_redshift scheduled__2024-10-17T00:00:00+00:00 [queued]>
[2024-10-26T18:55:58.803+0000] {taskinstance.py:2612} INFO - Dependencies all met for dep_context=requeueable deps ti=<TaskInstance: dag_cargar_cotizaciones.ccl_to_redshift scheduled__2024-10-17T00:00:00+00:00 [queued]>
[2024-10-26T18:55:58.808+0000] {taskinstance.py:2865} INFO - Starting attempt 1 of 1
[2024-10-26T18:55:58.912+0000] {taskinstance.py:2888} INFO - Executing <Task(PythonOperator): ccl_to_redshift> on 2024-10-17 00:00:00+00:00
[2024-10-26T18:55:58.919+0000] {standard_task_runner.py:72} INFO - Started process 489 to run task
[2024-10-26T18:55:58.927+0000] {standard_task_runner.py:104} INFO - Running: ['***', 'tasks', 'run', 'dag_cargar_cotizaciones', 'ccl_to_redshift', 'scheduled__2024-10-17T00:00:00+00:00', '--job-id', '100', '--raw', '--subdir', 'DAGS_FOLDER/dag_cargar_cotizaciones.py', '--cfg-path', '/tmp/tmp3jwcbif0']
[2024-10-26T18:55:58.932+0000] {standard_task_runner.py:105} INFO - Job 100: Subtask ccl_to_redshift
[2024-10-26T18:55:59.023+0000] {task_command.py:467} INFO - Running <TaskInstance: dag_cargar_cotizaciones.ccl_to_redshift scheduled__2024-10-17T00:00:00+00:00 [running]> on host 0c643dd08f0d
[2024-10-26T18:55:59.089+0000] {taskinstance.py:3131} INFO - Exporting env vars: AIRFLOW_CTX_DAG_OWNER='***' AIRFLOW_CTX_DAG_ID='dag_cargar_cotizaciones' AIRFLOW_CTX_TASK_ID='ccl_to_redshift' AIRFLOW_CTX_EXECUTION_DATE='2024-10-17T00:00:00+00:00' AIRFLOW_CTX_TRY_NUMBER='1' AIRFLOW_CTX_DAG_RUN_ID='scheduled__2024-10-17T00:00:00+00:00'
[2024-10-26T18:55:59.091+0000] {taskinstance.py:731} INFO - ::endgroup::
[2024-10-26T18:55:59.647+0000] {redshift_operations.py:19} INFO - Estableciendo conexión con Redshift.
[2024-10-26T18:55:59.655+0000] {base.py:84} INFO - Retrieving connection 'redshift_conn'
[2024-10-26T18:56:02.033+0000] {redshift_operations.py:28} INFO - Conexión con Redshift establecida. Ejecutando función.
[2024-10-26T18:56:02.034+0000] {redshift_operations.py:45} INFO - Iniciando carga de datos en Redshift.
[2024-10-26T18:56:03.023+0000] {redshift_operations.py:53} INFO - Carga de datos completada exitosamente.
[2024-10-26T18:56:03.024+0000] {redshift_operations.py:31} INFO - Conexión con Redshift cerrada.
[2024-10-26T18:56:03.025+0000] {python.py:240} INFO - Done. Returned value was: None
[2024-10-26T18:56:03.035+0000] {taskinstance.py:340} INFO - ::group::Post task execution logs
[2024-10-26T18:56:03.035+0000] {taskinstance.py:352} INFO - Marking task as SUCCESS. dag_id=dag_cargar_cotizaciones, task_id=ccl_to_redshift, run_id=scheduled__2024-10-17T00:00:00+00:00, execution_date=20241017T000000, start_date=20241026T185558, end_date=20241026T185603
[2024-10-26T18:56:03.061+0000] {local_task_job_runner.py:266} INFO - Task exited with return code 0
[2024-10-26T18:56:03.079+0000] {taskinstance.py:3900} INFO - 0 downstream tasks scheduled from follow-on schedule check
[2024-10-26T18:56:03.080+0000] {local_task_job_runner.py:245} INFO - ::endgroup::
[2024-10-26T19:04:04.238+0000] {local_task_job_runner.py:123} INFO - ::group::Pre task execution logs
[2024-10-26T19:04:04.265+0000] {taskinstance.py:2612} INFO - Dependencies all met for dep_context=non-requeueable deps ti=<TaskInstance: dag_cargar_cotizaciones.ccl_to_redshift scheduled__2024-10-17T00:00:00+00:00 [queued]>
[2024-10-26T19:04:04.281+0000] {taskinstance.py:2612} INFO - Dependencies all met for dep_context=requeueable deps ti=<TaskInstance: dag_cargar_cotizaciones.ccl_to_redshift scheduled__2024-10-17T00:00:00+00:00 [queued]>
[2024-10-26T19:04:04.285+0000] {taskinstance.py:2865} INFO - Starting attempt 1 of 1
[2024-10-26T19:04:04.323+0000] {taskinstance.py:2888} INFO - Executing <Task(PythonOperator): ccl_to_redshift> on 2024-10-17 00:00:00+00:00
[2024-10-26T19:04:04.360+0000] {standard_task_runner.py:104} INFO - Running: ['***', 'tasks', 'run', 'dag_cargar_cotizaciones', 'ccl_to_redshift', 'scheduled__2024-10-17T00:00:00+00:00', '--job-id', '213', '--raw', '--subdir', 'DAGS_FOLDER/dag_cargar_cotizaciones.py', '--cfg-path', '/tmp/tmprxlqwwyz']
[2024-10-26T19:04:04.364+0000] {standard_task_runner.py:72} INFO - Started process 478 to run task
[2024-10-26T19:04:04.367+0000] {standard_task_runner.py:105} INFO - Job 213: Subtask ccl_to_redshift
[2024-10-26T19:04:04.485+0000] {task_command.py:467} INFO - Running <TaskInstance: dag_cargar_cotizaciones.ccl_to_redshift scheduled__2024-10-17T00:00:00+00:00 [running]> on host 22d081b4f909
[2024-10-26T19:04:04.634+0000] {taskinstance.py:3131} INFO - Exporting env vars: AIRFLOW_CTX_DAG_OWNER='***' AIRFLOW_CTX_DAG_ID='dag_cargar_cotizaciones' AIRFLOW_CTX_TASK_ID='ccl_to_redshift' AIRFLOW_CTX_EXECUTION_DATE='2024-10-17T00:00:00+00:00' AIRFLOW_CTX_TRY_NUMBER='1' AIRFLOW_CTX_DAG_RUN_ID='scheduled__2024-10-17T00:00:00+00:00'
[2024-10-26T19:04:04.638+0000] {taskinstance.py:731} INFO - ::endgroup::
[2024-10-26T19:04:05.081+0000] {redshift_operations.py:19} INFO - Estableciendo conexión con Redshift.
[2024-10-26T19:04:05.103+0000] {base.py:84} INFO - Retrieving connection 'redshift_conn'
[2024-10-26T19:04:07.190+0000] {redshift_operations.py:28} INFO - Conexión con Redshift establecida. Ejecutando función.
[2024-10-26T19:04:07.192+0000] {redshift_operations.py:45} INFO - Iniciando carga de datos en Redshift.
[2024-10-26T19:04:08.185+0000] {redshift_operations.py:53} INFO - Carga de datos completada exitosamente.
[2024-10-26T19:04:08.189+0000] {redshift_operations.py:31} INFO - Conexión con Redshift cerrada.
[2024-10-26T19:04:08.191+0000] {python.py:240} INFO - Done. Returned value was: None
[2024-10-26T19:04:08.217+0000] {taskinstance.py:340} INFO - ::group::Post task execution logs
[2024-10-26T19:04:08.218+0000] {taskinstance.py:352} INFO - Marking task as SUCCESS. dag_id=dag_cargar_cotizaciones, task_id=ccl_to_redshift, run_id=scheduled__2024-10-17T00:00:00+00:00, execution_date=20241017T000000, start_date=20241026T190404, end_date=20241026T190408
[2024-10-26T19:04:08.243+0000] {local_task_job_runner.py:266} INFO - Task exited with return code 0
[2024-10-26T19:04:08.266+0000] {taskinstance.py:3900} INFO - 0 downstream tasks scheduled from follow-on schedule check
[2024-10-26T19:04:08.267+0000] {local_task_job_runner.py:245} INFO - ::endgroup::
[2024-10-26T19:09:16.528+0000] {local_task_job_runner.py:123} INFO - ::group::Pre task execution logs
[2024-10-26T19:09:16.548+0000] {taskinstance.py:2612} INFO - Dependencies all met for dep_context=non-requeueable deps ti=<TaskInstance: dag_cargar_cotizaciones.ccl_to_redshift scheduled__2024-10-17T00:00:00+00:00 [queued]>
[2024-10-26T19:09:16.567+0000] {taskinstance.py:2612} INFO - Dependencies all met for dep_context=requeueable deps ti=<TaskInstance: dag_cargar_cotizaciones.ccl_to_redshift scheduled__2024-10-17T00:00:00+00:00 [queued]>
[2024-10-26T19:09:16.568+0000] {taskinstance.py:2865} INFO - Starting attempt 1 of 1
[2024-10-26T19:09:16.586+0000] {taskinstance.py:2888} INFO - Executing <Task(PythonOperator): ccl_to_redshift> on 2024-10-17 00:00:00+00:00
[2024-10-26T19:09:16.596+0000] {standard_task_runner.py:72} INFO - Started process 465 to run task
[2024-10-26T19:09:16.600+0000] {standard_task_runner.py:104} INFO - Running: ['***', 'tasks', 'run', 'dag_cargar_cotizaciones', 'ccl_to_redshift', 'scheduled__2024-10-17T00:00:00+00:00', '--job-id', '98', '--raw', '--subdir', 'DAGS_FOLDER/dag_cargar_cotizaciones.py', '--cfg-path', '/tmp/tmpfekb436f']
[2024-10-26T19:09:16.603+0000] {standard_task_runner.py:105} INFO - Job 98: Subtask ccl_to_redshift
[2024-10-26T19:09:16.646+0000] {task_command.py:467} INFO - Running <TaskInstance: dag_cargar_cotizaciones.ccl_to_redshift scheduled__2024-10-17T00:00:00+00:00 [running]> on host f4cb477e9eef
[2024-10-26T19:09:16.706+0000] {taskinstance.py:3131} INFO - Exporting env vars: AIRFLOW_CTX_DAG_OWNER='***' AIRFLOW_CTX_DAG_ID='dag_cargar_cotizaciones' AIRFLOW_CTX_TASK_ID='ccl_to_redshift' AIRFLOW_CTX_EXECUTION_DATE='2024-10-17T00:00:00+00:00' AIRFLOW_CTX_TRY_NUMBER='1' AIRFLOW_CTX_DAG_RUN_ID='scheduled__2024-10-17T00:00:00+00:00'
[2024-10-26T19:09:16.708+0000] {taskinstance.py:731} INFO - ::endgroup::
[2024-10-26T19:09:17.165+0000] {redshift_operations.py:19} INFO - Estableciendo conexión con Redshift.
[2024-10-26T19:09:17.184+0000] {base.py:84} INFO - Retrieving connection 'redshift_conn'
[2024-10-26T19:09:19.278+0000] {redshift_operations.py:28} INFO - Conexión con Redshift establecida. Ejecutando función.
[2024-10-26T19:09:19.280+0000] {redshift_operations.py:45} INFO - Iniciando carga de datos en Redshift.
[2024-10-26T19:09:20.156+0000] {redshift_operations.py:53} INFO - Carga de datos completada exitosamente.
[2024-10-26T19:09:20.157+0000] {redshift_operations.py:31} INFO - Conexión con Redshift cerrada.
[2024-10-26T19:09:20.158+0000] {python.py:240} INFO - Done. Returned value was: None
[2024-10-26T19:09:20.175+0000] {taskinstance.py:340} INFO - ::group::Post task execution logs
[2024-10-26T19:09:20.176+0000] {taskinstance.py:352} INFO - Marking task as SUCCESS. dag_id=dag_cargar_cotizaciones, task_id=ccl_to_redshift, run_id=scheduled__2024-10-17T00:00:00+00:00, execution_date=20241017T000000, start_date=20241026T190916, end_date=20241026T190920
[2024-10-26T19:09:20.221+0000] {local_task_job_runner.py:266} INFO - Task exited with return code 0
[2024-10-26T19:09:20.241+0000] {taskinstance.py:3900} INFO - 0 downstream tasks scheduled from follow-on schedule check
[2024-10-26T19:09:20.242+0000] {local_task_job_runner.py:245} INFO - ::endgroup::
[2024-10-26T19:13:19.983+0000] {local_task_job_runner.py:123} INFO - ::group::Pre task execution logs
[2024-10-26T19:13:20.037+0000] {taskinstance.py:2612} INFO - Dependencies all met for dep_context=non-requeueable deps ti=<TaskInstance: dag_cargar_cotizaciones.ccl_to_redshift scheduled__2024-10-17T00:00:00+00:00 [queued]>
[2024-10-26T19:13:20.090+0000] {taskinstance.py:2612} INFO - Dependencies all met for dep_context=requeueable deps ti=<TaskInstance: dag_cargar_cotizaciones.ccl_to_redshift scheduled__2024-10-17T00:00:00+00:00 [queued]>
[2024-10-26T19:13:20.091+0000] {taskinstance.py:2865} INFO - Starting attempt 1 of 1
[2024-10-26T19:13:20.117+0000] {taskinstance.py:2888} INFO - Executing <Task(PythonOperator): ccl_to_redshift> on 2024-10-17 00:00:00+00:00
[2024-10-26T19:13:20.143+0000] {standard_task_runner.py:104} INFO - Running: ['***', 'tasks', 'run', 'dag_cargar_cotizaciones', 'ccl_to_redshift', 'scheduled__2024-10-17T00:00:00+00:00', '--job-id', '244', '--raw', '--subdir', 'DAGS_FOLDER/dag_cargar_cotizaciones.py', '--cfg-path', '/tmp/tmpic404giw']
[2024-10-26T19:13:20.153+0000] {standard_task_runner.py:105} INFO - Job 244: Subtask ccl_to_redshift
[2024-10-26T19:13:20.134+0000] {standard_task_runner.py:72} INFO - Started process 873 to run task
[2024-10-26T19:13:20.301+0000] {task_command.py:467} INFO - Running <TaskInstance: dag_cargar_cotizaciones.ccl_to_redshift scheduled__2024-10-17T00:00:00+00:00 [running]> on host 2e7a74dc0e24
[2024-10-26T19:13:20.515+0000] {taskinstance.py:3131} INFO - Exporting env vars: AIRFLOW_CTX_DAG_OWNER='***' AIRFLOW_CTX_DAG_ID='dag_cargar_cotizaciones' AIRFLOW_CTX_TASK_ID='ccl_to_redshift' AIRFLOW_CTX_EXECUTION_DATE='2024-10-17T00:00:00+00:00' AIRFLOW_CTX_TRY_NUMBER='1' AIRFLOW_CTX_DAG_RUN_ID='scheduled__2024-10-17T00:00:00+00:00'
[2024-10-26T19:13:20.534+0000] {taskinstance.py:731} INFO - ::endgroup::
[2024-10-26T19:13:21.227+0000] {redshift_operations.py:19} INFO - Estableciendo conexión con Redshift.
[2024-10-26T19:13:21.436+0000] {base.py:84} INFO - Retrieving connection 'redshift_conn'
[2024-10-26T19:13:22.911+0000] {redshift_operations.py:28} INFO - Conexión con Redshift establecida. Ejecutando función.
[2024-10-26T19:13:22.918+0000] {redshift_operations.py:45} INFO - Iniciando carga de datos en Redshift.
[2024-10-26T19:13:23.639+0000] {redshift_operations.py:53} INFO - Carga de datos completada exitosamente.
[2024-10-26T19:13:23.641+0000] {redshift_operations.py:31} INFO - Conexión con Redshift cerrada.
[2024-10-26T19:13:23.645+0000] {python.py:240} INFO - Done. Returned value was: None
[2024-10-26T19:13:23.681+0000] {taskinstance.py:340} INFO - ::group::Post task execution logs
[2024-10-26T19:13:23.683+0000] {taskinstance.py:352} INFO - Marking task as SUCCESS. dag_id=dag_cargar_cotizaciones, task_id=ccl_to_redshift, run_id=scheduled__2024-10-17T00:00:00+00:00, execution_date=20241017T000000, start_date=20241026T191320, end_date=20241026T191323
[2024-10-26T19:13:23.768+0000] {local_task_job_runner.py:266} INFO - Task exited with return code 0
[2024-10-26T19:13:23.838+0000] {taskinstance.py:3900} INFO - 0 downstream tasks scheduled from follow-on schedule check
[2024-10-26T19:13:23.844+0000] {local_task_job_runner.py:245} INFO - ::endgroup::
[2024-10-26T19:17:02.566+0000] {local_task_job_runner.py:123} INFO - ::group::Pre task execution logs
[2024-10-26T19:17:02.584+0000] {taskinstance.py:2612} INFO - Dependencies all met for dep_context=non-requeueable deps ti=<TaskInstance: dag_cargar_cotizaciones.ccl_to_redshift scheduled__2024-10-17T00:00:00+00:00 [queued]>
[2024-10-26T19:17:02.607+0000] {taskinstance.py:2612} INFO - Dependencies all met for dep_context=requeueable deps ti=<TaskInstance: dag_cargar_cotizaciones.ccl_to_redshift scheduled__2024-10-17T00:00:00+00:00 [queued]>
[2024-10-26T19:17:02.609+0000] {taskinstance.py:2865} INFO - Starting attempt 1 of 1
[2024-10-26T19:17:02.625+0000] {taskinstance.py:2888} INFO - Executing <Task(PythonOperator): ccl_to_redshift> on 2024-10-17 00:00:00+00:00
[2024-10-26T19:17:02.639+0000] {standard_task_runner.py:72} INFO - Started process 862 to run task
[2024-10-26T19:17:02.656+0000] {standard_task_runner.py:104} INFO - Running: ['***', 'tasks', 'run', 'dag_cargar_cotizaciones', 'ccl_to_redshift', 'scheduled__2024-10-17T00:00:00+00:00', '--job-id', '410', '--raw', '--subdir', 'DAGS_FOLDER/dag_cargar_cotizaciones.py', '--cfg-path', '/tmp/tmplnylfish']
[2024-10-26T19:17:02.661+0000] {standard_task_runner.py:105} INFO - Job 410: Subtask ccl_to_redshift
[2024-10-26T19:17:02.755+0000] {task_command.py:467} INFO - Running <TaskInstance: dag_cargar_cotizaciones.ccl_to_redshift scheduled__2024-10-17T00:00:00+00:00 [running]> on host 3ba590fe69c6
[2024-10-26T19:17:03.007+0000] {taskinstance.py:3131} INFO - Exporting env vars: AIRFLOW_CTX_DAG_OWNER='***' AIRFLOW_CTX_DAG_ID='dag_cargar_cotizaciones' AIRFLOW_CTX_TASK_ID='ccl_to_redshift' AIRFLOW_CTX_EXECUTION_DATE='2024-10-17T00:00:00+00:00' AIRFLOW_CTX_TRY_NUMBER='1' AIRFLOW_CTX_DAG_RUN_ID='scheduled__2024-10-17T00:00:00+00:00'
[2024-10-26T19:17:03.028+0000] {taskinstance.py:731} INFO - ::endgroup::
[2024-10-26T19:17:03.571+0000] {redshift_operations.py:19} INFO - Estableciendo conexión con Redshift.
[2024-10-26T19:17:03.592+0000] {base.py:84} INFO - Retrieving connection 'redshift_conn'
[2024-10-26T19:17:05.783+0000] {redshift_operations.py:28} INFO - Conexión con Redshift establecida. Ejecutando función.
[2024-10-26T19:17:05.784+0000] {redshift_operations.py:45} INFO - Iniciando carga de datos en Redshift.
[2024-10-26T19:17:07.007+0000] {redshift_operations.py:53} INFO - Carga de datos completada exitosamente.
[2024-10-26T19:17:07.009+0000] {redshift_operations.py:31} INFO - Conexión con Redshift cerrada.
[2024-10-26T19:17:07.010+0000] {python.py:240} INFO - Done. Returned value was: None
[2024-10-26T19:17:07.029+0000] {taskinstance.py:340} INFO - ::group::Post task execution logs
[2024-10-26T19:17:07.032+0000] {taskinstance.py:352} INFO - Marking task as SUCCESS. dag_id=dag_cargar_cotizaciones, task_id=ccl_to_redshift, run_id=scheduled__2024-10-17T00:00:00+00:00, execution_date=20241017T000000, start_date=20241026T191702, end_date=20241026T191707
[2024-10-26T19:17:07.104+0000] {local_task_job_runner.py:266} INFO - Task exited with return code 0
[2024-10-26T19:17:07.141+0000] {taskinstance.py:3900} INFO - 0 downstream tasks scheduled from follow-on schedule check
[2024-10-26T19:17:07.157+0000] {local_task_job_runner.py:245} INFO - ::endgroup::
