[2024-10-14T17:31:08.821+0000] {local_task_job_runner.py:123} INFO - ::group::Pre task execution logs
[2024-10-14T17:31:13.465+0000] {taskinstance.py:2612} INFO - Dependencies all met for dep_context=non-requeueable deps ti=<TaskInstance: dag_ccl.ccl_to_redshift scheduled__2024-09-12T00:00:00+00:00 [queued]>
[2024-10-14T17:31:13.976+0000] {taskinstance.py:2612} INFO - Dependencies all met for dep_context=requeueable deps ti=<TaskInstance: dag_ccl.ccl_to_redshift scheduled__2024-09-12T00:00:00+00:00 [queued]>
[2024-10-14T17:31:13.998+0000] {taskinstance.py:2865} INFO - Starting attempt 1 of 2
[2024-10-14T17:31:29.113+0000] {taskinstance.py:2888} INFO - Executing <Task(PythonOperator): ccl_to_redshift> on 2024-09-12 00:00:00+00:00
[2024-10-14T17:31:39.298+0000] {warnings.py:112} WARNING - /home/***/.local/lib/python3.12/site-packages/***/task/task_runner/standard_task_runner.py:70: DeprecationWarning: This process (pid=19103) is multi-threaded, use of fork() may lead to deadlocks in the child.
  pid = os.fork()

[2024-10-14T17:31:39.437+0000] {standard_task_runner.py:72} INFO - Started process 19153 to run task
[2024-10-14T17:31:39.615+0000] {standard_task_runner.py:104} INFO - Running: ['***', 'tasks', 'run', 'dag_ccl', 'ccl_to_redshift', 'scheduled__2024-09-12T00:00:00+00:00', '--job-id', '298', '--raw', '--subdir', 'DAGS_FOLDER/dag_ccl.py', '--cfg-path', '/tmp/tmpv2q1vkkf']
[2024-10-14T17:31:41.021+0000] {standard_task_runner.py:105} INFO - Job 298: Subtask ccl_to_redshift
[2024-10-14T17:31:50.928+0000] {job.py:229} INFO - Heartbeat recovered after 55.93 seconds
[2024-10-14T17:31:57.914+0000] {task_command.py:467} INFO - Running <TaskInstance: dag_ccl.ccl_to_redshift scheduled__2024-09-12T00:00:00+00:00 [running]> on host f03003374728
[2024-10-14T17:32:01.343+0000] {job.py:229} INFO - Heartbeat recovered after 11.13 seconds
[2024-10-14T17:32:14.097+0000] {job.py:229} INFO - Heartbeat recovered after 12.93 seconds
[2024-10-14T17:32:27.889+0000] {job.py:229} INFO - Heartbeat recovered after 14.60 seconds
[2024-10-14T17:32:43.775+0000] {job.py:229} INFO - Heartbeat recovered after 18.18 seconds
[2024-10-14T17:33:01.077+0000] {job.py:229} INFO - Heartbeat recovered after 18.48 seconds
[2024-10-14T17:33:41.089+0000] {job.py:229} INFO - Heartbeat recovered after 14.57 seconds
[2024-10-14T17:33:55.002+0000] {job.py:229} INFO - Heartbeat recovered after 14.23 seconds
[2024-10-14T17:34:06.003+0000] {local_task_job_runner.py:346} WARNING - State of this instance has been externally set to failed. Terminating instance.
[2024-10-14T17:34:08.402+0000] {local_task_job_runner.py:245} INFO - ::endgroup::
[2024-10-14T17:34:09.253+0000] {process_utils.py:132} INFO - Sending 15 to group 19153. PIDs of all processes in the group: [19153]
[2024-10-14T17:34:09.673+0000] {process_utils.py:87} INFO - Sending the signal 15 to group 19153
[2024-10-14T17:34:12.744+0000] {process_utils.py:80} INFO - Process psutil.Process(pid=19153, status='terminated', exitcode=<Negsignal.SIGTERM: -15>, started='17:31:38') (19153) terminated with exit code -15
[2024-10-14T17:34:13.949+0000] {standard_task_runner.py:217} INFO - Process not found (most likely exited), stop collecting metrics
[2024-10-16T14:41:12.997+0000] {local_task_job_runner.py:123} INFO - ::group::Pre task execution logs
[2024-10-16T14:41:13.038+0000] {taskinstance.py:2612} INFO - Dependencies all met for dep_context=non-requeueable deps ti=<TaskInstance: dag_ccl.ccl_to_redshift scheduled__2024-09-12T00:00:00+00:00 [queued]>
[2024-10-16T14:41:13.061+0000] {taskinstance.py:2612} INFO - Dependencies all met for dep_context=requeueable deps ti=<TaskInstance: dag_ccl.ccl_to_redshift scheduled__2024-09-12T00:00:00+00:00 [queued]>
[2024-10-16T14:41:13.062+0000] {taskinstance.py:2865} INFO - Starting attempt 1 of 2
[2024-10-16T14:41:13.102+0000] {taskinstance.py:2888} INFO - Executing <Task(PythonOperator): ccl_to_redshift> on 2024-09-12 00:00:00+00:00
[2024-10-16T14:41:13.113+0000] {warnings.py:112} WARNING - /home/***/.local/lib/python3.12/site-packages/***/task/task_runner/standard_task_runner.py:70: DeprecationWarning: This process (pid=171) is multi-threaded, use of fork() may lead to deadlocks in the child.
  pid = os.fork()

[2024-10-16T14:41:13.115+0000] {standard_task_runner.py:72} INFO - Started process 194 to run task
[2024-10-16T14:41:13.118+0000] {standard_task_runner.py:104} INFO - Running: ['***', 'tasks', 'run', 'dag_ccl', 'ccl_to_redshift', 'scheduled__2024-09-12T00:00:00+00:00', '--job-id', '386', '--raw', '--subdir', 'DAGS_FOLDER/dag_ccl.py', '--cfg-path', '/tmp/tmpvd8dydy2']
[2024-10-16T14:41:13.134+0000] {standard_task_runner.py:105} INFO - Job 386: Subtask ccl_to_redshift
[2024-10-16T14:41:13.340+0000] {task_command.py:467} INFO - Running <TaskInstance: dag_ccl.ccl_to_redshift scheduled__2024-09-12T00:00:00+00:00 [running]> on host f03003374728
[2024-10-16T14:41:14.021+0000] {taskinstance.py:3131} INFO - Exporting env vars: AIRFLOW_CTX_DAG_OWNER='***' AIRFLOW_CTX_DAG_ID='dag_ccl' AIRFLOW_CTX_TASK_ID='ccl_to_redshift' AIRFLOW_CTX_EXECUTION_DATE='2024-09-12T00:00:00+00:00' AIRFLOW_CTX_TRY_NUMBER='1' AIRFLOW_CTX_DAG_RUN_ID='scheduled__2024-09-12T00:00:00+00:00'
[2024-10-16T14:41:14.026+0000] {taskinstance.py:731} INFO - ::endgroup::
[2024-10-16T14:41:14.064+0000] {logging_mixin.py:190} INFO - 2024-09-12
[2024-10-16T14:41:16.156+0000] {base.py:84} INFO - Retrieving connection 'redshift_conn'
[2024-10-16T14:41:16.158+0000] {logging_mixin.py:190} INFO - redshift_conn
[2024-10-16T14:41:18.129+0000] {python.py:240} INFO - Done. Returned value was: None
[2024-10-16T14:41:18.140+0000] {taskinstance.py:340} INFO - ::group::Post task execution logs
[2024-10-16T14:41:18.140+0000] {taskinstance.py:352} INFO - Marking task as SUCCESS. dag_id=dag_ccl, task_id=ccl_to_redshift, run_id=scheduled__2024-09-12T00:00:00+00:00, execution_date=20240912T000000, start_date=20241016T144113, end_date=20241016T144118
[2024-10-16T14:41:18.162+0000] {local_task_job_runner.py:266} INFO - Task exited with return code 0
[2024-10-16T14:41:18.174+0000] {taskinstance.py:3900} INFO - 0 downstream tasks scheduled from follow-on schedule check
[2024-10-16T14:41:18.175+0000] {local_task_job_runner.py:245} INFO - ::endgroup::
