[2024-10-14T17:39:22.481+0000] {local_task_job_runner.py:123} INFO - ::group::Pre task execution logs
[2024-10-14T17:39:22.721+0000] {taskinstance.py:2612} INFO - Dependencies all met for dep_context=non-requeueable deps ti=<TaskInstance: dag_ccl.ccl_to_redshift scheduled__2024-10-13T00:00:00+00:00 [queued]>
[2024-10-14T17:39:22.859+0000] {taskinstance.py:2612} INFO - Dependencies all met for dep_context=requeueable deps ti=<TaskInstance: dag_ccl.ccl_to_redshift scheduled__2024-10-13T00:00:00+00:00 [queued]>
[2024-10-14T17:39:22.868+0000] {taskinstance.py:2865} INFO - Starting attempt 1 of 2
[2024-10-14T17:39:23.137+0000] {taskinstance.py:2888} INFO - Executing <Task(PythonOperator): ccl_to_redshift> on 2024-10-13 00:00:00+00:00
[2024-10-14T17:39:23.478+0000] {warnings.py:112} WARNING - /home/***/.local/lib/python3.12/site-packages/***/task/task_runner/standard_task_runner.py:70: DeprecationWarning: This process (pid=19240) is multi-threaded, use of fork() may lead to deadlocks in the child.
  pid = os.fork()

[2024-10-14T17:39:23.555+0000] {standard_task_runner.py:72} INFO - Started process 19265 to run task
[2024-10-14T17:39:23.547+0000] {standard_task_runner.py:104} INFO - Running: ['***', 'tasks', 'run', 'dag_ccl', 'ccl_to_redshift', 'scheduled__2024-10-13T00:00:00+00:00', '--job-id', '308', '--raw', '--subdir', 'DAGS_FOLDER/dag_ccl.py', '--cfg-path', '/tmp/tmp7x440l5x']
[2024-10-14T17:39:23.642+0000] {standard_task_runner.py:105} INFO - Job 308: Subtask ccl_to_redshift
[2024-10-14T17:39:25.458+0000] {task_command.py:467} INFO - Running <TaskInstance: dag_ccl.ccl_to_redshift scheduled__2024-10-13T00:00:00+00:00 [running]> on host f03003374728
[2024-10-14T17:39:44.016+0000] {taskinstance.py:3131} INFO - Exporting env vars: AIRFLOW_CTX_DAG_OWNER='***' AIRFLOW_CTX_DAG_ID='dag_ccl' AIRFLOW_CTX_TASK_ID='ccl_to_redshift' AIRFLOW_CTX_EXECUTION_DATE='2024-10-13T00:00:00+00:00' AIRFLOW_CTX_TRY_NUMBER='1' AIRFLOW_CTX_DAG_RUN_ID='scheduled__2024-10-13T00:00:00+00:00'
[2024-10-14T17:39:44.046+0000] {taskinstance.py:731} INFO - ::endgroup::
[2024-10-14T17:39:44.225+0000] {logging_mixin.py:190} INFO - 2024-10-14
[2024-10-14T17:39:45.637+0000] {logging_mixin.py:190} INFO -             0          1
0       fecha  DOLAR CCL
1  14/10/2024     1180.3
[2024-10-14T17:39:46.410+0000] {base.py:84} INFO - Retrieving connection 'redshift_conn'
[2024-10-14T17:39:46.466+0000] {logging_mixin.py:190} INFO - redshift_conn
[2024-10-14T17:39:48.958+0000] {taskinstance.py:3310} ERROR - Task failed with exception
Traceback (most recent call last):
  File "/home/airflow/.local/lib/python3.12/site-packages/airflow/models/taskinstance.py", line 767, in _execute_task
    result = _execute_callable(context=context, **execute_callable_kwargs)
             ^^^^^^^^^^^^^^^^^^^^^^^^^^^^^^^^^^^^^^^^^^^^^^^^^^^^^^^^^^^^^
  File "/home/airflow/.local/lib/python3.12/site-packages/airflow/models/taskinstance.py", line 733, in _execute_callable
    return ExecutionCallableRunner(
           ^^^^^^^^^^^^^^^^^^^^^^^^
  File "/home/airflow/.local/lib/python3.12/site-packages/airflow/utils/operator_helpers.py", line 252, in run
    return self.func(*args, **kwargs)
           ^^^^^^^^^^^^^^^^^^^^^^^^^^
  File "/home/airflow/.local/lib/python3.12/site-packages/airflow/models/baseoperator.py", line 406, in wrapper
    return func(self, *args, **kwargs)
           ^^^^^^^^^^^^^^^^^^^^^^^^^^^
  File "/home/airflow/.local/lib/python3.12/site-packages/airflow/operators/python.py", line 238, in execute
    return_value = self.execute_callable()
                   ^^^^^^^^^^^^^^^^^^^^^^^
  File "/home/airflow/.local/lib/python3.12/site-packages/airflow/operators/python.py", line 256, in execute_callable
    return runner.run(*self.op_args, **self.op_kwargs)
           ^^^^^^^^^^^^^^^^^^^^^^^^^^^^^^^^^^^^^^^^^^^
  File "/home/airflow/.local/lib/python3.12/site-packages/airflow/utils/operator_helpers.py", line 252, in run
    return self.func(*args, **kwargs)
           ^^^^^^^^^^^^^^^^^^^^^^^^^^
  File "/opt/airflow/dags/ccl_to_redshift.py", line 12, in ccl_to_redshift
    load_data_to_redshift(df, table_name)
  File "/opt/airflow/dags/load_data_to_redshift.py", line 24, in load_data_to_redshift
    psycopg2.extras.execute_values(cur, query, data)
  File "/home/airflow/.local/lib/python3.12/site-packages/psycopg2/extras.py", line 1299, in execute_values
    cur.execute(b''.join(parts))
psycopg2.errors.UndefinedColumn: column "0" of relation "dolar_ccl" does not exist

[2024-10-14T17:39:49.372+0000] {taskinstance.py:1225} INFO - Marking task as UP_FOR_RETRY. dag_id=dag_ccl, task_id=ccl_to_redshift, run_id=scheduled__2024-10-13T00:00:00+00:00, execution_date=20241013T000000, start_date=20241014T173922, end_date=20241014T173949
[2024-10-14T17:39:49.628+0000] {taskinstance.py:340} INFO - ::group::Post task execution logs
[2024-10-14T17:39:49.659+0000] {standard_task_runner.py:124} ERROR - Failed to execute job 308 for task ccl_to_redshift (column "0" of relation "dolar_ccl" does not exist
; 19265)
Traceback (most recent call last):
  File "/home/airflow/.local/lib/python3.12/site-packages/airflow/task/task_runner/standard_task_runner.py", line 117, in _start_by_fork
    ret = args.func(args, dag=self.dag)
          ^^^^^^^^^^^^^^^^^^^^^^^^^^^^^
  File "/home/airflow/.local/lib/python3.12/site-packages/airflow/cli/cli_config.py", line 49, in command
    return func(*args, **kwargs)
           ^^^^^^^^^^^^^^^^^^^^^
  File "/home/airflow/.local/lib/python3.12/site-packages/airflow/utils/cli.py", line 115, in wrapper
    return f(*args, **kwargs)
           ^^^^^^^^^^^^^^^^^^
  File "/home/airflow/.local/lib/python3.12/site-packages/airflow/cli/commands/task_command.py", line 483, in task_run
    task_return_code = _run_task_by_selected_method(args, _dag, ti)
                       ^^^^^^^^^^^^^^^^^^^^^^^^^^^^^^^^^^^^^^^^^^^^
  File "/home/airflow/.local/lib/python3.12/site-packages/airflow/cli/commands/task_command.py", line 256, in _run_task_by_selected_method
    return _run_raw_task(args, ti)
           ^^^^^^^^^^^^^^^^^^^^^^^
  File "/home/airflow/.local/lib/python3.12/site-packages/airflow/cli/commands/task_command.py", line 341, in _run_raw_task
    return ti._run_raw_task(
           ^^^^^^^^^^^^^^^^^
  File "/home/airflow/.local/lib/python3.12/site-packages/airflow/utils/session.py", line 97, in wrapper
    return func(*args, session=session, **kwargs)
           ^^^^^^^^^^^^^^^^^^^^^^^^^^^^^^^^^^^^^^
  File "/home/airflow/.local/lib/python3.12/site-packages/airflow/models/taskinstance.py", line 3004, in _run_raw_task
    return _run_raw_task(
           ^^^^^^^^^^^^^^
  File "/home/airflow/.local/lib/python3.12/site-packages/airflow/models/taskinstance.py", line 273, in _run_raw_task
    TaskInstance._execute_task_with_callbacks(
  File "/home/airflow/.local/lib/python3.12/site-packages/airflow/models/taskinstance.py", line 3158, in _execute_task_with_callbacks
    result = self._execute_task(context, task_orig)
             ^^^^^^^^^^^^^^^^^^^^^^^^^^^^^^^^^^^^^^
  File "/home/airflow/.local/lib/python3.12/site-packages/airflow/models/taskinstance.py", line 3182, in _execute_task
    return _execute_task(self, context, task_orig)
           ^^^^^^^^^^^^^^^^^^^^^^^^^^^^^^^^^^^^^^^
  File "/home/airflow/.local/lib/python3.12/site-packages/airflow/models/taskinstance.py", line 767, in _execute_task
    result = _execute_callable(context=context, **execute_callable_kwargs)
             ^^^^^^^^^^^^^^^^^^^^^^^^^^^^^^^^^^^^^^^^^^^^^^^^^^^^^^^^^^^^^
  File "/home/airflow/.local/lib/python3.12/site-packages/airflow/models/taskinstance.py", line 733, in _execute_callable
    return ExecutionCallableRunner(
           ^^^^^^^^^^^^^^^^^^^^^^^^
  File "/home/airflow/.local/lib/python3.12/site-packages/airflow/utils/operator_helpers.py", line 252, in run
    return self.func(*args, **kwargs)
           ^^^^^^^^^^^^^^^^^^^^^^^^^^
  File "/home/airflow/.local/lib/python3.12/site-packages/airflow/models/baseoperator.py", line 406, in wrapper
    return func(self, *args, **kwargs)
           ^^^^^^^^^^^^^^^^^^^^^^^^^^^
  File "/home/airflow/.local/lib/python3.12/site-packages/airflow/operators/python.py", line 238, in execute
    return_value = self.execute_callable()
                   ^^^^^^^^^^^^^^^^^^^^^^^
  File "/home/airflow/.local/lib/python3.12/site-packages/airflow/operators/python.py", line 256, in execute_callable
    return runner.run(*self.op_args, **self.op_kwargs)
           ^^^^^^^^^^^^^^^^^^^^^^^^^^^^^^^^^^^^^^^^^^^
  File "/home/airflow/.local/lib/python3.12/site-packages/airflow/utils/operator_helpers.py", line 252, in run
    return self.func(*args, **kwargs)
           ^^^^^^^^^^^^^^^^^^^^^^^^^^
  File "/opt/airflow/dags/ccl_to_redshift.py", line 12, in ccl_to_redshift
    load_data_to_redshift(df, table_name)
  File "/opt/airflow/dags/load_data_to_redshift.py", line 24, in load_data_to_redshift
    psycopg2.extras.execute_values(cur, query, data)
  File "/home/airflow/.local/lib/python3.12/site-packages/psycopg2/extras.py", line 1299, in execute_values
    cur.execute(b''.join(parts))
psycopg2.errors.UndefinedColumn: column "0" of relation "dolar_ccl" does not exist

[2024-10-14T17:39:50.129+0000] {local_task_job_runner.py:266} INFO - Task exited with return code 1
[2024-10-14T17:39:50.549+0000] {taskinstance.py:3900} INFO - 0 downstream tasks scheduled from follow-on schedule check
[2024-10-14T17:39:50.560+0000] {local_task_job_runner.py:245} INFO - ::endgroup::
[2024-10-14T17:58:21.845+0000] {local_task_job_runner.py:123} INFO - ::group::Pre task execution logs
[2024-10-14T17:58:21.880+0000] {taskinstance.py:2612} INFO - Dependencies all met for dep_context=non-requeueable deps ti=<TaskInstance: dag_ccl.ccl_to_redshift scheduled__2024-10-13T00:00:00+00:00 [queued]>
[2024-10-14T17:58:21.898+0000] {taskinstance.py:2612} INFO - Dependencies all met for dep_context=requeueable deps ti=<TaskInstance: dag_ccl.ccl_to_redshift scheduled__2024-10-13T00:00:00+00:00 [queued]>
[2024-10-14T17:58:21.899+0000] {taskinstance.py:2865} INFO - Starting attempt 1 of 2
[2024-10-14T17:58:21.918+0000] {taskinstance.py:2888} INFO - Executing <Task(PythonOperator): ccl_to_redshift> on 2024-10-13 00:00:00+00:00
[2024-10-14T17:58:21.928+0000] {warnings.py:112} WARNING - /home/***/.local/lib/python3.12/site-packages/***/task/task_runner/standard_task_runner.py:70: DeprecationWarning: This process (pid=19523) is multi-threaded, use of fork() may lead to deadlocks in the child.
  pid = os.fork()

[2024-10-14T17:58:21.933+0000] {standard_task_runner.py:72} INFO - Started process 19539 to run task
[2024-10-14T17:58:21.931+0000] {standard_task_runner.py:104} INFO - Running: ['***', 'tasks', 'run', 'dag_ccl', 'ccl_to_redshift', 'scheduled__2024-10-13T00:00:00+00:00', '--job-id', '319', '--raw', '--subdir', 'DAGS_FOLDER/dag_ccl.py', '--cfg-path', '/tmp/tmpya0o86i7']
[2024-10-14T17:58:21.937+0000] {standard_task_runner.py:105} INFO - Job 319: Subtask ccl_to_redshift
[2024-10-14T17:58:22.029+0000] {task_command.py:467} INFO - Running <TaskInstance: dag_ccl.ccl_to_redshift scheduled__2024-10-13T00:00:00+00:00 [running]> on host f03003374728
[2024-10-14T17:58:22.351+0000] {taskinstance.py:3131} INFO - Exporting env vars: AIRFLOW_CTX_DAG_OWNER='***' AIRFLOW_CTX_DAG_ID='dag_ccl' AIRFLOW_CTX_TASK_ID='ccl_to_redshift' AIRFLOW_CTX_EXECUTION_DATE='2024-10-13T00:00:00+00:00' AIRFLOW_CTX_TRY_NUMBER='1' AIRFLOW_CTX_DAG_RUN_ID='scheduled__2024-10-13T00:00:00+00:00'
[2024-10-14T17:58:22.351+0000] {taskinstance.py:731} INFO - ::endgroup::
[2024-10-14T17:58:22.358+0000] {logging_mixin.py:190} INFO - 2024-10-13
[2024-10-14T17:58:22.796+0000] {logging_mixin.py:190} INFO - Empty DataFrame
Columns: [fecha, dolar_ccl]
Index: []
[2024-10-14T17:58:22.807+0000] {base.py:84} INFO - Retrieving connection 'redshift_conn'
[2024-10-14T17:58:22.808+0000] {logging_mixin.py:190} INFO - redshift_conn
[2024-10-14T17:58:24.151+0000] {python.py:240} INFO - Done. Returned value was: None
[2024-10-14T17:58:24.161+0000] {taskinstance.py:340} INFO - ::group::Post task execution logs
[2024-10-14T17:58:24.161+0000] {taskinstance.py:352} INFO - Marking task as SUCCESS. dag_id=dag_ccl, task_id=ccl_to_redshift, run_id=scheduled__2024-10-13T00:00:00+00:00, execution_date=20241013T000000, start_date=20241014T175821, end_date=20241014T175824
[2024-10-14T17:58:24.195+0000] {local_task_job_runner.py:266} INFO - Task exited with return code 0
[2024-10-14T17:58:24.208+0000] {taskinstance.py:3900} INFO - 0 downstream tasks scheduled from follow-on schedule check
[2024-10-14T17:58:24.209+0000] {local_task_job_runner.py:245} INFO - ::endgroup::
[2024-10-16T14:41:39.115+0000] {local_task_job_runner.py:123} INFO - ::group::Pre task execution logs
[2024-10-16T14:41:39.138+0000] {taskinstance.py:2612} INFO - Dependencies all met for dep_context=non-requeueable deps ti=<TaskInstance: dag_ccl.ccl_to_redshift scheduled__2024-10-13T00:00:00+00:00 [queued]>
[2024-10-16T14:41:39.151+0000] {taskinstance.py:2612} INFO - Dependencies all met for dep_context=requeueable deps ti=<TaskInstance: dag_ccl.ccl_to_redshift scheduled__2024-10-13T00:00:00+00:00 [queued]>
[2024-10-16T14:41:39.152+0000] {taskinstance.py:2865} INFO - Starting attempt 1 of 2
[2024-10-16T14:41:39.174+0000] {taskinstance.py:2888} INFO - Executing <Task(PythonOperator): ccl_to_redshift> on 2024-10-13 00:00:00+00:00
[2024-10-16T14:41:39.189+0000] {warnings.py:112} WARNING - /home/***/.local/lib/python3.12/site-packages/***/task/task_runner/standard_task_runner.py:70: DeprecationWarning: This process (pid=305) is multi-threaded, use of fork() may lead to deadlocks in the child.
  pid = os.fork()

[2024-10-16T14:41:39.196+0000] {standard_task_runner.py:72} INFO - Started process 322 to run task
[2024-10-16T14:41:39.198+0000] {standard_task_runner.py:104} INFO - Running: ['***', 'tasks', 'run', 'dag_ccl', 'ccl_to_redshift', 'scheduled__2024-10-13T00:00:00+00:00', '--job-id', '417', '--raw', '--subdir', 'DAGS_FOLDER/dag_ccl.py', '--cfg-path', '/tmp/tmpj6hwrji9']
[2024-10-16T14:41:39.201+0000] {standard_task_runner.py:105} INFO - Job 417: Subtask ccl_to_redshift
[2024-10-16T14:41:39.267+0000] {task_command.py:467} INFO - Running <TaskInstance: dag_ccl.ccl_to_redshift scheduled__2024-10-13T00:00:00+00:00 [running]> on host f03003374728
[2024-10-16T14:41:39.690+0000] {taskinstance.py:3131} INFO - Exporting env vars: AIRFLOW_CTX_DAG_OWNER='***' AIRFLOW_CTX_DAG_ID='dag_ccl' AIRFLOW_CTX_TASK_ID='ccl_to_redshift' AIRFLOW_CTX_EXECUTION_DATE='2024-10-13T00:00:00+00:00' AIRFLOW_CTX_TRY_NUMBER='1' AIRFLOW_CTX_DAG_RUN_ID='scheduled__2024-10-13T00:00:00+00:00'
[2024-10-16T14:41:39.691+0000] {taskinstance.py:731} INFO - ::endgroup::
[2024-10-16T14:41:39.702+0000] {logging_mixin.py:190} INFO - 2024-10-13
[2024-10-16T14:41:41.340+0000] {base.py:84} INFO - Retrieving connection 'redshift_conn'
[2024-10-16T14:41:41.341+0000] {logging_mixin.py:190} INFO - redshift_conn
[2024-10-16T14:41:42.588+0000] {python.py:240} INFO - Done. Returned value was: None
[2024-10-16T14:41:42.600+0000] {taskinstance.py:340} INFO - ::group::Post task execution logs
[2024-10-16T14:41:42.601+0000] {taskinstance.py:352} INFO - Marking task as SUCCESS. dag_id=dag_ccl, task_id=ccl_to_redshift, run_id=scheduled__2024-10-13T00:00:00+00:00, execution_date=20241013T000000, start_date=20241016T144139, end_date=20241016T144142
[2024-10-16T14:41:42.634+0000] {local_task_job_runner.py:266} INFO - Task exited with return code 0
[2024-10-16T14:41:42.660+0000] {taskinstance.py:3900} INFO - 0 downstream tasks scheduled from follow-on schedule check
[2024-10-16T14:41:42.661+0000] {local_task_job_runner.py:245} INFO - ::endgroup::
