[2024-10-14T17:30:18.251+0000] {local_task_job_runner.py:123} INFO - ::group::Pre task execution logs
[2024-10-14T17:30:21.164+0000] {taskinstance.py:2612} INFO - Dependencies all met for dep_context=non-requeueable deps ti=<TaskInstance: dag_ccl.ccl_to_redshift scheduled__2024-09-02T00:00:00+00:00 [queued]>
[2024-10-14T17:30:24.653+0000] {taskinstance.py:2612} INFO - Dependencies all met for dep_context=requeueable deps ti=<TaskInstance: dag_ccl.ccl_to_redshift scheduled__2024-09-02T00:00:00+00:00 [queued]>
[2024-10-14T17:30:24.974+0000] {taskinstance.py:2865} INFO - Starting attempt 1 of 2
[2024-10-14T17:30:28.269+0000] {taskinstance.py:2888} INFO - Executing <Task(PythonOperator): ccl_to_redshift> on 2024-09-02 00:00:00+00:00
[2024-10-14T17:30:32.940+0000] {warnings.py:112} WARNING - /home/***/.local/lib/python3.12/site-packages/***/task/task_runner/standard_task_runner.py:70: DeprecationWarning: This process (pid=19078) is multi-threaded, use of fork() may lead to deadlocks in the child.
  pid = os.fork()

[2024-10-14T17:30:33.188+0000] {standard_task_runner.py:72} INFO - Started process 19115 to run task
[2024-10-14T17:30:33.511+0000] {standard_task_runner.py:104} INFO - Running: ['***', 'tasks', 'run', 'dag_ccl', 'ccl_to_redshift', 'scheduled__2024-09-02T00:00:00+00:00', '--job-id', '286', '--raw', '--subdir', 'DAGS_FOLDER/dag_ccl.py', '--cfg-path', '/tmp/tmpahrc1hks']
[2024-10-14T17:30:34.197+0000] {standard_task_runner.py:105} INFO - Job 286: Subtask ccl_to_redshift
[2024-10-14T17:30:38.333+0000] {task_command.py:467} INFO - Running <TaskInstance: dag_ccl.ccl_to_redshift scheduled__2024-09-02T00:00:00+00:00 [running]> on host f03003374728
[2024-10-14T17:30:42.898+0000] {job.py:229} INFO - Heartbeat recovered after 27.96 seconds
[2024-10-14T17:31:04.995+0000] {job.py:229} INFO - Heartbeat recovered after 13.79 seconds
[2024-10-14T17:31:27.779+0000] {job.py:229} INFO - Heartbeat recovered after 23.25 seconds
[2024-10-14T17:31:45.810+0000] {job.py:229} INFO - Heartbeat recovered after 19.13 seconds
[2024-10-14T17:31:59.630+0000] {job.py:229} INFO - Heartbeat recovered after 14.65 seconds
[2024-10-14T17:32:13.461+0000] {job.py:229} INFO - Heartbeat recovered after 14.23 seconds
[2024-10-14T17:32:27.259+0000] {job.py:229} INFO - Heartbeat recovered after 13.90 seconds
[2024-10-14T17:32:48.281+0000] {job.py:229} INFO - Heartbeat recovered after 24.36 seconds
[2024-10-14T17:33:01.484+0000] {job.py:229} INFO - Heartbeat recovered after 14.99 seconds
[2024-10-14T17:33:21.427+0000] {job.py:229} INFO - Heartbeat recovered after 10.98 seconds
[2024-10-14T17:33:24.322+0000] {taskinstance.py:3131} INFO - Exporting env vars: AIRFLOW_CTX_DAG_OWNER='***' AIRFLOW_CTX_DAG_ID='dag_ccl' AIRFLOW_CTX_TASK_ID='ccl_to_redshift' AIRFLOW_CTX_EXECUTION_DATE='2024-09-02T00:00:00+00:00' AIRFLOW_CTX_TRY_NUMBER='1' AIRFLOW_CTX_DAG_RUN_ID='scheduled__2024-09-02T00:00:00+00:00'
[2024-10-14T17:33:25.069+0000] {taskinstance.py:731} INFO - ::endgroup::
[2024-10-14T17:33:26.881+0000] {logging_mixin.py:190} INFO - 2024-09-03
[2024-10-14T17:33:40.192+0000] {job.py:229} INFO - Heartbeat recovered after 19.08 seconds
[2024-10-14T17:33:44.158+0000] {logging_mixin.py:190} INFO -             0          1
0       fecha  DOLAR CCL
1  03/09/2024    1302.55
[2024-10-14T17:33:45.691+0000] {base.py:84} INFO - Retrieving connection 'redshift_conn'
[2024-10-14T17:33:46.223+0000] {logging_mixin.py:190} INFO - redshift_conn
[2024-10-14T17:33:45.081+0000] {local_task_job_runner.py:346} WARNING - State of this instance has been externally set to failed. Terminating instance.
[2024-10-14T17:33:46.925+0000] {local_task_job_runner.py:245} INFO - ::endgroup::
[2024-10-14T17:33:47.477+0000] {process_utils.py:132} INFO - Sending 15 to group 19115. PIDs of all processes in the group: [19115]
[2024-10-14T17:33:47.575+0000] {process_utils.py:87} INFO - Sending the signal 15 to group 19115
[2024-10-14T17:33:50.589+0000] {taskinstance.py:3092} ERROR - Received SIGTERM. Terminating subprocesses.
[2024-10-14T17:33:58.544+0000] {taskinstance.py:340} INFO - ::group::Post task execution logs
[2024-10-14T17:34:00.509+0000] {process_utils.py:80} INFO - Process psutil.Process(pid=19115, status='terminated', exitcode=0, started='17:30:32') (19115) terminated with exit code 0
[2024-10-14T17:34:01.975+0000] {standard_task_runner.py:217} INFO - Process not found (most likely exited), stop collecting metrics
