[2024-10-26T18:49:44.140+0000] {manager.py:486} INFO - Processing files using up to 2 processes at a time 
[2024-10-26T18:49:44.141+0000] {manager.py:487} INFO - Process each file at most once every 30 seconds
[2024-10-26T18:49:44.141+0000] {manager.py:488} INFO - Checking for new files in /opt/airflow/dags every 300 seconds
[2024-10-26T18:49:44.141+0000] {manager.py:832} INFO - Searching for files in /opt/airflow/dags
[2024-10-26T18:49:44.146+0000] {manager.py:835} INFO - There are 1 files in /opt/airflow/dags
[2024-10-26T18:49:44.222+0000] {manager.py:1008} INFO - 
================================================================================
DAG File Processing Stats

File Path                                       PID  Runtime      # DAGs    # Errors  Last Runtime    Last Run      Last # of DB Queries
--------------------------------------------  -----  ---------  --------  ----------  --------------  ----------  ----------------------
/opt/airflow/dags/dag_cargar_cotizaciones.py     42  0.03s             0           0                                                   0
================================================================================
[2024-10-26T18:50:14.519+0000] {manager.py:1008} INFO - 
================================================================================
DAG File Processing Stats

File Path                                       PID  Runtime      # DAGs    # Errors  Last Runtime    Last Run               Last # of DB Queries
--------------------------------------------  -----  ---------  --------  ----------  --------------  -------------------  ----------------------
/opt/airflow/dags/dag_cargar_cotizaciones.py     49  0.01s             0           1  0.07s           2024-10-26T18:49:44                       3
================================================================================
[2024-10-26T18:50:44.890+0000] {manager.py:1008} INFO - 
================================================================================
DAG File Processing Stats

File Path                                       PID  Runtime      # DAGs    # Errors  Last Runtime    Last Run               Last # of DB Queries
--------------------------------------------  -----  ---------  --------  ----------  --------------  -------------------  ----------------------
/opt/airflow/dags/dag_cargar_cotizaciones.py     56  0.01s             0           1  0.06s           2024-10-26T18:50:14                       5
================================================================================
[2024-10-26T18:51:15.233+0000] {manager.py:1008} INFO - 
================================================================================
DAG File Processing Stats

File Path                                       PID  Runtime      # DAGs    # Errors  Last Runtime    Last Run               Last # of DB Queries
--------------------------------------------  -----  ---------  --------  ----------  --------------  -------------------  ----------------------
/opt/airflow/dags/dag_cargar_cotizaciones.py     63  0.01s             0           1  0.06s           2024-10-26T18:50:44                       5
================================================================================
[2024-10-26T18:51:45.578+0000] {manager.py:1008} INFO - 
================================================================================
DAG File Processing Stats

File Path                                       PID  Runtime      # DAGs    # Errors  Last Runtime    Last Run               Last # of DB Queries
--------------------------------------------  -----  ---------  --------  ----------  --------------  -------------------  ----------------------
/opt/airflow/dags/dag_cargar_cotizaciones.py     70  0.01s             0           1  0.06s           2024-10-26T18:51:15                       5
================================================================================
[2024-10-26T18:51:48.597+0000] {manager.py:468} INFO - Exiting gracefully upon receiving signal 15
[2024-10-26T18:52:54.712+0000] {manager.py:486} INFO - Processing files using up to 2 processes at a time 
[2024-10-26T18:52:54.713+0000] {manager.py:487} INFO - Process each file at most once every 30 seconds
[2024-10-26T18:52:54.713+0000] {manager.py:488} INFO - Checking for new files in /opt/airflow/dags every 300 seconds
[2024-10-26T18:52:54.714+0000] {manager.py:832} INFO - Searching for files in /opt/airflow/dags
[2024-10-26T18:52:54.722+0000] {manager.py:835} INFO - There are 1 files in /opt/airflow/dags
[2024-10-26T18:52:54.794+0000] {manager.py:1008} INFO - 
================================================================================
DAG File Processing Stats

File Path                                       PID  Runtime      # DAGs    # Errors  Last Runtime    Last Run      Last # of DB Queries
--------------------------------------------  -----  ---------  --------  ----------  --------------  ----------  ----------------------
/opt/airflow/dags/dag_cargar_cotizaciones.py     42  0.03s             0           0                                                   0
================================================================================
[2024-10-26T18:53:25.000+0000] {manager.py:1008} INFO - 
================================================================================
DAG File Processing Stats

File Path                                     PID    Runtime      # DAGs    # Errors  Last Runtime    Last Run               Last # of DB Queries
--------------------------------------------  -----  ---------  --------  ----------  --------------  -------------------  ----------------------
/opt/airflow/dags/dag_cargar_cotizaciones.py                           1           0  0.64s           2024-10-26T18:52:55                      45
================================================================================
[2024-10-26T18:53:55.310+0000] {manager.py:1008} INFO - 
================================================================================
DAG File Processing Stats

File Path                                     PID    Runtime      # DAGs    # Errors  Last Runtime    Last Run               Last # of DB Queries
--------------------------------------------  -----  ---------  --------  ----------  --------------  -------------------  ----------------------
/opt/airflow/dags/dag_cargar_cotizaciones.py                           1           0  0.35s           2024-10-26T18:53:26                      12
================================================================================
[2024-10-26T18:54:25.607+0000] {manager.py:1008} INFO - 
================================================================================
DAG File Processing Stats

File Path                                     PID    Runtime      # DAGs    # Errors  Last Runtime    Last Run               Last # of DB Queries
--------------------------------------------  -----  ---------  --------  ----------  --------------  -------------------  ----------------------
/opt/airflow/dags/dag_cargar_cotizaciones.py                           1           0  0.34s           2024-10-26T18:53:56                      12
================================================================================
[2024-10-26T18:54:56.261+0000] {manager.py:1008} INFO - 
================================================================================
DAG File Processing Stats

File Path                                     PID    Runtime      # DAGs    # Errors  Last Runtime    Last Run               Last # of DB Queries
--------------------------------------------  -----  ---------  --------  ----------  --------------  -------------------  ----------------------
/opt/airflow/dags/dag_cargar_cotizaciones.py                           1           0  0.38s           2024-10-26T18:54:27                      12
================================================================================
[2024-10-26T18:55:26.382+0000] {manager.py:1008} INFO - 
================================================================================
DAG File Processing Stats

File Path                                     PID    Runtime      # DAGs    # Errors  Last Runtime    Last Run               Last # of DB Queries
--------------------------------------------  -----  ---------  --------  ----------  --------------  -------------------  ----------------------
/opt/airflow/dags/dag_cargar_cotizaciones.py                           1           0  0.48s           2024-10-26T18:54:58                      12
================================================================================
[2024-10-26T18:55:56.689+0000] {manager.py:1008} INFO - 
================================================================================
DAG File Processing Stats

File Path                                     PID    Runtime      # DAGs    # Errors  Last Runtime    Last Run               Last # of DB Queries
--------------------------------------------  -----  ---------  --------  ----------  --------------  -------------------  ----------------------
/opt/airflow/dags/dag_cargar_cotizaciones.py                           1           0  1.04s           2024-10-26T18:55:29                      12
================================================================================
[2024-10-26T18:56:27.049+0000] {manager.py:1008} INFO - 
================================================================================
DAG File Processing Stats

File Path                                     PID    Runtime      # DAGs    # Errors  Last Runtime    Last Run               Last # of DB Queries
--------------------------------------------  -----  ---------  --------  ----------  --------------  -------------------  ----------------------
/opt/airflow/dags/dag_cargar_cotizaciones.py                           1           0  0.39s           2024-10-26T18:56:00                      12
================================================================================
[2024-10-26T18:56:57.099+0000] {manager.py:1008} INFO - 
================================================================================
DAG File Processing Stats

File Path                                     PID    Runtime      # DAGs    # Errors  Last Runtime    Last Run               Last # of DB Queries
--------------------------------------------  -----  ---------  --------  ----------  --------------  -------------------  ----------------------
/opt/airflow/dags/dag_cargar_cotizaciones.py                           1           0  0.39s           2024-10-26T18:56:30                      12
================================================================================
[2024-10-26T18:57:27.448+0000] {manager.py:1008} INFO - 
================================================================================
DAG File Processing Stats

File Path                                     PID    Runtime      # DAGs    # Errors  Last Runtime    Last Run               Last # of DB Queries
--------------------------------------------  -----  ---------  --------  ----------  --------------  -------------------  ----------------------
/opt/airflow/dags/dag_cargar_cotizaciones.py                           1           0  0.32s           2024-10-26T18:57:01                      12
================================================================================
[2024-10-26T18:57:54.754+0000] {manager.py:832} INFO - Searching for files in /opt/airflow/dags
[2024-10-26T18:57:54.767+0000] {manager.py:835} INFO - There are 1 files in /opt/airflow/dags
[2024-10-26T18:57:57.824+0000] {manager.py:1008} INFO - 
================================================================================
DAG File Processing Stats

File Path                                     PID    Runtime      # DAGs    # Errors  Last Runtime    Last Run               Last # of DB Queries
--------------------------------------------  -----  ---------  --------  ----------  --------------  -------------------  ----------------------
/opt/airflow/dags/dag_cargar_cotizaciones.py                           1           0  0.27s           2024-10-26T18:57:31                      12
================================================================================
[2024-10-26T18:58:28.323+0000] {manager.py:1008} INFO - 
================================================================================
DAG File Processing Stats

File Path                                     PID    Runtime      # DAGs    # Errors  Last Runtime    Last Run               Last # of DB Queries
--------------------------------------------  -----  ---------  --------  ----------  --------------  -------------------  ----------------------
/opt/airflow/dags/dag_cargar_cotizaciones.py                           1           0  0.37s           2024-10-26T18:58:02                      12
================================================================================
[2024-10-26T18:58:58.839+0000] {manager.py:1008} INFO - 
================================================================================
DAG File Processing Stats

File Path                                     PID    Runtime      # DAGs    # Errors  Last Runtime    Last Run               Last # of DB Queries
--------------------------------------------  -----  ---------  --------  ----------  --------------  -------------------  ----------------------
/opt/airflow/dags/dag_cargar_cotizaciones.py                           1           0  0.44s           2024-10-26T18:58:32                      12
================================================================================
[2024-10-26T18:59:29.381+0000] {manager.py:1008} INFO - 
================================================================================
DAG File Processing Stats

File Path                                     PID    Runtime      # DAGs    # Errors  Last Runtime    Last Run               Last # of DB Queries
--------------------------------------------  -----  ---------  --------  ----------  --------------  -------------------  ----------------------
/opt/airflow/dags/dag_cargar_cotizaciones.py                           1           0  0.37s           2024-10-26T18:59:03                      12
================================================================================
[2024-10-26T18:59:59.875+0000] {manager.py:1008} INFO - 
================================================================================
DAG File Processing Stats

File Path                                     PID    Runtime      # DAGs    # Errors  Last Runtime    Last Run               Last # of DB Queries
--------------------------------------------  -----  ---------  --------  ----------  --------------  -------------------  ----------------------
/opt/airflow/dags/dag_cargar_cotizaciones.py                           1           0  0.28s           2024-10-26T18:59:33                      12
================================================================================
[2024-10-26T19:00:30.267+0000] {manager.py:1008} INFO - 
================================================================================
DAG File Processing Stats

File Path                                     PID    Runtime      # DAGs    # Errors  Last Runtime    Last Run               Last # of DB Queries
--------------------------------------------  -----  ---------  --------  ----------  --------------  -------------------  ----------------------
/opt/airflow/dags/dag_cargar_cotizaciones.py                           1           0  0.33s           2024-10-26T19:00:04                      12
================================================================================
[2024-10-26T19:00:36.617+0000] {manager.py:468} INFO - Exiting gracefully upon receiving signal 15
[2024-10-26T19:01:46.729+0000] {manager.py:486} INFO - Processing files using up to 2 processes at a time 
[2024-10-26T19:01:46.729+0000] {manager.py:487} INFO - Process each file at most once every 30 seconds
[2024-10-26T19:01:46.730+0000] {manager.py:488} INFO - Checking for new files in /opt/airflow/dags every 300 seconds
[2024-10-26T19:01:46.730+0000] {manager.py:832} INFO - Searching for files in /opt/airflow/dags
[2024-10-26T19:01:46.741+0000] {manager.py:835} INFO - There are 1 files in /opt/airflow/dags
[2024-10-26T19:01:46.839+0000] {manager.py:1008} INFO - 
================================================================================
DAG File Processing Stats

File Path                                       PID  Runtime      # DAGs    # Errors  Last Runtime    Last Run      Last # of DB Queries
--------------------------------------------  -----  ---------  --------  ----------  --------------  ----------  ----------------------
/opt/airflow/dags/dag_cargar_cotizaciones.py     42  0.02s             0           0                                                   0
================================================================================
[2024-10-26T19:02:17.287+0000] {manager.py:1008} INFO - 
================================================================================
DAG File Processing Stats

File Path                                     PID    Runtime      # DAGs    # Errors  Last Runtime    Last Run               Last # of DB Queries
--------------------------------------------  -----  ---------  --------  ----------  --------------  -------------------  ----------------------
/opt/airflow/dags/dag_cargar_cotizaciones.py                           1           0  0.64s           2024-10-26T19:01:47                      12
================================================================================
[2024-10-26T19:02:47.391+0000] {manager.py:1008} INFO - 
================================================================================
DAG File Processing Stats

File Path                                     PID    Runtime      # DAGs    # Errors  Last Runtime    Last Run               Last # of DB Queries
--------------------------------------------  -----  ---------  --------  ----------  --------------  -------------------  ----------------------
/opt/airflow/dags/dag_cargar_cotizaciones.py                           1           0  0.32s           2024-10-26T19:02:18                      12
================================================================================
[2024-10-26T19:03:17.731+0000] {manager.py:1008} INFO - 
================================================================================
DAG File Processing Stats

File Path                                     PID    Runtime      # DAGs    # Errors  Last Runtime    Last Run               Last # of DB Queries
--------------------------------------------  -----  ---------  --------  ----------  --------------  -------------------  ----------------------
/opt/airflow/dags/dag_cargar_cotizaciones.py                           1           0  0.39s           2024-10-26T19:02:48                      12
================================================================================
[2024-10-26T19:03:48.371+0000] {manager.py:1008} INFO - 
================================================================================
DAG File Processing Stats

File Path                                     PID    Runtime      # DAGs    # Errors  Last Runtime    Last Run               Last # of DB Queries
--------------------------------------------  -----  ---------  --------  ----------  --------------  -------------------  ----------------------
/opt/airflow/dags/dag_cargar_cotizaciones.py                           1           0  0.34s           2024-10-26T19:03:19                      12
================================================================================
[2024-10-26T19:04:19.065+0000] {manager.py:1008} INFO - 
================================================================================
DAG File Processing Stats

File Path                                     PID    Runtime      # DAGs    # Errors  Last Runtime    Last Run               Last # of DB Queries
--------------------------------------------  -----  ---------  --------  ----------  --------------  -------------------  ----------------------
/opt/airflow/dags/dag_cargar_cotizaciones.py                           1           0  0.30s           2024-10-26T19:03:50                      12
================================================================================
[2024-10-26T19:04:49.629+0000] {manager.py:1008} INFO - 
================================================================================
DAG File Processing Stats

File Path                                     PID    Runtime      # DAGs    # Errors  Last Runtime    Last Run               Last # of DB Queries
--------------------------------------------  -----  ---------  --------  ----------  --------------  -------------------  ----------------------
/opt/airflow/dags/dag_cargar_cotizaciones.py                           1           0  0.29s           2024-10-26T19:04:20                      12
================================================================================
[2024-10-26T19:05:17.848+0000] {manager.py:468} INFO - Exiting gracefully upon receiving signal 15
[2024-10-26T19:07:12.760+0000] {manager.py:486} INFO - Processing files using up to 2 processes at a time 
[2024-10-26T19:07:12.761+0000] {manager.py:487} INFO - Process each file at most once every 30 seconds
[2024-10-26T19:07:12.763+0000] {manager.py:488} INFO - Checking for new files in /opt/airflow/dags every 300 seconds
[2024-10-26T19:07:12.766+0000] {manager.py:832} INFO - Searching for files in /opt/airflow/dags
[2024-10-26T19:07:12.806+0000] {manager.py:835} INFO - There are 1 files in /opt/airflow/dags
[2024-10-26T19:07:12.965+0000] {manager.py:1008} INFO - 
================================================================================
DAG File Processing Stats

File Path                                       PID  Runtime      # DAGs    # Errors  Last Runtime    Last Run      Last # of DB Queries
--------------------------------------------  -----  ---------  --------  ----------  --------------  ----------  ----------------------
/opt/airflow/dags/dag_cargar_cotizaciones.py     43  0.05s             0           0                                                   0
================================================================================
[2024-10-26T19:07:43.290+0000] {manager.py:1008} INFO - 
================================================================================
DAG File Processing Stats

File Path                                     PID    Runtime      # DAGs    # Errors  Last Runtime    Last Run               Last # of DB Queries
--------------------------------------------  -----  ---------  --------  ----------  --------------  -------------------  ----------------------
/opt/airflow/dags/dag_cargar_cotizaciones.py                           1           0  1.20s           2024-10-26T19:07:14                      45
================================================================================
[2024-10-26T19:08:13.670+0000] {manager.py:1008} INFO - 
================================================================================
DAG File Processing Stats

File Path                                     PID    Runtime      # DAGs    # Errors  Last Runtime    Last Run               Last # of DB Queries
--------------------------------------------  -----  ---------  --------  ----------  --------------  -------------------  ----------------------
/opt/airflow/dags/dag_cargar_cotizaciones.py                           1           0  0.40s           2024-10-26T19:07:44                      12
================================================================================
[2024-10-26T19:08:43.678+0000] {manager.py:1008} INFO - 
================================================================================
DAG File Processing Stats

File Path                                     PID    Runtime      # DAGs    # Errors  Last Runtime    Last Run               Last # of DB Queries
--------------------------------------------  -----  ---------  --------  ----------  --------------  -------------------  ----------------------
/opt/airflow/dags/dag_cargar_cotizaciones.py                           1           0  0.40s           2024-10-26T19:08:15                      12
================================================================================
[2024-10-26T19:09:14.074+0000] {manager.py:1008} INFO - 
================================================================================
DAG File Processing Stats

File Path                                     PID    Runtime      # DAGs    # Errors  Last Runtime    Last Run               Last # of DB Queries
--------------------------------------------  -----  ---------  --------  ----------  --------------  -------------------  ----------------------
/opt/airflow/dags/dag_cargar_cotizaciones.py                           1           0  0.44s           2024-10-26T19:08:46                      12
================================================================================
[2024-10-26T19:09:44.447+0000] {manager.py:1008} INFO - 
================================================================================
DAG File Processing Stats

File Path                                     PID    Runtime      # DAGs    # Errors  Last Runtime    Last Run               Last # of DB Queries
--------------------------------------------  -----  ---------  --------  ----------  --------------  -------------------  ----------------------
/opt/airflow/dags/dag_cargar_cotizaciones.py                           1           0  0.45s           2024-10-26T19:09:16                      12
================================================================================
[2024-10-26T19:10:15.136+0000] {manager.py:1008} INFO - 
================================================================================
DAG File Processing Stats

File Path                                     PID    Runtime      # DAGs    # Errors  Last Runtime    Last Run               Last # of DB Queries
--------------------------------------------  -----  ---------  --------  ----------  --------------  -------------------  ----------------------
/opt/airflow/dags/dag_cargar_cotizaciones.py                           1           0  0.39s           2024-10-26T19:09:47                      12
================================================================================
[2024-10-26T19:10:45.502+0000] {manager.py:1008} INFO - 
================================================================================
DAG File Processing Stats

File Path                                     PID    Runtime      # DAGs    # Errors  Last Runtime    Last Run               Last # of DB Queries
--------------------------------------------  -----  ---------  --------  ----------  --------------  -------------------  ----------------------
/opt/airflow/dags/dag_cargar_cotizaciones.py                           1           0  0.37s           2024-10-26T19:10:18                      12
================================================================================
[2024-10-26T19:10:49.625+0000] {manager.py:468} INFO - Exiting gracefully upon receiving signal 15
[2024-10-26T19:10:49.626+0000] {manager.py:468} INFO - Exiting gracefully upon receiving signal 15
[2024-10-26T19:10:49.979+0000] {manager.py:468} INFO - Exiting gracefully upon receiving signal 15
[2024-10-26T19:11:56.638+0000] {manager.py:486} INFO - Processing files using up to 2 processes at a time 
[2024-10-26T19:11:56.640+0000] {manager.py:487} INFO - Process each file at most once every 30 seconds
[2024-10-26T19:11:56.642+0000] {manager.py:488} INFO - Checking for new files in /opt/airflow/dags every 300 seconds
[2024-10-26T19:11:56.643+0000] {manager.py:832} INFO - Searching for files in /opt/airflow/dags
[2024-10-26T19:11:56.657+0000] {manager.py:835} INFO - There are 1 files in /opt/airflow/dags
[2024-10-26T19:11:56.757+0000] {manager.py:1008} INFO - 
================================================================================
DAG File Processing Stats

File Path                                       PID  Runtime      # DAGs    # Errors  Last Runtime    Last Run      Last # of DB Queries
--------------------------------------------  -----  ---------  --------  ----------  --------------  ----------  ----------------------
/opt/airflow/dags/dag_cargar_cotizaciones.py     41  0.02s             0           0                                                   0
================================================================================
[2024-10-26T19:12:27.092+0000] {manager.py:1008} INFO - 
================================================================================
DAG File Processing Stats

File Path                                     PID    Runtime      # DAGs    # Errors  Last Runtime    Last Run               Last # of DB Queries
--------------------------------------------  -----  ---------  --------  ----------  --------------  -------------------  ----------------------
/opt/airflow/dags/dag_cargar_cotizaciones.py                           1           0  0.63s           2024-10-26T19:11:57                      12
================================================================================
[2024-10-26T19:12:57.163+0000] {manager.py:1008} INFO - 
================================================================================
DAG File Processing Stats

File Path                                     PID    Runtime      # DAGs    # Errors  Last Runtime    Last Run               Last # of DB Queries
--------------------------------------------  -----  ---------  --------  ----------  --------------  -------------------  ----------------------
/opt/airflow/dags/dag_cargar_cotizaciones.py                           1           0  0.31s           2024-10-26T19:12:27                      12
================================================================================
[2024-10-26T19:13:27.540+0000] {manager.py:1008} INFO - 
================================================================================
DAG File Processing Stats

File Path                                     PID    Runtime      # DAGs    # Errors  Last Runtime    Last Run               Last # of DB Queries
--------------------------------------------  -----  ---------  --------  ----------  --------------  -------------------  ----------------------
/opt/airflow/dags/dag_cargar_cotizaciones.py                           1           0  1.28s           2024-10-26T19:12:59                      12
================================================================================
[2024-10-26T19:13:57.798+0000] {manager.py:1008} INFO - 
================================================================================
DAG File Processing Stats

File Path                                     PID    Runtime      # DAGs    # Errors  Last Runtime    Last Run               Last # of DB Queries
--------------------------------------------  -----  ---------  --------  ----------  --------------  -------------------  ----------------------
/opt/airflow/dags/dag_cargar_cotizaciones.py                           1           0  0.92s           2024-10-26T19:13:30                      12
================================================================================
[2024-10-26T19:14:28.131+0000] {manager.py:1008} INFO - 
================================================================================
DAG File Processing Stats

File Path                                     PID    Runtime      # DAGs    # Errors  Last Runtime    Last Run               Last # of DB Queries
--------------------------------------------  -----  ---------  --------  ----------  --------------  -------------------  ----------------------
/opt/airflow/dags/dag_cargar_cotizaciones.py                           1           0  0.40s           2024-10-26T19:14:01                      12
================================================================================
[2024-10-26T19:14:31.633+0000] {manager.py:468} INFO - Exiting gracefully upon receiving signal 15
[2024-10-26T19:14:31.634+0000] {manager.py:468} INFO - Exiting gracefully upon receiving signal 15
[2024-10-26T19:14:32.095+0000] {manager.py:468} INFO - Exiting gracefully upon receiving signal 15
[2024-10-26T19:15:39.331+0000] {manager.py:486} INFO - Processing files using up to 2 processes at a time 
[2024-10-26T19:15:39.331+0000] {manager.py:487} INFO - Process each file at most once every 30 seconds
[2024-10-26T19:15:39.332+0000] {manager.py:488} INFO - Checking for new files in /opt/airflow/dags every 300 seconds
[2024-10-26T19:15:39.332+0000] {manager.py:832} INFO - Searching for files in /opt/airflow/dags
[2024-10-26T19:15:39.350+0000] {manager.py:835} INFO - There are 1 files in /opt/airflow/dags
[2024-10-26T19:15:39.448+0000] {manager.py:1008} INFO - 
================================================================================
DAG File Processing Stats

File Path                                       PID  Runtime      # DAGs    # Errors  Last Runtime    Last Run      Last # of DB Queries
--------------------------------------------  -----  ---------  --------  ----------  --------------  ----------  ----------------------
/opt/airflow/dags/dag_cargar_cotizaciones.py     42  0.02s             0           0                                                   0
================================================================================
[2024-10-26T19:16:09.721+0000] {manager.py:1008} INFO - 
================================================================================
DAG File Processing Stats

File Path                                     PID    Runtime      # DAGs    # Errors  Last Runtime    Last Run               Last # of DB Queries
--------------------------------------------  -----  ---------  --------  ----------  --------------  -------------------  ----------------------
/opt/airflow/dags/dag_cargar_cotizaciones.py                           1           0  0.73s           2024-10-26T19:15:40                      12
================================================================================
[2024-10-26T19:16:39.767+0000] {manager.py:1008} INFO - 
================================================================================
DAG File Processing Stats

File Path                                     PID    Runtime      # DAGs    # Errors  Last Runtime    Last Run               Last # of DB Queries
--------------------------------------------  -----  ---------  --------  ----------  --------------  -------------------  ----------------------
/opt/airflow/dags/dag_cargar_cotizaciones.py                           1           0  1.05s           2024-10-26T19:16:11                      12
================================================================================
[2024-10-26T19:17:10.049+0000] {manager.py:1008} INFO - 
================================================================================
DAG File Processing Stats

File Path                                     PID    Runtime      # DAGs    # Errors  Last Runtime    Last Run               Last # of DB Queries
--------------------------------------------  -----  ---------  --------  ----------  --------------  -------------------  ----------------------
/opt/airflow/dags/dag_cargar_cotizaciones.py                           1           0  0.48s           2024-10-26T19:16:42                      12
================================================================================
[2024-10-26T19:17:40.069+0000] {manager.py:1008} INFO - 
================================================================================
DAG File Processing Stats

File Path                                     PID    Runtime      # DAGs    # Errors  Last Runtime    Last Run               Last # of DB Queries
--------------------------------------------  -----  ---------  --------  ----------  --------------  -------------------  ----------------------
/opt/airflow/dags/dag_cargar_cotizaciones.py                           1           0  0.32s           2024-10-26T19:17:12                      12
================================================================================
[2024-10-26T19:18:10.440+0000] {manager.py:1008} INFO - 
================================================================================
DAG File Processing Stats

File Path                                     PID    Runtime      # DAGs    # Errors  Last Runtime    Last Run               Last # of DB Queries
--------------------------------------------  -----  ---------  --------  ----------  --------------  -------------------  ----------------------
/opt/airflow/dags/dag_cargar_cotizaciones.py                           1           0  0.32s           2024-10-26T19:17:43                      12
================================================================================
[2024-10-26T19:18:40.973+0000] {manager.py:1008} INFO - 
================================================================================
DAG File Processing Stats

File Path                                     PID    Runtime      # DAGs    # Errors  Last Runtime    Last Run               Last # of DB Queries
--------------------------------------------  -----  ---------  --------  ----------  --------------  -------------------  ----------------------
/opt/airflow/dags/dag_cargar_cotizaciones.py                           1           0  0.34s           2024-10-26T19:18:13                      12
================================================================================
[2024-10-26T19:19:11.538+0000] {manager.py:1008} INFO - 
================================================================================
DAG File Processing Stats

File Path                                     PID    Runtime      # DAGs    # Errors  Last Runtime    Last Run               Last # of DB Queries
--------------------------------------------  -----  ---------  --------  ----------  --------------  -------------------  ----------------------
/opt/airflow/dags/dag_cargar_cotizaciones.py                           1           0  0.40s           2024-10-26T19:18:44                      12
================================================================================
[2024-10-26T19:19:41.968+0000] {manager.py:1008} INFO - 
================================================================================
DAG File Processing Stats

File Path                                     PID    Runtime      # DAGs    # Errors  Last Runtime    Last Run               Last # of DB Queries
--------------------------------------------  -----  ---------  --------  ----------  --------------  -------------------  ----------------------
/opt/airflow/dags/dag_cargar_cotizaciones.py                           1           0  0.28s           2024-10-26T19:19:14                      12
================================================================================
[2024-10-26T19:20:12.479+0000] {manager.py:1008} INFO - 
================================================================================
DAG File Processing Stats

File Path                                     PID    Runtime      # DAGs    # Errors  Last Runtime    Last Run               Last # of DB Queries
--------------------------------------------  -----  ---------  --------  ----------  --------------  -------------------  ----------------------
/opt/airflow/dags/dag_cargar_cotizaciones.py                           1           0  0.26s           2024-10-26T19:19:45                      12
================================================================================
[2024-10-26T19:20:39.833+0000] {manager.py:832} INFO - Searching for files in /opt/airflow/dags
[2024-10-26T19:20:39.841+0000] {manager.py:835} INFO - There are 1 files in /opt/airflow/dags
[2024-10-26T19:20:42.881+0000] {manager.py:1008} INFO - 
================================================================================
DAG File Processing Stats

File Path                                     PID    Runtime      # DAGs    # Errors  Last Runtime    Last Run               Last # of DB Queries
--------------------------------------------  -----  ---------  --------  ----------  --------------  -------------------  ----------------------
/opt/airflow/dags/dag_cargar_cotizaciones.py                           1           0  0.31s           2024-10-26T19:20:15                      12
================================================================================
[2024-10-26T19:21:13.200+0000] {manager.py:1008} INFO - 
================================================================================
DAG File Processing Stats

File Path                                     PID    Runtime      # DAGs    # Errors  Last Runtime    Last Run               Last # of DB Queries
--------------------------------------------  -----  ---------  --------  ----------  --------------  -------------------  ----------------------
/opt/airflow/dags/dag_cargar_cotizaciones.py                           1           0  0.35s           2024-10-26T19:20:46                      12
================================================================================
[2024-10-26T19:21:43.869+0000] {manager.py:1008} INFO - 
================================================================================
DAG File Processing Stats

File Path                                     PID    Runtime      # DAGs    # Errors  Last Runtime    Last Run               Last # of DB Queries
--------------------------------------------  -----  ---------  --------  ----------  --------------  -------------------  ----------------------
/opt/airflow/dags/dag_cargar_cotizaciones.py                           1           0  0.27s           2024-10-26T19:21:16                      12
================================================================================
[2024-10-26T19:22:14.437+0000] {manager.py:1008} INFO - 
================================================================================
DAG File Processing Stats

File Path                                     PID    Runtime      # DAGs    # Errors  Last Runtime    Last Run               Last # of DB Queries
--------------------------------------------  -----  ---------  --------  ----------  --------------  -------------------  ----------------------
/opt/airflow/dags/dag_cargar_cotizaciones.py                           1           0  0.36s           2024-10-26T19:21:47                      12
================================================================================
[2024-10-26T19:22:44.868+0000] {manager.py:1008} INFO - 
================================================================================
DAG File Processing Stats

File Path                                     PID    Runtime      # DAGs    # Errors  Last Runtime    Last Run               Last # of DB Queries
--------------------------------------------  -----  ---------  --------  ----------  --------------  -------------------  ----------------------
/opt/airflow/dags/dag_cargar_cotizaciones.py                           1           0  0.27s           2024-10-26T19:22:17                      12
================================================================================
[2024-10-26T19:23:15.357+0000] {manager.py:1008} INFO - 
================================================================================
DAG File Processing Stats

File Path                                     PID    Runtime      # DAGs    # Errors  Last Runtime    Last Run               Last # of DB Queries
--------------------------------------------  -----  ---------  --------  ----------  --------------  -------------------  ----------------------
/opt/airflow/dags/dag_cargar_cotizaciones.py                           1           0  0.30s           2024-10-26T19:22:48                      12
================================================================================
[2024-10-26T19:23:45.720+0000] {manager.py:1008} INFO - 
================================================================================
DAG File Processing Stats

File Path                                     PID    Runtime      # DAGs    # Errors  Last Runtime    Last Run               Last # of DB Queries
--------------------------------------------  -----  ---------  --------  ----------  --------------  -------------------  ----------------------
/opt/airflow/dags/dag_cargar_cotizaciones.py                           1           0  0.27s           2024-10-26T19:23:18                      12
================================================================================
[2024-10-26T19:24:16.223+0000] {manager.py:1008} INFO - 
================================================================================
DAG File Processing Stats

File Path                                     PID    Runtime      # DAGs    # Errors  Last Runtime    Last Run               Last # of DB Queries
--------------------------------------------  -----  ---------  --------  ----------  --------------  -------------------  ----------------------
/opt/airflow/dags/dag_cargar_cotizaciones.py                           1           0  0.29s           2024-10-26T19:23:49                      12
================================================================================
[2024-10-26T19:24:46.612+0000] {manager.py:1008} INFO - 
================================================================================
DAG File Processing Stats

File Path                                     PID    Runtime      # DAGs    # Errors  Last Runtime    Last Run               Last # of DB Queries
--------------------------------------------  -----  ---------  --------  ----------  --------------  -------------------  ----------------------
/opt/airflow/dags/dag_cargar_cotizaciones.py                           1           0  0.32s           2024-10-26T19:24:19                      12
================================================================================
[2024-10-26T19:25:17.176+0000] {manager.py:1008} INFO - 
================================================================================
DAG File Processing Stats

File Path                                     PID    Runtime      # DAGs    # Errors  Last Runtime    Last Run               Last # of DB Queries
--------------------------------------------  -----  ---------  --------  ----------  --------------  -------------------  ----------------------
/opt/airflow/dags/dag_cargar_cotizaciones.py                           1           0  0.28s           2024-10-26T19:24:49                      12
================================================================================
[2024-10-26T19:25:40.433+0000] {manager.py:832} INFO - Searching for files in /opt/airflow/dags
[2024-10-26T19:25:40.444+0000] {manager.py:835} INFO - There are 1 files in /opt/airflow/dags
[2024-10-26T19:25:47.520+0000] {manager.py:1008} INFO - 
================================================================================
DAG File Processing Stats

File Path                                     PID    Runtime      # DAGs    # Errors  Last Runtime    Last Run               Last # of DB Queries
--------------------------------------------  -----  ---------  --------  ----------  --------------  -------------------  ----------------------
/opt/airflow/dags/dag_cargar_cotizaciones.py                           1           0  0.30s           2024-10-26T19:25:20                      12
================================================================================
[2024-10-26T19:26:18.104+0000] {manager.py:1008} INFO - 
================================================================================
DAG File Processing Stats

File Path                                     PID    Runtime      # DAGs    # Errors  Last Runtime    Last Run               Last # of DB Queries
--------------------------------------------  -----  ---------  --------  ----------  --------------  -------------------  ----------------------
/opt/airflow/dags/dag_cargar_cotizaciones.py                           1           0  0.33s           2024-10-26T19:25:50                      12
================================================================================
[2024-10-26T19:26:48.429+0000] {manager.py:1008} INFO - 
================================================================================
DAG File Processing Stats

File Path                                     PID    Runtime      # DAGs    # Errors  Last Runtime    Last Run               Last # of DB Queries
--------------------------------------------  -----  ---------  --------  ----------  --------------  -------------------  ----------------------
/opt/airflow/dags/dag_cargar_cotizaciones.py                           1           0  0.32s           2024-10-26T19:26:21                      12
================================================================================
[2024-10-26T19:27:19.035+0000] {manager.py:1008} INFO - 
================================================================================
DAG File Processing Stats

File Path                                     PID    Runtime      # DAGs    # Errors  Last Runtime    Last Run               Last # of DB Queries
--------------------------------------------  -----  ---------  --------  ----------  --------------  -------------------  ----------------------
/opt/airflow/dags/dag_cargar_cotizaciones.py                           1           0  0.30s           2024-10-26T19:26:51                      12
================================================================================
[2024-10-26T19:27:49.383+0000] {manager.py:1008} INFO - 
================================================================================
DAG File Processing Stats

File Path                                     PID    Runtime      # DAGs    # Errors  Last Runtime    Last Run               Last # of DB Queries
--------------------------------------------  -----  ---------  --------  ----------  --------------  -------------------  ----------------------
/opt/airflow/dags/dag_cargar_cotizaciones.py                           1           0  0.34s           2024-10-26T19:27:22                      12
================================================================================
[2024-10-26T19:28:19.706+0000] {manager.py:1008} INFO - 
================================================================================
DAG File Processing Stats

File Path                                     PID    Runtime      # DAGs    # Errors  Last Runtime    Last Run               Last # of DB Queries
--------------------------------------------  -----  ---------  --------  ----------  --------------  -------------------  ----------------------
/opt/airflow/dags/dag_cargar_cotizaciones.py                           1           0  0.24s           2024-10-26T19:27:52                      12
================================================================================
[2024-10-26T19:28:50.329+0000] {manager.py:1008} INFO - 
================================================================================
DAG File Processing Stats

File Path                                     PID    Runtime      # DAGs    # Errors  Last Runtime    Last Run               Last # of DB Queries
--------------------------------------------  -----  ---------  --------  ----------  --------------  -------------------  ----------------------
/opt/airflow/dags/dag_cargar_cotizaciones.py                           1           0  0.29s           2024-10-26T19:28:32                      12
================================================================================
[2024-10-26T19:29:20.833+0000] {manager.py:1008} INFO - 
================================================================================
DAG File Processing Stats

File Path                                     PID    Runtime      # DAGs    # Errors  Last Runtime    Last Run               Last # of DB Queries
--------------------------------------------  -----  ---------  --------  ----------  --------------  -------------------  ----------------------
/opt/airflow/dags/dag_cargar_cotizaciones.py                           1           0  0.30s           2024-10-26T19:29:02                      12
================================================================================
[2024-10-26T19:29:51.284+0000] {manager.py:1008} INFO - 
================================================================================
DAG File Processing Stats

File Path                                     PID    Runtime      # DAGs    # Errors  Last Runtime    Last Run               Last # of DB Queries
--------------------------------------------  -----  ---------  --------  ----------  --------------  -------------------  ----------------------
/opt/airflow/dags/dag_cargar_cotizaciones.py                           1           0  0.33s           2024-10-26T19:29:33                      12
================================================================================
[2024-10-26T19:30:21.713+0000] {manager.py:1008} INFO - 
================================================================================
DAG File Processing Stats

File Path                                     PID    Runtime      # DAGs    # Errors  Last Runtime    Last Run               Last # of DB Queries
--------------------------------------------  -----  ---------  --------  ----------  --------------  -------------------  ----------------------
/opt/airflow/dags/dag_cargar_cotizaciones.py                           1           0  0.32s           2024-10-26T19:30:03                      12
================================================================================
[2024-10-26T19:30:41.107+0000] {manager.py:832} INFO - Searching for files in /opt/airflow/dags
[2024-10-26T19:30:41.118+0000] {manager.py:835} INFO - There are 1 files in /opt/airflow/dags
[2024-10-26T19:30:52.254+0000] {manager.py:1008} INFO - 
================================================================================
DAG File Processing Stats

File Path                                     PID    Runtime      # DAGs    # Errors  Last Runtime    Last Run               Last # of DB Queries
--------------------------------------------  -----  ---------  --------  ----------  --------------  -------------------  ----------------------
/opt/airflow/dags/dag_cargar_cotizaciones.py                           1           0  0.28s           2024-10-26T19:30:34                      12
================================================================================
[2024-10-26T19:31:22.623+0000] {manager.py:1008} INFO - 
================================================================================
DAG File Processing Stats

File Path                                     PID    Runtime      # DAGs    # Errors  Last Runtime    Last Run               Last # of DB Queries
--------------------------------------------  -----  ---------  --------  ----------  --------------  -------------------  ----------------------
/opt/airflow/dags/dag_cargar_cotizaciones.py                           1           0  0.33s           2024-10-26T19:31:04                      12
================================================================================
[2024-10-26T19:31:52.988+0000] {manager.py:1008} INFO - 
================================================================================
DAG File Processing Stats

File Path                                     PID    Runtime      # DAGs    # Errors  Last Runtime    Last Run               Last # of DB Queries
--------------------------------------------  -----  ---------  --------  ----------  --------------  -------------------  ----------------------
/opt/airflow/dags/dag_cargar_cotizaciones.py                           1           0  0.33s           2024-10-26T19:31:35                      12
================================================================================
[2024-10-26T19:32:23.494+0000] {manager.py:1008} INFO - 
================================================================================
DAG File Processing Stats

File Path                                     PID    Runtime      # DAGs    # Errors  Last Runtime    Last Run               Last # of DB Queries
--------------------------------------------  -----  ---------  --------  ----------  --------------  -------------------  ----------------------
/opt/airflow/dags/dag_cargar_cotizaciones.py                           1           0  0.26s           2024-10-26T19:32:05                      12
================================================================================
[2024-10-26T19:32:53.863+0000] {manager.py:1008} INFO - 
================================================================================
DAG File Processing Stats

File Path                                     PID    Runtime      # DAGs    # Errors  Last Runtime    Last Run               Last # of DB Queries
--------------------------------------------  -----  ---------  --------  ----------  --------------  -------------------  ----------------------
/opt/airflow/dags/dag_cargar_cotizaciones.py                           1           0  0.45s           2024-10-26T19:32:36                      12
================================================================================
[2024-10-26T19:33:23.892+0000] {manager.py:1008} INFO - 
================================================================================
DAG File Processing Stats

File Path                                     PID    Runtime      # DAGs    # Errors  Last Runtime    Last Run               Last # of DB Queries
--------------------------------------------  -----  ---------  --------  ----------  --------------  -------------------  ----------------------
/opt/airflow/dags/dag_cargar_cotizaciones.py                           1           0  0.26s           2024-10-26T19:33:06                      12
================================================================================
[2024-10-26T19:33:54.153+0000] {manager.py:1008} INFO - 
================================================================================
DAG File Processing Stats

File Path                                     PID    Runtime      # DAGs    # Errors  Last Runtime    Last Run               Last # of DB Queries
--------------------------------------------  -----  ---------  --------  ----------  --------------  -------------------  ----------------------
/opt/airflow/dags/dag_cargar_cotizaciones.py                           1           0  0.43s           2024-10-26T19:33:37                      12
================================================================================
[2024-10-26T19:34:24.555+0000] {manager.py:1008} INFO - 
================================================================================
DAG File Processing Stats

File Path                                     PID    Runtime      # DAGs    # Errors  Last Runtime    Last Run               Last # of DB Queries
--------------------------------------------  -----  ---------  --------  ----------  --------------  -------------------  ----------------------
/opt/airflow/dags/dag_cargar_cotizaciones.py                           1           0  0.40s           2024-10-26T19:34:07                      12
================================================================================
[2024-10-26T19:34:55.240+0000] {manager.py:1008} INFO - 
================================================================================
DAG File Processing Stats

File Path                                     PID    Runtime      # DAGs    # Errors  Last Runtime    Last Run               Last # of DB Queries
--------------------------------------------  -----  ---------  --------  ----------  --------------  -------------------  ----------------------
/opt/airflow/dags/dag_cargar_cotizaciones.py                           1           0  0.37s           2024-10-26T19:34:38                      12
================================================================================
[2024-10-26T19:35:25.846+0000] {manager.py:1008} INFO - 
================================================================================
DAG File Processing Stats

File Path                                     PID    Runtime      # DAGs    # Errors  Last Runtime    Last Run               Last # of DB Queries
--------------------------------------------  -----  ---------  --------  ----------  --------------  -------------------  ----------------------
/opt/airflow/dags/dag_cargar_cotizaciones.py                           1           0  0.25s           2024-10-26T19:35:08                      12
================================================================================
[2024-10-26T19:35:41.206+0000] {manager.py:832} INFO - Searching for files in /opt/airflow/dags
[2024-10-26T19:35:41.216+0000] {manager.py:835} INFO - There are 1 files in /opt/airflow/dags
[2024-10-26T19:35:56.375+0000] {manager.py:1008} INFO - 
================================================================================
DAG File Processing Stats

File Path                                     PID    Runtime      # DAGs    # Errors  Last Runtime    Last Run               Last # of DB Queries
--------------------------------------------  -----  ---------  --------  ----------  --------------  -------------------  ----------------------
/opt/airflow/dags/dag_cargar_cotizaciones.py                           1           0  0.33s           2024-10-26T19:35:39                      12
================================================================================
[2024-10-26T19:36:26.720+0000] {manager.py:1008} INFO - 
================================================================================
DAG File Processing Stats

File Path                                     PID    Runtime      # DAGs    # Errors  Last Runtime    Last Run               Last # of DB Queries
--------------------------------------------  -----  ---------  --------  ----------  --------------  -------------------  ----------------------
/opt/airflow/dags/dag_cargar_cotizaciones.py                           1           0  0.38s           2024-10-26T19:36:09                      12
================================================================================
[2024-10-26T19:36:57.378+0000] {manager.py:1008} INFO - 
================================================================================
DAG File Processing Stats

File Path                                     PID    Runtime      # DAGs    # Errors  Last Runtime    Last Run               Last # of DB Queries
--------------------------------------------  -----  ---------  --------  ----------  --------------  -------------------  ----------------------
/opt/airflow/dags/dag_cargar_cotizaciones.py                           1           0  0.33s           2024-10-26T19:36:40                      12
================================================================================
[2024-10-26T19:37:28.058+0000] {manager.py:1008} INFO - 
================================================================================
DAG File Processing Stats

File Path                                     PID    Runtime      # DAGs    # Errors  Last Runtime    Last Run               Last # of DB Queries
--------------------------------------------  -----  ---------  --------  ----------  --------------  -------------------  ----------------------
/opt/airflow/dags/dag_cargar_cotizaciones.py                           1           0  0.40s           2024-10-26T19:37:10                      12
================================================================================
[2024-10-26T19:37:58.383+0000] {manager.py:1008} INFO - 
================================================================================
DAG File Processing Stats

File Path                                     PID    Runtime      # DAGs    # Errors  Last Runtime    Last Run               Last # of DB Queries
--------------------------------------------  -----  ---------  --------  ----------  --------------  -------------------  ----------------------
/opt/airflow/dags/dag_cargar_cotizaciones.py                           1           0  0.34s           2024-10-26T19:37:41                      12
================================================================================
