[2024-10-26T16:34:19.098+0000] {local_task_job_runner.py:123} INFO - ::group::Pre task execution logs
[2024-10-26T16:34:19.115+0000] {taskinstance.py:2612} INFO - Dependencies all met for dep_context=non-requeueable deps ti=<TaskInstance: dag_cargar_cotizaciones.ccl_to_redshift scheduled__2024-10-18T00:00:00+00:00 [queued]>
[2024-10-26T16:34:19.133+0000] {taskinstance.py:2612} INFO - Dependencies all met for dep_context=requeueable deps ti=<TaskInstance: dag_cargar_cotizaciones.ccl_to_redshift scheduled__2024-10-18T00:00:00+00:00 [queued]>
[2024-10-26T16:34:19.135+0000] {taskinstance.py:2865} INFO - Starting attempt 1 of 1
[2024-10-26T16:34:19.153+0000] {taskinstance.py:2888} INFO - Executing <Task(PythonOperator): ccl_to_redshift> on 2024-10-18 00:00:00+00:00
[2024-10-26T16:34:19.163+0000] {standard_task_runner.py:72} INFO - Started process 893 to run task
[2024-10-26T16:34:19.176+0000] {standard_task_runner.py:104} INFO - Running: ['***', 'tasks', 'run', 'dag_cargar_cotizaciones', 'ccl_to_redshift', 'scheduled__2024-10-18T00:00:00+00:00', '--job-id', '126', '--raw', '--subdir', 'DAGS_FOLDER/dag_cargar_cotizaciones.py', '--cfg-path', '/tmp/tmp_7hsa676']
[2024-10-26T16:34:19.187+0000] {standard_task_runner.py:105} INFO - Job 126: Subtask ccl_to_redshift
[2024-10-26T16:34:19.285+0000] {task_command.py:467} INFO - Running <TaskInstance: dag_cargar_cotizaciones.ccl_to_redshift scheduled__2024-10-18T00:00:00+00:00 [running]> on host 99ce4a540f58
[2024-10-26T16:34:19.408+0000] {taskinstance.py:3131} INFO - Exporting env vars: AIRFLOW_CTX_DAG_OWNER='***' AIRFLOW_CTX_DAG_ID='dag_cargar_cotizaciones' AIRFLOW_CTX_TASK_ID='ccl_to_redshift' AIRFLOW_CTX_EXECUTION_DATE='2024-10-18T00:00:00+00:00' AIRFLOW_CTX_TRY_NUMBER='1' AIRFLOW_CTX_DAG_RUN_ID='scheduled__2024-10-18T00:00:00+00:00'
[2024-10-26T16:34:19.412+0000] {taskinstance.py:731} INFO - ::endgroup::
[2024-10-26T16:34:19.900+0000] {base.py:84} INFO - Retrieving connection 'redshift_conn'
[2024-10-26T16:34:21.977+0000] {python.py:240} INFO - Done. Returned value was: None
[2024-10-26T16:34:22.014+0000] {taskinstance.py:340} INFO - ::group::Post task execution logs
[2024-10-26T16:34:22.017+0000] {taskinstance.py:352} INFO - Marking task as SUCCESS. dag_id=dag_cargar_cotizaciones, task_id=ccl_to_redshift, run_id=scheduled__2024-10-18T00:00:00+00:00, execution_date=20241018T000000, start_date=20241026T163419, end_date=20241026T163422
[2024-10-26T16:34:22.076+0000] {local_task_job_runner.py:266} INFO - Task exited with return code 0
[2024-10-26T16:34:22.124+0000] {taskinstance.py:3900} INFO - 0 downstream tasks scheduled from follow-on schedule check
[2024-10-26T16:34:22.133+0000] {local_task_job_runner.py:245} INFO - ::endgroup::
[2024-10-26T16:37:18.440+0000] {local_task_job_runner.py:123} INFO - ::group::Pre task execution logs
[2024-10-26T16:37:18.501+0000] {taskinstance.py:2612} INFO - Dependencies all met for dep_context=non-requeueable deps ti=<TaskInstance: dag_cargar_cotizaciones.ccl_to_redshift scheduled__2024-10-18T00:00:00+00:00 [queued]>
[2024-10-26T16:37:18.581+0000] {taskinstance.py:2612} INFO - Dependencies all met for dep_context=requeueable deps ti=<TaskInstance: dag_cargar_cotizaciones.ccl_to_redshift scheduled__2024-10-18T00:00:00+00:00 [queued]>
[2024-10-26T16:37:18.587+0000] {taskinstance.py:2865} INFO - Starting attempt 1 of 1
[2024-10-26T16:37:18.819+0000] {taskinstance.py:2888} INFO - Executing <Task(PythonOperator): ccl_to_redshift> on 2024-10-18 00:00:00+00:00
[2024-10-26T16:37:18.845+0000] {standard_task_runner.py:72} INFO - Started process 1974 to run task
[2024-10-26T16:37:18.865+0000] {standard_task_runner.py:104} INFO - Running: ['***', 'tasks', 'run', 'dag_cargar_cotizaciones', 'ccl_to_redshift', 'scheduled__2024-10-18T00:00:00+00:00', '--job-id', '300', '--raw', '--subdir', 'DAGS_FOLDER/dag_cargar_cotizaciones.py', '--cfg-path', '/tmp/tmpcf9q72of']
[2024-10-26T16:37:18.891+0000] {standard_task_runner.py:105} INFO - Job 300: Subtask ccl_to_redshift
[2024-10-26T16:37:19.121+0000] {task_command.py:467} INFO - Running <TaskInstance: dag_cargar_cotizaciones.ccl_to_redshift scheduled__2024-10-18T00:00:00+00:00 [running]> on host 99ce4a540f58
[2024-10-26T16:37:19.407+0000] {taskinstance.py:3131} INFO - Exporting env vars: AIRFLOW_CTX_DAG_OWNER='***' AIRFLOW_CTX_DAG_ID='dag_cargar_cotizaciones' AIRFLOW_CTX_TASK_ID='ccl_to_redshift' AIRFLOW_CTX_EXECUTION_DATE='2024-10-18T00:00:00+00:00' AIRFLOW_CTX_TRY_NUMBER='1' AIRFLOW_CTX_DAG_RUN_ID='scheduled__2024-10-18T00:00:00+00:00'
[2024-10-26T16:37:19.414+0000] {taskinstance.py:731} INFO - ::endgroup::
[2024-10-26T16:37:19.920+0000] {base.py:84} INFO - Retrieving connection 'redshift_conn'
[2024-10-26T16:37:21.992+0000] {python.py:240} INFO - Done. Returned value was: None
[2024-10-26T16:37:22.022+0000] {taskinstance.py:340} INFO - ::group::Post task execution logs
[2024-10-26T16:37:22.023+0000] {taskinstance.py:352} INFO - Marking task as SUCCESS. dag_id=dag_cargar_cotizaciones, task_id=ccl_to_redshift, run_id=scheduled__2024-10-18T00:00:00+00:00, execution_date=20241018T000000, start_date=20241026T163718, end_date=20241026T163722
[2024-10-26T16:37:22.057+0000] {local_task_job_runner.py:266} INFO - Task exited with return code 0
[2024-10-26T16:37:22.105+0000] {taskinstance.py:3900} INFO - 0 downstream tasks scheduled from follow-on schedule check
[2024-10-26T16:37:22.106+0000] {local_task_job_runner.py:245} INFO - ::endgroup::
[2024-10-26T18:55:59.015+0000] {local_task_job_runner.py:123} INFO - ::group::Pre task execution logs
[2024-10-26T18:55:59.040+0000] {taskinstance.py:2612} INFO - Dependencies all met for dep_context=non-requeueable deps ti=<TaskInstance: dag_cargar_cotizaciones.ccl_to_redshift scheduled__2024-10-18T00:00:00+00:00 [queued]>
[2024-10-26T18:55:59.051+0000] {taskinstance.py:2612} INFO - Dependencies all met for dep_context=requeueable deps ti=<TaskInstance: dag_cargar_cotizaciones.ccl_to_redshift scheduled__2024-10-18T00:00:00+00:00 [queued]>
[2024-10-26T18:55:59.052+0000] {taskinstance.py:2865} INFO - Starting attempt 1 of 1
[2024-10-26T18:55:59.110+0000] {taskinstance.py:2888} INFO - Executing <Task(PythonOperator): ccl_to_redshift> on 2024-10-18 00:00:00+00:00
[2024-10-26T18:55:59.122+0000] {standard_task_runner.py:72} INFO - Started process 496 to run task
[2024-10-26T18:55:59.128+0000] {standard_task_runner.py:104} INFO - Running: ['***', 'tasks', 'run', 'dag_cargar_cotizaciones', 'ccl_to_redshift', 'scheduled__2024-10-18T00:00:00+00:00', '--job-id', '102', '--raw', '--subdir', 'DAGS_FOLDER/dag_cargar_cotizaciones.py', '--cfg-path', '/tmp/tmpm4kke8mq']
[2024-10-26T18:55:59.131+0000] {standard_task_runner.py:105} INFO - Job 102: Subtask ccl_to_redshift
[2024-10-26T18:55:59.201+0000] {task_command.py:467} INFO - Running <TaskInstance: dag_cargar_cotizaciones.ccl_to_redshift scheduled__2024-10-18T00:00:00+00:00 [running]> on host 0c643dd08f0d
[2024-10-26T18:55:59.304+0000] {taskinstance.py:3131} INFO - Exporting env vars: AIRFLOW_CTX_DAG_OWNER='***' AIRFLOW_CTX_DAG_ID='dag_cargar_cotizaciones' AIRFLOW_CTX_TASK_ID='ccl_to_redshift' AIRFLOW_CTX_EXECUTION_DATE='2024-10-18T00:00:00+00:00' AIRFLOW_CTX_TRY_NUMBER='1' AIRFLOW_CTX_DAG_RUN_ID='scheduled__2024-10-18T00:00:00+00:00'
[2024-10-26T18:55:59.310+0000] {taskinstance.py:731} INFO - ::endgroup::
[2024-10-26T18:56:00.695+0000] {redshift_operations.py:19} INFO - Estableciendo conexión con Redshift.
[2024-10-26T18:56:00.704+0000] {base.py:84} INFO - Retrieving connection 'redshift_conn'
[2024-10-26T18:56:02.407+0000] {redshift_operations.py:28} INFO - Conexión con Redshift establecida. Ejecutando función.
[2024-10-26T18:56:02.408+0000] {redshift_operations.py:45} INFO - Iniciando carga de datos en Redshift.
[2024-10-26T18:56:03.738+0000] {redshift_operations.py:53} INFO - Carga de datos completada exitosamente.
[2024-10-26T18:56:03.739+0000] {redshift_operations.py:31} INFO - Conexión con Redshift cerrada.
[2024-10-26T18:56:03.740+0000] {python.py:240} INFO - Done. Returned value was: None
[2024-10-26T18:56:03.751+0000] {taskinstance.py:340} INFO - ::group::Post task execution logs
[2024-10-26T18:56:03.751+0000] {taskinstance.py:352} INFO - Marking task as SUCCESS. dag_id=dag_cargar_cotizaciones, task_id=ccl_to_redshift, run_id=scheduled__2024-10-18T00:00:00+00:00, execution_date=20241018T000000, start_date=20241026T185559, end_date=20241026T185603
[2024-10-26T18:56:03.807+0000] {local_task_job_runner.py:266} INFO - Task exited with return code 0
[2024-10-26T18:56:03.863+0000] {taskinstance.py:3900} INFO - 0 downstream tasks scheduled from follow-on schedule check
[2024-10-26T18:56:03.866+0000] {local_task_job_runner.py:245} INFO - ::endgroup::
[2024-10-26T19:04:04.832+0000] {local_task_job_runner.py:123} INFO - ::group::Pre task execution logs
[2024-10-26T19:04:04.852+0000] {taskinstance.py:2612} INFO - Dependencies all met for dep_context=non-requeueable deps ti=<TaskInstance: dag_cargar_cotizaciones.ccl_to_redshift scheduled__2024-10-18T00:00:00+00:00 [queued]>
[2024-10-26T19:04:04.866+0000] {taskinstance.py:2612} INFO - Dependencies all met for dep_context=requeueable deps ti=<TaskInstance: dag_cargar_cotizaciones.ccl_to_redshift scheduled__2024-10-18T00:00:00+00:00 [queued]>
[2024-10-26T19:04:04.871+0000] {taskinstance.py:2865} INFO - Starting attempt 1 of 1
[2024-10-26T19:04:04.880+0000] {taskinstance.py:2888} INFO - Executing <Task(PythonOperator): ccl_to_redshift> on 2024-10-18 00:00:00+00:00
[2024-10-26T19:04:04.891+0000] {standard_task_runner.py:72} INFO - Started process 486 to run task
[2024-10-26T19:04:04.894+0000] {standard_task_runner.py:104} INFO - Running: ['***', 'tasks', 'run', 'dag_cargar_cotizaciones', 'ccl_to_redshift', 'scheduled__2024-10-18T00:00:00+00:00', '--job-id', '216', '--raw', '--subdir', 'DAGS_FOLDER/dag_cargar_cotizaciones.py', '--cfg-path', '/tmp/tmphjslmkhw']
[2024-10-26T19:04:04.898+0000] {standard_task_runner.py:105} INFO - Job 216: Subtask ccl_to_redshift
[2024-10-26T19:04:05.009+0000] {task_command.py:467} INFO - Running <TaskInstance: dag_cargar_cotizaciones.ccl_to_redshift scheduled__2024-10-18T00:00:00+00:00 [running]> on host 22d081b4f909
[2024-10-26T19:04:05.136+0000] {taskinstance.py:3131} INFO - Exporting env vars: AIRFLOW_CTX_DAG_OWNER='***' AIRFLOW_CTX_DAG_ID='dag_cargar_cotizaciones' AIRFLOW_CTX_TASK_ID='ccl_to_redshift' AIRFLOW_CTX_EXECUTION_DATE='2024-10-18T00:00:00+00:00' AIRFLOW_CTX_TRY_NUMBER='1' AIRFLOW_CTX_DAG_RUN_ID='scheduled__2024-10-18T00:00:00+00:00'
[2024-10-26T19:04:05.140+0000] {taskinstance.py:731} INFO - ::endgroup::
[2024-10-26T19:04:05.588+0000] {redshift_operations.py:19} INFO - Estableciendo conexión con Redshift.
[2024-10-26T19:04:05.596+0000] {base.py:84} INFO - Retrieving connection 'redshift_conn'
[2024-10-26T19:04:06.888+0000] {redshift_operations.py:28} INFO - Conexión con Redshift establecida. Ejecutando función.
[2024-10-26T19:04:06.890+0000] {redshift_operations.py:45} INFO - Iniciando carga de datos en Redshift.
[2024-10-26T19:04:07.537+0000] {redshift_operations.py:53} INFO - Carga de datos completada exitosamente.
[2024-10-26T19:04:07.538+0000] {redshift_operations.py:31} INFO - Conexión con Redshift cerrada.
[2024-10-26T19:04:07.540+0000] {python.py:240} INFO - Done. Returned value was: None
[2024-10-26T19:04:07.557+0000] {taskinstance.py:340} INFO - ::group::Post task execution logs
[2024-10-26T19:04:07.558+0000] {taskinstance.py:352} INFO - Marking task as SUCCESS. dag_id=dag_cargar_cotizaciones, task_id=ccl_to_redshift, run_id=scheduled__2024-10-18T00:00:00+00:00, execution_date=20241018T000000, start_date=20241026T190404, end_date=20241026T190407
[2024-10-26T19:04:07.582+0000] {local_task_job_runner.py:266} INFO - Task exited with return code 0
[2024-10-26T19:04:07.601+0000] {taskinstance.py:3900} INFO - 0 downstream tasks scheduled from follow-on schedule check
[2024-10-26T19:04:07.603+0000] {local_task_job_runner.py:245} INFO - ::endgroup::
[2024-10-26T19:09:17.673+0000] {local_task_job_runner.py:123} INFO - ::group::Pre task execution logs
[2024-10-26T19:09:17.683+0000] {taskinstance.py:2612} INFO - Dependencies all met for dep_context=non-requeueable deps ti=<TaskInstance: dag_cargar_cotizaciones.ccl_to_redshift scheduled__2024-10-18T00:00:00+00:00 [queued]>
[2024-10-26T19:09:17.688+0000] {taskinstance.py:2612} INFO - Dependencies all met for dep_context=requeueable deps ti=<TaskInstance: dag_cargar_cotizaciones.ccl_to_redshift scheduled__2024-10-18T00:00:00+00:00 [queued]>
[2024-10-26T19:09:17.689+0000] {taskinstance.py:2865} INFO - Starting attempt 1 of 1
[2024-10-26T19:09:17.696+0000] {taskinstance.py:2888} INFO - Executing <Task(PythonOperator): ccl_to_redshift> on 2024-10-18 00:00:00+00:00
[2024-10-26T19:09:17.699+0000] {standard_task_runner.py:72} INFO - Started process 471 to run task
[2024-10-26T19:09:17.702+0000] {standard_task_runner.py:104} INFO - Running: ['***', 'tasks', 'run', 'dag_cargar_cotizaciones', 'ccl_to_redshift', 'scheduled__2024-10-18T00:00:00+00:00', '--job-id', '99', '--raw', '--subdir', 'DAGS_FOLDER/dag_cargar_cotizaciones.py', '--cfg-path', '/tmp/tmpm57lxt9w']
[2024-10-26T19:09:17.704+0000] {standard_task_runner.py:105} INFO - Job 99: Subtask ccl_to_redshift
[2024-10-26T19:09:17.739+0000] {task_command.py:467} INFO - Running <TaskInstance: dag_cargar_cotizaciones.ccl_to_redshift scheduled__2024-10-18T00:00:00+00:00 [running]> on host f4cb477e9eef
[2024-10-26T19:09:17.783+0000] {taskinstance.py:3131} INFO - Exporting env vars: AIRFLOW_CTX_DAG_OWNER='***' AIRFLOW_CTX_DAG_ID='dag_cargar_cotizaciones' AIRFLOW_CTX_TASK_ID='ccl_to_redshift' AIRFLOW_CTX_EXECUTION_DATE='2024-10-18T00:00:00+00:00' AIRFLOW_CTX_TRY_NUMBER='1' AIRFLOW_CTX_DAG_RUN_ID='scheduled__2024-10-18T00:00:00+00:00'
[2024-10-26T19:09:17.784+0000] {taskinstance.py:731} INFO - ::endgroup::
[2024-10-26T19:09:18.189+0000] {redshift_operations.py:19} INFO - Estableciendo conexión con Redshift.
[2024-10-26T19:09:18.197+0000] {base.py:84} INFO - Retrieving connection 'redshift_conn'
[2024-10-26T19:09:19.477+0000] {redshift_operations.py:28} INFO - Conexión con Redshift establecida. Ejecutando función.
[2024-10-26T19:09:19.478+0000] {redshift_operations.py:45} INFO - Iniciando carga de datos en Redshift.
[2024-10-26T19:09:20.330+0000] {redshift_operations.py:53} INFO - Carga de datos completada exitosamente.
[2024-10-26T19:09:20.331+0000] {redshift_operations.py:31} INFO - Conexión con Redshift cerrada.
[2024-10-26T19:09:20.332+0000] {python.py:240} INFO - Done. Returned value was: None
[2024-10-26T19:09:20.342+0000] {taskinstance.py:340} INFO - ::group::Post task execution logs
[2024-10-26T19:09:20.343+0000] {taskinstance.py:352} INFO - Marking task as SUCCESS. dag_id=dag_cargar_cotizaciones, task_id=ccl_to_redshift, run_id=scheduled__2024-10-18T00:00:00+00:00, execution_date=20241018T000000, start_date=20241026T190917, end_date=20241026T190920
[2024-10-26T19:09:20.365+0000] {local_task_job_runner.py:266} INFO - Task exited with return code 0
[2024-10-26T19:09:20.385+0000] {taskinstance.py:3900} INFO - 0 downstream tasks scheduled from follow-on schedule check
[2024-10-26T19:09:20.386+0000] {local_task_job_runner.py:245} INFO - ::endgroup::
[2024-10-26T19:13:30.272+0000] {local_task_job_runner.py:123} INFO - ::group::Pre task execution logs
[2024-10-26T19:13:30.330+0000] {taskinstance.py:2612} INFO - Dependencies all met for dep_context=non-requeueable deps ti=<TaskInstance: dag_cargar_cotizaciones.ccl_to_redshift scheduled__2024-10-18T00:00:00+00:00 [queued]>
[2024-10-26T19:13:30.346+0000] {taskinstance.py:2612} INFO - Dependencies all met for dep_context=requeueable deps ti=<TaskInstance: dag_cargar_cotizaciones.ccl_to_redshift scheduled__2024-10-18T00:00:00+00:00 [queued]>
[2024-10-26T19:13:30.348+0000] {taskinstance.py:2865} INFO - Starting attempt 1 of 1
[2024-10-26T19:13:30.366+0000] {taskinstance.py:2888} INFO - Executing <Task(PythonOperator): ccl_to_redshift> on 2024-10-18 00:00:00+00:00
[2024-10-26T19:13:30.380+0000] {standard_task_runner.py:72} INFO - Started process 957 to run task
[2024-10-26T19:13:30.396+0000] {standard_task_runner.py:104} INFO - Running: ['***', 'tasks', 'run', 'dag_cargar_cotizaciones', 'ccl_to_redshift', 'scheduled__2024-10-18T00:00:00+00:00', '--job-id', '262', '--raw', '--subdir', 'DAGS_FOLDER/dag_cargar_cotizaciones.py', '--cfg-path', '/tmp/tmp61fuy87d']
[2024-10-26T19:13:30.403+0000] {standard_task_runner.py:105} INFO - Job 262: Subtask ccl_to_redshift
[2024-10-26T19:13:30.513+0000] {task_command.py:467} INFO - Running <TaskInstance: dag_cargar_cotizaciones.ccl_to_redshift scheduled__2024-10-18T00:00:00+00:00 [running]> on host 2e7a74dc0e24
[2024-10-26T19:13:30.682+0000] {taskinstance.py:3131} INFO - Exporting env vars: AIRFLOW_CTX_DAG_OWNER='***' AIRFLOW_CTX_DAG_ID='dag_cargar_cotizaciones' AIRFLOW_CTX_TASK_ID='ccl_to_redshift' AIRFLOW_CTX_EXECUTION_DATE='2024-10-18T00:00:00+00:00' AIRFLOW_CTX_TRY_NUMBER='1' AIRFLOW_CTX_DAG_RUN_ID='scheduled__2024-10-18T00:00:00+00:00'
[2024-10-26T19:13:30.688+0000] {taskinstance.py:731} INFO - ::endgroup::
[2024-10-26T19:13:31.222+0000] {redshift_operations.py:19} INFO - Estableciendo conexión con Redshift.
[2024-10-26T19:13:31.276+0000] {base.py:84} INFO - Retrieving connection 'redshift_conn'
[2024-10-26T19:13:33.609+0000] {redshift_operations.py:28} INFO - Conexión con Redshift establecida. Ejecutando función.
[2024-10-26T19:13:33.612+0000] {redshift_operations.py:45} INFO - Iniciando carga de datos en Redshift.
[2024-10-26T19:13:35.264+0000] {redshift_operations.py:53} INFO - Carga de datos completada exitosamente.
[2024-10-26T19:13:35.267+0000] {redshift_operations.py:31} INFO - Conexión con Redshift cerrada.
[2024-10-26T19:13:35.269+0000] {python.py:240} INFO - Done. Returned value was: None
[2024-10-26T19:13:35.291+0000] {taskinstance.py:340} INFO - ::group::Post task execution logs
[2024-10-26T19:13:35.292+0000] {taskinstance.py:352} INFO - Marking task as SUCCESS. dag_id=dag_cargar_cotizaciones, task_id=ccl_to_redshift, run_id=scheduled__2024-10-18T00:00:00+00:00, execution_date=20241018T000000, start_date=20241026T191330, end_date=20241026T191335
[2024-10-26T19:13:35.352+0000] {local_task_job_runner.py:266} INFO - Task exited with return code 0
[2024-10-26T19:13:35.391+0000] {taskinstance.py:3900} INFO - 1 downstream tasks scheduled from follow-on schedule check
[2024-10-26T19:13:35.393+0000] {local_task_job_runner.py:245} INFO - ::endgroup::
[2024-10-26T19:13:35.408+0000] {standard_task_runner.py:217} INFO - Process not found (most likely exited), stop collecting metrics
[2024-10-26T19:17:03.294+0000] {local_task_job_runner.py:123} INFO - ::group::Pre task execution logs
[2024-10-26T19:17:03.346+0000] {taskinstance.py:2612} INFO - Dependencies all met for dep_context=non-requeueable deps ti=<TaskInstance: dag_cargar_cotizaciones.ccl_to_redshift scheduled__2024-10-18T00:00:00+00:00 [queued]>
[2024-10-26T19:17:03.368+0000] {taskinstance.py:2612} INFO - Dependencies all met for dep_context=requeueable deps ti=<TaskInstance: dag_cargar_cotizaciones.ccl_to_redshift scheduled__2024-10-18T00:00:00+00:00 [queued]>
[2024-10-26T19:17:03.370+0000] {taskinstance.py:2865} INFO - Starting attempt 1 of 1
[2024-10-26T19:17:03.390+0000] {taskinstance.py:2888} INFO - Executing <Task(PythonOperator): ccl_to_redshift> on 2024-10-18 00:00:00+00:00
[2024-10-26T19:17:03.412+0000] {standard_task_runner.py:72} INFO - Started process 878 to run task
[2024-10-26T19:17:03.423+0000] {standard_task_runner.py:104} INFO - Running: ['***', 'tasks', 'run', 'dag_cargar_cotizaciones', 'ccl_to_redshift', 'scheduled__2024-10-18T00:00:00+00:00', '--job-id', '414', '--raw', '--subdir', 'DAGS_FOLDER/dag_cargar_cotizaciones.py', '--cfg-path', '/tmp/tmpqw0ouesv']
[2024-10-26T19:17:03.430+0000] {standard_task_runner.py:105} INFO - Job 414: Subtask ccl_to_redshift
[2024-10-26T19:17:03.522+0000] {task_command.py:467} INFO - Running <TaskInstance: dag_cargar_cotizaciones.ccl_to_redshift scheduled__2024-10-18T00:00:00+00:00 [running]> on host 3ba590fe69c6
[2024-10-26T19:17:03.668+0000] {taskinstance.py:3131} INFO - Exporting env vars: AIRFLOW_CTX_DAG_OWNER='***' AIRFLOW_CTX_DAG_ID='dag_cargar_cotizaciones' AIRFLOW_CTX_TASK_ID='ccl_to_redshift' AIRFLOW_CTX_EXECUTION_DATE='2024-10-18T00:00:00+00:00' AIRFLOW_CTX_TRY_NUMBER='1' AIRFLOW_CTX_DAG_RUN_ID='scheduled__2024-10-18T00:00:00+00:00'
[2024-10-26T19:17:03.672+0000] {taskinstance.py:731} INFO - ::endgroup::
[2024-10-26T19:17:04.077+0000] {redshift_operations.py:19} INFO - Estableciendo conexión con Redshift.
[2024-10-26T19:17:04.085+0000] {base.py:84} INFO - Retrieving connection 'redshift_conn'
[2024-10-26T19:17:05.446+0000] {redshift_operations.py:28} INFO - Conexión con Redshift establecida. Ejecutando función.
[2024-10-26T19:17:05.448+0000] {redshift_operations.py:45} INFO - Iniciando carga de datos en Redshift.
[2024-10-26T19:17:06.297+0000] {redshift_operations.py:53} INFO - Carga de datos completada exitosamente.
[2024-10-26T19:17:06.298+0000] {redshift_operations.py:31} INFO - Conexión con Redshift cerrada.
[2024-10-26T19:17:06.298+0000] {python.py:240} INFO - Done. Returned value was: None
[2024-10-26T19:17:06.305+0000] {taskinstance.py:340} INFO - ::group::Post task execution logs
[2024-10-26T19:17:06.305+0000] {taskinstance.py:352} INFO - Marking task as SUCCESS. dag_id=dag_cargar_cotizaciones, task_id=ccl_to_redshift, run_id=scheduled__2024-10-18T00:00:00+00:00, execution_date=20241018T000000, start_date=20241026T191703, end_date=20241026T191706
[2024-10-26T19:17:06.330+0000] {local_task_job_runner.py:266} INFO - Task exited with return code 0
[2024-10-26T19:17:06.345+0000] {taskinstance.py:3900} INFO - 0 downstream tasks scheduled from follow-on schedule check
[2024-10-26T19:17:06.346+0000] {local_task_job_runner.py:245} INFO - ::endgroup::
