[2024-10-14T17:32:19.710+0000] {local_task_job_runner.py:123} INFO - ::group::Pre task execution logs
[2024-10-14T17:32:28.274+0000] {taskinstance.py:2612} INFO - Dependencies all met for dep_context=non-requeueable deps ti=<TaskInstance: dag_ccl.ccl_to_redshift scheduled__2024-09-14T00:00:00+00:00 [queued]>
[2024-10-14T17:32:39.257+0000] {taskinstance.py:2612} INFO - Dependencies all met for dep_context=requeueable deps ti=<TaskInstance: dag_ccl.ccl_to_redshift scheduled__2024-09-14T00:00:00+00:00 [queued]>
[2024-10-14T17:32:40.218+0000] {taskinstance.py:2865} INFO - Starting attempt 1 of 2
[2024-10-14T17:32:55.416+0000] {taskinstance.py:2888} INFO - Executing <Task(PythonOperator): ccl_to_redshift> on 2024-09-14 00:00:00+00:00
[2024-10-14T17:33:02.204+0000] {warnings.py:112} WARNING - /home/***/.local/lib/python3.12/site-packages/***/task/task_runner/standard_task_runner.py:70: DeprecationWarning: This process (pid=19107) is multi-threaded, use of fork() may lead to deadlocks in the child.
  pid = os.fork()

[2024-10-14T17:33:02.110+0000] {standard_task_runner.py:104} INFO - Running: ['***', 'tasks', 'run', 'dag_ccl', 'ccl_to_redshift', 'scheduled__2024-09-14T00:00:00+00:00', '--job-id', '299', '--raw', '--subdir', 'DAGS_FOLDER/dag_ccl.py', '--cfg-path', '/tmp/tmpnksz51ce']
[2024-10-14T17:33:02.356+0000] {standard_task_runner.py:105} INFO - Job 299: Subtask ccl_to_redshift
[2024-10-14T17:33:02.351+0000] {standard_task_runner.py:72} INFO - Started process 19169 to run task
[2024-10-14T17:33:10.736+0000] {job.py:229} INFO - Heartbeat recovered after 56.47 seconds
[2024-10-14T17:33:11.216+0000] {task_command.py:467} INFO - Running <TaskInstance: dag_ccl.ccl_to_redshift scheduled__2024-09-14T00:00:00+00:00 [running]> on host f03003374728
[2024-10-14T17:33:21.607+0000] {job.py:229} INFO - Heartbeat recovered after 11.46 seconds
[2024-10-14T17:33:39.779+0000] {job.py:229} INFO - Heartbeat recovered after 19.03 seconds
[2024-10-14T17:33:55.474+0000] {job.py:229} INFO - Heartbeat recovered after 19.15 seconds
[2024-10-14T17:34:08.621+0000] {job.py:229} INFO - Heartbeat recovered after 13.60 seconds
[2024-10-14T17:34:30.229+0000] {job.py:229} INFO - Heartbeat recovered after 12.78 seconds
[2024-10-14T17:35:09.106+0000] {taskinstance.py:3131} INFO - Exporting env vars: AIRFLOW_CTX_DAG_OWNER='***' AIRFLOW_CTX_DAG_ID='dag_ccl' AIRFLOW_CTX_TASK_ID='ccl_to_redshift' AIRFLOW_CTX_EXECUTION_DATE='2024-09-14T00:00:00+00:00' AIRFLOW_CTX_TRY_NUMBER='1' AIRFLOW_CTX_DAG_RUN_ID='scheduled__2024-09-14T00:00:00+00:00'
[2024-10-14T17:35:09.381+0000] {taskinstance.py:731} INFO - ::endgroup::
[2024-10-14T17:35:11.006+0000] {logging_mixin.py:190} INFO - 2024-09-15
[2024-10-14T17:35:17.830+0000] {logging_mixin.py:190} INFO -        0          1
0  fecha  DOLAR CCL
[2024-10-14T17:35:20.687+0000] {base.py:84} INFO - Retrieving connection 'redshift_conn'
[2024-10-14T17:35:21.139+0000] {logging_mixin.py:190} INFO - redshift_conn
[2024-10-14T17:35:23.387+0000] {taskinstance.py:3310} ERROR - Task failed with exception
Traceback (most recent call last):
  File "/home/airflow/.local/lib/python3.12/site-packages/airflow/models/taskinstance.py", line 767, in _execute_task
    result = _execute_callable(context=context, **execute_callable_kwargs)
             ^^^^^^^^^^^^^^^^^^^^^^^^^^^^^^^^^^^^^^^^^^^^^^^^^^^^^^^^^^^^^
  File "/home/airflow/.local/lib/python3.12/site-packages/airflow/models/taskinstance.py", line 733, in _execute_callable
    return ExecutionCallableRunner(
           ^^^^^^^^^^^^^^^^^^^^^^^^
  File "/home/airflow/.local/lib/python3.12/site-packages/airflow/utils/operator_helpers.py", line 252, in run
    return self.func(*args, **kwargs)
           ^^^^^^^^^^^^^^^^^^^^^^^^^^
  File "/home/airflow/.local/lib/python3.12/site-packages/airflow/models/baseoperator.py", line 406, in wrapper
    return func(self, *args, **kwargs)
           ^^^^^^^^^^^^^^^^^^^^^^^^^^^
  File "/home/airflow/.local/lib/python3.12/site-packages/airflow/operators/python.py", line 238, in execute
    return_value = self.execute_callable()
                   ^^^^^^^^^^^^^^^^^^^^^^^
  File "/home/airflow/.local/lib/python3.12/site-packages/airflow/operators/python.py", line 256, in execute_callable
    return runner.run(*self.op_args, **self.op_kwargs)
           ^^^^^^^^^^^^^^^^^^^^^^^^^^^^^^^^^^^^^^^^^^^
  File "/home/airflow/.local/lib/python3.12/site-packages/airflow/utils/operator_helpers.py", line 252, in run
    return self.func(*args, **kwargs)
           ^^^^^^^^^^^^^^^^^^^^^^^^^^
  File "/opt/airflow/dags/ccl_to_redshift.py", line 12, in ccl_to_redshift
    load_data_to_redshift(df, table_name)
  File "/opt/airflow/dags/load_data_to_redshift.py", line 20, in load_data_to_redshift
    cols = ",".join([f'"{col}"' for col in df.columns])
                                           ^^^^^^^^^^
AttributeError: 'NoneType' object has no attribute 'columns'
[2024-10-14T17:35:25.693+0000] {taskinstance.py:1225} INFO - Marking task as UP_FOR_RETRY. dag_id=dag_ccl, task_id=ccl_to_redshift, run_id=scheduled__2024-09-14T00:00:00+00:00, execution_date=20240914T000000, start_date=20241014T173228, end_date=20241014T173525
[2024-10-14T17:35:26.623+0000] {taskinstance.py:340} INFO - ::group::Post task execution logs
[2024-10-14T17:35:26.813+0000] {standard_task_runner.py:124} ERROR - Failed to execute job 299 for task ccl_to_redshift ('NoneType' object has no attribute 'columns'; 19169)
Traceback (most recent call last):
  File "/home/airflow/.local/lib/python3.12/site-packages/airflow/task/task_runner/standard_task_runner.py", line 117, in _start_by_fork
    ret = args.func(args, dag=self.dag)
          ^^^^^^^^^^^^^^^^^^^^^^^^^^^^^
  File "/home/airflow/.local/lib/python3.12/site-packages/airflow/cli/cli_config.py", line 49, in command
    return func(*args, **kwargs)
           ^^^^^^^^^^^^^^^^^^^^^
  File "/home/airflow/.local/lib/python3.12/site-packages/airflow/utils/cli.py", line 115, in wrapper
    return f(*args, **kwargs)
           ^^^^^^^^^^^^^^^^^^
  File "/home/airflow/.local/lib/python3.12/site-packages/airflow/cli/commands/task_command.py", line 483, in task_run
    task_return_code = _run_task_by_selected_method(args, _dag, ti)
                       ^^^^^^^^^^^^^^^^^^^^^^^^^^^^^^^^^^^^^^^^^^^^
  File "/home/airflow/.local/lib/python3.12/site-packages/airflow/cli/commands/task_command.py", line 256, in _run_task_by_selected_method
    return _run_raw_task(args, ti)
           ^^^^^^^^^^^^^^^^^^^^^^^
  File "/home/airflow/.local/lib/python3.12/site-packages/airflow/cli/commands/task_command.py", line 341, in _run_raw_task
    return ti._run_raw_task(
           ^^^^^^^^^^^^^^^^^
  File "/home/airflow/.local/lib/python3.12/site-packages/airflow/utils/session.py", line 97, in wrapper
    return func(*args, session=session, **kwargs)
           ^^^^^^^^^^^^^^^^^^^^^^^^^^^^^^^^^^^^^^
  File "/home/airflow/.local/lib/python3.12/site-packages/airflow/models/taskinstance.py", line 3004, in _run_raw_task
    return _run_raw_task(
           ^^^^^^^^^^^^^^
  File "/home/airflow/.local/lib/python3.12/site-packages/airflow/models/taskinstance.py", line 273, in _run_raw_task
    TaskInstance._execute_task_with_callbacks(
  File "/home/airflow/.local/lib/python3.12/site-packages/airflow/models/taskinstance.py", line 3158, in _execute_task_with_callbacks
    result = self._execute_task(context, task_orig)
             ^^^^^^^^^^^^^^^^^^^^^^^^^^^^^^^^^^^^^^
  File "/home/airflow/.local/lib/python3.12/site-packages/airflow/models/taskinstance.py", line 3182, in _execute_task
    return _execute_task(self, context, task_orig)
           ^^^^^^^^^^^^^^^^^^^^^^^^^^^^^^^^^^^^^^^
  File "/home/airflow/.local/lib/python3.12/site-packages/airflow/models/taskinstance.py", line 767, in _execute_task
    result = _execute_callable(context=context, **execute_callable_kwargs)
             ^^^^^^^^^^^^^^^^^^^^^^^^^^^^^^^^^^^^^^^^^^^^^^^^^^^^^^^^^^^^^
  File "/home/airflow/.local/lib/python3.12/site-packages/airflow/models/taskinstance.py", line 733, in _execute_callable
    return ExecutionCallableRunner(
           ^^^^^^^^^^^^^^^^^^^^^^^^
  File "/home/airflow/.local/lib/python3.12/site-packages/airflow/utils/operator_helpers.py", line 252, in run
    return self.func(*args, **kwargs)
           ^^^^^^^^^^^^^^^^^^^^^^^^^^
  File "/home/airflow/.local/lib/python3.12/site-packages/airflow/models/baseoperator.py", line 406, in wrapper
    return func(self, *args, **kwargs)
           ^^^^^^^^^^^^^^^^^^^^^^^^^^^
  File "/home/airflow/.local/lib/python3.12/site-packages/airflow/operators/python.py", line 238, in execute
    return_value = self.execute_callable()
                   ^^^^^^^^^^^^^^^^^^^^^^^
  File "/home/airflow/.local/lib/python3.12/site-packages/airflow/operators/python.py", line 256, in execute_callable
    return runner.run(*self.op_args, **self.op_kwargs)
           ^^^^^^^^^^^^^^^^^^^^^^^^^^^^^^^^^^^^^^^^^^^
  File "/home/airflow/.local/lib/python3.12/site-packages/airflow/utils/operator_helpers.py", line 252, in run
    return self.func(*args, **kwargs)
           ^^^^^^^^^^^^^^^^^^^^^^^^^^
  File "/opt/airflow/dags/ccl_to_redshift.py", line 12, in ccl_to_redshift
    load_data_to_redshift(df, table_name)
  File "/opt/airflow/dags/load_data_to_redshift.py", line 20, in load_data_to_redshift
    cols = ",".join([f'"{col}"' for col in df.columns])
                                           ^^^^^^^^^^
AttributeError: 'NoneType' object has no attribute 'columns'
[2024-10-14T17:35:28.542+0000] {local_task_job_runner.py:266} INFO - Task exited with return code 1
[2024-10-14T17:35:32.132+0000] {standard_task_runner.py:217} INFO - Process not found (most likely exited), stop collecting metrics
[2024-10-14T17:35:32.157+0000] {taskinstance.py:3900} INFO - 0 downstream tasks scheduled from follow-on schedule check
[2024-10-14T17:35:32.286+0000] {local_task_job_runner.py:245} INFO - ::endgroup::
