[2024-10-14T17:39:12.013+0000] {local_task_job_runner.py:123} INFO - ::group::Pre task execution logs
[2024-10-14T17:39:12.939+0000] {taskinstance.py:2612} INFO - Dependencies all met for dep_context=non-requeueable deps ti=<TaskInstance: dag_ccl.ccl_to_redshift scheduled__2024-10-10T00:00:00+00:00 [queued]>
[2024-10-14T17:39:13.199+0000] {taskinstance.py:2612} INFO - Dependencies all met for dep_context=requeueable deps ti=<TaskInstance: dag_ccl.ccl_to_redshift scheduled__2024-10-10T00:00:00+00:00 [queued]>
[2024-10-14T17:39:13.219+0000] {taskinstance.py:2865} INFO - Starting attempt 1 of 2
[2024-10-14T17:39:13.611+0000] {taskinstance.py:2888} INFO - Executing <Task(PythonOperator): ccl_to_redshift> on 2024-10-10 00:00:00+00:00
[2024-10-14T17:39:14.726+0000] {warnings.py:112} WARNING - /home/***/.local/lib/python3.12/site-packages/***/task/task_runner/standard_task_runner.py:70: DeprecationWarning: This process (pid=19235) is multi-threaded, use of fork() may lead to deadlocks in the child.
  pid = os.fork()

[2024-10-14T17:39:14.934+0000] {standard_task_runner.py:72} INFO - Started process 19259 to run task
[2024-10-14T17:39:15.080+0000] {standard_task_runner.py:104} INFO - Running: ['***', 'tasks', 'run', 'dag_ccl', 'ccl_to_redshift', 'scheduled__2024-10-10T00:00:00+00:00', '--job-id', '305', '--raw', '--subdir', 'DAGS_FOLDER/dag_ccl.py', '--cfg-path', '/tmp/tmpxw5t93ka']
[2024-10-14T17:39:15.382+0000] {standard_task_runner.py:105} INFO - Job 305: Subtask ccl_to_redshift
[2024-10-14T17:39:18.801+0000] {task_command.py:467} INFO - Running <TaskInstance: dag_ccl.ccl_to_redshift scheduled__2024-10-10T00:00:00+00:00 [running]> on host f03003374728
[2024-10-14T17:39:21.063+0000] {job.py:229} INFO - Heartbeat recovered after 11.38 seconds
[2024-10-14T17:39:38.879+0000] {taskinstance.py:3131} INFO - Exporting env vars: AIRFLOW_CTX_DAG_OWNER='***' AIRFLOW_CTX_DAG_ID='dag_ccl' AIRFLOW_CTX_TASK_ID='ccl_to_redshift' AIRFLOW_CTX_EXECUTION_DATE='2024-10-10T00:00:00+00:00' AIRFLOW_CTX_TRY_NUMBER='1' AIRFLOW_CTX_DAG_RUN_ID='scheduled__2024-10-10T00:00:00+00:00'
[2024-10-14T17:39:39.020+0000] {taskinstance.py:731} INFO - ::endgroup::
[2024-10-14T17:39:39.517+0000] {logging_mixin.py:190} INFO - 2024-10-11
[2024-10-14T17:39:40.616+0000] {logging_mixin.py:190} INFO -             0          1
0       fecha  DOLAR CCL
1  11/10/2024     1176.9
[2024-10-14T17:39:40.938+0000] {base.py:84} INFO - Retrieving connection 'redshift_conn'
[2024-10-14T17:39:40.958+0000] {logging_mixin.py:190} INFO - redshift_conn
[2024-10-14T17:39:43.150+0000] {taskinstance.py:3310} ERROR - Task failed with exception
Traceback (most recent call last):
  File "/home/airflow/.local/lib/python3.12/site-packages/airflow/models/taskinstance.py", line 767, in _execute_task
    result = _execute_callable(context=context, **execute_callable_kwargs)
             ^^^^^^^^^^^^^^^^^^^^^^^^^^^^^^^^^^^^^^^^^^^^^^^^^^^^^^^^^^^^^
  File "/home/airflow/.local/lib/python3.12/site-packages/airflow/models/taskinstance.py", line 733, in _execute_callable
    return ExecutionCallableRunner(
           ^^^^^^^^^^^^^^^^^^^^^^^^
  File "/home/airflow/.local/lib/python3.12/site-packages/airflow/utils/operator_helpers.py", line 252, in run
    return self.func(*args, **kwargs)
           ^^^^^^^^^^^^^^^^^^^^^^^^^^
  File "/home/airflow/.local/lib/python3.12/site-packages/airflow/models/baseoperator.py", line 406, in wrapper
    return func(self, *args, **kwargs)
           ^^^^^^^^^^^^^^^^^^^^^^^^^^^
  File "/home/airflow/.local/lib/python3.12/site-packages/airflow/operators/python.py", line 238, in execute
    return_value = self.execute_callable()
                   ^^^^^^^^^^^^^^^^^^^^^^^
  File "/home/airflow/.local/lib/python3.12/site-packages/airflow/operators/python.py", line 256, in execute_callable
    return runner.run(*self.op_args, **self.op_kwargs)
           ^^^^^^^^^^^^^^^^^^^^^^^^^^^^^^^^^^^^^^^^^^^
  File "/home/airflow/.local/lib/python3.12/site-packages/airflow/utils/operator_helpers.py", line 252, in run
    return self.func(*args, **kwargs)
           ^^^^^^^^^^^^^^^^^^^^^^^^^^
  File "/opt/airflow/dags/ccl_to_redshift.py", line 12, in ccl_to_redshift
    load_data_to_redshift(df, table_name)
  File "/opt/airflow/dags/load_data_to_redshift.py", line 24, in load_data_to_redshift
    psycopg2.extras.execute_values(cur, query, data)
  File "/home/airflow/.local/lib/python3.12/site-packages/psycopg2/extras.py", line 1299, in execute_values
    cur.execute(b''.join(parts))
psycopg2.errors.UndefinedColumn: column "0" of relation "dolar_ccl" does not exist

[2024-10-14T17:39:43.744+0000] {taskinstance.py:1225} INFO - Marking task as UP_FOR_RETRY. dag_id=dag_ccl, task_id=ccl_to_redshift, run_id=scheduled__2024-10-10T00:00:00+00:00, execution_date=20241010T000000, start_date=20241014T173912, end_date=20241014T173943
[2024-10-14T17:39:44.046+0000] {taskinstance.py:340} INFO - ::group::Post task execution logs
[2024-10-14T17:39:44.056+0000] {standard_task_runner.py:124} ERROR - Failed to execute job 305 for task ccl_to_redshift (column "0" of relation "dolar_ccl" does not exist
; 19259)
Traceback (most recent call last):
  File "/home/airflow/.local/lib/python3.12/site-packages/airflow/task/task_runner/standard_task_runner.py", line 117, in _start_by_fork
    ret = args.func(args, dag=self.dag)
          ^^^^^^^^^^^^^^^^^^^^^^^^^^^^^
  File "/home/airflow/.local/lib/python3.12/site-packages/airflow/cli/cli_config.py", line 49, in command
    return func(*args, **kwargs)
           ^^^^^^^^^^^^^^^^^^^^^
  File "/home/airflow/.local/lib/python3.12/site-packages/airflow/utils/cli.py", line 115, in wrapper
    return f(*args, **kwargs)
           ^^^^^^^^^^^^^^^^^^
  File "/home/airflow/.local/lib/python3.12/site-packages/airflow/cli/commands/task_command.py", line 483, in task_run
    task_return_code = _run_task_by_selected_method(args, _dag, ti)
                       ^^^^^^^^^^^^^^^^^^^^^^^^^^^^^^^^^^^^^^^^^^^^
  File "/home/airflow/.local/lib/python3.12/site-packages/airflow/cli/commands/task_command.py", line 256, in _run_task_by_selected_method
    return _run_raw_task(args, ti)
           ^^^^^^^^^^^^^^^^^^^^^^^
  File "/home/airflow/.local/lib/python3.12/site-packages/airflow/cli/commands/task_command.py", line 341, in _run_raw_task
    return ti._run_raw_task(
           ^^^^^^^^^^^^^^^^^
  File "/home/airflow/.local/lib/python3.12/site-packages/airflow/utils/session.py", line 97, in wrapper
    return func(*args, session=session, **kwargs)
           ^^^^^^^^^^^^^^^^^^^^^^^^^^^^^^^^^^^^^^
  File "/home/airflow/.local/lib/python3.12/site-packages/airflow/models/taskinstance.py", line 3004, in _run_raw_task
    return _run_raw_task(
           ^^^^^^^^^^^^^^
  File "/home/airflow/.local/lib/python3.12/site-packages/airflow/models/taskinstance.py", line 273, in _run_raw_task
    TaskInstance._execute_task_with_callbacks(
  File "/home/airflow/.local/lib/python3.12/site-packages/airflow/models/taskinstance.py", line 3158, in _execute_task_with_callbacks
    result = self._execute_task(context, task_orig)
             ^^^^^^^^^^^^^^^^^^^^^^^^^^^^^^^^^^^^^^
  File "/home/airflow/.local/lib/python3.12/site-packages/airflow/models/taskinstance.py", line 3182, in _execute_task
    return _execute_task(self, context, task_orig)
           ^^^^^^^^^^^^^^^^^^^^^^^^^^^^^^^^^^^^^^^
  File "/home/airflow/.local/lib/python3.12/site-packages/airflow/models/taskinstance.py", line 767, in _execute_task
    result = _execute_callable(context=context, **execute_callable_kwargs)
             ^^^^^^^^^^^^^^^^^^^^^^^^^^^^^^^^^^^^^^^^^^^^^^^^^^^^^^^^^^^^^
  File "/home/airflow/.local/lib/python3.12/site-packages/airflow/models/taskinstance.py", line 733, in _execute_callable
    return ExecutionCallableRunner(
           ^^^^^^^^^^^^^^^^^^^^^^^^
  File "/home/airflow/.local/lib/python3.12/site-packages/airflow/utils/operator_helpers.py", line 252, in run
    return self.func(*args, **kwargs)
           ^^^^^^^^^^^^^^^^^^^^^^^^^^
  File "/home/airflow/.local/lib/python3.12/site-packages/airflow/models/baseoperator.py", line 406, in wrapper
    return func(self, *args, **kwargs)
           ^^^^^^^^^^^^^^^^^^^^^^^^^^^
  File "/home/airflow/.local/lib/python3.12/site-packages/airflow/operators/python.py", line 238, in execute
    return_value = self.execute_callable()
                   ^^^^^^^^^^^^^^^^^^^^^^^
  File "/home/airflow/.local/lib/python3.12/site-packages/airflow/operators/python.py", line 256, in execute_callable
    return runner.run(*self.op_args, **self.op_kwargs)
           ^^^^^^^^^^^^^^^^^^^^^^^^^^^^^^^^^^^^^^^^^^^
  File "/home/airflow/.local/lib/python3.12/site-packages/airflow/utils/operator_helpers.py", line 252, in run
    return self.func(*args, **kwargs)
           ^^^^^^^^^^^^^^^^^^^^^^^^^^
  File "/opt/airflow/dags/ccl_to_redshift.py", line 12, in ccl_to_redshift
    load_data_to_redshift(df, table_name)
  File "/opt/airflow/dags/load_data_to_redshift.py", line 24, in load_data_to_redshift
    psycopg2.extras.execute_values(cur, query, data)
  File "/home/airflow/.local/lib/python3.12/site-packages/psycopg2/extras.py", line 1299, in execute_values
    cur.execute(b''.join(parts))
psycopg2.errors.UndefinedColumn: column "0" of relation "dolar_ccl" does not exist

[2024-10-14T17:39:44.324+0000] {local_task_job_runner.py:266} INFO - Task exited with return code 1
[2024-10-14T17:39:45.366+0000] {taskinstance.py:3900} INFO - 0 downstream tasks scheduled from follow-on schedule check
[2024-10-14T17:39:45.629+0000] {local_task_job_runner.py:245} INFO - ::endgroup::
[2024-10-14T17:39:45.784+0000] {standard_task_runner.py:217} INFO - Process not found (most likely exited), stop collecting metrics
[2024-10-14T17:58:21.102+0000] {local_task_job_runner.py:123} INFO - ::group::Pre task execution logs
[2024-10-14T17:58:21.137+0000] {taskinstance.py:2612} INFO - Dependencies all met for dep_context=non-requeueable deps ti=<TaskInstance: dag_ccl.ccl_to_redshift scheduled__2024-10-10T00:00:00+00:00 [queued]>
[2024-10-14T17:58:21.154+0000] {taskinstance.py:2612} INFO - Dependencies all met for dep_context=requeueable deps ti=<TaskInstance: dag_ccl.ccl_to_redshift scheduled__2024-10-10T00:00:00+00:00 [queued]>
[2024-10-14T17:58:21.154+0000] {taskinstance.py:2865} INFO - Starting attempt 1 of 2
[2024-10-14T17:58:21.176+0000] {taskinstance.py:2888} INFO - Executing <Task(PythonOperator): ccl_to_redshift> on 2024-10-10 00:00:00+00:00
[2024-10-14T17:58:21.192+0000] {warnings.py:112} WARNING - /home/***/.local/lib/python3.12/site-packages/***/task/task_runner/standard_task_runner.py:70: DeprecationWarning: This process (pid=19517) is multi-threaded, use of fork() may lead to deadlocks in the child.
  pid = os.fork()

[2024-10-14T17:58:21.198+0000] {standard_task_runner.py:72} INFO - Started process 19533 to run task
[2024-10-14T17:58:21.208+0000] {standard_task_runner.py:104} INFO - Running: ['***', 'tasks', 'run', 'dag_ccl', 'ccl_to_redshift', 'scheduled__2024-10-10T00:00:00+00:00', '--job-id', '316', '--raw', '--subdir', 'DAGS_FOLDER/dag_ccl.py', '--cfg-path', '/tmp/tmp5evo_8jj']
[2024-10-14T17:58:21.218+0000] {standard_task_runner.py:105} INFO - Job 316: Subtask ccl_to_redshift
[2024-10-14T17:58:21.308+0000] {task_command.py:467} INFO - Running <TaskInstance: dag_ccl.ccl_to_redshift scheduled__2024-10-10T00:00:00+00:00 [running]> on host f03003374728
[2024-10-14T17:58:22.009+0000] {taskinstance.py:3131} INFO - Exporting env vars: AIRFLOW_CTX_DAG_OWNER='***' AIRFLOW_CTX_DAG_ID='dag_ccl' AIRFLOW_CTX_TASK_ID='ccl_to_redshift' AIRFLOW_CTX_EXECUTION_DATE='2024-10-10T00:00:00+00:00' AIRFLOW_CTX_TRY_NUMBER='1' AIRFLOW_CTX_DAG_RUN_ID='scheduled__2024-10-10T00:00:00+00:00'
[2024-10-14T17:58:22.012+0000] {taskinstance.py:731} INFO - ::endgroup::
[2024-10-14T17:58:22.024+0000] {logging_mixin.py:190} INFO - 2024-10-10
[2024-10-14T17:58:22.460+0000] {logging_mixin.py:190} INFO - 0       fecha dolar_ccl
1  2024-10-10   1177.07
[2024-10-14T17:58:22.466+0000] {base.py:84} INFO - Retrieving connection 'redshift_conn'
[2024-10-14T17:58:22.467+0000] {logging_mixin.py:190} INFO - redshift_conn
[2024-10-14T17:58:24.668+0000] {python.py:240} INFO - Done. Returned value was: None
[2024-10-14T17:58:24.681+0000] {taskinstance.py:340} INFO - ::group::Post task execution logs
[2024-10-14T17:58:24.681+0000] {taskinstance.py:352} INFO - Marking task as SUCCESS. dag_id=dag_ccl, task_id=ccl_to_redshift, run_id=scheduled__2024-10-10T00:00:00+00:00, execution_date=20241010T000000, start_date=20241014T175821, end_date=20241014T175824
[2024-10-14T17:58:24.730+0000] {local_task_job_runner.py:266} INFO - Task exited with return code 0
[2024-10-14T17:58:24.758+0000] {taskinstance.py:3900} INFO - 0 downstream tasks scheduled from follow-on schedule check
[2024-10-14T17:58:24.760+0000] {local_task_job_runner.py:245} INFO - ::endgroup::
[2024-10-16T14:41:38.643+0000] {local_task_job_runner.py:123} INFO - ::group::Pre task execution logs
[2024-10-16T14:41:38.669+0000] {taskinstance.py:2612} INFO - Dependencies all met for dep_context=non-requeueable deps ti=<TaskInstance: dag_ccl.ccl_to_redshift scheduled__2024-10-10T00:00:00+00:00 [queued]>
[2024-10-16T14:41:38.682+0000] {taskinstance.py:2612} INFO - Dependencies all met for dep_context=requeueable deps ti=<TaskInstance: dag_ccl.ccl_to_redshift scheduled__2024-10-10T00:00:00+00:00 [queued]>
[2024-10-16T14:41:38.683+0000] {taskinstance.py:2865} INFO - Starting attempt 1 of 2
[2024-10-16T14:41:38.700+0000] {taskinstance.py:2888} INFO - Executing <Task(PythonOperator): ccl_to_redshift> on 2024-10-10 00:00:00+00:00
[2024-10-16T14:41:38.707+0000] {warnings.py:112} WARNING - /home/***/.local/lib/python3.12/site-packages/***/task/task_runner/standard_task_runner.py:70: DeprecationWarning: This process (pid=292) is multi-threaded, use of fork() may lead to deadlocks in the child.
  pid = os.fork()

[2024-10-16T14:41:38.712+0000] {standard_task_runner.py:72} INFO - Started process 315 to run task
[2024-10-16T14:41:38.712+0000] {standard_task_runner.py:104} INFO - Running: ['***', 'tasks', 'run', 'dag_ccl', 'ccl_to_redshift', 'scheduled__2024-10-10T00:00:00+00:00', '--job-id', '414', '--raw', '--subdir', 'DAGS_FOLDER/dag_ccl.py', '--cfg-path', '/tmp/tmp7bk2e5ks']
[2024-10-16T14:41:38.722+0000] {standard_task_runner.py:105} INFO - Job 414: Subtask ccl_to_redshift
[2024-10-16T14:41:38.825+0000] {task_command.py:467} INFO - Running <TaskInstance: dag_ccl.ccl_to_redshift scheduled__2024-10-10T00:00:00+00:00 [running]> on host f03003374728
[2024-10-16T14:41:39.189+0000] {taskinstance.py:3131} INFO - Exporting env vars: AIRFLOW_CTX_DAG_OWNER='***' AIRFLOW_CTX_DAG_ID='dag_ccl' AIRFLOW_CTX_TASK_ID='ccl_to_redshift' AIRFLOW_CTX_EXECUTION_DATE='2024-10-10T00:00:00+00:00' AIRFLOW_CTX_TRY_NUMBER='1' AIRFLOW_CTX_DAG_RUN_ID='scheduled__2024-10-10T00:00:00+00:00'
[2024-10-16T14:41:39.193+0000] {taskinstance.py:731} INFO - ::endgroup::
[2024-10-16T14:41:39.210+0000] {logging_mixin.py:190} INFO - 2024-10-10
[2024-10-16T14:41:39.626+0000] {base.py:84} INFO - Retrieving connection 'redshift_conn'
[2024-10-16T14:41:39.627+0000] {logging_mixin.py:190} INFO - redshift_conn
[2024-10-16T14:41:41.889+0000] {python.py:240} INFO - Done. Returned value was: None
[2024-10-16T14:41:41.902+0000] {taskinstance.py:340} INFO - ::group::Post task execution logs
[2024-10-16T14:41:41.903+0000] {taskinstance.py:352} INFO - Marking task as SUCCESS. dag_id=dag_ccl, task_id=ccl_to_redshift, run_id=scheduled__2024-10-10T00:00:00+00:00, execution_date=20241010T000000, start_date=20241016T144138, end_date=20241016T144141
[2024-10-16T14:41:41.928+0000] {local_task_job_runner.py:266} INFO - Task exited with return code 0
[2024-10-16T14:41:41.947+0000] {taskinstance.py:3900} INFO - 0 downstream tasks scheduled from follow-on schedule check
[2024-10-16T14:41:41.948+0000] {local_task_job_runner.py:245} INFO - ::endgroup::
