[2024-10-16T14:41:23.234+0000] {local_task_job_runner.py:123} INFO - ::group::Pre task execution logs
[2024-10-16T14:41:23.292+0000] {taskinstance.py:2612} INFO - Dependencies all met for dep_context=non-requeueable deps ti=<TaskInstance: dag_ccl.ccl_to_redshift scheduled__2024-09-17T00:00:00+00:00 [queued]>
[2024-10-16T14:41:23.318+0000] {taskinstance.py:2612} INFO - Dependencies all met for dep_context=requeueable deps ti=<TaskInstance: dag_ccl.ccl_to_redshift scheduled__2024-09-17T00:00:00+00:00 [queued]>
[2024-10-16T14:41:23.324+0000] {taskinstance.py:2865} INFO - Starting attempt 1 of 2
[2024-10-16T14:41:23.363+0000] {taskinstance.py:2888} INFO - Executing <Task(PythonOperator): ccl_to_redshift> on 2024-09-17 00:00:00+00:00
[2024-10-16T14:41:23.388+0000] {warnings.py:112} WARNING - /home/***/.local/lib/python3.12/site-packages/***/task/task_runner/standard_task_runner.py:70: DeprecationWarning: This process (pid=212) is multi-threaded, use of fork() may lead to deadlocks in the child.
  pid = os.fork()

[2024-10-16T14:41:23.395+0000] {standard_task_runner.py:72} INFO - Started process 224 to run task
[2024-10-16T14:41:23.394+0000] {standard_task_runner.py:104} INFO - Running: ['***', 'tasks', 'run', 'dag_ccl', 'ccl_to_redshift', 'scheduled__2024-09-17T00:00:00+00:00', '--job-id', '391', '--raw', '--subdir', 'DAGS_FOLDER/dag_ccl.py', '--cfg-path', '/tmp/tmpibjhsor6']
[2024-10-16T14:41:23.405+0000] {standard_task_runner.py:105} INFO - Job 391: Subtask ccl_to_redshift
[2024-10-16T14:41:23.532+0000] {task_command.py:467} INFO - Running <TaskInstance: dag_ccl.ccl_to_redshift scheduled__2024-09-17T00:00:00+00:00 [running]> on host f03003374728
[2024-10-16T14:41:24.931+0000] {taskinstance.py:3131} INFO - Exporting env vars: AIRFLOW_CTX_DAG_OWNER='***' AIRFLOW_CTX_DAG_ID='dag_ccl' AIRFLOW_CTX_TASK_ID='ccl_to_redshift' AIRFLOW_CTX_EXECUTION_DATE='2024-09-17T00:00:00+00:00' AIRFLOW_CTX_TRY_NUMBER='1' AIRFLOW_CTX_DAG_RUN_ID='scheduled__2024-09-17T00:00:00+00:00'
[2024-10-16T14:41:24.934+0000] {taskinstance.py:731} INFO - ::endgroup::
[2024-10-16T14:41:25.254+0000] {logging_mixin.py:190} INFO - 2024-09-17
[2024-10-16T14:41:25.981+0000] {base.py:84} INFO - Retrieving connection 'redshift_conn'
[2024-10-16T14:41:25.985+0000] {logging_mixin.py:190} INFO - redshift_conn
[2024-10-16T14:41:28.059+0000] {python.py:240} INFO - Done. Returned value was: None
[2024-10-16T14:41:28.149+0000] {taskinstance.py:340} INFO - ::group::Post task execution logs
[2024-10-16T14:41:28.154+0000] {taskinstance.py:352} INFO - Marking task as SUCCESS. dag_id=dag_ccl, task_id=ccl_to_redshift, run_id=scheduled__2024-09-17T00:00:00+00:00, execution_date=20240917T000000, start_date=20241016T144123, end_date=20241016T144128
[2024-10-16T14:41:28.313+0000] {local_task_job_runner.py:266} INFO - Task exited with return code 0
[2024-10-16T14:41:28.443+0000] {standard_task_runner.py:217} INFO - Process not found (most likely exited), stop collecting metrics
[2024-10-16T14:41:28.579+0000] {taskinstance.py:3900} INFO - 0 downstream tasks scheduled from follow-on schedule check
[2024-10-16T14:41:28.597+0000] {local_task_job_runner.py:245} INFO - ::endgroup::
