[2024-10-14T17:30:46.323+0000] {local_task_job_runner.py:123} INFO - ::group::Pre task execution logs
[2024-10-14T17:30:48.191+0000] {taskinstance.py:2612} INFO - Dependencies all met for dep_context=non-requeueable deps ti=<TaskInstance: dag_ccl.ccl_to_redshift scheduled__2024-09-10T00:00:00+00:00 [queued]>
[2024-10-14T17:30:50.129+0000] {taskinstance.py:2612} INFO - Dependencies all met for dep_context=requeueable deps ti=<TaskInstance: dag_ccl.ccl_to_redshift scheduled__2024-09-10T00:00:00+00:00 [queued]>
[2024-10-14T17:30:50.280+0000] {taskinstance.py:2865} INFO - Starting attempt 1 of 2
[2024-10-14T17:30:51.857+0000] {taskinstance.py:2888} INFO - Executing <Task(PythonOperator): ccl_to_redshift> on 2024-09-10 00:00:00+00:00
[2024-10-14T17:30:52.937+0000] {warnings.py:112} WARNING - /home/***/.local/lib/python3.12/site-packages/***/task/task_runner/standard_task_runner.py:70: DeprecationWarning: This process (pid=19101) is multi-threaded, use of fork() may lead to deadlocks in the child.
  pid = os.fork()

[2024-10-14T17:30:53.071+0000] {standard_task_runner.py:72} INFO - Started process 19138 to run task
[2024-10-14T17:30:52.984+0000] {standard_task_runner.py:104} INFO - Running: ['***', 'tasks', 'run', 'dag_ccl', 'ccl_to_redshift', 'scheduled__2024-09-10T00:00:00+00:00', '--job-id', '294', '--raw', '--subdir', 'DAGS_FOLDER/dag_ccl.py', '--cfg-path', '/tmp/tmpkddhdx1p']
[2024-10-14T17:30:53.150+0000] {standard_task_runner.py:105} INFO - Job 294: Subtask ccl_to_redshift
[2024-10-14T17:31:01.660+0000] {task_command.py:467} INFO - Running <TaskInstance: dag_ccl.ccl_to_redshift scheduled__2024-09-10T00:00:00+00:00 [running]> on host f03003374728
[2024-10-14T17:31:01.547+0000] {job.py:229} INFO - Heartbeat recovered after 23.06 seconds
[2024-10-14T17:31:16.280+0000] {job.py:229} INFO - Heartbeat recovered after 15.15 seconds
[2024-10-14T17:31:33.964+0000] {job.py:229} INFO - Heartbeat recovered after 18.64 seconds
[2024-10-14T17:31:45.559+0000] {job.py:229} INFO - Heartbeat recovered after 12.86 seconds
[2024-10-14T17:31:57.242+0000] {job.py:229} INFO - Heartbeat recovered after 11.88 seconds
[2024-10-14T17:32:12.911+0000] {job.py:229} INFO - Heartbeat recovered after 16.55 seconds
[2024-10-14T17:32:23.739+0000] {job.py:229} INFO - Heartbeat recovered after 10.92 seconds
[2024-10-14T17:32:39.529+0000] {job.py:229} INFO - Heartbeat recovered after 16.22 seconds
[2024-10-14T17:33:00.203+0000] {job.py:229} INFO - Heartbeat recovered after 22.04 seconds
[2024-10-14T17:33:42.212+0000] {job.py:229} INFO - Heartbeat recovered after 14.54 seconds
[2024-10-14T17:33:52.549+0000] {job.py:229} INFO - Heartbeat recovered after 11.64 seconds
[2024-10-14T17:34:02.391+0000] {job.py:229} INFO - Heartbeat recovered after 10.93 seconds
[2024-10-14T17:34:04.018+0000] {local_task_job_runner.py:346} WARNING - State of this instance has been externally set to failed. Terminating instance.
[2024-10-14T17:34:04.101+0000] {local_task_job_runner.py:245} INFO - ::endgroup::
[2024-10-14T17:34:04.636+0000] {process_utils.py:132} INFO - Sending 15 to group 19138. PIDs of all processes in the group: [19138]
[2024-10-14T17:34:05.522+0000] {process_utils.py:87} INFO - Sending the signal 15 to group 19138
[2024-10-14T17:34:08.450+0000] {process_utils.py:80} INFO - Process psutil.Process(pid=19138, status='terminated', exitcode=<Negsignal.SIGTERM: -15>, started='17:30:52') (19138) terminated with exit code -15
[2024-10-14T17:34:11.961+0000] {standard_task_runner.py:217} INFO - Process not found (most likely exited), stop collecting metrics
[2024-10-16T14:41:12.696+0000] {local_task_job_runner.py:123} INFO - ::group::Pre task execution logs
[2024-10-16T14:41:12.724+0000] {taskinstance.py:2612} INFO - Dependencies all met for dep_context=non-requeueable deps ti=<TaskInstance: dag_ccl.ccl_to_redshift scheduled__2024-09-10T00:00:00+00:00 [queued]>
[2024-10-16T14:41:12.748+0000] {taskinstance.py:2612} INFO - Dependencies all met for dep_context=requeueable deps ti=<TaskInstance: dag_ccl.ccl_to_redshift scheduled__2024-09-10T00:00:00+00:00 [queued]>
[2024-10-16T14:41:12.750+0000] {taskinstance.py:2865} INFO - Starting attempt 1 of 2
[2024-10-16T14:41:12.905+0000] {taskinstance.py:2888} INFO - Executing <Task(PythonOperator): ccl_to_redshift> on 2024-09-10 00:00:00+00:00
[2024-10-16T14:41:12.930+0000] {warnings.py:112} WARNING - /home/***/.local/lib/python3.12/site-packages/***/task/task_runner/standard_task_runner.py:70: DeprecationWarning: This process (pid=168) is multi-threaded, use of fork() may lead to deadlocks in the child.
  pid = os.fork()

[2024-10-16T14:41:12.931+0000] {standard_task_runner.py:72} INFO - Started process 190 to run task
[2024-10-16T14:41:12.937+0000] {standard_task_runner.py:104} INFO - Running: ['***', 'tasks', 'run', 'dag_ccl', 'ccl_to_redshift', 'scheduled__2024-09-10T00:00:00+00:00', '--job-id', '384', '--raw', '--subdir', 'DAGS_FOLDER/dag_ccl.py', '--cfg-path', '/tmp/tmp2xnvydvr']
[2024-10-16T14:41:12.943+0000] {standard_task_runner.py:105} INFO - Job 384: Subtask ccl_to_redshift
[2024-10-16T14:41:13.063+0000] {task_command.py:467} INFO - Running <TaskInstance: dag_ccl.ccl_to_redshift scheduled__2024-09-10T00:00:00+00:00 [running]> on host f03003374728
[2024-10-16T14:41:13.798+0000] {taskinstance.py:3131} INFO - Exporting env vars: AIRFLOW_CTX_DAG_OWNER='***' AIRFLOW_CTX_DAG_ID='dag_ccl' AIRFLOW_CTX_TASK_ID='ccl_to_redshift' AIRFLOW_CTX_EXECUTION_DATE='2024-09-10T00:00:00+00:00' AIRFLOW_CTX_TRY_NUMBER='1' AIRFLOW_CTX_DAG_RUN_ID='scheduled__2024-09-10T00:00:00+00:00'
[2024-10-16T14:41:13.800+0000] {taskinstance.py:731} INFO - ::endgroup::
[2024-10-16T14:41:13.827+0000] {logging_mixin.py:190} INFO - 2024-09-10
[2024-10-16T14:41:15.540+0000] {base.py:84} INFO - Retrieving connection 'redshift_conn'
[2024-10-16T14:41:15.542+0000] {logging_mixin.py:190} INFO - redshift_conn
[2024-10-16T14:41:17.859+0000] {python.py:240} INFO - Done. Returned value was: None
[2024-10-16T14:41:17.869+0000] {taskinstance.py:340} INFO - ::group::Post task execution logs
[2024-10-16T14:41:17.869+0000] {taskinstance.py:352} INFO - Marking task as SUCCESS. dag_id=dag_ccl, task_id=ccl_to_redshift, run_id=scheduled__2024-09-10T00:00:00+00:00, execution_date=20240910T000000, start_date=20241016T144112, end_date=20241016T144117
[2024-10-16T14:41:17.922+0000] {local_task_job_runner.py:266} INFO - Task exited with return code 0
[2024-10-16T14:41:17.946+0000] {standard_task_runner.py:217} INFO - Process not found (most likely exited), stop collecting metrics
[2024-10-16T14:41:17.948+0000] {taskinstance.py:3900} INFO - 0 downstream tasks scheduled from follow-on schedule check
[2024-10-16T14:41:17.949+0000] {local_task_job_runner.py:245} INFO - ::endgroup::
